<?xml version="1.0" encoding="UTF-8"?>
<robot generator="Robot 3.2.2 (Python 3.9.7 on win32)" generated="20220816 16:14:40.307" rpa="false">
<suite id="s1" name="RobotFramework MakeMyTrip" source="C:\Users\P1324386\eclipse-workspace\RobotFramework_MakeMyTrip">
<suite id="s1-s1" name="Testcases" source="C:\Users\P1324386\eclipse-workspace\RobotFramework_MakeMyTrip\Testcases">
<suite id="s1-s1-s1" name="RobotTestcases" source="C:\Users\P1324386\eclipse-workspace\RobotFramework_MakeMyTrip\Testcases\RobotTestcases.robot">
<test id="s1-s1-s1-t1" name="MMT-FLIGHTS-TC-016">
<kw name="Log" library="BuiltIn">
<doc>Logs the given message with the given level.</doc>
<arguments>
<arg>${TEST_NAME}</arg>
</arguments>
<msg timestamp="20220816 16:14:41.926" level="INFO">MMT-FLIGHTS-TC-016</msg>
<status status="PASS" starttime="20220816 16:14:41.926" endtime="20220816 16:14:41.926"></status>
</kw>
<kw name="Open MakemyTrip Application" library="CommonFunctionalities">
<kw name="Append To Environment Variable" library="OperatingSystem">
<doc>Appends given ``values`` to environment variable ``name``.</doc>
<arguments>
<arg>Path</arg>
<arg>${EXECDIR}${/}Drivers</arg>
</arguments>
<msg timestamp="20220816 16:14:41.928" level="INFO">Environment variable 'Path' set to value 'C:/Prasad/eclipse//plugins/org.eclipse.justj.openjdk.hotspot.jre.full.win32.x86_64_16.0.1.v20210528-1205/jre/bin/server;C:/Prasad/eclipse//plugins/org.eclipse.justj.openjdk.hotspot.jre.full.win32.x86_64_16.0.1.v20210528-1205/jre/bin;C:\Program Files (x86)\TRICENTIS\Tosca Testsuite\ToscaCommander;;C:\Program Files (x86)\TRICENTIS\Tosca Testsuite\Classic;C:\Program Files (x86)\TRICENTIS\Tosca Testsuite\Classic\dll;C:\Program Files (x86)\TRICENTIS\Tosca Testsuite\Classic\dll\GuptaEngine;C:\Program Files (x86)\TRICENTIS\Tosca Testsuite\ToscaCommander;C:\Program Files (x86)\TRICENTIS\Tosca Testsuite\Classic\dll\DelphiEngine;C:\Program Files (x86)\TRICENTIS\Tosca Testsuite\Classic\dll\PBEngine;C:\Program Files (x86)\TRICENTIS\Tosca Testsuite\Classic\dll\VBEngine;C:\Program Files (x86)\TRICENTIS\Tosca Testsuite\Classic\dll\DotNetHooking;;C:\Program Files\Common Files\Oracle\Java\javapath;C:\WINDOWS\system32;C:\WINDOWS;C:\WINDOWS\System32\Wbem;C:\WINDOWS\System32\WindowsPowerShell\v1.0\;C:\WINDOWS\System32\OpenSSH\;C:\Program Files\Microsoft SQL Server\Client SDK\ODBC\170\Tools\Binn\;C:\Program Files (x86)\Microsoft SQL Server\150\Tools\Binn\;C:\Program Files\Microsoft SQL Server\150\Tools\Binn\;C:\Program Files\Microsoft SQL Server\150\DTS\Binn\;C:\Program Files (x86)\Microsoft SQL Server\150\DTS\Binn\;C:\Program Files\Azure Data Studio\bin;C:\Program Files\dotnet\;C:\Program Files\Java\jdk-11.0.12\bin;C:\Program Files\nodejs\;C:\Python\Scripts;C:\Program Files\Git\cmd;C:\Python\Scripts\;C:\Python\;C:\Users\P1324386\AppData\Local\Microsoft\WindowsApps;C:\Program Files\Azure Data Studio\bin;C:\Users\P1324386\.dotnet\tools;C:\Users\P1324386\AppData\Roaming\npm;C:\Program Files\Git\cmd;;C:\Prasad\eclipse;;C:\Users\P1324386\eclipse-workspace\RobotFramework_MakeMyTrip\Drivers'.</msg>
<status status="PASS" starttime="20220816 16:14:41.927" endtime="20220816 16:14:41.928"></status>
</kw>
<kw name="Open Browser" library="SeleniumLibrary">
<doc>Opens a new browser instance to the optional ``url``.</doc>
<arguments>
<arg>browser=${BROWSER}</arg>
</arguments>
<msg timestamp="20220816 16:14:41.928" level="INFO">Opening browser 'chrome' to base url 'None'.</msg>
<status status="PASS" starttime="20220816 16:14:41.928" endtime="20220816 16:14:43.756"></status>
</kw>
<kw name="Go To" library="SeleniumLibrary">
<doc>Navigates the current browser window to the provided ``url``.</doc>
<arguments>
<arg>${URL}</arg>
</arguments>
<msg timestamp="20220816 16:14:43.757" level="INFO">Opening url 'https://www.makemytrip.com/'</msg>
<status status="PASS" starttime="20220816 16:14:43.757" endtime="20220816 16:14:54.175"></status>
</kw>
<kw name="Maximize Browser Window" library="SeleniumLibrary">
<doc>Maximizes current browser window.</doc>
<status status="PASS" starttime="20220816 16:14:54.176" endtime="20220816 16:14:54.302"></status>
</kw>
<kw name="Set Selenium Implicit Wait" library="SeleniumLibrary">
<doc>Sets the implicit wait value used by Selenium.</doc>
<arguments>
<arg>5</arg>
</arguments>
<status status="PASS" starttime="20220816 16:14:54.303" endtime="20220816 16:14:54.306"></status>
</kw>
<status status="PASS" starttime="20220816 16:14:41.927" endtime="20220816 16:14:54.306"></status>
</kw>
<kw name="Run Keyword And Ignore Error" library="BuiltIn">
<doc>Runs the given keyword with the given arguments and ignores possible error.</doc>
<arguments>
<arg>Handle Notification</arg>
</arguments>
<kw name="Handle Notification" library="CommonFunctionalities">
<kw name="Select Frame" library="SeleniumLibrary">
<doc>Sets frame identified by ``locator`` as the current frame.</doc>
<arguments>
<arg>${NotificationFrame_Xpath}</arg>
</arguments>
<msg timestamp="20220816 16:14:54.313" level="INFO">Selecting frame '//iframe[contains(@title,'notification')]'.</msg>
<kw name="Capture Page Screenshot" library="SeleniumLibrary">
<doc>Takes a screenshot of the current page and embeds it into a log file.</doc>
<msg timestamp="20220816 16:14:59.531" level="INFO" html="yes">&lt;/td&gt;&lt;/tr&gt;&lt;tr&gt;&lt;td colspan="3"&gt;&lt;a href="selenium-screenshot-4.png"&gt;&lt;img src="selenium-screenshot-4.png" width="800px"&gt;&lt;/a&gt;</msg>
<status status="PASS" starttime="20220816 16:14:59.357" endtime="20220816 16:14:59.532"></status>
</kw>
<msg timestamp="20220816 16:14:59.541" level="FAIL">Element with locator '//iframe[contains(@title,'notification')]' not found.</msg>
<status status="FAIL" starttime="20220816 16:14:54.311" endtime="20220816 16:14:59.542"></status>
</kw>
<status status="FAIL" starttime="20220816 16:14:54.309" endtime="20220816 16:14:59.542"></status>
</kw>
<status status="PASS" starttime="20220816 16:14:54.307" endtime="20220816 16:14:59.542"></status>
</kw>
<kw name="Handle Language Notification" library="CommonFunctionalities">
<kw name="Click Element" library="SeleniumLibrary">
<doc>Click the element identified by ``locator``.</doc>
<arguments>
<arg>${LangCardClose_Xpath}</arg>
</arguments>
<msg timestamp="20220816 16:14:59.543" level="INFO">Clicking element '//span[@class='langCardClose']'.</msg>
<status status="PASS" starttime="20220816 16:14:59.543" endtime="20220816 16:14:59.632"></status>
</kw>
<status status="PASS" starttime="20220816 16:14:59.542" endtime="20220816 16:14:59.633"></status>
</kw>
<kw name="Click on ONEWAY label" library="HomePage">
<kw name="Click Element" library="SeleniumLibrary">
<doc>Click the element identified by ``locator``.</doc>
<arguments>
<arg>${RoundTripRadioBtn_Xpath}</arg>
</arguments>
<msg timestamp="20220816 16:14:59.634" level="INFO">Clicking element '(//span[contains(@class,'tabsCircle')])[2]'.</msg>
<status status="PASS" starttime="20220816 16:14:59.633" endtime="20220816 16:14:59.734"></status>
</kw>
<kw name="Sleep" library="BuiltIn">
<doc>Pauses the test executed for the given time.</doc>
<arguments>
<arg>1s</arg>
</arguments>
<msg timestamp="20220816 16:15:00.748" level="INFO">Slept 1 second</msg>
<status status="PASS" starttime="20220816 16:14:59.734" endtime="20220816 16:15:00.748"></status>
</kw>
<kw name="Click Element" library="SeleniumLibrary">
<doc>Click the element identified by ``locator``.</doc>
<arguments>
<arg>${OneWayLabel_Xpath}</arg>
</arguments>
<msg timestamp="20220816 16:15:00.749" level="INFO">Clicking element '//li[@data-cy='oneWayTrip']'.</msg>
<status status="PASS" starttime="20220816 16:15:00.749" endtime="20220816 16:15:00.832"></status>
</kw>
<kw name="Get Text" library="SeleniumLibrary">
<doc>Returns the text value of the element identified by ``locator``.</doc>
<arguments>
<arg>${SelectedRadioButton_Xpath}</arg>
</arguments>
<assign>
<var>${OneWayTrip}</var>
</assign>
<msg timestamp="20220816 16:15:00.854" level="INFO">${OneWayTrip} = ONEWAY</msg>
<status status="PASS" starttime="20220816 16:15:00.833" endtime="20220816 16:15:00.855"></status>
</kw>
<kw name="Should Be Equal" library="BuiltIn">
<doc>Fails if the given objects are unequal.</doc>
<arguments>
<arg>${OneWayTrip}</arg>
<arg>ONEWAY</arg>
</arguments>
<status status="PASS" starttime="20220816 16:15:00.855" endtime="20220816 16:15:00.855"></status>
</kw>
<status status="PASS" starttime="20220816 16:14:59.633" endtime="20220816 16:15:00.855"></status>
</kw>
<kw name="Verify FROM Placeholder" library="HomePage">
<kw name="Click Element" library="SeleniumLibrary">
<doc>Click the element identified by ``locator``.</doc>
<arguments>
<arg>${FROM_Label_Xpath}</arg>
</arguments>
<msg timestamp="20220816 16:15:00.856" level="INFO">Clicking element '(//span[contains(@class,'lbl_input latoBold')])[1]'.</msg>
<status status="PASS" starttime="20220816 16:15:00.856" endtime="20220816 16:15:01.005"></status>
</kw>
<kw name="Sleep" library="BuiltIn">
<doc>Pauses the test executed for the given time.</doc>
<arguments>
<arg>2s</arg>
</arguments>
<msg timestamp="20220816 16:15:03.008" level="INFO">Slept 2 seconds</msg>
<status status="PASS" starttime="20220816 16:15:01.006" endtime="20220816 16:15:03.008"></status>
</kw>
<kw name="Get Element Attribute" library="SeleniumLibrary">
<doc>Returns the value of ``attribute`` from the element ``locator``.</doc>
<arguments>
<arg>${FROM_Placeholder_Xpath}</arg>
<arg>placeholder</arg>
</arguments>
<assign>
<var>${FROM_Placeholder}</var>
</assign>
<msg timestamp="20220816 16:15:03.024" level="INFO">${FROM_Placeholder} = From</msg>
<status status="PASS" starttime="20220816 16:15:03.009" endtime="20220816 16:15:03.024"></status>
</kw>
<kw name="Should Be Equal" library="BuiltIn">
<doc>Fails if the given objects are unequal.</doc>
<arguments>
<arg>${FROM_Placeholder}</arg>
<arg>From</arg>
</arguments>
<status status="PASS" starttime="20220816 16:15:03.024" endtime="20220816 16:15:03.025"></status>
</kw>
<status status="PASS" starttime="20220816 16:15:00.856" endtime="20220816 16:15:03.025"></status>
</kw>
<kw name="Verify FROM Search city" library="HomePage">
<arguments>
<arg>${FROM_Indian_CITY}</arg>
</arguments>
<kw name="Set Local Variable" library="BuiltIn">
<doc>Makes a variable available everywhere within the local scope.</doc>
<arguments>
<arg>${SearchedCity}</arg>
<arg>${SearchedCity}</arg>
</arguments>
<msg timestamp="20220816 16:15:03.026" level="INFO">${SearchedCity} = Mumbai</msg>
<status status="PASS" starttime="20220816 16:15:03.025" endtime="20220816 16:15:03.026"></status>
</kw>
<kw name="Input Text" library="SeleniumLibrary">
<doc>Types the given ``text`` into the text field identified by ``locator``.</doc>
<arguments>
<arg>${FROM_Placeholder_Xpath}</arg>
<arg>${SearchedCity}</arg>
</arguments>
<msg timestamp="20220816 16:15:03.026" level="INFO">Typing text 'Mumbai' into text field '//input[@placeholder='From']'.</msg>
<status status="PASS" starttime="20220816 16:15:03.026" endtime="20220816 16:15:03.094"></status>
</kw>
<kw name="Sleep" library="BuiltIn">
<doc>Pauses the test executed for the given time.</doc>
<arguments>
<arg>2s</arg>
</arguments>
<msg timestamp="20220816 16:15:05.097" level="INFO">Slept 2 seconds</msg>
<status status="PASS" starttime="20220816 16:15:03.095" endtime="20220816 16:15:05.098"></status>
</kw>
<kw name="Click Element" library="SeleniumLibrary">
<doc>Click the element identified by ``locator``.</doc>
<arguments>
<arg>${CityFromList_Xpath}</arg>
</arguments>
<msg timestamp="20220816 16:15:05.100" level="INFO">Clicking element '(//ul[@role='listbox']/li)[1]'.</msg>
<status status="PASS" starttime="20220816 16:15:05.099" endtime="20220816 16:15:05.219"></status>
</kw>
<kw name="Sleep" library="BuiltIn">
<doc>Pauses the test executed for the given time.</doc>
<arguments>
<arg>2s</arg>
</arguments>
<msg timestamp="20220816 16:15:07.227" level="INFO">Slept 2 seconds</msg>
<status status="PASS" starttime="20220816 16:15:05.220" endtime="20220816 16:15:07.228"></status>
</kw>
<kw name="Get Element Attribute" library="SeleniumLibrary">
<doc>Returns the value of ``attribute`` from the element ``locator``.</doc>
<arguments>
<arg>${FROM_City_Xpath}</arg>
<arg>value</arg>
</arguments>
<assign>
<var>${City}</var>
</assign>
<msg timestamp="20220816 16:15:07.256" level="INFO">${City} = Mumbai</msg>
<status status="PASS" starttime="20220816 16:15:07.228" endtime="20220816 16:15:07.257"></status>
</kw>
<kw name="Should Be Equal" library="BuiltIn">
<doc>Fails if the given objects are unequal.</doc>
<arguments>
<arg>${City}</arg>
<arg>${SearchedCity}</arg>
</arguments>
<status status="PASS" starttime="20220816 16:15:07.257" endtime="20220816 16:15:07.258"></status>
</kw>
<status status="PASS" starttime="20220816 16:15:03.025" endtime="20220816 16:15:07.258"></status>
</kw>
<kw name="Verify TO Search city" library="HomePage">
<arguments>
<arg>${TO_Indian_CITY}</arg>
</arguments>
<kw name="Set Local Variable" library="BuiltIn">
<doc>Makes a variable available everywhere within the local scope.</doc>
<arguments>
<arg>${SearchedCity}</arg>
<arg>${SearchedCity}</arg>
</arguments>
<msg timestamp="20220816 16:15:07.260" level="INFO">${SearchedCity} = Chennai</msg>
<status status="PASS" starttime="20220816 16:15:07.259" endtime="20220816 16:15:07.260"></status>
</kw>
<kw name="Input Text" library="SeleniumLibrary">
<doc>Types the given ``text`` into the text field identified by ``locator``.</doc>
<arguments>
<arg>${TO_Placeholder_Xpath}</arg>
<arg>${SearchedCity}</arg>
</arguments>
<msg timestamp="20220816 16:15:07.261" level="INFO">Typing text 'Chennai' into text field '//input[@placeholder='To']'.</msg>
<status status="PASS" starttime="20220816 16:15:07.260" endtime="20220816 16:15:07.347"></status>
</kw>
<kw name="Sleep" library="BuiltIn">
<doc>Pauses the test executed for the given time.</doc>
<arguments>
<arg>2s</arg>
</arguments>
<msg timestamp="20220816 16:15:09.351" level="INFO">Slept 2 seconds</msg>
<status status="PASS" starttime="20220816 16:15:07.347" endtime="20220816 16:15:09.351"></status>
</kw>
<kw name="Click Element" library="SeleniumLibrary">
<doc>Click the element identified by ``locator``.</doc>
<arguments>
<arg>${CityTOList_Xpath}</arg>
</arguments>
<msg timestamp="20220816 16:15:09.353" level="INFO">Clicking element '(//ul[@role='listbox']/li)[1]'.</msg>
<status status="PASS" starttime="20220816 16:15:09.352" endtime="20220816 16:15:09.452"></status>
</kw>
<kw name="Sleep" library="BuiltIn">
<doc>Pauses the test executed for the given time.</doc>
<arguments>
<arg>2s</arg>
</arguments>
<msg timestamp="20220816 16:15:11.453" level="INFO">Slept 2 seconds</msg>
<status status="PASS" starttime="20220816 16:15:09.452" endtime="20220816 16:15:11.453"></status>
</kw>
<kw name="Get Element Attribute" library="SeleniumLibrary">
<doc>Returns the value of ``attribute`` from the element ``locator``.</doc>
<arguments>
<arg>${TO_City_Xpath}</arg>
<arg>value</arg>
</arguments>
<assign>
<var>${City}</var>
</assign>
<msg timestamp="20220816 16:15:11.468" level="INFO">${City} = Chennai</msg>
<status status="PASS" starttime="20220816 16:15:11.454" endtime="20220816 16:15:11.468"></status>
</kw>
<kw name="Should Contain" library="BuiltIn">
<doc>Fails if ``container`` does not contain ``item`` one or more times.</doc>
<arguments>
<arg>${City}</arg>
<arg>${SearchedCity}</arg>
<arg>ignore_case=True</arg>
</arguments>
<status status="PASS" starttime="20220816 16:15:11.468" endtime="20220816 16:15:11.469"></status>
</kw>
<status status="PASS" starttime="20220816 16:15:07.259" endtime="20220816 16:15:11.469"></status>
</kw>
<kw name="DEPARTURE DATE" library="HomePage">
<arguments>
<arg>${Departure_MonthYear}</arg>
<arg>${Departure_Date}</arg>
</arguments>
<kw name="Set Local Variable" library="BuiltIn">
<doc>Makes a variable available everywhere within the local scope.</doc>
<arguments>
<arg>${InputMonthYear}</arg>
<arg>${MonthYear}</arg>
</arguments>
<msg timestamp="20220816 16:15:11.471" level="INFO">${InputMonthYear} = November 2022</msg>
<status status="PASS" starttime="20220816 16:15:11.470" endtime="20220816 16:15:11.471"></status>
</kw>
<kw name="${counter} IN RANGE [ 0 | 999 ]" type="for">
<kw name="${counter} = 0" type="foritem">
<kw name="Wait Until Element Is Visible" library="SeleniumLibrary">
<doc>Waits until the element ``locator`` is visible.</doc>
<arguments>
<arg>${MonthYearValue_Xpath}</arg>
</arguments>
<status status="PASS" starttime="20220816 16:15:11.472" endtime="20220816 16:15:11.493"></status>
</kw>
<kw name="Get Text" library="SeleniumLibrary">
<doc>Returns the text value of the element identified by ``locator``.</doc>
<arguments>
<arg>${MonthYearValue_Xpath}</arg>
</arguments>
<assign>
<var>${MonthYearValue}</var>
</assign>
<msg timestamp="20220816 16:15:11.510" level="INFO">${MonthYearValue} = August 2022</msg>
<status status="PASS" starttime="20220816 16:15:11.493" endtime="20220816 16:15:11.510"></status>
</kw>
<kw name="Run Keyword If" library="BuiltIn">
<doc>Runs the given keyword with the given arguments, if ``condition`` is true.</doc>
<arguments>
<arg>"${InputMonthYear}"!="${MonthYearValue}"</arg>
<arg>Click NextMOnth</arg>
</arguments>
<kw name="Click NextMOnth" library="HomePage">
<kw name="Click Element" library="SeleniumLibrary">
<doc>Click the element identified by ``locator``.</doc>
<arguments>
<arg>//span[@aria-label='Next Month']</arg>
</arguments>
<msg timestamp="20220816 16:15:11.511" level="INFO">Clicking element '//span[@aria-label='Next Month']'.</msg>
<status status="PASS" starttime="20220816 16:15:11.511" endtime="20220816 16:15:11.576"></status>
</kw>
<kw name="Sleep" library="BuiltIn">
<doc>Pauses the test executed for the given time.</doc>
<arguments>
<arg>1s</arg>
</arguments>
<msg timestamp="20220816 16:15:12.589" level="INFO">Slept 1 second</msg>
<status status="PASS" starttime="20220816 16:15:11.577" endtime="20220816 16:15:12.589"></status>
</kw>
<status status="PASS" starttime="20220816 16:15:11.510" endtime="20220816 16:15:12.589"></status>
</kw>
<status status="PASS" starttime="20220816 16:15:11.510" endtime="20220816 16:15:12.590"></status>
</kw>
<kw name="Exit For Loop If" library="BuiltIn">
<doc>Stops executing the enclosing for loop if the ``condition`` is true.</doc>
<arguments>
<arg>"${InputMonthYear}"=="${MonthYearValue}"</arg>
</arguments>
<status status="PASS" starttime="20220816 16:15:12.590" endtime="20220816 16:15:12.591"></status>
</kw>
<status status="PASS" starttime="20220816 16:15:11.472" endtime="20220816 16:15:12.591"></status>
</kw>
<kw name="${counter} = 1" type="foritem">
<kw name="Wait Until Element Is Visible" library="SeleniumLibrary">
<doc>Waits until the element ``locator`` is visible.</doc>
<arguments>
<arg>${MonthYearValue_Xpath}</arg>
</arguments>
<status status="PASS" starttime="20220816 16:15:12.591" endtime="20220816 16:15:12.613"></status>
</kw>
<kw name="Get Text" library="SeleniumLibrary">
<doc>Returns the text value of the element identified by ``locator``.</doc>
<arguments>
<arg>${MonthYearValue_Xpath}</arg>
</arguments>
<assign>
<var>${MonthYearValue}</var>
</assign>
<msg timestamp="20220816 16:15:12.630" level="INFO">${MonthYearValue} = September 2022</msg>
<status status="PASS" starttime="20220816 16:15:12.614" endtime="20220816 16:15:12.630"></status>
</kw>
<kw name="Run Keyword If" library="BuiltIn">
<doc>Runs the given keyword with the given arguments, if ``condition`` is true.</doc>
<arguments>
<arg>"${InputMonthYear}"!="${MonthYearValue}"</arg>
<arg>Click NextMOnth</arg>
</arguments>
<kw name="Click NextMOnth" library="HomePage">
<kw name="Click Element" library="SeleniumLibrary">
<doc>Click the element identified by ``locator``.</doc>
<arguments>
<arg>//span[@aria-label='Next Month']</arg>
</arguments>
<msg timestamp="20220816 16:15:12.632" level="INFO">Clicking element '//span[@aria-label='Next Month']'.</msg>
<status status="PASS" starttime="20220816 16:15:12.632" endtime="20220816 16:15:12.689"></status>
</kw>
<kw name="Sleep" library="BuiltIn">
<doc>Pauses the test executed for the given time.</doc>
<arguments>
<arg>1s</arg>
</arguments>
<msg timestamp="20220816 16:15:13.696" level="INFO">Slept 1 second</msg>
<status status="PASS" starttime="20220816 16:15:12.690" endtime="20220816 16:15:13.696"></status>
</kw>
<status status="PASS" starttime="20220816 16:15:12.632" endtime="20220816 16:15:13.697"></status>
</kw>
<status status="PASS" starttime="20220816 16:15:12.631" endtime="20220816 16:15:13.697"></status>
</kw>
<kw name="Exit For Loop If" library="BuiltIn">
<doc>Stops executing the enclosing for loop if the ``condition`` is true.</doc>
<arguments>
<arg>"${InputMonthYear}"=="${MonthYearValue}"</arg>
</arguments>
<status status="PASS" starttime="20220816 16:15:13.697" endtime="20220816 16:15:13.698"></status>
</kw>
<status status="PASS" starttime="20220816 16:15:12.591" endtime="20220816 16:15:13.698"></status>
</kw>
<kw name="${counter} = 2" type="foritem">
<kw name="Wait Until Element Is Visible" library="SeleniumLibrary">
<doc>Waits until the element ``locator`` is visible.</doc>
<arguments>
<arg>${MonthYearValue_Xpath}</arg>
</arguments>
<status status="PASS" starttime="20220816 16:15:13.699" endtime="20220816 16:15:13.716"></status>
</kw>
<kw name="Get Text" library="SeleniumLibrary">
<doc>Returns the text value of the element identified by ``locator``.</doc>
<arguments>
<arg>${MonthYearValue_Xpath}</arg>
</arguments>
<assign>
<var>${MonthYearValue}</var>
</assign>
<msg timestamp="20220816 16:15:13.728" level="INFO">${MonthYearValue} = October 2022</msg>
<status status="PASS" starttime="20220816 16:15:13.716" endtime="20220816 16:15:13.728"></status>
</kw>
<kw name="Run Keyword If" library="BuiltIn">
<doc>Runs the given keyword with the given arguments, if ``condition`` is true.</doc>
<arguments>
<arg>"${InputMonthYear}"!="${MonthYearValue}"</arg>
<arg>Click NextMOnth</arg>
</arguments>
<kw name="Click NextMOnth" library="HomePage">
<kw name="Click Element" library="SeleniumLibrary">
<doc>Click the element identified by ``locator``.</doc>
<arguments>
<arg>//span[@aria-label='Next Month']</arg>
</arguments>
<msg timestamp="20220816 16:15:13.729" level="INFO">Clicking element '//span[@aria-label='Next Month']'.</msg>
<status status="PASS" starttime="20220816 16:15:13.729" endtime="20220816 16:15:13.765"></status>
</kw>
<kw name="Sleep" library="BuiltIn">
<doc>Pauses the test executed for the given time.</doc>
<arguments>
<arg>1s</arg>
</arguments>
<msg timestamp="20220816 16:15:14.780" level="INFO">Slept 1 second</msg>
<status status="PASS" starttime="20220816 16:15:13.765" endtime="20220816 16:15:14.780"></status>
</kw>
<status status="PASS" starttime="20220816 16:15:13.729" endtime="20220816 16:15:14.781"></status>
</kw>
<status status="PASS" starttime="20220816 16:15:13.728" endtime="20220816 16:15:14.782"></status>
</kw>
<kw name="Exit For Loop If" library="BuiltIn">
<doc>Stops executing the enclosing for loop if the ``condition`` is true.</doc>
<arguments>
<arg>"${InputMonthYear}"=="${MonthYearValue}"</arg>
</arguments>
<status status="PASS" starttime="20220816 16:15:14.782" endtime="20220816 16:15:14.783"></status>
</kw>
<status status="PASS" starttime="20220816 16:15:13.698" endtime="20220816 16:15:14.784"></status>
</kw>
<kw name="${counter} = 3" type="foritem">
<kw name="Wait Until Element Is Visible" library="SeleniumLibrary">
<doc>Waits until the element ``locator`` is visible.</doc>
<arguments>
<arg>${MonthYearValue_Xpath}</arg>
</arguments>
<status status="PASS" starttime="20220816 16:15:14.784" endtime="20220816 16:15:14.801"></status>
</kw>
<kw name="Get Text" library="SeleniumLibrary">
<doc>Returns the text value of the element identified by ``locator``.</doc>
<arguments>
<arg>${MonthYearValue_Xpath}</arg>
</arguments>
<assign>
<var>${MonthYearValue}</var>
</assign>
<msg timestamp="20220816 16:15:14.815" level="INFO">${MonthYearValue} = November 2022</msg>
<status status="PASS" starttime="20220816 16:15:14.801" endtime="20220816 16:15:14.816"></status>
</kw>
<kw name="Run Keyword If" library="BuiltIn">
<doc>Runs the given keyword with the given arguments, if ``condition`` is true.</doc>
<arguments>
<arg>"${InputMonthYear}"!="${MonthYearValue}"</arg>
<arg>Click NextMOnth</arg>
</arguments>
<status status="PASS" starttime="20220816 16:15:14.816" endtime="20220816 16:15:14.817"></status>
</kw>
<kw name="Exit For Loop If" library="BuiltIn">
<doc>Stops executing the enclosing for loop if the ``condition`` is true.</doc>
<arguments>
<arg>"${InputMonthYear}"=="${MonthYearValue}"</arg>
</arguments>
<msg timestamp="20220816 16:15:14.818" level="INFO">Exiting for loop altogether.</msg>
<status status="PASS" starttime="20220816 16:15:14.817" endtime="20220816 16:15:14.818"></status>
</kw>
<status status="PASS" starttime="20220816 16:15:14.784" endtime="20220816 16:15:14.818"></status>
</kw>
<status status="PASS" starttime="20220816 16:15:11.471" endtime="20220816 16:15:14.818"></status>
</kw>
<kw name="Click Date" library="HomePage">
<arguments>
<arg>${Day}</arg>
</arguments>
<kw name="Click Element" library="SeleniumLibrary">
<doc>Click the element identified by ``locator``.</doc>
<arguments>
<arg>((//div[@class='DayPicker-Month'])[1]//div[@class='DayPicker-Day'])[${Day}]</arg>
</arguments>
<msg timestamp="20220816 16:15:14.820" level="INFO">Clicking element '((//div[@class='DayPicker-Month'])[1]//div[@class='DayPicker-Day'])[04]'.</msg>
<status status="PASS" starttime="20220816 16:15:14.819" endtime="20220816 16:15:14.893"></status>
</kw>
<status status="PASS" starttime="20220816 16:15:14.819" endtime="20220816 16:15:14.893"></status>
</kw>
<status status="PASS" starttime="20220816 16:15:11.469" endtime="20220816 16:15:14.893"></status>
</kw>
<kw name="Select Travellers" library="HomePage">
<arguments>
<arg>${AdultTravellers}</arg>
<arg>${ChildTravellers}</arg>
<arg>${InfantsTravellers}</arg>
</arguments>
<kw name="Evaluate" library="BuiltIn">
<doc>Evaluates the given expression in Python and returns the result.</doc>
<arguments>
<arg>${Children_Travellers}+1</arg>
</arguments>
<assign>
<var>${Children_Travellers}</var>
</assign>
<msg timestamp="20220816 16:15:14.895" level="INFO">${Children_Travellers} = 3</msg>
<status status="PASS" starttime="20220816 16:15:14.894" endtime="20220816 16:15:14.895"></status>
</kw>
<kw name="Evaluate" library="BuiltIn">
<doc>Evaluates the given expression in Python and returns the result.</doc>
<arguments>
<arg>${Infants_Travellers}+1</arg>
</arguments>
<assign>
<var>${Infants_Travellers}</var>
</assign>
<msg timestamp="20220816 16:15:14.895" level="INFO">${Infants_Travellers} = 3</msg>
<status status="PASS" starttime="20220816 16:15:14.895" endtime="20220816 16:15:14.895"></status>
</kw>
<kw name="Click Element" library="SeleniumLibrary">
<doc>Click the element identified by ``locator``.</doc>
<arguments>
<arg>${Travellers&amp;Class_Label_Xpath}</arg>
</arguments>
<msg timestamp="20220816 16:15:14.896" level="INFO">Clicking element '//div[@data-cy='flightTraveller']'.</msg>
<status status="PASS" starttime="20220816 16:15:14.896" endtime="20220816 16:15:14.976"></status>
</kw>
<kw name="Sleep" library="BuiltIn">
<doc>Pauses the test executed for the given time.</doc>
<arguments>
<arg>1s</arg>
</arguments>
<msg timestamp="20220816 16:15:15.977" level="INFO">Slept 1 second</msg>
<status status="PASS" starttime="20220816 16:15:14.976" endtime="20220816 16:15:15.977"></status>
</kw>
<kw name="Catenate" library="BuiltIn">
<doc>Catenates the given items together and returns the resulted string.</doc>
<arguments>
<arg>SEPARATOR=</arg>
<arg>${AdultTraveller_Xpath}</arg>
<arg>[${Adult_Travellers}]</arg>
</arguments>
<assign>
<var>${AdultTraveller_Xpath}</var>
</assign>
<msg timestamp="20220816 16:15:15.978" level="INFO">${AdultTraveller_Xpath} = ((//ul[contains(@class,'guestCounter')])[1]//li)[2]</msg>
<status status="PASS" starttime="20220816 16:15:15.977" endtime="20220816 16:15:15.978"></status>
</kw>
<kw name="Click Element" library="SeleniumLibrary">
<doc>Click the element identified by ``locator``.</doc>
<arguments>
<arg>${AdultTraveller_Xpath}</arg>
</arguments>
<msg timestamp="20220816 16:15:15.979" level="INFO">Clicking element '((//ul[contains(@class,'guestCounter')])[1]//li)[2]'.</msg>
<status status="PASS" starttime="20220816 16:15:15.978" endtime="20220816 16:15:16.045"></status>
</kw>
<kw name="Sleep" library="BuiltIn">
<doc>Pauses the test executed for the given time.</doc>
<arguments>
<arg>1s</arg>
</arguments>
<msg timestamp="20220816 16:15:17.048" level="INFO">Slept 1 second</msg>
<status status="PASS" starttime="20220816 16:15:16.046" endtime="20220816 16:15:17.048"></status>
</kw>
<kw name="Catenate" library="BuiltIn">
<doc>Catenates the given items together and returns the resulted string.</doc>
<arguments>
<arg>SEPARATOR=</arg>
<arg>${ChildrenTraveller_Xpath}</arg>
<arg>[${Children_Travellers}]</arg>
</arguments>
<assign>
<var>${ChildrenTraveller_Xpath}</var>
</assign>
<msg timestamp="20220816 16:15:17.049" level="INFO">${ChildrenTraveller_Xpath} = ((//ul[contains(@class,'guestCounter')])[2]//li)[3]</msg>
<status status="PASS" starttime="20220816 16:15:17.049" endtime="20220816 16:15:17.049"></status>
</kw>
<kw name="Click Element" library="SeleniumLibrary">
<doc>Click the element identified by ``locator``.</doc>
<arguments>
<arg>${ChildrenTraveller_Xpath}</arg>
</arguments>
<msg timestamp="20220816 16:15:17.051" level="INFO">Clicking element '((//ul[contains(@class,'guestCounter')])[2]//li)[3]'.</msg>
<status status="PASS" starttime="20220816 16:15:17.051" endtime="20220816 16:15:17.110"></status>
</kw>
<kw name="Sleep" library="BuiltIn">
<doc>Pauses the test executed for the given time.</doc>
<arguments>
<arg>1s</arg>
</arguments>
<msg timestamp="20220816 16:15:18.126" level="INFO">Slept 1 second</msg>
<status status="PASS" starttime="20220816 16:15:17.110" endtime="20220816 16:15:18.126"></status>
</kw>
<kw name="Catenate" library="BuiltIn">
<doc>Catenates the given items together and returns the resulted string.</doc>
<arguments>
<arg>SEPARATOR=</arg>
<arg>${InfantTraveller_Xpath}</arg>
<arg>[${Infants_Travellers}]</arg>
</arguments>
<assign>
<var>${InfantTraveller_Xpath}</var>
</assign>
<msg timestamp="20220816 16:15:18.128" level="INFO">${InfantTraveller_Xpath} = ((//ul[contains(@class,'guestCounter')])[3]//li)[3]</msg>
<status status="PASS" starttime="20220816 16:15:18.127" endtime="20220816 16:15:18.128"></status>
</kw>
<kw name="Click Element" library="SeleniumLibrary">
<doc>Click the element identified by ``locator``.</doc>
<arguments>
<arg>${InfantTraveller_Xpath}</arg>
</arguments>
<msg timestamp="20220816 16:15:18.129" level="INFO">Clicking element '((//ul[contains(@class,'guestCounter')])[3]//li)[3]'.</msg>
<status status="PASS" starttime="20220816 16:15:18.129" endtime="20220816 16:15:18.205"></status>
</kw>
<kw name="Sleep" library="BuiltIn">
<doc>Pauses the test executed for the given time.</doc>
<arguments>
<arg>1s</arg>
</arguments>
<msg timestamp="20220816 16:15:19.218" level="INFO">Slept 1 second</msg>
<status status="PASS" starttime="20220816 16:15:18.206" endtime="20220816 16:15:19.219"></status>
</kw>
<status status="PASS" starttime="20220816 16:15:14.894" endtime="20220816 16:15:19.222"></status>
</kw>
<kw name="Select Travel Class" library="HomePage">
<arguments>
<arg>${TravelClass}</arg>
</arguments>
<kw name="Sleep" library="BuiltIn">
<doc>Pauses the test executed for the given time.</doc>
<arguments>
<arg>1s</arg>
</arguments>
<msg timestamp="20220816 16:15:20.225" level="INFO">Slept 1 second</msg>
<status status="PASS" starttime="20220816 16:15:19.223" endtime="20220816 16:15:20.225"></status>
</kw>
<kw name="Run Keyword If" library="BuiltIn">
<doc>Runs the given keyword with the given arguments, if ``condition`` is true.</doc>
<arguments>
<arg>"${TravelClass}"=="Economy"</arg>
<arg>Click on Economy Travel Class</arg>
<arg>ELSE IF</arg>
<arg>"${TravelClass}"=="Premium"</arg>
<arg>Click on Premium Economy Travel Class</arg>
<arg>ELSE IF</arg>
<arg>"${TravelClass}"=="Business"</arg>
<arg>Click on Business Travel Class</arg>
</arguments>
<kw name="Click on Economy Travel Class" library="HomePage">
<kw name="Click Element" library="SeleniumLibrary">
<doc>Click the element identified by ``locator``.</doc>
<arguments>
<arg>${Economy_Xpath}</arg>
</arguments>
<msg timestamp="20220816 16:15:20.229" level="INFO">Clicking element '//li[@data-cy='travelClass-0']'.</msg>
<status status="PASS" starttime="20220816 16:15:20.229" endtime="20220816 16:15:20.288"></status>
</kw>
<status status="PASS" starttime="20220816 16:15:20.229" endtime="20220816 16:15:20.288"></status>
</kw>
<status status="PASS" starttime="20220816 16:15:20.225" endtime="20220816 16:15:20.288"></status>
</kw>
<kw name="Sleep" library="BuiltIn">
<doc>Pauses the test executed for the given time.</doc>
<arguments>
<arg>2s</arg>
</arguments>
<msg timestamp="20220816 16:15:22.302" level="INFO">Slept 2 seconds</msg>
<status status="PASS" starttime="20220816 16:15:20.289" endtime="20220816 16:15:22.304"></status>
</kw>
<kw name="Click Element" library="SeleniumLibrary">
<doc>Click the element identified by ``locator``.</doc>
<arguments>
<arg>${Travellers&amp;Class_APPLY_Btn_Xpath}</arg>
</arguments>
<msg timestamp="20220816 16:15:22.305" level="INFO">Clicking element '//button[text()='APPLY']'.</msg>
<status status="PASS" starttime="20220816 16:15:22.304" endtime="20220816 16:15:22.390"></status>
</kw>
<status status="PASS" starttime="20220816 16:15:19.222" endtime="20220816 16:15:22.391"></status>
</kw>
<kw name="Click on SEARCH Button" library="HomePage">
<kw name="Click Element" library="SeleniumLibrary">
<doc>Click the element identified by ``locator``.</doc>
<arguments>
<arg>${SEARCH_Btn_Xpath}</arg>
</arguments>
<msg timestamp="20220816 16:15:22.392" level="INFO">Clicking element '//a[text()='Search']'.</msg>
<status status="PASS" starttime="20220816 16:15:22.391" endtime="20220816 16:15:24.705"></status>
</kw>
<status status="PASS" starttime="20220816 16:15:22.391" endtime="20220816 16:15:24.705"></status>
</kw>
<kw name="Run Keyword And Ignore Error" library="BuiltIn">
<doc>Runs the given keyword with the given arguments and ignores possible error.</doc>
<arguments>
<arg>Handle Lock Price&amp;Pay Later! Notification</arg>
</arguments>
<kw name="Handle Lock Price&amp;Pay Later! Notification" library="CommonFunctionalities">
<kw name="Sleep" library="BuiltIn">
<doc>Pauses the test executed for the given time.</doc>
<arguments>
<arg>2s</arg>
</arguments>
<msg timestamp="20220816 16:15:26.708" level="INFO">Slept 2 seconds</msg>
<status status="PASS" starttime="20220816 16:15:24.708" endtime="20220816 16:15:26.709"></status>
</kw>
<kw name="Click Element" library="SeleniumLibrary">
<doc>Click the element identified by ``locator``.</doc>
<arguments>
<arg>${LockPrice&amp;PayLater_Xpath}</arg>
</arguments>
<msg timestamp="20220816 16:15:26.711" level="INFO">Clicking element '//span[contains(@class,'overlayCrossIcon')]'.</msg>
<status status="PASS" starttime="20220816 16:15:26.709" endtime="20220816 16:15:26.799"></status>
</kw>
<status status="PASS" starttime="20220816 16:15:24.706" endtime="20220816 16:15:26.799"></status>
</kw>
<status status="PASS" starttime="20220816 16:15:24.706" endtime="20220816 16:15:26.800"></status>
</kw>
<kw name="Get Flights Layover Info" library="BookFlightPage">
<kw name="Wait Until Element Is Visible" library="SeleniumLibrary">
<doc>Waits until the element ``locator`` is visible.</doc>
<arguments>
<arg>${FlightLayoverInfo_Xpath}</arg>
</arguments>
<status status="PASS" starttime="20220816 16:15:26.800" endtime="20220816 16:15:26.836"></status>
</kw>
<kw name="Get Text" library="SeleniumLibrary">
<doc>Returns the text value of the element identified by ``locator``.</doc>
<arguments>
<arg>${FlightLayoverInfo_Xpath}</arg>
</arguments>
<assign>
<var>${No_Stops}</var>
</assign>
<msg timestamp="20220816 16:15:26.855" level="INFO">${No_Stops} = Non stop</msg>
<status status="PASS" starttime="20220816 16:15:26.836" endtime="20220816 16:15:26.855"></status>
</kw>
<kw name="Set Global Variable" library="BuiltIn">
<doc>Makes a variable available globally in all tests and suites.</doc>
<arguments>
<arg>${No_Stops}</arg>
</arguments>
<msg timestamp="20220816 16:15:26.855" level="INFO">${No_Stops} = Non stop</msg>
<status status="PASS" starttime="20220816 16:15:26.855" endtime="20220816 16:15:26.855"></status>
</kw>
<status status="PASS" starttime="20220816 16:15:26.800" endtime="20220816 16:15:26.856"></status>
</kw>
<kw name="Click on VIEW PRICES Button" library="BookFlightPage">
<kw name="Wait Until Element Is Visible" library="SeleniumLibrary">
<doc>Waits until the element ``locator`` is visible.</doc>
<arguments>
<arg>${ViewPricesBtn_Xpath}</arg>
</arguments>
<status status="PASS" starttime="20220816 16:15:26.856" endtime="20220816 16:15:26.873"></status>
</kw>
<kw name="Click Element" library="SeleniumLibrary">
<doc>Click the element identified by ``locator``.</doc>
<arguments>
<arg>${ViewPricesBtn_Xpath}</arg>
</arguments>
<msg timestamp="20220816 16:15:26.874" level="INFO">Clicking element '(//*[contains(@class,'ViewFareBtn')])[1]'.</msg>
<status status="PASS" starttime="20220816 16:15:26.873" endtime="20220816 16:15:26.974"></status>
</kw>
<kw name="Get Text" library="SeleniumLibrary">
<doc>Returns the text value of the element identified by ``locator``.</doc>
<arguments>
<arg>${FlightLayoverInfo_Xpath}</arg>
</arguments>
<assign>
<var>${FlightLayoverInfo}</var>
</assign>
<msg timestamp="20220816 16:15:27.006" level="INFO">${FlightLayoverInfo} = Non stop</msg>
<status status="PASS" starttime="20220816 16:15:26.975" endtime="20220816 16:15:27.006"></status>
</kw>
<kw name="Split String" library="String">
<doc>Splits the ``string`` using ``separator`` as a delimiter string.</doc>
<arguments>
<arg>${FlightLayoverInfo}</arg>
</arguments>
<assign>
<var>${FlightLayoverInfo}</var>
</assign>
<msg timestamp="20220816 16:15:27.007" level="INFO">${FlightLayoverInfo} = ['Non', 'stop']</msg>
<status status="PASS" starttime="20220816 16:15:27.006" endtime="20220816 16:15:27.007"></status>
</kw>
<kw name="Log" library="BuiltIn">
<doc>Logs the given message with the given level.</doc>
<arguments>
<arg>${FlightLayoverInfo}[0]</arg>
</arguments>
<msg timestamp="20220816 16:15:27.007" level="INFO">Non</msg>
<status status="PASS" starttime="20220816 16:15:27.007" endtime="20220816 16:15:27.008"></status>
</kw>
<kw name="Set Global Variable" library="BuiltIn">
<doc>Makes a variable available globally in all tests and suites.</doc>
<arguments>
<arg>${FlightLayoverInfo}</arg>
</arguments>
<msg timestamp="20220816 16:15:27.008" level="INFO">${FlightLayoverInfo} = ['Non', 'stop']</msg>
<status status="PASS" starttime="20220816 16:15:27.008" endtime="20220816 16:15:27.008"></status>
</kw>
<status status="PASS" starttime="20220816 16:15:26.856" endtime="20220816 16:15:27.009"></status>
</kw>
<kw name="Click on BOOK NOW BUTTON" library="BookFlightPage">
<kw name="Execute Javascript" library="SeleniumLibrary">
<doc>Executes the given JavaScript code with possible arguments.</doc>
<arguments>
<arg>${ScrollingPage}</arg>
</arguments>
<msg timestamp="20220816 16:15:27.010" level="INFO">Executing JavaScript:
document.scrollingElement.scrollBy(0,400)
Without any arguments.</msg>
<status status="PASS" starttime="20220816 16:15:27.009" endtime="20220816 16:15:27.028"></status>
</kw>
<kw name="Wait Until Element Is Visible" library="SeleniumLibrary">
<doc>Waits until the element ``locator`` is visible.</doc>
<arguments>
<arg>${BookNowBtn_Xpath}</arg>
</arguments>
<status status="PASS" starttime="20220816 16:15:27.028" endtime="20220816 16:15:27.075"></status>
</kw>
<kw name="Click Element" library="SeleniumLibrary">
<doc>Click the element identified by ``locator``.</doc>
<arguments>
<arg>${BookNowBtn_Xpath}</arg>
</arguments>
<msg timestamp="20220816 16:15:27.076" level="INFO">Clicking element '(//button[contains(@class,'buttonPrimary')])[1]'.</msg>
<status status="PASS" starttime="20220816 16:15:27.076" endtime="20220816 16:15:27.240"></status>
</kw>
<status status="PASS" starttime="20220816 16:15:27.009" endtime="20220816 16:15:27.241"></status>
</kw>
<kw name="Validate Title of Complete your booking Page" library="CompleteBookingPage">
<kw name="Sleep" library="BuiltIn">
<doc>Pauses the test executed for the given time.</doc>
<arguments>
<arg>2s</arg>
</arguments>
<msg timestamp="20220816 16:15:29.249" level="INFO">Slept 2 seconds</msg>
<status status="PASS" starttime="20220816 16:15:27.242" endtime="20220816 16:15:29.249"></status>
</kw>
<kw name="Switch Window" library="SeleniumLibrary">
<doc>Switches to browser window matching ``locator``.</doc>
<arguments>
<arg>NEW</arg>
</arguments>
<status status="PASS" starttime="20220816 16:15:29.249" endtime="20220816 16:15:29.256"></status>
</kw>
<kw name="Wait Until Element Is Visible" library="SeleniumLibrary">
<doc>Waits until the element ``locator`` is visible.</doc>
<arguments>
<arg>${TitleofCompleteYourBooking_XPath}</arg>
</arguments>
<status status="PASS" starttime="20220816 16:15:29.256" endtime="20220816 16:15:36.421"></status>
</kw>
<kw name="Get Text" library="SeleniumLibrary">
<doc>Returns the text value of the element identified by ``locator``.</doc>
<arguments>
<arg>${TitleofCompleteYourBooking_XPath}</arg>
</arguments>
<assign>
<var>${TitleofCompleteYourBooking}</var>
</assign>
<msg timestamp="20220816 16:15:36.447" level="INFO">${TitleofCompleteYourBooking} = Complete your booking</msg>
<status status="PASS" starttime="20220816 16:15:36.422" endtime="20220816 16:15:36.447"></status>
</kw>
<kw name="Should Be Equal As Strings" library="BuiltIn">
<doc>Fails if objects are unequal after converting them to strings.</doc>
<arguments>
<arg>${Exp_TitleofCompleteYourBookingPage}</arg>
<arg>${TitleofCompleteYourBooking}</arg>
</arguments>
<status status="PASS" starttime="20220816 16:15:36.448" endtime="20220816 16:15:36.448"></status>
</kw>
<kw name="Click Element" library="SeleniumLibrary">
<doc>Click the element identified by ``locator``.</doc>
<arguments>
<arg>${SecureMyTripRadioBtn_Xpath}</arg>
</arguments>
<msg timestamp="20220816 16:15:36.448" level="INFO">Clicking element '//*[contains(text(),'Yes, Secure my trip.')]'.</msg>
<status status="PASS" starttime="20220816 16:15:36.448" endtime="20220816 16:15:37.652"></status>
</kw>
<status status="PASS" starttime="20220816 16:15:27.241" endtime="20220816 16:15:37.652"></status>
</kw>
<kw name="Add Adult Travellers Details" library="CompleteBookingPage">
<arguments>
<arg>${AdultTravellers}</arg>
</arguments>
<kw name="Scroll the Page" library="CommonFunctionalities">
<arguments>
<arg>500</arg>
</arguments>
<kw name="Execute Javascript" library="SeleniumLibrary">
<doc>Executes the given JavaScript code with possible arguments.</doc>
<arguments>
<arg>document.scrollingElement.scrollBy(0,${ScrollPercentage})</arg>
</arguments>
<msg timestamp="20220816 16:15:37.659" level="INFO">Executing JavaScript:
document.scrollingElement.scrollBy(0,500)
Without any arguments.</msg>
<status status="PASS" starttime="20220816 16:15:37.657" endtime="20220816 16:15:37.670"></status>
</kw>
<status status="PASS" starttime="20220816 16:15:37.655" endtime="20220816 16:15:37.670"></status>
</kw>
<kw name="Set Local Variable" library="BuiltIn">
<doc>Makes a variable available everywhere within the local scope.</doc>
<arguments>
<arg>${count}</arg>
<arg>1</arg>
</arguments>
<msg timestamp="20220816 16:15:37.674" level="INFO">${count} = 1</msg>
<status status="PASS" starttime="20220816 16:15:37.672" endtime="20220816 16:15:37.674"></status>
</kw>
<kw name="${counter} IN RANGE [ 0 | ${AdultTravellers} ]" type="for">
<kw name="${counter} = 0" type="foritem">
<kw name="Wait Until Element Is Visible" library="SeleniumLibrary">
<doc>Waits until the element ``locator`` is visible.</doc>
<arguments>
<arg>${AddNewAdultBtn_Xpath}</arg>
</arguments>
<status status="PASS" starttime="20220816 16:15:37.675" endtime="20220816 16:15:37.716"></status>
</kw>
<kw name="Click Element" library="SeleniumLibrary">
<doc>Click the element identified by ``locator``.</doc>
<arguments>
<arg>${AddNewAdultBtn_Xpath}</arg>
</arguments>
<msg timestamp="20220816 16:15:37.717" level="INFO">Clicking element '//button[contains(text(),'ADD NEW ADULT')]'.</msg>
<status status="PASS" starttime="20220816 16:15:37.716" endtime="20220816 16:15:37.838"></status>
</kw>
<kw name="Generate Random String" library="String">
<doc>Generates a string with a desired ``length`` from the given ``chars``.</doc>
<arguments>
<arg>length=5</arg>
<arg>chars=[LETTERS]</arg>
</arguments>
<assign>
<var>${rndstr}</var>
</assign>
<msg timestamp="20220816 16:15:37.840" level="INFO">${rndstr} = UINyM</msg>
<status status="PASS" starttime="20220816 16:15:37.839" endtime="20220816 16:15:37.840"></status>
</kw>
<kw name="Input Text" library="SeleniumLibrary">
<doc>Types the given ``text`` into the text field identified by ``locator``.</doc>
<arguments>
<arg>(//input[@placeholder='First &amp; Middle Name'])[${count}]</arg>
<arg>${rndstr}</arg>
</arguments>
<msg timestamp="20220816 16:15:37.841" level="INFO">Typing text 'UINyM' into text field '(//input[@placeholder='First &amp; Middle Name'])[1]'.</msg>
<status status="PASS" starttime="20220816 16:15:37.840" endtime="20220816 16:15:38.059"></status>
</kw>
<kw name="Click Element" library="SeleniumLibrary">
<doc>Click the element identified by ``locator``.</doc>
<arguments>
<arg>(//div[@class='selectTab '])[${count}]//label[1]</arg>
</arguments>
<msg timestamp="20220816 16:15:38.060" level="INFO">Clicking element '(//div[@class='selectTab '])[1]//label[1]'.</msg>
<status status="PASS" starttime="20220816 16:15:38.060" endtime="20220816 16:15:38.175"></status>
</kw>
<kw name="Evaluate" library="BuiltIn">
<doc>Evaluates the given expression in Python and returns the result.</doc>
<arguments>
<arg>${count}+1</arg>
</arguments>
<assign>
<var>${count}</var>
</assign>
<msg timestamp="20220816 16:15:38.176" level="INFO">${count} = 2</msg>
<status status="PASS" starttime="20220816 16:15:38.176" endtime="20220816 16:15:38.176"></status>
</kw>
<status status="PASS" starttime="20220816 16:15:37.675" endtime="20220816 16:15:38.176"></status>
</kw>
<kw name="${counter} = 1" type="foritem">
<kw name="Wait Until Element Is Visible" library="SeleniumLibrary">
<doc>Waits until the element ``locator`` is visible.</doc>
<arguments>
<arg>${AddNewAdultBtn_Xpath}</arg>
</arguments>
<status status="PASS" starttime="20220816 16:15:38.177" endtime="20220816 16:15:38.219"></status>
</kw>
<kw name="Click Element" library="SeleniumLibrary">
<doc>Click the element identified by ``locator``.</doc>
<arguments>
<arg>${AddNewAdultBtn_Xpath}</arg>
</arguments>
<msg timestamp="20220816 16:15:38.220" level="INFO">Clicking element '//button[contains(text(),'ADD NEW ADULT')]'.</msg>
<status status="PASS" starttime="20220816 16:15:38.219" endtime="20220816 16:15:38.349"></status>
</kw>
<kw name="Generate Random String" library="String">
<doc>Generates a string with a desired ``length`` from the given ``chars``.</doc>
<arguments>
<arg>length=5</arg>
<arg>chars=[LETTERS]</arg>
</arguments>
<assign>
<var>${rndstr}</var>
</assign>
<msg timestamp="20220816 16:15:38.350" level="INFO">${rndstr} = wjRKy</msg>
<status status="PASS" starttime="20220816 16:15:38.349" endtime="20220816 16:15:38.350"></status>
</kw>
<kw name="Input Text" library="SeleniumLibrary">
<doc>Types the given ``text`` into the text field identified by ``locator``.</doc>
<arguments>
<arg>(//input[@placeholder='First &amp; Middle Name'])[${count}]</arg>
<arg>${rndstr}</arg>
</arguments>
<msg timestamp="20220816 16:15:38.351" level="INFO">Typing text 'wjRKy' into text field '(//input[@placeholder='First &amp; Middle Name'])[2]'.</msg>
<status status="PASS" starttime="20220816 16:15:38.350" endtime="20220816 16:15:38.447"></status>
</kw>
<kw name="Click Element" library="SeleniumLibrary">
<doc>Click the element identified by ``locator``.</doc>
<arguments>
<arg>(//div[@class='selectTab '])[${count}]//label[1]</arg>
</arguments>
<msg timestamp="20220816 16:15:38.448" level="INFO">Clicking element '(//div[@class='selectTab '])[2]//label[1]'.</msg>
<status status="PASS" starttime="20220816 16:15:38.447" endtime="20220816 16:15:38.560"></status>
</kw>
<kw name="Evaluate" library="BuiltIn">
<doc>Evaluates the given expression in Python and returns the result.</doc>
<arguments>
<arg>${count}+1</arg>
</arguments>
<assign>
<var>${count}</var>
</assign>
<msg timestamp="20220816 16:15:38.560" level="INFO">${count} = 3</msg>
<status status="PASS" starttime="20220816 16:15:38.560" endtime="20220816 16:15:38.560"></status>
</kw>
<status status="PASS" starttime="20220816 16:15:38.177" endtime="20220816 16:15:38.560"></status>
</kw>
<status status="PASS" starttime="20220816 16:15:37.674" endtime="20220816 16:15:38.561"></status>
</kw>
<status status="PASS" starttime="20220816 16:15:37.653" endtime="20220816 16:15:38.561"></status>
</kw>
<kw name="Verify Child Travellers are added and Add Child Travellers Details" library="CompleteBookingPage">
<arguments>
<arg>${ChildTravellers}</arg>
</arguments>
<kw name="Run Keyword If" library="BuiltIn">
<doc>Runs the given keyword with the given arguments, if ``condition`` is true.</doc>
<arguments>
<arg>"${ChildTravellers}"=="0"</arg>
<arg>Log</arg>
<arg>No Child Travellers are added</arg>
<arg>ELSE</arg>
<arg>Add Child Travellers Details</arg>
<arg>${ChildTravellers}</arg>
</arguments>
<kw name="Add Child Travellers Details" library="CompleteBookingPage">
<arguments>
<arg>${ChildTravellers}</arg>
</arguments>
<kw name="Set Local Variable" library="BuiltIn">
<doc>Makes a variable available everywhere within the local scope.</doc>
<arguments>
<arg>${count}</arg>
<arg>1</arg>
</arguments>
<msg timestamp="20220816 16:15:38.564" level="INFO">${count} = 1</msg>
<status status="PASS" starttime="20220816 16:15:38.563" endtime="20220816 16:15:38.564"></status>
</kw>
<kw name="${counter} IN RANGE [ 0 | ${ChildTravellers} ]" type="for">
<kw name="${counter} = 0" type="foritem">
<kw name="Wait Until Element Is Visible" library="SeleniumLibrary">
<doc>Waits until the element ``locator`` is visible.</doc>
<arguments>
<arg>${AddNewChildBtn_Xpath}</arg>
</arguments>
<status status="PASS" starttime="20220816 16:15:38.565" endtime="20220816 16:15:38.587"></status>
</kw>
<kw name="Click Element" library="SeleniumLibrary">
<doc>Click the element identified by ``locator``.</doc>
<arguments>
<arg>${AddNewChildBtn_Xpath}</arg>
</arguments>
<msg timestamp="20220816 16:15:38.589" level="INFO">Clicking element '//button[contains(text(),'ADD NEW CHILD')]'.</msg>
<status status="PASS" starttime="20220816 16:15:38.588" endtime="20220816 16:15:38.656"></status>
</kw>
<kw name="Generate Random String" library="String">
<doc>Generates a string with a desired ``length`` from the given ``chars``.</doc>
<arguments>
<arg>length=6</arg>
<arg>chars=[LETTERS]</arg>
</arguments>
<assign>
<var>${rndstr}</var>
</assign>
<msg timestamp="20220816 16:15:38.658" level="INFO">${rndstr} = uwtguI</msg>
<status status="PASS" starttime="20220816 16:15:38.656" endtime="20220816 16:15:38.658"></status>
</kw>
<kw name="Input Text" library="SeleniumLibrary">
<doc>Types the given ``text`` into the text field identified by ``locator``.</doc>
<arguments>
<arg>(//div[@id='wrapper_CHILD']//input[@placeholder='First &amp; Middle Name'][1])[${count}]</arg>
<arg>${rndstr}</arg>
</arguments>
<msg timestamp="20220816 16:15:38.658" level="INFO">Typing text 'uwtguI' into text field '(//div[@id='wrapper_CHILD']//input[@placeholder='First &amp; Middle Name'][1])[1]'.</msg>
<status status="PASS" starttime="20220816 16:15:38.658" endtime="20220816 16:15:38.735"></status>
</kw>
<kw name="Click Element" library="SeleniumLibrary">
<doc>Click the element identified by ``locator``.</doc>
<arguments>
<arg>(//div[@id='wrapper_CHILD']//div[@class='selectTab '])[${count}]//label[1]</arg>
</arguments>
<msg timestamp="20220816 16:15:38.736" level="INFO">Clicking element '(//div[@id='wrapper_CHILD']//div[@class='selectTab '])[1]//label[1]'.</msg>
<status status="PASS" starttime="20220816 16:15:38.735" endtime="20220816 16:15:38.847"></status>
</kw>
<kw name="Evaluate" library="BuiltIn">
<doc>Evaluates the given expression in Python and returns the result.</doc>
<arguments>
<arg>${count}+1</arg>
</arguments>
<assign>
<var>${count}</var>
</assign>
<msg timestamp="20220816 16:15:38.848" level="INFO">${count} = 2</msg>
<status status="PASS" starttime="20220816 16:15:38.847" endtime="20220816 16:15:38.848"></status>
</kw>
<status status="PASS" starttime="20220816 16:15:38.564" endtime="20220816 16:15:38.848"></status>
</kw>
<kw name="${counter} = 1" type="foritem">
<kw name="Wait Until Element Is Visible" library="SeleniumLibrary">
<doc>Waits until the element ``locator`` is visible.</doc>
<arguments>
<arg>${AddNewChildBtn_Xpath}</arg>
</arguments>
<status status="PASS" starttime="20220816 16:15:38.848" endtime="20220816 16:15:38.901"></status>
</kw>
<kw name="Click Element" library="SeleniumLibrary">
<doc>Click the element identified by ``locator``.</doc>
<arguments>
<arg>${AddNewChildBtn_Xpath}</arg>
</arguments>
<msg timestamp="20220816 16:15:38.902" level="INFO">Clicking element '//button[contains(text(),'ADD NEW CHILD')]'.</msg>
<status status="PASS" starttime="20220816 16:15:38.901" endtime="20220816 16:15:38.976"></status>
</kw>
<kw name="Generate Random String" library="String">
<doc>Generates a string with a desired ``length`` from the given ``chars``.</doc>
<arguments>
<arg>length=6</arg>
<arg>chars=[LETTERS]</arg>
</arguments>
<assign>
<var>${rndstr}</var>
</assign>
<msg timestamp="20220816 16:15:38.977" level="INFO">${rndstr} = rWKrLZ</msg>
<status status="PASS" starttime="20220816 16:15:38.976" endtime="20220816 16:15:38.977"></status>
</kw>
<kw name="Input Text" library="SeleniumLibrary">
<doc>Types the given ``text`` into the text field identified by ``locator``.</doc>
<arguments>
<arg>(//div[@id='wrapper_CHILD']//input[@placeholder='First &amp; Middle Name'][1])[${count}]</arg>
<arg>${rndstr}</arg>
</arguments>
<msg timestamp="20220816 16:15:38.978" level="INFO">Typing text 'rWKrLZ' into text field '(//div[@id='wrapper_CHILD']//input[@placeholder='First &amp; Middle Name'][1])[2]'.</msg>
<status status="PASS" starttime="20220816 16:15:38.978" endtime="20220816 16:15:39.072"></status>
</kw>
<kw name="Click Element" library="SeleniumLibrary">
<doc>Click the element identified by ``locator``.</doc>
<arguments>
<arg>(//div[@id='wrapper_CHILD']//div[@class='selectTab '])[${count}]//label[1]</arg>
</arguments>
<msg timestamp="20220816 16:15:39.074" level="INFO">Clicking element '(//div[@id='wrapper_CHILD']//div[@class='selectTab '])[2]//label[1]'.</msg>
<status status="PASS" starttime="20220816 16:15:39.073" endtime="20220816 16:15:39.203"></status>
</kw>
<kw name="Evaluate" library="BuiltIn">
<doc>Evaluates the given expression in Python and returns the result.</doc>
<arguments>
<arg>${count}+1</arg>
</arguments>
<assign>
<var>${count}</var>
</assign>
<msg timestamp="20220816 16:15:39.205" level="INFO">${count} = 3</msg>
<status status="PASS" starttime="20220816 16:15:39.203" endtime="20220816 16:15:39.205"></status>
</kw>
<status status="PASS" starttime="20220816 16:15:38.848" endtime="20220816 16:15:39.205"></status>
</kw>
<status status="PASS" starttime="20220816 16:15:38.564" endtime="20220816 16:15:39.206"></status>
</kw>
<status status="PASS" starttime="20220816 16:15:38.562" endtime="20220816 16:15:39.206"></status>
</kw>
<status status="PASS" starttime="20220816 16:15:38.562" endtime="20220816 16:15:39.207"></status>
</kw>
<status status="PASS" starttime="20220816 16:15:38.561" endtime="20220816 16:15:39.207"></status>
</kw>
<kw name="Verify Infant Travellers are added and Add Infant Travellers Details" library="CompleteBookingPage">
<arguments>
<arg>${InfantsTravellers}</arg>
<arg>${ChildTravellers}</arg>
</arguments>
<kw name="Run Keyword If" library="BuiltIn">
<doc>Runs the given keyword with the given arguments, if ``condition`` is true.</doc>
<arguments>
<arg>"${InfantsTravellers}"=="0"</arg>
<arg>Log</arg>
<arg>No Infants Travellers are added</arg>
<arg>ELSE</arg>
<arg>Add Infants Travellers Details</arg>
<arg>${InfantsTravellers}</arg>
<arg>${ChildTravellers}</arg>
</arguments>
<kw name="Add Infants Travellers Details" library="CompleteBookingPage">
<arguments>
<arg>${InfantsTravellers}</arg>
<arg>${ChildTravellers}</arg>
</arguments>
<kw name="Set Local Variable" library="BuiltIn">
<doc>Makes a variable available everywhere within the local scope.</doc>
<arguments>
<arg>${count}</arg>
<arg>1</arg>
</arguments>
<msg timestamp="20220816 16:15:39.210" level="INFO">${count} = 1</msg>
<status status="PASS" starttime="20220816 16:15:39.209" endtime="20220816 16:15:39.210"></status>
</kw>
<kw name="Log" library="BuiltIn">
<doc>Logs the given message with the given level.</doc>
<arguments>
<arg>${ChildTravellers}</arg>
</arguments>
<msg timestamp="20220816 16:15:39.211" level="INFO">2</msg>
<status status="PASS" starttime="20220816 16:15:39.211" endtime="20220816 16:15:39.211"></status>
</kw>
<kw name="${counter} IN RANGE [ 0 | ${InfantsTravellers} ]" type="for">
<kw name="${counter} = 0" type="foritem">
<kw name="Wait Until Element Is Visible" library="SeleniumLibrary">
<doc>Waits until the element ``locator`` is visible.</doc>
<arguments>
<arg>${AddNewInfantBtn_Xpath}</arg>
</arguments>
<status status="PASS" starttime="20220816 16:15:39.212" endtime="20220816 16:15:39.234"></status>
</kw>
<kw name="Click Element" library="SeleniumLibrary">
<doc>Click the element identified by ``locator``.</doc>
<arguments>
<arg>${AddNewInfantBtn_Xpath}</arg>
</arguments>
<msg timestamp="20220816 16:15:39.235" level="INFO">Clicking element '//button[contains(text(),'ADD NEW INFANT')]'.</msg>
<status status="PASS" starttime="20220816 16:15:39.234" endtime="20220816 16:15:39.315"></status>
</kw>
<kw name="Generate Random String" library="String">
<doc>Generates a string with a desired ``length`` from the given ``chars``.</doc>
<arguments>
<arg>length=6</arg>
<arg>chars=[LETTERS]</arg>
</arguments>
<assign>
<var>${rndstr}</var>
</assign>
<msg timestamp="20220816 16:15:39.316" level="INFO">${rndstr} = TtPemd</msg>
<status status="PASS" starttime="20220816 16:15:39.315" endtime="20220816 16:15:39.316"></status>
</kw>
<kw name="Input Text" library="SeleniumLibrary">
<doc>Types the given ``text`` into the text field identified by ``locator``.</doc>
<arguments>
<arg>(//div[@id='wrapper_INFANT']//input[@placeholder='First &amp; Middle Name'])[${count}]</arg>
<arg>${rndstr}</arg>
</arguments>
<msg timestamp="20220816 16:15:39.317" level="INFO">Typing text 'TtPemd' into text field '(//div[@id='wrapper_INFANT']//input[@placeholder='First &amp; Middle Name'])[1]'.</msg>
<status status="PASS" starttime="20220816 16:15:39.316" endtime="20220816 16:15:39.404"></status>
</kw>
<kw name="Click Element" library="SeleniumLibrary">
<doc>Click the element identified by ``locator``.</doc>
<arguments>
<arg>(//div[@id='wrapper_INFANT']//div[@class='selectTab '])[${count}]//label[1]</arg>
</arguments>
<msg timestamp="20220816 16:15:39.405" level="INFO">Clicking element '(//div[@id='wrapper_INFANT']//div[@class='selectTab '])[1]//label[1]'.</msg>
<status status="PASS" starttime="20220816 16:15:39.405" endtime="20220816 16:15:39.510"></status>
</kw>
<kw name="Click Element" library="SeleniumLibrary">
<doc>Click the element identified by ``locator``.</doc>
<arguments>
<arg>((//div[@class='adultItemSelect'])[${count}]//div[@class='selectInner'])[1]</arg>
</arguments>
<msg timestamp="20220816 16:15:39.511" level="INFO">Clicking element '((//div[@class='adultItemSelect'])[1]//div[@class='selectInner'])[1]'.</msg>
<status status="PASS" starttime="20220816 16:15:39.510" endtime="20220816 16:15:39.594"></status>
</kw>
<kw name="Press Keys" library="SeleniumLibrary">
<doc>Simulates the user pressing key(s) to an element or on the active browser.</doc>
<arguments>
<arg>None</arg>
<arg>01</arg>
</arguments>
<msg timestamp="20220816 16:15:39.595" level="INFO">Sending key(s) ('01',) to page.</msg>
<msg timestamp="20220816 16:15:39.595" level="INFO">Sending keys 01</msg>
<status status="PASS" starttime="20220816 16:15:39.594" endtime="20220816 16:15:39.634"></status>
</kw>
<kw name="Press Keys" library="SeleniumLibrary">
<doc>Simulates the user pressing key(s) to an element or on the active browser.</doc>
<arguments>
<arg>None</arg>
<arg>TAB</arg>
</arguments>
<msg timestamp="20220816 16:15:39.636" level="INFO">Sending key(s) ('TAB',) to page.</msg>
<msg timestamp="20220816 16:15:39.637" level="INFO">Pressing special key TAB to browser.</msg>
<msg timestamp="20220816 16:15:39.637" level="INFO">Releasing special key TAB.</msg>
<status status="PASS" starttime="20220816 16:15:39.634" endtime="20220816 16:15:39.740"></status>
</kw>
<kw name="Click Element" library="SeleniumLibrary">
<doc>Click the element identified by ``locator``.</doc>
<arguments>
<arg>((//div[@class='adultItemSelect'])[${count}]//div[@class='selectInner'])[2]</arg>
</arguments>
<msg timestamp="20220816 16:15:39.741" level="INFO">Clicking element '((//div[@class='adultItemSelect'])[1]//div[@class='selectInner'])[2]'.</msg>
<status status="PASS" starttime="20220816 16:15:39.740" endtime="20220816 16:15:39.876"></status>
</kw>
<kw name="Press Keys" library="SeleniumLibrary">
<doc>Simulates the user pressing key(s) to an element or on the active browser.</doc>
<arguments>
<arg>None</arg>
<arg>Jan</arg>
</arguments>
<msg timestamp="20220816 16:15:39.877" level="INFO">Sending key(s) ('Jan',) to page.</msg>
<msg timestamp="20220816 16:15:39.877" level="INFO">Sending keys Jan</msg>
<status status="PASS" starttime="20220816 16:15:39.877" endtime="20220816 16:15:39.926"></status>
</kw>
<kw name="Press Keys" library="SeleniumLibrary">
<doc>Simulates the user pressing key(s) to an element or on the active browser.</doc>
<arguments>
<arg>None</arg>
<arg>TAB</arg>
</arguments>
<msg timestamp="20220816 16:15:39.927" level="INFO">Sending key(s) ('TAB',) to page.</msg>
<msg timestamp="20220816 16:15:39.927" level="INFO">Pressing special key TAB to browser.</msg>
<msg timestamp="20220816 16:15:39.927" level="INFO">Releasing special key TAB.</msg>
<status status="PASS" starttime="20220816 16:15:39.926" endtime="20220816 16:15:39.942"></status>
</kw>
<kw name="Click Element" library="SeleniumLibrary">
<doc>Click the element identified by ``locator``.</doc>
<arguments>
<arg>((//div[@class='adultItemSelect'])[${count}]//div[@class='selectInner'])[3]</arg>
</arguments>
<msg timestamp="20220816 16:15:39.943" level="INFO">Clicking element '((//div[@class='adultItemSelect'])[1]//div[@class='selectInner'])[3]'.</msg>
<status status="PASS" starttime="20220816 16:15:39.942" endtime="20220816 16:15:40.035"></status>
</kw>
<kw name="Press Keys" library="SeleniumLibrary">
<doc>Simulates the user pressing key(s) to an element or on the active browser.</doc>
<arguments>
<arg>None</arg>
<arg>2022</arg>
</arguments>
<msg timestamp="20220816 16:15:40.037" level="INFO">Sending key(s) ('2022',) to page.</msg>
<msg timestamp="20220816 16:15:40.037" level="INFO">Sending keys 2022</msg>
<status status="PASS" starttime="20220816 16:15:40.036" endtime="20220816 16:15:40.102"></status>
</kw>
<kw name="Press Keys" library="SeleniumLibrary">
<doc>Simulates the user pressing key(s) to an element or on the active browser.</doc>
<arguments>
<arg>None</arg>
<arg>TAB</arg>
</arguments>
<msg timestamp="20220816 16:15:40.105" level="INFO">Sending key(s) ('TAB',) to page.</msg>
<msg timestamp="20220816 16:15:40.106" level="INFO">Pressing special key TAB to browser.</msg>
<msg timestamp="20220816 16:15:40.107" level="INFO">Releasing special key TAB.</msg>
<status status="PASS" starttime="20220816 16:15:40.103" endtime="20220816 16:15:40.142"></status>
</kw>
<kw name="Evaluate" library="BuiltIn">
<doc>Evaluates the given expression in Python and returns the result.</doc>
<arguments>
<arg>${count}+1</arg>
</arguments>
<assign>
<var>${count}</var>
</assign>
<msg timestamp="20220816 16:15:40.143" level="INFO">${count} = 2</msg>
<status status="PASS" starttime="20220816 16:15:40.143" endtime="20220816 16:15:40.143"></status>
</kw>
<status status="PASS" starttime="20220816 16:15:39.212" endtime="20220816 16:15:40.144"></status>
</kw>
<kw name="${counter} = 1" type="foritem">
<kw name="Wait Until Element Is Visible" library="SeleniumLibrary">
<doc>Waits until the element ``locator`` is visible.</doc>
<arguments>
<arg>${AddNewInfantBtn_Xpath}</arg>
</arguments>
<status status="PASS" starttime="20220816 16:15:40.144" endtime="20220816 16:15:40.158"></status>
</kw>
<kw name="Click Element" library="SeleniumLibrary">
<doc>Click the element identified by ``locator``.</doc>
<arguments>
<arg>${AddNewInfantBtn_Xpath}</arg>
</arguments>
<msg timestamp="20220816 16:15:40.159" level="INFO">Clicking element '//button[contains(text(),'ADD NEW INFANT')]'.</msg>
<status status="PASS" starttime="20220816 16:15:40.158" endtime="20220816 16:15:40.247"></status>
</kw>
<kw name="Generate Random String" library="String">
<doc>Generates a string with a desired ``length`` from the given ``chars``.</doc>
<arguments>
<arg>length=6</arg>
<arg>chars=[LETTERS]</arg>
</arguments>
<assign>
<var>${rndstr}</var>
</assign>
<msg timestamp="20220816 16:15:40.247" level="INFO">${rndstr} = ySoFIc</msg>
<status status="PASS" starttime="20220816 16:15:40.247" endtime="20220816 16:15:40.247"></status>
</kw>
<kw name="Input Text" library="SeleniumLibrary">
<doc>Types the given ``text`` into the text field identified by ``locator``.</doc>
<arguments>
<arg>(//div[@id='wrapper_INFANT']//input[@placeholder='First &amp; Middle Name'])[${count}]</arg>
<arg>${rndstr}</arg>
</arguments>
<msg timestamp="20220816 16:15:40.248" level="INFO">Typing text 'ySoFIc' into text field '(//div[@id='wrapper_INFANT']//input[@placeholder='First &amp; Middle Name'])[2]'.</msg>
<status status="PASS" starttime="20220816 16:15:40.248" endtime="20220816 16:15:40.355"></status>
</kw>
<kw name="Click Element" library="SeleniumLibrary">
<doc>Click the element identified by ``locator``.</doc>
<arguments>
<arg>(//div[@id='wrapper_INFANT']//div[@class='selectTab '])[${count}]//label[1]</arg>
</arguments>
<msg timestamp="20220816 16:15:40.358" level="INFO">Clicking element '(//div[@id='wrapper_INFANT']//div[@class='selectTab '])[2]//label[1]'.</msg>
<status status="PASS" starttime="20220816 16:15:40.356" endtime="20220816 16:15:40.484"></status>
</kw>
<kw name="Click Element" library="SeleniumLibrary">
<doc>Click the element identified by ``locator``.</doc>
<arguments>
<arg>((//div[@class='adultItemSelect'])[${count}]//div[@class='selectInner'])[1]</arg>
</arguments>
<msg timestamp="20220816 16:15:40.487" level="INFO">Clicking element '((//div[@class='adultItemSelect'])[2]//div[@class='selectInner'])[1]'.</msg>
<status status="PASS" starttime="20220816 16:15:40.485" endtime="20220816 16:15:40.589"></status>
</kw>
<kw name="Press Keys" library="SeleniumLibrary">
<doc>Simulates the user pressing key(s) to an element or on the active browser.</doc>
<arguments>
<arg>None</arg>
<arg>01</arg>
</arguments>
<msg timestamp="20220816 16:15:40.591" level="INFO">Sending key(s) ('01',) to page.</msg>
<msg timestamp="20220816 16:15:40.591" level="INFO">Sending keys 01</msg>
<status status="PASS" starttime="20220816 16:15:40.591" endtime="20220816 16:15:40.697"></status>
</kw>
<kw name="Press Keys" library="SeleniumLibrary">
<doc>Simulates the user pressing key(s) to an element or on the active browser.</doc>
<arguments>
<arg>None</arg>
<arg>TAB</arg>
</arguments>
<msg timestamp="20220816 16:15:40.698" level="INFO">Sending key(s) ('TAB',) to page.</msg>
<msg timestamp="20220816 16:15:40.698" level="INFO">Pressing special key TAB to browser.</msg>
<msg timestamp="20220816 16:15:40.698" level="INFO">Releasing special key TAB.</msg>
<status status="PASS" starttime="20220816 16:15:40.698" endtime="20220816 16:15:40.788"></status>
</kw>
<kw name="Click Element" library="SeleniumLibrary">
<doc>Click the element identified by ``locator``.</doc>
<arguments>
<arg>((//div[@class='adultItemSelect'])[${count}]//div[@class='selectInner'])[2]</arg>
</arguments>
<msg timestamp="20220816 16:15:40.793" level="INFO">Clicking element '((//div[@class='adultItemSelect'])[2]//div[@class='selectInner'])[2]'.</msg>
<status status="PASS" starttime="20220816 16:15:40.788" endtime="20220816 16:15:40.905"></status>
</kw>
<kw name="Press Keys" library="SeleniumLibrary">
<doc>Simulates the user pressing key(s) to an element or on the active browser.</doc>
<arguments>
<arg>None</arg>
<arg>Jan</arg>
</arguments>
<msg timestamp="20220816 16:15:40.905" level="INFO">Sending key(s) ('Jan',) to page.</msg>
<msg timestamp="20220816 16:15:40.905" level="INFO">Sending keys Jan</msg>
<status status="PASS" starttime="20220816 16:15:40.905" endtime="20220816 16:15:40.945"></status>
</kw>
<kw name="Press Keys" library="SeleniumLibrary">
<doc>Simulates the user pressing key(s) to an element or on the active browser.</doc>
<arguments>
<arg>None</arg>
<arg>TAB</arg>
</arguments>
<msg timestamp="20220816 16:15:40.946" level="INFO">Sending key(s) ('TAB',) to page.</msg>
<msg timestamp="20220816 16:15:40.946" level="INFO">Pressing special key TAB to browser.</msg>
<msg timestamp="20220816 16:15:40.946" level="INFO">Releasing special key TAB.</msg>
<status status="PASS" starttime="20220816 16:15:40.945" endtime="20220816 16:15:40.956"></status>
</kw>
<kw name="Click Element" library="SeleniumLibrary">
<doc>Click the element identified by ``locator``.</doc>
<arguments>
<arg>((//div[@class='adultItemSelect'])[${count}]//div[@class='selectInner'])[3]</arg>
</arguments>
<msg timestamp="20220816 16:15:40.956" level="INFO">Clicking element '((//div[@class='adultItemSelect'])[2]//div[@class='selectInner'])[3]'.</msg>
<status status="PASS" starttime="20220816 16:15:40.956" endtime="20220816 16:15:41.039"></status>
</kw>
<kw name="Press Keys" library="SeleniumLibrary">
<doc>Simulates the user pressing key(s) to an element or on the active browser.</doc>
<arguments>
<arg>None</arg>
<arg>2022</arg>
</arguments>
<msg timestamp="20220816 16:15:41.040" level="INFO">Sending key(s) ('2022',) to page.</msg>
<msg timestamp="20220816 16:15:41.041" level="INFO">Sending keys 2022</msg>
<status status="PASS" starttime="20220816 16:15:41.039" endtime="20220816 16:15:41.091"></status>
</kw>
<kw name="Press Keys" library="SeleniumLibrary">
<doc>Simulates the user pressing key(s) to an element or on the active browser.</doc>
<arguments>
<arg>None</arg>
<arg>TAB</arg>
</arguments>
<msg timestamp="20220816 16:15:41.091" level="INFO">Sending key(s) ('TAB',) to page.</msg>
<msg timestamp="20220816 16:15:41.091" level="INFO">Pressing special key TAB to browser.</msg>
<msg timestamp="20220816 16:15:41.092" level="INFO">Releasing special key TAB.</msg>
<status status="PASS" starttime="20220816 16:15:41.091" endtime="20220816 16:15:41.099"></status>
</kw>
<kw name="Evaluate" library="BuiltIn">
<doc>Evaluates the given expression in Python and returns the result.</doc>
<arguments>
<arg>${count}+1</arg>
</arguments>
<assign>
<var>${count}</var>
</assign>
<msg timestamp="20220816 16:15:41.100" level="INFO">${count} = 3</msg>
<status status="PASS" starttime="20220816 16:15:41.099" endtime="20220816 16:15:41.100"></status>
</kw>
<status status="PASS" starttime="20220816 16:15:40.144" endtime="20220816 16:15:41.100"></status>
</kw>
<status status="PASS" starttime="20220816 16:15:39.212" endtime="20220816 16:15:41.100"></status>
</kw>
<status status="PASS" starttime="20220816 16:15:39.209" endtime="20220816 16:15:41.101"></status>
</kw>
<status status="PASS" starttime="20220816 16:15:39.208" endtime="20220816 16:15:41.101"></status>
</kw>
<status status="PASS" starttime="20220816 16:15:39.207" endtime="20220816 16:15:41.101"></status>
</kw>
<kw name="Input Booking Details-Mobile No,Email" library="CompleteBookingPage">
<kw name="Input Text" library="SeleniumLibrary">
<doc>Types the given ``text`` into the text field identified by ``locator``.</doc>
<arguments>
<arg>${MobNo_Xpath}</arg>
<arg>9175917190</arg>
</arguments>
<msg timestamp="20220816 16:15:41.104" level="INFO">Typing text '9175917190' into text field '//input[@placeholder='Mobile No']'.</msg>
<status status="PASS" starttime="20220816 16:15:41.104" endtime="20220816 16:15:41.223"></status>
</kw>
<kw name="Input Text" library="SeleniumLibrary">
<doc>Types the given ``text`` into the text field identified by ``locator``.</doc>
<arguments>
<arg>${Email_Xpath}</arg>
<arg>prasad@gmail.com</arg>
</arguments>
<msg timestamp="20220816 16:15:41.224" level="INFO">Typing text 'prasad@gmail.com' into text field '//input[@placeholder='Email']'.</msg>
<status status="PASS" starttime="20220816 16:15:41.223" endtime="20220816 16:15:41.904"></status>
</kw>
<kw name="Click Element" library="SeleniumLibrary">
<doc>Click the element identified by ``locator``.</doc>
<arguments>
<arg>//div[@class='emailId']</arg>
</arguments>
<msg timestamp="20220816 16:15:41.905" level="INFO">Clicking element '//div[@class='emailId']'.</msg>
<status status="PASS" starttime="20220816 16:15:41.904" endtime="20220816 16:15:42.019"></status>
</kw>
<status status="PASS" starttime="20220816 16:15:41.102" endtime="20220816 16:15:42.019"></status>
</kw>
<kw name="Click on CONTINUE Button" library="CompleteBookingPage">
<kw name="Sleep" library="BuiltIn">
<doc>Pauses the test executed for the given time.</doc>
<arguments>
<arg>3s</arg>
</arguments>
<msg timestamp="20220816 16:15:45.025" level="INFO">Slept 3 seconds</msg>
<status status="PASS" starttime="20220816 16:15:42.019" endtime="20220816 16:15:45.025"></status>
</kw>
<kw name="Wait Until Element Is Visible" library="SeleniumLibrary">
<doc>Waits until the element ``locator`` is visible.</doc>
<arguments>
<arg>${ContinueBtn_Xpath}</arg>
</arguments>
<status status="PASS" starttime="20220816 16:15:45.025" endtime="20220816 16:15:45.044"></status>
</kw>
<kw name="Click Element" library="SeleniumLibrary">
<doc>Click the element identified by ``locator``.</doc>
<arguments>
<arg>${ContinueBtn_Xpath}</arg>
</arguments>
<msg timestamp="20220816 16:15:45.045" level="INFO">Clicking element '//button[text()='Continue']'.</msg>
<status status="PASS" starttime="20220816 16:15:45.045" endtime="20220816 16:15:45.140"></status>
</kw>
<status status="PASS" starttime="20220816 16:15:42.019" endtime="20220816 16:15:45.141"></status>
</kw>
<kw name="Accept the Necessary Changes" library="CompleteBookingPage">
<kw name="Click Element" library="SeleniumLibrary">
<doc>Click the element identified by ``locator``.</doc>
<arguments>
<arg>${GotItBtn_Xpath}</arg>
</arguments>
<msg timestamp="20220816 16:15:45.141" level="INFO">Clicking element '//button[text()='Got it']'.</msg>
<status status="PASS" starttime="20220816 16:15:45.141" endtime="20220816 16:15:45.627"></status>
</kw>
<status status="PASS" starttime="20220816 16:15:45.141" endtime="20220816 16:15:45.627"></status>
</kw>
<kw name="Click on CONTINUE Button" library="CompleteBookingPage">
<kw name="Sleep" library="BuiltIn">
<doc>Pauses the test executed for the given time.</doc>
<arguments>
<arg>3s</arg>
</arguments>
<msg timestamp="20220816 16:15:48.632" level="INFO">Slept 3 seconds</msg>
<status status="PASS" starttime="20220816 16:15:45.628" endtime="20220816 16:15:48.632"></status>
</kw>
<kw name="Wait Until Element Is Visible" library="SeleniumLibrary">
<doc>Waits until the element ``locator`` is visible.</doc>
<arguments>
<arg>${ContinueBtn_Xpath}</arg>
</arguments>
<status status="PASS" starttime="20220816 16:15:48.633" endtime="20220816 16:15:48.661"></status>
</kw>
<kw name="Click Element" library="SeleniumLibrary">
<doc>Click the element identified by ``locator``.</doc>
<arguments>
<arg>${ContinueBtn_Xpath}</arg>
</arguments>
<msg timestamp="20220816 16:15:48.662" level="INFO">Clicking element '//button[text()='Continue']'.</msg>
<status status="PASS" starttime="20220816 16:15:48.661" endtime="20220816 16:15:48.767"></status>
</kw>
<status status="PASS" starttime="20220816 16:15:45.627" endtime="20220816 16:15:48.767"></status>
</kw>
<kw name="Click on CONFIRM button" library="CompleteBookingPage">
<kw name="Wait Until Element Is Visible" library="SeleniumLibrary">
<doc>Waits until the element ``locator`` is visible.</doc>
<arguments>
<arg>${ConfirmBtn_Xpath}</arg>
</arguments>
<status status="PASS" starttime="20220816 16:15:48.769" endtime="20220816 16:15:49.174"></status>
</kw>
<kw name="Click Element" library="SeleniumLibrary">
<doc>Click the element identified by ``locator``.</doc>
<arguments>
<arg>${ConfirmBtn_Xpath}</arg>
</arguments>
<msg timestamp="20220816 16:15:49.175" level="INFO">Clicking element '//button[text()='CONFIRM']'.</msg>
<status status="PASS" starttime="20220816 16:15:49.174" endtime="20220816 16:15:49.257"></status>
</kw>
<status status="PASS" starttime="20220816 16:15:48.768" endtime="20220816 16:15:49.257"></status>
</kw>
<kw name="Run Keyword And Ignore Error" library="BuiltIn">
<doc>Runs the given keyword with the given arguments and ignores possible error.</doc>
<arguments>
<arg>Verify No of Flights and Select The Seat</arg>
</arguments>
<kw name="Verify No of Flights and Select The Seat" library="CompleteBookingPage">
<kw name="Get Variable Value" library="BuiltIn">
<doc>Returns variable value or ``default`` if the variable does not exist.</doc>
<arguments>
<arg>${FlightLayoverInfo}</arg>
</arguments>
<assign>
<var>${FlightLayoverInfo}</var>
</assign>
<msg timestamp="20220816 16:15:49.259" level="INFO">${FlightLayoverInfo} = ['Non', 'stop']</msg>
<status status="PASS" starttime="20220816 16:15:49.259" endtime="20220816 16:15:49.259"></status>
</kw>
<kw name="Log" library="BuiltIn">
<doc>Logs the given message with the given level.</doc>
<arguments>
<arg>${FlightLayoverInfo}[0]</arg>
</arguments>
<msg timestamp="20220816 16:15:49.259" level="INFO">Non</msg>
<status status="PASS" starttime="20220816 16:15:49.259" endtime="20220816 16:15:49.259"></status>
</kw>
<kw name="Set Global Variable" library="BuiltIn">
<doc>Makes a variable available globally in all tests and suites.</doc>
<arguments>
<arg>${No_Of_Flight}</arg>
<arg>${FlightLayoverInfo}[0]</arg>
</arguments>
<msg timestamp="20220816 16:15:49.261" level="INFO">${No_Of_Flight} = Non</msg>
<status status="PASS" starttime="20220816 16:15:49.260" endtime="20220816 16:15:49.261"></status>
</kw>
<kw name="Run Keyword If" library="BuiltIn">
<doc>Runs the given keyword with the given arguments, if ``condition`` is true.</doc>
<arguments>
<arg>"${No_Of_Flight}"=="Non"</arg>
<arg>Select Seats for Non Stop Flight</arg>
<arg>ELSE</arg>
<arg>Select Seats for Connecting Flights</arg>
<arg>${No_Of_Flight}</arg>
</arguments>
<kw name="Select Seats for Non Stop Flight" library="CompleteBookingPage">
<kw name="Sleep" library="BuiltIn">
<doc>Pauses the test executed for the given time.</doc>
<arguments>
<arg>10s</arg>
</arguments>
<msg timestamp="20220816 16:15:59.263" level="INFO">Slept 10 seconds</msg>
<status status="PASS" starttime="20220816 16:15:49.263" endtime="20220816 16:15:59.264"></status>
</kw>
<kw name="Accept Great Value Seats" library="CompleteBookingPage">
<kw name="Sleep" library="BuiltIn">
<doc>Pauses the test executed for the given time.</doc>
<arguments>
<arg>5s</arg>
</arguments>
<msg timestamp="20220816 16:16:04.270" level="INFO">Slept 5 seconds</msg>
<status status="PASS" starttime="20220816 16:15:59.266" endtime="20220816 16:16:04.270"></status>
</kw>
<kw name="Click Element" library="SeleniumLibrary">
<doc>Click the element identified by ``locator``.</doc>
<arguments>
<arg>${YesPleaseBtn_Xpath}</arg>
</arguments>
<msg timestamp="20220816 16:16:04.273" level="INFO">Clicking element '//button[text()='Yes, Please']'.</msg>
<status status="PASS" starttime="20220816 16:16:04.271" endtime="20220816 16:16:04.399"></status>
</kw>
<status status="PASS" starttime="20220816 16:15:59.265" endtime="20220816 16:16:04.400"></status>
</kw>
<kw name="Click on CONTINUE Button" library="CompleteBookingPage">
<kw name="Sleep" library="BuiltIn">
<doc>Pauses the test executed for the given time.</doc>
<arguments>
<arg>3s</arg>
</arguments>
<msg timestamp="20220816 16:16:07.416" level="INFO">Slept 3 seconds</msg>
<status status="PASS" starttime="20220816 16:16:04.402" endtime="20220816 16:16:07.416"></status>
</kw>
<kw name="Wait Until Element Is Visible" library="SeleniumLibrary">
<doc>Waits until the element ``locator`` is visible.</doc>
<arguments>
<arg>${ContinueBtn_Xpath}</arg>
</arguments>
<status status="PASS" starttime="20220816 16:16:07.417" endtime="20220816 16:16:07.451"></status>
</kw>
<kw name="Click Element" library="SeleniumLibrary">
<doc>Click the element identified by ``locator``.</doc>
<arguments>
<arg>${ContinueBtn_Xpath}</arg>
</arguments>
<msg timestamp="20220816 16:16:07.451" level="INFO">Clicking element '//button[text()='Continue']'.</msg>
<status status="PASS" starttime="20220816 16:16:07.451" endtime="20220816 16:16:07.562"></status>
</kw>
<status status="PASS" starttime="20220816 16:16:04.401" endtime="20220816 16:16:07.563"></status>
</kw>
<kw name="Click on CONTINUE Button" library="CompleteBookingPage">
<kw name="Sleep" library="BuiltIn">
<doc>Pauses the test executed for the given time.</doc>
<arguments>
<arg>3s</arg>
</arguments>
<msg timestamp="20220816 16:16:10.566" level="INFO">Slept 3 seconds</msg>
<status status="PASS" starttime="20220816 16:16:07.565" endtime="20220816 16:16:10.568"></status>
</kw>
<kw name="Wait Until Element Is Visible" library="SeleniumLibrary">
<doc>Waits until the element ``locator`` is visible.</doc>
<arguments>
<arg>${ContinueBtn_Xpath}</arg>
</arguments>
<status status="PASS" starttime="20220816 16:16:10.568" endtime="20220816 16:16:10.598"></status>
</kw>
<kw name="Click Element" library="SeleniumLibrary">
<doc>Click the element identified by ``locator``.</doc>
<arguments>
<arg>${ContinueBtn_Xpath}</arg>
</arguments>
<msg timestamp="20220816 16:16:10.599" level="INFO">Clicking element '//button[text()='Continue']'.</msg>
<status status="PASS" starttime="20220816 16:16:10.599" endtime="20220816 16:16:10.677"></status>
</kw>
<status status="PASS" starttime="20220816 16:16:07.564" endtime="20220816 16:16:10.679"></status>
</kw>
<kw name="Review Add ons" library="CompleteBookingPage">
<kw name="Sleep" library="BuiltIn">
<doc>Pauses the test executed for the given time.</doc>
<arguments>
<arg>3s</arg>
</arguments>
<msg timestamp="20220816 16:16:13.695" level="INFO">Slept 3 seconds</msg>
<status status="PASS" starttime="20220816 16:16:10.680" endtime="20220816 16:16:13.695"></status>
</kw>
<kw name="Click Element" library="SeleniumLibrary">
<doc>Click the element identified by ``locator``.</doc>
<arguments>
<arg>${ReviewAddOn_Btn}</arg>
</arguments>
<msg timestamp="20220816 16:16:13.697" level="INFO">Clicking element '//button[@class='reviewAddonsBtn']'.</msg>
<status status="PASS" starttime="20220816 16:16:13.696" endtime="20220816 16:16:13.793"></status>
</kw>
<status status="PASS" starttime="20220816 16:16:10.679" endtime="20220816 16:16:13.794"></status>
</kw>
<status status="PASS" starttime="20220816 16:15:49.262" endtime="20220816 16:16:13.795"></status>
</kw>
<status status="PASS" starttime="20220816 16:15:49.262" endtime="20220816 16:16:13.795"></status>
</kw>
<status status="PASS" starttime="20220816 16:15:49.258" endtime="20220816 16:16:13.796"></status>
</kw>
<status status="PASS" starttime="20220816 16:15:49.257" endtime="20220816 16:16:13.796"></status>
</kw>
<kw name="Click on PROCEED TO PAY Button" library="CompleteBookingPage">
<kw name="Wait Until Element Is Visible" library="SeleniumLibrary">
<doc>Waits until the element ``locator`` is visible.</doc>
<arguments>
<arg>${ProceedToPayBtn}</arg>
</arguments>
<status status="PASS" starttime="20220816 16:16:13.797" endtime="20220816 16:16:13.938"></status>
</kw>
<kw name="Click Element" library="SeleniumLibrary">
<doc>Click the element identified by ``locator``.</doc>
<arguments>
<arg>${ProceedToPayBtn}</arg>
</arguments>
<msg timestamp="20220816 16:16:13.939" level="INFO">Clicking element '//button[text()='Proceed to pay']'.</msg>
<status status="PASS" starttime="20220816 16:16:13.938" endtime="20220816 16:16:14.027"></status>
</kw>
<status status="PASS" starttime="20220816 16:16:13.797" endtime="20220816 16:16:14.029"></status>
</kw>
<doc>This Testcase will Verify that User is able to book Flights after giving required inputs.(FOR ONEWAY TRIP)</doc>
<status status="PASS" starttime="20220816 16:14:41.924" endtime="20220816 16:16:14.031" critical="yes"></status>
</test>
<status status="PASS" starttime="20220816 16:14:40.381" endtime="20220816 16:16:14.032"></status>
</suite>
<status status="PASS" starttime="20220816 16:14:40.378" endtime="20220816 16:16:14.034"></status>
</suite>
<status status="PASS" starttime="20220816 16:14:40.357" endtime="20220816 16:16:14.036"></status>
</suite>
<statistics>
<total>
<stat pass="1" fail="0">Critical Tests</stat>
<stat pass="1" fail="0">All Tests</stat>
</total>
<tag>
</tag>
<suite>
<stat pass="1" fail="0" id="s1" name="RobotFramework MakeMyTrip">RobotFramework MakeMyTrip</stat>
<stat pass="1" fail="0" id="s1-s1" name="Testcases">RobotFramework MakeMyTrip.Testcases</stat>
<stat pass="1" fail="0" id="s1-s1-s1" name="RobotTestcases">RobotFramework MakeMyTrip.Testcases.RobotTestcases</stat>
</suite>
</statistics>
<errors>
</errors>
</robot>
