<?xml version="1.0" encoding="UTF-8"?>
<robot generator="Robot 3.2.2 (Python 3.9.7 on win32)" generated="20220805 11:50:46.789" rpa="false">
<suite id="s1" name="RobotFramework MakeMyTrip" source="C:\Users\P1324386\eclipse-workspace\RobotFramework_MakeMyTrip">
<suite id="s1-s1" name="Testcases" source="C:\Users\P1324386\eclipse-workspace\RobotFramework_MakeMyTrip\Testcases">
<suite id="s1-s1-s1" name="RobotTestcases" source="C:\Users\P1324386\eclipse-workspace\RobotFramework_MakeMyTrip\Testcases\RobotTestcases.robot">
<test id="s1-s1-s1-t1" name="TC_DEMO">
<kw name="Log" library="BuiltIn">
<doc>Logs the given message with the given level.</doc>
<arguments>
<arg>${Departure_Date}</arg>
</arguments>
<msg timestamp="20220805 11:50:48.137" level="INFO">22</msg>
<status status="PASS" starttime="20220805 11:50:48.137" endtime="20220805 11:50:48.137"></status>
</kw>
<kw name="Evaluate" library="BuiltIn">
<doc>Evaluates the given expression in Python and returns the result.</doc>
<arguments>
<arg>${Departure_Date}+1</arg>
</arguments>
<assign>
<var>${Departure_Date}</var>
</assign>
<msg timestamp="20220805 11:50:48.138" level="INFO">${Departure_Date} = 23</msg>
<status status="PASS" starttime="20220805 11:50:48.137" endtime="20220805 11:50:48.138"></status>
</kw>
<kw name="Log" library="BuiltIn">
<doc>Logs the given message with the given level.</doc>
<arguments>
<arg>${Departure_Date}</arg>
</arguments>
<msg timestamp="20220805 11:50:48.138" level="INFO">23</msg>
<status status="PASS" starttime="20220805 11:50:48.138" endtime="20220805 11:50:48.138"></status>
</kw>
<status status="PASS" starttime="20220805 11:50:48.136" endtime="20220805 11:50:48.139" critical="yes"></status>
</test>
<status status="PASS" starttime="20220805 11:50:46.858" endtime="20220805 11:50:48.139"></status>
</suite>
<status status="PASS" starttime="20220805 11:50:46.855" endtime="20220805 11:50:48.140"></status>
</suite>
<status status="PASS" starttime="20220805 11:50:46.835" endtime="20220805 11:50:48.141"></status>
</suite>
<statistics>
<total>
<stat pass="1" fail="0">Critical Tests</stat>
<stat pass="1" fail="0">All Tests</stat>
</total>
<tag>
</tag>
<suite>
<stat pass="1" fail="0" id="s1" name="RobotFramework MakeMyTrip">RobotFramework MakeMyTrip</stat>
<stat pass="1" fail="0" id="s1-s1" name="Testcases">RobotFramework MakeMyTrip.Testcases</stat>
<stat pass="1" fail="0" id="s1-s1-s1" name="RobotTestcases">RobotFramework MakeMyTrip.Testcases.RobotTestcases</stat>
</suite>
</statistics>
<errors>
</errors>
</robot>
