<?xml version="1.0" encoding="UTF-8"?>
<robot generator="Robot 3.2.2 (Python 3.9.7 on win32)" generated="20220817 15:47:46.292" rpa="false">
<suite id="s1" name="RobotFramework MakeMyTrip" source="C:\Users\P1324386\eclipse-workspace\RobotFramework_MakeMyTrip">
<suite id="s1-s1" name="Testcases" source="C:\Users\P1324386\eclipse-workspace\RobotFramework_MakeMyTrip\Testcases">
<suite id="s1-s1-s1" name="RobotTestcases" source="C:\Users\P1324386\eclipse-workspace\RobotFramework_MakeMyTrip\Testcases\RobotTestcases.robot">
<test id="s1-s1-s1-t1" name="MMT-FLIGHTS-TC-016">
<kw name="Log" library="BuiltIn">
<doc>Logs the given message with the given level.</doc>
<arguments>
<arg>${TEST_NAME}</arg>
</arguments>
<msg timestamp="20220817 15:47:48.475" level="INFO">MMT-FLIGHTS-TC-016</msg>
<status status="PASS" starttime="20220817 15:47:48.473" endtime="20220817 15:47:48.475"></status>
</kw>
<kw name="Open MakemyTrip Application" library="CommonFunctionalities">
<kw name="Append To Environment Variable" library="OperatingSystem">
<doc>Appends given ``values`` to environment variable ``name``.</doc>
<arguments>
<arg>Path</arg>
<arg>${EXECDIR}${/}Drivers</arg>
</arguments>
<msg timestamp="20220817 15:47:48.477" level="INFO">Environment variable 'Path' set to value 'C:/Prasad/eclipse//plugins/org.eclipse.justj.openjdk.hotspot.jre.full.win32.x86_64_16.0.1.v20210528-1205/jre/bin/server;C:/Prasad/eclipse//plugins/org.eclipse.justj.openjdk.hotspot.jre.full.win32.x86_64_16.0.1.v20210528-1205/jre/bin;C:\Program Files (x86)\TRICENTIS\Tosca Testsuite\ToscaCommander;;C:\Program Files (x86)\TRICENTIS\Tosca Testsuite\Classic;C:\Program Files (x86)\TRICENTIS\Tosca Testsuite\Classic\dll;C:\Program Files (x86)\TRICENTIS\Tosca Testsuite\Classic\dll\GuptaEngine;C:\Program Files (x86)\TRICENTIS\Tosca Testsuite\ToscaCommander;C:\Program Files (x86)\TRICENTIS\Tosca Testsuite\Classic\dll\DelphiEngine;C:\Program Files (x86)\TRICENTIS\Tosca Testsuite\Classic\dll\PBEngine;C:\Program Files (x86)\TRICENTIS\Tosca Testsuite\Classic\dll\VBEngine;C:\Program Files (x86)\TRICENTIS\Tosca Testsuite\Classic\dll\DotNetHooking;;C:\Program Files\Common Files\Oracle\Java\javapath;C:\WINDOWS\system32;C:\WINDOWS;C:\WINDOWS\System32\Wbem;C:\WINDOWS\System32\WindowsPowerShell\v1.0\;C:\WINDOWS\System32\OpenSSH\;C:\Program Files\Microsoft SQL Server\Client SDK\ODBC\170\Tools\Binn\;C:\Program Files (x86)\Microsoft SQL Server\150\Tools\Binn\;C:\Program Files\Microsoft SQL Server\150\Tools\Binn\;C:\Program Files\Microsoft SQL Server\150\DTS\Binn\;C:\Program Files (x86)\Microsoft SQL Server\150\DTS\Binn\;C:\Program Files\Azure Data Studio\bin;C:\Program Files\dotnet\;C:\Program Files\Java\jdk-11.0.12\bin;C:\Program Files\nodejs\;C:\Python\Scripts;C:\Program Files\Git\cmd;C:\Python\Scripts\;C:\Python\;C:\Users\P1324386\AppData\Local\Microsoft\WindowsApps;C:\Program Files\Azure Data Studio\bin;C:\Users\P1324386\.dotnet\tools;C:\Users\P1324386\AppData\Roaming\npm;C:\Program Files\Git\cmd;;C:\Prasad\eclipse;;C:\Users\P1324386\eclipse-workspace\RobotFramework_MakeMyTrip\Drivers'.</msg>
<status status="PASS" starttime="20220817 15:47:48.476" endtime="20220817 15:47:48.477"></status>
</kw>
<kw name="Open Browser" library="SeleniumLibrary">
<doc>Opens a new browser instance to the optional ``url``.</doc>
<arguments>
<arg>browser=${BROWSER}</arg>
</arguments>
<msg timestamp="20220817 15:47:48.478" level="INFO">Opening browser 'chrome' to base url 'None'.</msg>
<status status="PASS" starttime="20220817 15:47:48.477" endtime="20220817 15:47:51.055"></status>
</kw>
<kw name="Go To" library="SeleniumLibrary">
<doc>Navigates the current browser window to the provided ``url``.</doc>
<arguments>
<arg>${URL}</arg>
</arguments>
<msg timestamp="20220817 15:47:51.057" level="INFO">Opening url 'https://www.makemytrip.com/'</msg>
<status status="PASS" starttime="20220817 15:47:51.056" endtime="20220817 15:47:58.119"></status>
</kw>
<kw name="Maximize Browser Window" library="SeleniumLibrary">
<doc>Maximizes current browser window.</doc>
<status status="PASS" starttime="20220817 15:47:58.120" endtime="20220817 15:47:58.325"></status>
</kw>
<kw name="Set Selenium Implicit Wait" library="SeleniumLibrary">
<doc>Sets the implicit wait value used by Selenium.</doc>
<arguments>
<arg>5</arg>
</arguments>
<status status="PASS" starttime="20220817 15:47:58.326" endtime="20220817 15:47:58.338"></status>
</kw>
<status status="PASS" starttime="20220817 15:47:48.476" endtime="20220817 15:47:58.339"></status>
</kw>
<kw name="Run Keyword And Ignore Error" library="BuiltIn">
<doc>Runs the given keyword with the given arguments and ignores possible error.</doc>
<arguments>
<arg>Handle Notification</arg>
</arguments>
<kw name="Handle Notification" library="CommonFunctionalities">
<kw name="Select Frame" library="SeleniumLibrary">
<doc>Sets frame identified by ``locator`` as the current frame.</doc>
<arguments>
<arg>${NotificationFrame_Xpath}</arg>
</arguments>
<msg timestamp="20220817 15:47:58.349" level="INFO">Selecting frame '//iframe[contains(@title,'notification')]'.</msg>
<kw name="Capture Page Screenshot" library="SeleniumLibrary">
<doc>Takes a screenshot of the current page and embeds it into a log file.</doc>
<msg timestamp="20220817 15:48:03.606" level="INFO" html="yes">&lt;/td&gt;&lt;/tr&gt;&lt;tr&gt;&lt;td colspan="3"&gt;&lt;a href="selenium-screenshot-3.png"&gt;&lt;img src="selenium-screenshot-3.png" width="800px"&gt;&lt;/a&gt;</msg>
<status status="PASS" starttime="20220817 15:48:03.375" endtime="20220817 15:48:03.607"></status>
</kw>
<msg timestamp="20220817 15:48:03.612" level="FAIL">Element with locator '//iframe[contains(@title,'notification')]' not found.</msg>
<status status="FAIL" starttime="20220817 15:47:58.343" endtime="20220817 15:48:03.613"></status>
</kw>
<status status="FAIL" starttime="20220817 15:47:58.341" endtime="20220817 15:48:03.613"></status>
</kw>
<status status="PASS" starttime="20220817 15:47:58.340" endtime="20220817 15:48:03.614"></status>
</kw>
<kw name="Handle Language Notification" library="CommonFunctionalities">
<kw name="Click Element" library="SeleniumLibrary">
<doc>Click the element identified by ``locator``.</doc>
<arguments>
<arg>${LangCardClose_Xpath}</arg>
</arguments>
<msg timestamp="20220817 15:48:03.616" level="INFO">Clicking element '//span[@class='langCardClose']'.</msg>
<status status="PASS" starttime="20220817 15:48:03.615" endtime="20220817 15:48:03.750"></status>
</kw>
<status status="PASS" starttime="20220817 15:48:03.614" endtime="20220817 15:48:03.751"></status>
</kw>
<kw name="Click on ONEWAY label" library="HomePage">
<kw name="Click Element" library="SeleniumLibrary">
<doc>Click the element identified by ``locator``.</doc>
<arguments>
<arg>${RoundTripRadioBtn_Xpath}</arg>
</arguments>
<msg timestamp="20220817 15:48:03.752" level="INFO">Clicking element '(//span[contains(@class,'tabsCircle')])[2]'.</msg>
<status status="PASS" starttime="20220817 15:48:03.752" endtime="20220817 15:48:03.930"></status>
</kw>
<kw name="Sleep" library="BuiltIn">
<doc>Pauses the test executed for the given time.</doc>
<arguments>
<arg>1s</arg>
</arguments>
<msg timestamp="20220817 15:48:04.939" level="INFO">Slept 1 second</msg>
<status status="PASS" starttime="20220817 15:48:03.930" endtime="20220817 15:48:04.939"></status>
</kw>
<kw name="Click Element" library="SeleniumLibrary">
<doc>Click the element identified by ``locator``.</doc>
<arguments>
<arg>${OneWayLabel_Xpath}</arg>
</arguments>
<msg timestamp="20220817 15:48:04.940" level="INFO">Clicking element '//li[@data-cy='oneWayTrip']'.</msg>
<status status="PASS" starttime="20220817 15:48:04.940" endtime="20220817 15:48:05.071"></status>
</kw>
<kw name="Get Text" library="SeleniumLibrary">
<doc>Returns the text value of the element identified by ``locator``.</doc>
<arguments>
<arg>${SelectedRadioButton_Xpath}</arg>
</arguments>
<assign>
<var>${OneWayTrip}</var>
</assign>
<msg timestamp="20220817 15:48:05.109" level="INFO">${OneWayTrip} = ONEWAY</msg>
<status status="PASS" starttime="20220817 15:48:05.072" endtime="20220817 15:48:05.109"></status>
</kw>
<kw name="Should Be Equal" library="BuiltIn">
<doc>Fails if the given objects are unequal.</doc>
<arguments>
<arg>${OneWayTrip}</arg>
<arg>ONEWAY</arg>
</arguments>
<status status="PASS" starttime="20220817 15:48:05.110" endtime="20220817 15:48:05.110"></status>
</kw>
<status status="PASS" starttime="20220817 15:48:03.751" endtime="20220817 15:48:05.111"></status>
</kw>
<kw name="Verify FROM Placeholder" library="HomePage">
<kw name="Click Element" library="SeleniumLibrary">
<doc>Click the element identified by ``locator``.</doc>
<arguments>
<arg>${FROM_Label_Xpath}</arg>
</arguments>
<msg timestamp="20220817 15:48:05.113" level="INFO">Clicking element '(//span[contains(@class,'lbl_input latoBold')])[1]'.</msg>
<status status="PASS" starttime="20220817 15:48:05.112" endtime="20220817 15:48:05.350"></status>
</kw>
<kw name="Sleep" library="BuiltIn">
<doc>Pauses the test executed for the given time.</doc>
<arguments>
<arg>2s</arg>
</arguments>
<msg timestamp="20220817 15:48:07.357" level="INFO">Slept 2 seconds</msg>
<status status="PASS" starttime="20220817 15:48:05.350" endtime="20220817 15:48:07.358"></status>
</kw>
<kw name="Get Element Attribute" library="SeleniumLibrary">
<doc>Returns the value of ``attribute`` from the element ``locator``.</doc>
<arguments>
<arg>${FROM_Placeholder_Xpath}</arg>
<arg>placeholder</arg>
</arguments>
<assign>
<var>${FROM_Placeholder}</var>
</assign>
<msg timestamp="20220817 15:48:07.380" level="INFO">${FROM_Placeholder} = From</msg>
<status status="PASS" starttime="20220817 15:48:07.358" endtime="20220817 15:48:07.380"></status>
</kw>
<kw name="Should Be Equal" library="BuiltIn">
<doc>Fails if the given objects are unequal.</doc>
<arguments>
<arg>${FROM_Placeholder}</arg>
<arg>From</arg>
</arguments>
<status status="PASS" starttime="20220817 15:48:07.380" endtime="20220817 15:48:07.381"></status>
</kw>
<status status="PASS" starttime="20220817 15:48:05.111" endtime="20220817 15:48:07.382"></status>
</kw>
<kw name="Verify FROM Search city" library="HomePage">
<arguments>
<arg>${FROM_Indian_CITY}</arg>
</arguments>
<kw name="Set Local Variable" library="BuiltIn">
<doc>Makes a variable available everywhere within the local scope.</doc>
<arguments>
<arg>${SearchedCity}</arg>
<arg>${SearchedCity}</arg>
</arguments>
<msg timestamp="20220817 15:48:07.384" level="INFO">${SearchedCity} = Mumbai</msg>
<status status="PASS" starttime="20220817 15:48:07.383" endtime="20220817 15:48:07.384"></status>
</kw>
<kw name="Input Text" library="SeleniumLibrary">
<doc>Types the given ``text`` into the text field identified by ``locator``.</doc>
<arguments>
<arg>${FROM_Placeholder_Xpath}</arg>
<arg>${SearchedCity}</arg>
</arguments>
<msg timestamp="20220817 15:48:07.385" level="INFO">Typing text 'Mumbai' into text field '//input[@placeholder='From']'.</msg>
<status status="PASS" starttime="20220817 15:48:07.384" endtime="20220817 15:48:07.495"></status>
</kw>
<kw name="Sleep" library="BuiltIn">
<doc>Pauses the test executed for the given time.</doc>
<arguments>
<arg>2s</arg>
</arguments>
<msg timestamp="20220817 15:48:09.512" level="INFO">Slept 2 seconds</msg>
<status status="PASS" starttime="20220817 15:48:07.495" endtime="20220817 15:48:09.512"></status>
</kw>
<kw name="Click Element" library="SeleniumLibrary">
<doc>Click the element identified by ``locator``.</doc>
<arguments>
<arg>${CityFromList_Xpath}</arg>
</arguments>
<msg timestamp="20220817 15:48:09.513" level="INFO">Clicking element '(//ul[@role='listbox']/li)[1]'.</msg>
<status status="PASS" starttime="20220817 15:48:09.512" endtime="20220817 15:48:09.697"></status>
</kw>
<kw name="Sleep" library="BuiltIn">
<doc>Pauses the test executed for the given time.</doc>
<arguments>
<arg>2s</arg>
</arguments>
<msg timestamp="20220817 15:48:11.714" level="INFO">Slept 2 seconds</msg>
<status status="PASS" starttime="20220817 15:48:09.698" endtime="20220817 15:48:11.714"></status>
</kw>
<kw name="Get Element Attribute" library="SeleniumLibrary">
<doc>Returns the value of ``attribute`` from the element ``locator``.</doc>
<arguments>
<arg>${FROM_City_Xpath}</arg>
<arg>value</arg>
</arguments>
<assign>
<var>${City}</var>
</assign>
<msg timestamp="20220817 15:48:11.748" level="INFO">${City} = Mumbai</msg>
<status status="PASS" starttime="20220817 15:48:11.715" endtime="20220817 15:48:11.748"></status>
</kw>
<kw name="Should Be Equal" library="BuiltIn">
<doc>Fails if the given objects are unequal.</doc>
<arguments>
<arg>${City}</arg>
<arg>${SearchedCity}</arg>
</arguments>
<status status="PASS" starttime="20220817 15:48:11.749" endtime="20220817 15:48:11.749"></status>
</kw>
<status status="PASS" starttime="20220817 15:48:07.382" endtime="20220817 15:48:11.750"></status>
</kw>
<kw name="Verify TO Search city" library="HomePage">
<arguments>
<arg>${TO_Indian_CITY}</arg>
</arguments>
<kw name="Set Local Variable" library="BuiltIn">
<doc>Makes a variable available everywhere within the local scope.</doc>
<arguments>
<arg>${SearchedCity}</arg>
<arg>${SearchedCity}</arg>
</arguments>
<msg timestamp="20220817 15:48:11.753" level="INFO">${SearchedCity} = Kochi</msg>
<status status="PASS" starttime="20220817 15:48:11.751" endtime="20220817 15:48:11.753"></status>
</kw>
<kw name="Input Text" library="SeleniumLibrary">
<doc>Types the given ``text`` into the text field identified by ``locator``.</doc>
<arguments>
<arg>${TO_Placeholder_Xpath}</arg>
<arg>${SearchedCity}</arg>
</arguments>
<msg timestamp="20220817 15:48:11.754" level="INFO">Typing text 'Kochi' into text field '//input[@placeholder='To']'.</msg>
<status status="PASS" starttime="20220817 15:48:11.753" endtime="20220817 15:48:11.878"></status>
</kw>
<kw name="Sleep" library="BuiltIn">
<doc>Pauses the test executed for the given time.</doc>
<arguments>
<arg>2s</arg>
</arguments>
<msg timestamp="20220817 15:48:13.884" level="INFO">Slept 2 seconds</msg>
<status status="PASS" starttime="20220817 15:48:11.878" endtime="20220817 15:48:13.885"></status>
</kw>
<kw name="Click Element" library="SeleniumLibrary">
<doc>Click the element identified by ``locator``.</doc>
<arguments>
<arg>${CityTOList_Xpath}</arg>
</arguments>
<msg timestamp="20220817 15:48:13.886" level="INFO">Clicking element '(//ul[@role='listbox']/li)[1]'.</msg>
<status status="PASS" starttime="20220817 15:48:13.885" endtime="20220817 15:48:14.064"></status>
</kw>
<kw name="Sleep" library="BuiltIn">
<doc>Pauses the test executed for the given time.</doc>
<arguments>
<arg>2s</arg>
</arguments>
<msg timestamp="20220817 15:48:16.067" level="INFO">Slept 2 seconds</msg>
<status status="PASS" starttime="20220817 15:48:14.065" endtime="20220817 15:48:16.068"></status>
</kw>
<kw name="Get Element Attribute" library="SeleniumLibrary">
<doc>Returns the value of ``attribute`` from the element ``locator``.</doc>
<arguments>
<arg>${TO_City_Xpath}</arg>
<arg>value</arg>
</arguments>
<assign>
<var>${City}</var>
</assign>
<msg timestamp="20220817 15:48:16.091" level="INFO">${City} = Kochi</msg>
<status status="PASS" starttime="20220817 15:48:16.068" endtime="20220817 15:48:16.092"></status>
</kw>
<kw name="Should Contain" library="BuiltIn">
<doc>Fails if ``container`` does not contain ``item`` one or more times.</doc>
<arguments>
<arg>${City}</arg>
<arg>${SearchedCity}</arg>
<arg>ignore_case=True</arg>
</arguments>
<status status="PASS" starttime="20220817 15:48:16.092" endtime="20220817 15:48:16.094"></status>
</kw>
<status status="PASS" starttime="20220817 15:48:11.751" endtime="20220817 15:48:16.094"></status>
</kw>
<kw name="DEPARTURE DATE" library="HomePage">
<arguments>
<arg>${Departure_MonthYear}</arg>
<arg>${Departure_Date}</arg>
</arguments>
<kw name="Set Local Variable" library="BuiltIn">
<doc>Makes a variable available everywhere within the local scope.</doc>
<arguments>
<arg>${InputMonthYear}</arg>
<arg>${MonthYear}</arg>
</arguments>
<msg timestamp="20220817 15:48:16.098" level="INFO">${InputMonthYear} = November 2022</msg>
<status status="PASS" starttime="20220817 15:48:16.095" endtime="20220817 15:48:16.099"></status>
</kw>
<kw name="${counter} IN RANGE [ 0 | 999 ]" type="for">
<kw name="${counter} = 0" type="foritem">
<kw name="Wait Until Element Is Visible" library="SeleniumLibrary">
<doc>Waits until the element ``locator`` is visible.</doc>
<arguments>
<arg>${MonthYearValue_Xpath}</arg>
</arguments>
<status status="PASS" starttime="20220817 15:48:16.100" endtime="20220817 15:48:16.141"></status>
</kw>
<kw name="Get Text" library="SeleniumLibrary">
<doc>Returns the text value of the element identified by ``locator``.</doc>
<arguments>
<arg>${MonthYearValue_Xpath}</arg>
</arguments>
<assign>
<var>${MonthYearValue}</var>
</assign>
<msg timestamp="20220817 15:48:16.179" level="INFO">${MonthYearValue} = August 2022</msg>
<status status="PASS" starttime="20220817 15:48:16.141" endtime="20220817 15:48:16.180"></status>
</kw>
<kw name="Run Keyword If" library="BuiltIn">
<doc>Runs the given keyword with the given arguments, if ``condition`` is true.</doc>
<arguments>
<arg>"${InputMonthYear}"!="${MonthYearValue}"</arg>
<arg>Click NextMOnth</arg>
</arguments>
<kw name="Click NextMOnth" library="HomePage">
<kw name="Click Element" library="SeleniumLibrary">
<doc>Click the element identified by ``locator``.</doc>
<arguments>
<arg>//span[@aria-label='Next Month']</arg>
</arguments>
<msg timestamp="20220817 15:48:16.182" level="INFO">Clicking element '//span[@aria-label='Next Month']'.</msg>
<status status="PASS" starttime="20220817 15:48:16.182" endtime="20220817 15:48:16.330"></status>
</kw>
<kw name="Sleep" library="BuiltIn">
<doc>Pauses the test executed for the given time.</doc>
<arguments>
<arg>1s</arg>
</arguments>
<msg timestamp="20220817 15:48:17.344" level="INFO">Slept 1 second</msg>
<status status="PASS" starttime="20220817 15:48:16.330" endtime="20220817 15:48:17.344"></status>
</kw>
<status status="PASS" starttime="20220817 15:48:16.181" endtime="20220817 15:48:17.345"></status>
</kw>
<status status="PASS" starttime="20220817 15:48:16.181" endtime="20220817 15:48:17.346"></status>
</kw>
<kw name="Exit For Loop If" library="BuiltIn">
<doc>Stops executing the enclosing for loop if the ``condition`` is true.</doc>
<arguments>
<arg>"${InputMonthYear}"=="${MonthYearValue}"</arg>
</arguments>
<status status="PASS" starttime="20220817 15:48:17.347" endtime="20220817 15:48:17.349"></status>
</kw>
<status status="PASS" starttime="20220817 15:48:16.100" endtime="20220817 15:48:17.349"></status>
</kw>
<kw name="${counter} = 1" type="foritem">
<kw name="Wait Until Element Is Visible" library="SeleniumLibrary">
<doc>Waits until the element ``locator`` is visible.</doc>
<arguments>
<arg>${MonthYearValue_Xpath}</arg>
</arguments>
<status status="PASS" starttime="20220817 15:48:17.350" endtime="20220817 15:48:17.390"></status>
</kw>
<kw name="Get Text" library="SeleniumLibrary">
<doc>Returns the text value of the element identified by ``locator``.</doc>
<arguments>
<arg>${MonthYearValue_Xpath}</arg>
</arguments>
<assign>
<var>${MonthYearValue}</var>
</assign>
<msg timestamp="20220817 15:48:17.418" level="INFO">${MonthYearValue} = September 2022</msg>
<status status="PASS" starttime="20220817 15:48:17.391" endtime="20220817 15:48:17.418"></status>
</kw>
<kw name="Run Keyword If" library="BuiltIn">
<doc>Runs the given keyword with the given arguments, if ``condition`` is true.</doc>
<arguments>
<arg>"${InputMonthYear}"!="${MonthYearValue}"</arg>
<arg>Click NextMOnth</arg>
</arguments>
<kw name="Click NextMOnth" library="HomePage">
<kw name="Click Element" library="SeleniumLibrary">
<doc>Click the element identified by ``locator``.</doc>
<arguments>
<arg>//span[@aria-label='Next Month']</arg>
</arguments>
<msg timestamp="20220817 15:48:17.421" level="INFO">Clicking element '//span[@aria-label='Next Month']'.</msg>
<status status="PASS" starttime="20220817 15:48:17.420" endtime="20220817 15:48:17.521"></status>
</kw>
<kw name="Sleep" library="BuiltIn">
<doc>Pauses the test executed for the given time.</doc>
<arguments>
<arg>1s</arg>
</arguments>
<msg timestamp="20220817 15:48:18.533" level="INFO">Slept 1 second</msg>
<status status="PASS" starttime="20220817 15:48:17.522" endtime="20220817 15:48:18.533"></status>
</kw>
<status status="PASS" starttime="20220817 15:48:17.420" endtime="20220817 15:48:18.534"></status>
</kw>
<status status="PASS" starttime="20220817 15:48:17.419" endtime="20220817 15:48:18.534"></status>
</kw>
<kw name="Exit For Loop If" library="BuiltIn">
<doc>Stops executing the enclosing for loop if the ``condition`` is true.</doc>
<arguments>
<arg>"${InputMonthYear}"=="${MonthYearValue}"</arg>
</arguments>
<status status="PASS" starttime="20220817 15:48:18.535" endtime="20220817 15:48:18.536"></status>
</kw>
<status status="PASS" starttime="20220817 15:48:17.350" endtime="20220817 15:48:18.536"></status>
</kw>
<kw name="${counter} = 2" type="foritem">
<kw name="Wait Until Element Is Visible" library="SeleniumLibrary">
<doc>Waits until the element ``locator`` is visible.</doc>
<arguments>
<arg>${MonthYearValue_Xpath}</arg>
</arguments>
<status status="PASS" starttime="20220817 15:48:18.537" endtime="20220817 15:48:18.562"></status>
</kw>
<kw name="Get Text" library="SeleniumLibrary">
<doc>Returns the text value of the element identified by ``locator``.</doc>
<arguments>
<arg>${MonthYearValue_Xpath}</arg>
</arguments>
<assign>
<var>${MonthYearValue}</var>
</assign>
<msg timestamp="20220817 15:48:18.582" level="INFO">${MonthYearValue} = October 2022</msg>
<status status="PASS" starttime="20220817 15:48:18.563" endtime="20220817 15:48:18.582"></status>
</kw>
<kw name="Run Keyword If" library="BuiltIn">
<doc>Runs the given keyword with the given arguments, if ``condition`` is true.</doc>
<arguments>
<arg>"${InputMonthYear}"!="${MonthYearValue}"</arg>
<arg>Click NextMOnth</arg>
</arguments>
<kw name="Click NextMOnth" library="HomePage">
<kw name="Click Element" library="SeleniumLibrary">
<doc>Click the element identified by ``locator``.</doc>
<arguments>
<arg>//span[@aria-label='Next Month']</arg>
</arguments>
<msg timestamp="20220817 15:48:18.584" level="INFO">Clicking element '//span[@aria-label='Next Month']'.</msg>
<status status="PASS" starttime="20220817 15:48:18.584" endtime="20220817 15:48:18.655"></status>
</kw>
<kw name="Sleep" library="BuiltIn">
<doc>Pauses the test executed for the given time.</doc>
<arguments>
<arg>1s</arg>
</arguments>
<msg timestamp="20220817 15:48:19.660" level="INFO">Slept 1 second</msg>
<status status="PASS" starttime="20220817 15:48:18.655" endtime="20220817 15:48:19.660"></status>
</kw>
<status status="PASS" starttime="20220817 15:48:18.583" endtime="20220817 15:48:19.661"></status>
</kw>
<status status="PASS" starttime="20220817 15:48:18.583" endtime="20220817 15:48:19.661"></status>
</kw>
<kw name="Exit For Loop If" library="BuiltIn">
<doc>Stops executing the enclosing for loop if the ``condition`` is true.</doc>
<arguments>
<arg>"${InputMonthYear}"=="${MonthYearValue}"</arg>
</arguments>
<status status="PASS" starttime="20220817 15:48:19.662" endtime="20220817 15:48:19.663"></status>
</kw>
<status status="PASS" starttime="20220817 15:48:18.537" endtime="20220817 15:48:19.663"></status>
</kw>
<kw name="${counter} = 3" type="foritem">
<kw name="Wait Until Element Is Visible" library="SeleniumLibrary">
<doc>Waits until the element ``locator`` is visible.</doc>
<arguments>
<arg>${MonthYearValue_Xpath}</arg>
</arguments>
<status status="PASS" starttime="20220817 15:48:19.664" endtime="20220817 15:48:19.690"></status>
</kw>
<kw name="Get Text" library="SeleniumLibrary">
<doc>Returns the text value of the element identified by ``locator``.</doc>
<arguments>
<arg>${MonthYearValue_Xpath}</arg>
</arguments>
<assign>
<var>${MonthYearValue}</var>
</assign>
<msg timestamp="20220817 15:48:19.717" level="INFO">${MonthYearValue} = November 2022</msg>
<status status="PASS" starttime="20220817 15:48:19.691" endtime="20220817 15:48:19.718"></status>
</kw>
<kw name="Run Keyword If" library="BuiltIn">
<doc>Runs the given keyword with the given arguments, if ``condition`` is true.</doc>
<arguments>
<arg>"${InputMonthYear}"!="${MonthYearValue}"</arg>
<arg>Click NextMOnth</arg>
</arguments>
<status status="PASS" starttime="20220817 15:48:19.719" endtime="20220817 15:48:19.719"></status>
</kw>
<kw name="Exit For Loop If" library="BuiltIn">
<doc>Stops executing the enclosing for loop if the ``condition`` is true.</doc>
<arguments>
<arg>"${InputMonthYear}"=="${MonthYearValue}"</arg>
</arguments>
<msg timestamp="20220817 15:48:19.720" level="INFO">Exiting for loop altogether.</msg>
<status status="PASS" starttime="20220817 15:48:19.720" endtime="20220817 15:48:19.721"></status>
</kw>
<status status="PASS" starttime="20220817 15:48:19.664" endtime="20220817 15:48:19.721"></status>
</kw>
<status status="PASS" starttime="20220817 15:48:16.099" endtime="20220817 15:48:19.721"></status>
</kw>
<kw name="Click Date" library="HomePage">
<arguments>
<arg>${Day}</arg>
</arguments>
<kw name="Click Element" library="SeleniumLibrary">
<doc>Click the element identified by ``locator``.</doc>
<arguments>
<arg>((//div[@class='DayPicker-Month'])[1]//div[@class='DayPicker-Day'])[${Day}]</arg>
</arguments>
<msg timestamp="20220817 15:48:19.724" level="INFO">Clicking element '((//div[@class='DayPicker-Month'])[1]//div[@class='DayPicker-Day'])[09]'.</msg>
<status status="PASS" starttime="20220817 15:48:19.723" endtime="20220817 15:48:19.841"></status>
</kw>
<status status="PASS" starttime="20220817 15:48:19.722" endtime="20220817 15:48:19.842"></status>
</kw>
<status status="PASS" starttime="20220817 15:48:16.094" endtime="20220817 15:48:19.842"></status>
</kw>
<kw name="Select Travellers" library="HomePage">
<arguments>
<arg>${AdultTravellers}</arg>
<arg>${ChildTravellers}</arg>
<arg>${InfantsTravellers}</arg>
</arguments>
<kw name="Evaluate" library="BuiltIn">
<doc>Evaluates the given expression in Python and returns the result.</doc>
<arguments>
<arg>${Children_Travellers}+1</arg>
</arguments>
<assign>
<var>${Children_Travellers}</var>
</assign>
<msg timestamp="20220817 15:48:19.844" level="INFO">${Children_Travellers} = 3</msg>
<status status="PASS" starttime="20220817 15:48:19.843" endtime="20220817 15:48:19.844"></status>
</kw>
<kw name="Evaluate" library="BuiltIn">
<doc>Evaluates the given expression in Python and returns the result.</doc>
<arguments>
<arg>${Infants_Travellers}+1</arg>
</arguments>
<assign>
<var>${Infants_Travellers}</var>
</assign>
<msg timestamp="20220817 15:48:19.846" level="INFO">${Infants_Travellers} = 3</msg>
<status status="PASS" starttime="20220817 15:48:19.844" endtime="20220817 15:48:19.846"></status>
</kw>
<kw name="Click Element" library="SeleniumLibrary">
<doc>Click the element identified by ``locator``.</doc>
<arguments>
<arg>${Travellers&amp;Class_Label_Xpath}</arg>
</arguments>
<msg timestamp="20220817 15:48:19.846" level="INFO">Clicking element '//div[@data-cy='flightTraveller']'.</msg>
<status status="PASS" starttime="20220817 15:48:19.846" endtime="20220817 15:48:19.985"></status>
</kw>
<kw name="Sleep" library="BuiltIn">
<doc>Pauses the test executed for the given time.</doc>
<arguments>
<arg>1s</arg>
</arguments>
<msg timestamp="20220817 15:48:20.988" level="INFO">Slept 1 second</msg>
<status status="PASS" starttime="20220817 15:48:19.985" endtime="20220817 15:48:20.988"></status>
</kw>
<kw name="Catenate" library="BuiltIn">
<doc>Catenates the given items together and returns the resulted string.</doc>
<arguments>
<arg>SEPARATOR=</arg>
<arg>${AdultTraveller_Xpath}</arg>
<arg>[${Adult_Travellers}]</arg>
</arguments>
<assign>
<var>${AdultTraveller_Xpath}</var>
</assign>
<msg timestamp="20220817 15:48:20.991" level="INFO">${AdultTraveller_Xpath} = ((//ul[contains(@class,'guestCounter')])[1]//li)[2]</msg>
<status status="PASS" starttime="20220817 15:48:20.989" endtime="20220817 15:48:20.991"></status>
</kw>
<kw name="Click Element" library="SeleniumLibrary">
<doc>Click the element identified by ``locator``.</doc>
<arguments>
<arg>${AdultTraveller_Xpath}</arg>
</arguments>
<msg timestamp="20220817 15:48:20.992" level="INFO">Clicking element '((//ul[contains(@class,'guestCounter')])[1]//li)[2]'.</msg>
<status status="PASS" starttime="20220817 15:48:20.991" endtime="20220817 15:48:21.109"></status>
</kw>
<kw name="Sleep" library="BuiltIn">
<doc>Pauses the test executed for the given time.</doc>
<arguments>
<arg>1s</arg>
</arguments>
<msg timestamp="20220817 15:48:22.111" level="INFO">Slept 1 second</msg>
<status status="PASS" starttime="20220817 15:48:21.110" endtime="20220817 15:48:22.112"></status>
</kw>
<kw name="Catenate" library="BuiltIn">
<doc>Catenates the given items together and returns the resulted string.</doc>
<arguments>
<arg>SEPARATOR=</arg>
<arg>${ChildrenTraveller_Xpath}</arg>
<arg>[${Children_Travellers}]</arg>
</arguments>
<assign>
<var>${ChildrenTraveller_Xpath}</var>
</assign>
<msg timestamp="20220817 15:48:22.117" level="INFO">${ChildrenTraveller_Xpath} = ((//ul[contains(@class,'guestCounter')])[2]//li)[3]</msg>
<status status="PASS" starttime="20220817 15:48:22.114" endtime="20220817 15:48:22.117"></status>
</kw>
<kw name="Click Element" library="SeleniumLibrary">
<doc>Click the element identified by ``locator``.</doc>
<arguments>
<arg>${ChildrenTraveller_Xpath}</arg>
</arguments>
<msg timestamp="20220817 15:48:22.119" level="INFO">Clicking element '((//ul[contains(@class,'guestCounter')])[2]//li)[3]'.</msg>
<status status="PASS" starttime="20220817 15:48:22.118" endtime="20220817 15:48:22.282"></status>
</kw>
<kw name="Sleep" library="BuiltIn">
<doc>Pauses the test executed for the given time.</doc>
<arguments>
<arg>1s</arg>
</arguments>
<msg timestamp="20220817 15:48:23.286" level="INFO">Slept 1 second</msg>
<status status="PASS" starttime="20220817 15:48:22.282" endtime="20220817 15:48:23.286"></status>
</kw>
<kw name="Catenate" library="BuiltIn">
<doc>Catenates the given items together and returns the resulted string.</doc>
<arguments>
<arg>SEPARATOR=</arg>
<arg>${InfantTraveller_Xpath}</arg>
<arg>[${Infants_Travellers}]</arg>
</arguments>
<assign>
<var>${InfantTraveller_Xpath}</var>
</assign>
<msg timestamp="20220817 15:48:23.289" level="INFO">${InfantTraveller_Xpath} = ((//ul[contains(@class,'guestCounter')])[3]//li)[3]</msg>
<status status="PASS" starttime="20220817 15:48:23.288" endtime="20220817 15:48:23.289"></status>
</kw>
<kw name="Click Element" library="SeleniumLibrary">
<doc>Click the element identified by ``locator``.</doc>
<arguments>
<arg>${InfantTraveller_Xpath}</arg>
</arguments>
<msg timestamp="20220817 15:48:23.290" level="INFO">Clicking element '((//ul[contains(@class,'guestCounter')])[3]//li)[3]'.</msg>
<status status="PASS" starttime="20220817 15:48:23.289" endtime="20220817 15:48:23.404"></status>
</kw>
<kw name="Sleep" library="BuiltIn">
<doc>Pauses the test executed for the given time.</doc>
<arguments>
<arg>1s</arg>
</arguments>
<msg timestamp="20220817 15:48:24.408" level="INFO">Slept 1 second</msg>
<status status="PASS" starttime="20220817 15:48:23.404" endtime="20220817 15:48:24.409"></status>
</kw>
<status status="PASS" starttime="20220817 15:48:19.842" endtime="20220817 15:48:24.411"></status>
</kw>
<kw name="Select Travel Class" library="HomePage">
<arguments>
<arg>${TravelClass}</arg>
</arguments>
<kw name="Sleep" library="BuiltIn">
<doc>Pauses the test executed for the given time.</doc>
<arguments>
<arg>1s</arg>
</arguments>
<msg timestamp="20220817 15:48:25.427" level="INFO">Slept 1 second</msg>
<status status="PASS" starttime="20220817 15:48:24.414" endtime="20220817 15:48:25.427"></status>
</kw>
<kw name="Run Keyword If" library="BuiltIn">
<doc>Runs the given keyword with the given arguments, if ``condition`` is true.</doc>
<arguments>
<arg>"${TravelClass}"=="Economy"</arg>
<arg>Click on Economy Travel Class</arg>
<arg>ELSE IF</arg>
<arg>"${TravelClass}"=="Premium"</arg>
<arg>Click on Premium Economy Travel Class</arg>
<arg>ELSE IF</arg>
<arg>"${TravelClass}"=="Business"</arg>
<arg>Click on Business Travel Class</arg>
</arguments>
<kw name="Click on Economy Travel Class" library="HomePage">
<kw name="Click Element" library="SeleniumLibrary">
<doc>Click the element identified by ``locator``.</doc>
<arguments>
<arg>${Economy_Xpath}</arg>
</arguments>
<msg timestamp="20220817 15:48:25.432" level="INFO">Clicking element '//li[@data-cy='travelClass-0']'.</msg>
<status status="PASS" starttime="20220817 15:48:25.432" endtime="20220817 15:48:25.527"></status>
</kw>
<status status="PASS" starttime="20220817 15:48:25.430" endtime="20220817 15:48:25.528"></status>
</kw>
<status status="PASS" starttime="20220817 15:48:25.428" endtime="20220817 15:48:25.529"></status>
</kw>
<kw name="Sleep" library="BuiltIn">
<doc>Pauses the test executed for the given time.</doc>
<arguments>
<arg>2s</arg>
</arguments>
<msg timestamp="20220817 15:48:27.540" level="INFO">Slept 2 seconds</msg>
<status status="PASS" starttime="20220817 15:48:25.529" endtime="20220817 15:48:27.541"></status>
</kw>
<kw name="Click Element" library="SeleniumLibrary">
<doc>Click the element identified by ``locator``.</doc>
<arguments>
<arg>${Travellers&amp;Class_APPLY_Btn_Xpath}</arg>
</arguments>
<msg timestamp="20220817 15:48:27.544" level="INFO">Clicking element '//button[text()='APPLY']'.</msg>
<status status="PASS" starttime="20220817 15:48:27.542" endtime="20220817 15:48:27.698"></status>
</kw>
<status status="PASS" starttime="20220817 15:48:24.412" endtime="20220817 15:48:27.699"></status>
</kw>
<kw name="Click on SEARCH Button" library="HomePage">
<kw name="Click Element" library="SeleniumLibrary">
<doc>Click the element identified by ``locator``.</doc>
<arguments>
<arg>${SEARCH_Btn_Xpath}</arg>
</arguments>
<msg timestamp="20220817 15:48:27.701" level="INFO">Clicking element '//a[text()='Search']'.</msg>
<status status="PASS" starttime="20220817 15:48:27.701" endtime="20220817 15:48:30.280"></status>
</kw>
<status status="PASS" starttime="20220817 15:48:27.700" endtime="20220817 15:48:30.281"></status>
</kw>
<kw name="Run Keyword And Ignore Error" library="BuiltIn">
<doc>Runs the given keyword with the given arguments and ignores possible error.</doc>
<arguments>
<arg>Handle Lock Price&amp;Pay Later! Notification</arg>
</arguments>
<kw name="Handle Lock Price&amp;Pay Later! Notification" library="CommonFunctionalities">
<kw name="Sleep" library="BuiltIn">
<doc>Pauses the test executed for the given time.</doc>
<arguments>
<arg>2s</arg>
</arguments>
<msg timestamp="20220817 15:48:32.299" level="INFO">Slept 2 seconds</msg>
<status status="PASS" starttime="20220817 15:48:30.285" endtime="20220817 15:48:32.299"></status>
</kw>
<kw name="Click Element" library="SeleniumLibrary">
<doc>Click the element identified by ``locator``.</doc>
<arguments>
<arg>${LockPrice&amp;PayLater_Xpath}</arg>
</arguments>
<msg timestamp="20220817 15:48:32.302" level="INFO">Clicking element '//span[contains(@class,'overlayCrossIcon')]'.</msg>
<kw name="Capture Page Screenshot" library="SeleniumLibrary">
<doc>Takes a screenshot of the current page and embeds it into a log file.</doc>
<msg timestamp="20220817 15:48:37.633" level="INFO" html="yes">&lt;/td&gt;&lt;/tr&gt;&lt;tr&gt;&lt;td colspan="3"&gt;&lt;a href="selenium-screenshot-4.png"&gt;&lt;img src="selenium-screenshot-4.png" width="800px"&gt;&lt;/a&gt;</msg>
<status status="PASS" starttime="20220817 15:48:37.350" endtime="20220817 15:48:37.634"></status>
</kw>
<msg timestamp="20220817 15:48:37.638" level="FAIL">Element with locator '//span[contains(@class,'overlayCrossIcon')]' not found.</msg>
<status status="FAIL" starttime="20220817 15:48:32.300" endtime="20220817 15:48:37.639"></status>
</kw>
<status status="FAIL" starttime="20220817 15:48:30.283" endtime="20220817 15:48:37.640"></status>
</kw>
<status status="PASS" starttime="20220817 15:48:30.281" endtime="20220817 15:48:37.640"></status>
</kw>
<kw name="Get Flights Layover Info" library="BookFlightPage">
<kw name="Wait Until Element Is Visible" library="SeleniumLibrary">
<doc>Waits until the element ``locator`` is visible.</doc>
<arguments>
<arg>${FlightLayoverInfo_Xpath}</arg>
</arguments>
<status status="PASS" starttime="20220817 15:48:37.643" endtime="20220817 15:48:37.683"></status>
</kw>
<kw name="Get Text" library="SeleniumLibrary">
<doc>Returns the text value of the element identified by ``locator``.</doc>
<arguments>
<arg>${FlightLayoverInfo_Xpath}</arg>
</arguments>
<assign>
<var>${No_Stops}</var>
</assign>
<msg timestamp="20220817 15:48:37.722" level="INFO">${No_Stops} = 1 stop via Bengaluru</msg>
<status status="PASS" starttime="20220817 15:48:37.683" endtime="20220817 15:48:37.722"></status>
</kw>
<kw name="Set Global Variable" library="BuiltIn">
<doc>Makes a variable available globally in all tests and suites.</doc>
<arguments>
<arg>${No_Stops}</arg>
</arguments>
<msg timestamp="20220817 15:48:37.724" level="INFO">${No_Stops} = 1 stop via Bengaluru</msg>
<status status="PASS" starttime="20220817 15:48:37.723" endtime="20220817 15:48:37.724"></status>
</kw>
<status status="PASS" starttime="20220817 15:48:37.641" endtime="20220817 15:48:37.724"></status>
</kw>
<kw name="Click on VIEW PRICES Button" library="BookFlightPage">
<kw name="Wait Until Element Is Visible" library="SeleniumLibrary">
<doc>Waits until the element ``locator`` is visible.</doc>
<arguments>
<arg>${ViewPricesBtn_Xpath}</arg>
</arguments>
<status status="PASS" starttime="20220817 15:48:37.726" endtime="20220817 15:48:37.764"></status>
</kw>
<kw name="Click Element" library="SeleniumLibrary">
<doc>Click the element identified by ``locator``.</doc>
<arguments>
<arg>${ViewPricesBtn_Xpath}</arg>
</arguments>
<msg timestamp="20220817 15:48:37.765" level="INFO">Clicking element '(//*[contains(@class,'ViewFareBtn')])[1]'.</msg>
<status status="PASS" starttime="20220817 15:48:37.764" endtime="20220817 15:48:38.003"></status>
</kw>
<kw name="Get Text" library="SeleniumLibrary">
<doc>Returns the text value of the element identified by ``locator``.</doc>
<arguments>
<arg>${FlightLayoverInfo_Xpath}</arg>
</arguments>
<assign>
<var>${FlightLayoverInfo}</var>
</assign>
<msg timestamp="20220817 15:48:38.132" level="INFO">${FlightLayoverInfo} = 1 stop via Bengaluru</msg>
<status status="PASS" starttime="20220817 15:48:38.004" endtime="20220817 15:48:38.132"></status>
</kw>
<kw name="Split String" library="String">
<doc>Splits the ``string`` using ``separator`` as a delimiter string.</doc>
<arguments>
<arg>${FlightLayoverInfo}</arg>
</arguments>
<assign>
<var>${FlightLayoverInfo}</var>
</assign>
<msg timestamp="20220817 15:48:38.134" level="INFO">${FlightLayoverInfo} = ['1', 'stop', 'via', 'Bengaluru']</msg>
<status status="PASS" starttime="20220817 15:48:38.133" endtime="20220817 15:48:38.134"></status>
</kw>
<kw name="Log" library="BuiltIn">
<doc>Logs the given message with the given level.</doc>
<arguments>
<arg>${FlightLayoverInfo}[0]</arg>
</arguments>
<msg timestamp="20220817 15:48:38.136" level="INFO">1</msg>
<status status="PASS" starttime="20220817 15:48:38.135" endtime="20220817 15:48:38.137"></status>
</kw>
<kw name="Set Global Variable" library="BuiltIn">
<doc>Makes a variable available globally in all tests and suites.</doc>
<arguments>
<arg>${FlightLayoverInfo}</arg>
</arguments>
<msg timestamp="20220817 15:48:38.139" level="INFO">${FlightLayoverInfo} = ['1', 'stop', 'via', 'Bengaluru']</msg>
<status status="PASS" starttime="20220817 15:48:38.137" endtime="20220817 15:48:38.139"></status>
</kw>
<status status="PASS" starttime="20220817 15:48:37.725" endtime="20220817 15:48:38.140"></status>
</kw>
<kw name="Click on BOOK NOW BUTTON" library="BookFlightPage">
<kw name="Execute Javascript" library="SeleniumLibrary">
<doc>Executes the given JavaScript code with possible arguments.</doc>
<arguments>
<arg>${ScrollingPage}</arg>
</arguments>
<msg timestamp="20220817 15:48:38.144" level="INFO">Executing JavaScript:
document.scrollingElement.scrollBy(0,400)
Without any arguments.</msg>
<status status="PASS" starttime="20220817 15:48:38.142" endtime="20220817 15:48:38.211"></status>
</kw>
<kw name="Wait Until Element Is Visible" library="SeleniumLibrary">
<doc>Waits until the element ``locator`` is visible.</doc>
<arguments>
<arg>${BookNowBtn_Xpath}</arg>
</arguments>
<status status="PASS" starttime="20220817 15:48:38.211" endtime="20220817 15:48:38.318"></status>
</kw>
<kw name="Click Element" library="SeleniumLibrary">
<doc>Click the element identified by ``locator``.</doc>
<arguments>
<arg>${BookNowBtn_Xpath}</arg>
</arguments>
<msg timestamp="20220817 15:48:38.320" level="INFO">Clicking element '(//button[contains(@class,'buttonPrimary')])[1]'.</msg>
<status status="PASS" starttime="20220817 15:48:38.319" endtime="20220817 15:48:38.539"></status>
</kw>
<status status="PASS" starttime="20220817 15:48:38.141" endtime="20220817 15:48:38.540"></status>
</kw>
<kw name="Validate Title of Complete your booking Page" library="CompleteBookingPage">
<kw name="Sleep" library="BuiltIn">
<doc>Pauses the test executed for the given time.</doc>
<arguments>
<arg>2s</arg>
</arguments>
<msg timestamp="20220817 15:48:40.543" level="INFO">Slept 2 seconds</msg>
<status status="PASS" starttime="20220817 15:48:38.541" endtime="20220817 15:48:40.543"></status>
</kw>
<kw name="Switch Window" library="SeleniumLibrary">
<doc>Switches to browser window matching ``locator``.</doc>
<arguments>
<arg>NEW</arg>
</arguments>
<status status="PASS" starttime="20220817 15:48:40.544" endtime="20220817 15:48:40.563"></status>
</kw>
<kw name="Wait Until Element Is Visible" library="SeleniumLibrary">
<doc>Waits until the element ``locator`` is visible.</doc>
<arguments>
<arg>${TitleofCompleteYourBooking_XPath}</arg>
</arguments>
<status status="PASS" starttime="20220817 15:48:40.565" endtime="20220817 15:48:41.053"></status>
</kw>
<kw name="Get Text" library="SeleniumLibrary">
<doc>Returns the text value of the element identified by ``locator``.</doc>
<arguments>
<arg>${TitleofCompleteYourBooking_XPath}</arg>
</arguments>
<assign>
<var>${TitleofCompleteYourBooking}</var>
</assign>
<msg timestamp="20220817 15:48:41.099" level="INFO">${TitleofCompleteYourBooking} = Complete your booking</msg>
<status status="PASS" starttime="20220817 15:48:41.054" endtime="20220817 15:48:41.100"></status>
</kw>
<kw name="Should Be Equal As Strings" library="BuiltIn">
<doc>Fails if objects are unequal after converting them to strings.</doc>
<arguments>
<arg>${Exp_TitleofCompleteYourBookingPage}</arg>
<arg>${TitleofCompleteYourBooking}</arg>
</arguments>
<status status="PASS" starttime="20220817 15:48:41.101" endtime="20220817 15:48:41.102"></status>
</kw>
<kw name="Click Element" library="SeleniumLibrary">
<doc>Click the element identified by ``locator``.</doc>
<arguments>
<arg>${SecureMyTripRadioBtn_Xpath}</arg>
</arguments>
<msg timestamp="20220817 15:48:41.104" level="INFO">Clicking element '//*[contains(text(),'Yes, Secure my trip.')]'.</msg>
<status status="PASS" starttime="20220817 15:48:41.103" endtime="20220817 15:48:42.054"></status>
</kw>
<status status="PASS" starttime="20220817 15:48:38.540" endtime="20220817 15:48:42.054"></status>
</kw>
<kw name="Add Adult Travellers Details" library="CompleteBookingPage">
<arguments>
<arg>${AdultTravellers}</arg>
</arguments>
<kw name="Scroll the Page" library="CommonFunctionalities">
<arguments>
<arg>500</arg>
</arguments>
<kw name="Execute Javascript" library="SeleniumLibrary">
<doc>Executes the given JavaScript code with possible arguments.</doc>
<arguments>
<arg>document.scrollingElement.scrollBy(0,${ScrollPercentage})</arg>
</arguments>
<msg timestamp="20220817 15:48:42.062" level="INFO">Executing JavaScript:
document.scrollingElement.scrollBy(0,500)
Without any arguments.</msg>
<status status="PASS" starttime="20220817 15:48:42.060" endtime="20220817 15:48:42.073"></status>
</kw>
<status status="PASS" starttime="20220817 15:48:42.058" endtime="20220817 15:48:42.074"></status>
</kw>
<kw name="Set Local Variable" library="BuiltIn">
<doc>Makes a variable available everywhere within the local scope.</doc>
<arguments>
<arg>${count}</arg>
<arg>1</arg>
</arguments>
<msg timestamp="20220817 15:48:42.079" level="INFO">${count} = 1</msg>
<status status="PASS" starttime="20220817 15:48:42.076" endtime="20220817 15:48:42.079"></status>
</kw>
<kw name="${counter} IN RANGE [ 0 | ${AdultTravellers} ]" type="for">
<kw name="${counter} = 0" type="foritem">
<kw name="Sleep" library="BuiltIn">
<doc>Pauses the test executed for the given time.</doc>
<arguments>
<arg>3s</arg>
</arguments>
<msg timestamp="20220817 15:48:45.096" level="INFO">Slept 3 seconds</msg>
<status status="PASS" starttime="20220817 15:48:42.081" endtime="20220817 15:48:45.096"></status>
</kw>
<kw name="Wait Until Element Is Visible" library="SeleniumLibrary">
<doc>Waits until the element ``locator`` is visible.</doc>
<arguments>
<arg>${AddNewAdultBtn_Xpath}</arg>
</arguments>
<status status="PASS" starttime="20220817 15:48:45.096" endtime="20220817 15:48:45.133"></status>
</kw>
<kw name="Click Element" library="SeleniumLibrary">
<doc>Click the element identified by ``locator``.</doc>
<arguments>
<arg>${AddNewAdultBtn_Xpath}</arg>
</arguments>
<msg timestamp="20220817 15:48:45.134" level="INFO">Clicking element '//button[contains(text(),'ADD NEW ADULT')]'.</msg>
<status status="PASS" starttime="20220817 15:48:45.133" endtime="20220817 15:48:45.277"></status>
</kw>
<kw name="Generate Random String" library="String">
<doc>Generates a string with a desired ``length`` from the given ``chars``.</doc>
<arguments>
<arg>length=5</arg>
<arg>chars=[LETTERS]</arg>
</arguments>
<assign>
<var>${rndstr}</var>
</assign>
<msg timestamp="20220817 15:48:45.278" level="INFO">${rndstr} = AJRru</msg>
<status status="PASS" starttime="20220817 15:48:45.277" endtime="20220817 15:48:45.278"></status>
</kw>
<kw name="Input Text" library="SeleniumLibrary">
<doc>Types the given ``text`` into the text field identified by ``locator``.</doc>
<arguments>
<arg>(//input[@placeholder='First &amp; Middle Name'])[${count}]</arg>
<arg>${rndstr}</arg>
</arguments>
<msg timestamp="20220817 15:48:45.280" level="INFO">Typing text 'AJRru' into text field '(//input[@placeholder='First &amp; Middle Name'])[1]'.</msg>
<status status="PASS" starttime="20220817 15:48:45.279" endtime="20220817 15:48:45.424"></status>
</kw>
<kw name="Click Element" library="SeleniumLibrary">
<doc>Click the element identified by ``locator``.</doc>
<arguments>
<arg>(//div[@class='selectTab '])[${count}]//label[1]</arg>
</arguments>
<msg timestamp="20220817 15:48:45.426" level="INFO">Clicking element '(//div[@class='selectTab '])[1]//label[1]'.</msg>
<status status="PASS" starttime="20220817 15:48:45.425" endtime="20220817 15:48:45.609"></status>
</kw>
<kw name="Evaluate" library="BuiltIn">
<doc>Evaluates the given expression in Python and returns the result.</doc>
<arguments>
<arg>${count}+1</arg>
</arguments>
<assign>
<var>${count}</var>
</assign>
<msg timestamp="20220817 15:48:45.610" level="INFO">${count} = 2</msg>
<status status="PASS" starttime="20220817 15:48:45.609" endtime="20220817 15:48:45.610"></status>
</kw>
<status status="PASS" starttime="20220817 15:48:42.080" endtime="20220817 15:48:45.611"></status>
</kw>
<kw name="${counter} = 1" type="foritem">
<kw name="Sleep" library="BuiltIn">
<doc>Pauses the test executed for the given time.</doc>
<arguments>
<arg>3s</arg>
</arguments>
<msg timestamp="20220817 15:48:48.616" level="INFO">Slept 3 seconds</msg>
<status status="PASS" starttime="20220817 15:48:45.612" endtime="20220817 15:48:48.617"></status>
</kw>
<kw name="Wait Until Element Is Visible" library="SeleniumLibrary">
<doc>Waits until the element ``locator`` is visible.</doc>
<arguments>
<arg>${AddNewAdultBtn_Xpath}</arg>
</arguments>
<status status="PASS" starttime="20220817 15:48:48.618" endtime="20220817 15:48:48.647"></status>
</kw>
<kw name="Click Element" library="SeleniumLibrary">
<doc>Click the element identified by ``locator``.</doc>
<arguments>
<arg>${AddNewAdultBtn_Xpath}</arg>
</arguments>
<msg timestamp="20220817 15:48:48.650" level="INFO">Clicking element '//button[contains(text(),'ADD NEW ADULT')]'.</msg>
<status status="PASS" starttime="20220817 15:48:48.649" endtime="20220817 15:48:48.782"></status>
</kw>
<kw name="Generate Random String" library="String">
<doc>Generates a string with a desired ``length`` from the given ``chars``.</doc>
<arguments>
<arg>length=5</arg>
<arg>chars=[LETTERS]</arg>
</arguments>
<assign>
<var>${rndstr}</var>
</assign>
<msg timestamp="20220817 15:48:48.784" level="INFO">${rndstr} = pYVxp</msg>
<status status="PASS" starttime="20220817 15:48:48.783" endtime="20220817 15:48:48.784"></status>
</kw>
<kw name="Input Text" library="SeleniumLibrary">
<doc>Types the given ``text`` into the text field identified by ``locator``.</doc>
<arguments>
<arg>(//input[@placeholder='First &amp; Middle Name'])[${count}]</arg>
<arg>${rndstr}</arg>
</arguments>
<msg timestamp="20220817 15:48:48.785" level="INFO">Typing text 'pYVxp' into text field '(//input[@placeholder='First &amp; Middle Name'])[2]'.</msg>
<status status="PASS" starttime="20220817 15:48:48.784" endtime="20220817 15:48:48.936"></status>
</kw>
<kw name="Click Element" library="SeleniumLibrary">
<doc>Click the element identified by ``locator``.</doc>
<arguments>
<arg>(//div[@class='selectTab '])[${count}]//label[1]</arg>
</arguments>
<msg timestamp="20220817 15:48:48.937" level="INFO">Clicking element '(//div[@class='selectTab '])[2]//label[1]'.</msg>
<status status="PASS" starttime="20220817 15:48:48.937" endtime="20220817 15:48:49.110"></status>
</kw>
<kw name="Evaluate" library="BuiltIn">
<doc>Evaluates the given expression in Python and returns the result.</doc>
<arguments>
<arg>${count}+1</arg>
</arguments>
<assign>
<var>${count}</var>
</assign>
<msg timestamp="20220817 15:48:49.111" level="INFO">${count} = 3</msg>
<status status="PASS" starttime="20220817 15:48:49.110" endtime="20220817 15:48:49.111"></status>
</kw>
<status status="PASS" starttime="20220817 15:48:45.611" endtime="20220817 15:48:49.111"></status>
</kw>
<status status="PASS" starttime="20220817 15:48:42.080" endtime="20220817 15:48:49.111"></status>
</kw>
<status status="PASS" starttime="20220817 15:48:42.055" endtime="20220817 15:48:49.112"></status>
</kw>
<kw name="Verify Child Travellers are added and Add Child Travellers Details" library="CompleteBookingPage">
<arguments>
<arg>${ChildTravellers}</arg>
</arguments>
<kw name="Run Keyword If" library="BuiltIn">
<doc>Runs the given keyword with the given arguments, if ``condition`` is true.</doc>
<arguments>
<arg>"${ChildTravellers}"=="0"</arg>
<arg>Log</arg>
<arg>No Child Travellers are added</arg>
<arg>ELSE</arg>
<arg>Add Child Travellers Details</arg>
<arg>${ChildTravellers}</arg>
</arguments>
<kw name="Add Child Travellers Details" library="CompleteBookingPage">
<arguments>
<arg>${ChildTravellers}</arg>
</arguments>
<kw name="Set Local Variable" library="BuiltIn">
<doc>Makes a variable available everywhere within the local scope.</doc>
<arguments>
<arg>${count}</arg>
<arg>1</arg>
</arguments>
<msg timestamp="20220817 15:48:49.116" level="INFO">${count} = 1</msg>
<status status="PASS" starttime="20220817 15:48:49.115" endtime="20220817 15:48:49.116"></status>
</kw>
<kw name="${counter} IN RANGE [ 0 | ${ChildTravellers} ]" type="for">
<kw name="${counter} = 0" type="foritem">
<kw name="Wait Until Element Is Visible" library="SeleniumLibrary">
<doc>Waits until the element ``locator`` is visible.</doc>
<arguments>
<arg>${AddNewChildBtn_Xpath}</arg>
</arguments>
<status status="PASS" starttime="20220817 15:48:49.118" endtime="20220817 15:48:49.144"></status>
</kw>
<kw name="Click Element" library="SeleniumLibrary">
<doc>Click the element identified by ``locator``.</doc>
<arguments>
<arg>${AddNewChildBtn_Xpath}</arg>
</arguments>
<msg timestamp="20220817 15:48:49.145" level="INFO">Clicking element '//button[contains(text(),'ADD NEW CHILD')]'.</msg>
<status status="PASS" starttime="20220817 15:48:49.144" endtime="20220817 15:48:49.257"></status>
</kw>
<kw name="Generate Random String" library="String">
<doc>Generates a string with a desired ``length`` from the given ``chars``.</doc>
<arguments>
<arg>length=6</arg>
<arg>chars=[LETTERS]</arg>
</arguments>
<assign>
<var>${rndstr}</var>
</assign>
<msg timestamp="20220817 15:48:49.259" level="INFO">${rndstr} = zhtoje</msg>
<status status="PASS" starttime="20220817 15:48:49.258" endtime="20220817 15:48:49.260"></status>
</kw>
<kw name="Input Text" library="SeleniumLibrary">
<doc>Types the given ``text`` into the text field identified by ``locator``.</doc>
<arguments>
<arg>(//div[@id='wrapper_CHILD']//input[@placeholder='First &amp; Middle Name'][1])[${count}]</arg>
<arg>${rndstr}</arg>
</arguments>
<msg timestamp="20220817 15:48:49.261" level="INFO">Typing text 'zhtoje' into text field '(//div[@id='wrapper_CHILD']//input[@placeholder='First &amp; Middle Name'][1])[1]'.</msg>
<status status="PASS" starttime="20220817 15:48:49.260" endtime="20220817 15:48:49.389"></status>
</kw>
<kw name="Click Element" library="SeleniumLibrary">
<doc>Click the element identified by ``locator``.</doc>
<arguments>
<arg>(//div[@id='wrapper_CHILD']//div[@class='selectTab '])[${count}]//label[1]</arg>
</arguments>
<msg timestamp="20220817 15:48:49.390" level="INFO">Clicking element '(//div[@id='wrapper_CHILD']//div[@class='selectTab '])[1]//label[1]'.</msg>
<status status="PASS" starttime="20220817 15:48:49.390" endtime="20220817 15:48:49.557"></status>
</kw>
<kw name="Evaluate" library="BuiltIn">
<doc>Evaluates the given expression in Python and returns the result.</doc>
<arguments>
<arg>${count}+1</arg>
</arguments>
<assign>
<var>${count}</var>
</assign>
<msg timestamp="20220817 15:48:49.559" level="INFO">${count} = 2</msg>
<status status="PASS" starttime="20220817 15:48:49.558" endtime="20220817 15:48:49.559"></status>
</kw>
<status status="PASS" starttime="20220817 15:48:49.117" endtime="20220817 15:48:49.559"></status>
</kw>
<kw name="${counter} = 1" type="foritem">
<kw name="Wait Until Element Is Visible" library="SeleniumLibrary">
<doc>Waits until the element ``locator`` is visible.</doc>
<arguments>
<arg>${AddNewChildBtn_Xpath}</arg>
</arguments>
<status status="PASS" starttime="20220817 15:48:49.560" endtime="20220817 15:48:49.584"></status>
</kw>
<kw name="Click Element" library="SeleniumLibrary">
<doc>Click the element identified by ``locator``.</doc>
<arguments>
<arg>${AddNewChildBtn_Xpath}</arg>
</arguments>
<msg timestamp="20220817 15:48:49.585" level="INFO">Clicking element '//button[contains(text(),'ADD NEW CHILD')]'.</msg>
<status status="PASS" starttime="20220817 15:48:49.585" endtime="20220817 15:48:49.691"></status>
</kw>
<kw name="Generate Random String" library="String">
<doc>Generates a string with a desired ``length`` from the given ``chars``.</doc>
<arguments>
<arg>length=6</arg>
<arg>chars=[LETTERS]</arg>
</arguments>
<assign>
<var>${rndstr}</var>
</assign>
<msg timestamp="20220817 15:48:49.692" level="INFO">${rndstr} = atTJHA</msg>
<status status="PASS" starttime="20220817 15:48:49.691" endtime="20220817 15:48:49.692"></status>
</kw>
<kw name="Input Text" library="SeleniumLibrary">
<doc>Types the given ``text`` into the text field identified by ``locator``.</doc>
<arguments>
<arg>(//div[@id='wrapper_CHILD']//input[@placeholder='First &amp; Middle Name'][1])[${count}]</arg>
<arg>${rndstr}</arg>
</arguments>
<msg timestamp="20220817 15:48:49.693" level="INFO">Typing text 'atTJHA' into text field '(//div[@id='wrapper_CHILD']//input[@placeholder='First &amp; Middle Name'][1])[2]'.</msg>
<status status="PASS" starttime="20220817 15:48:49.693" endtime="20220817 15:48:49.845"></status>
</kw>
<kw name="Click Element" library="SeleniumLibrary">
<doc>Click the element identified by ``locator``.</doc>
<arguments>
<arg>(//div[@id='wrapper_CHILD']//div[@class='selectTab '])[${count}]//label[1]</arg>
</arguments>
<msg timestamp="20220817 15:48:49.848" level="INFO">Clicking element '(//div[@id='wrapper_CHILD']//div[@class='selectTab '])[2]//label[1]'.</msg>
<status status="PASS" starttime="20220817 15:48:49.847" endtime="20220817 15:48:50.006"></status>
</kw>
<kw name="Evaluate" library="BuiltIn">
<doc>Evaluates the given expression in Python and returns the result.</doc>
<arguments>
<arg>${count}+1</arg>
</arguments>
<assign>
<var>${count}</var>
</assign>
<msg timestamp="20220817 15:48:50.007" level="INFO">${count} = 3</msg>
<status status="PASS" starttime="20220817 15:48:50.007" endtime="20220817 15:48:50.008"></status>
</kw>
<status status="PASS" starttime="20220817 15:48:49.560" endtime="20220817 15:48:50.008"></status>
</kw>
<status status="PASS" starttime="20220817 15:48:49.117" endtime="20220817 15:48:50.008"></status>
</kw>
<status status="PASS" starttime="20220817 15:48:49.114" endtime="20220817 15:48:50.008"></status>
</kw>
<status status="PASS" starttime="20220817 15:48:49.113" endtime="20220817 15:48:50.009"></status>
</kw>
<status status="PASS" starttime="20220817 15:48:49.112" endtime="20220817 15:48:50.009"></status>
</kw>
<kw name="Verify Infant Travellers are added and Add Infant Travellers Details" library="CompleteBookingPage">
<arguments>
<arg>${InfantsTravellers}</arg>
<arg>${ChildTravellers}</arg>
</arguments>
<kw name="Run Keyword If" library="BuiltIn">
<doc>Runs the given keyword with the given arguments, if ``condition`` is true.</doc>
<arguments>
<arg>"${InfantsTravellers}"=="0"</arg>
<arg>Log</arg>
<arg>No Infants Travellers are added</arg>
<arg>ELSE</arg>
<arg>Add Infants Travellers Details</arg>
<arg>${InfantsTravellers}</arg>
<arg>${ChildTravellers}</arg>
</arguments>
<kw name="Add Infants Travellers Details" library="CompleteBookingPage">
<arguments>
<arg>${InfantsTravellers}</arg>
<arg>${ChildTravellers}</arg>
</arguments>
<kw name="Set Local Variable" library="BuiltIn">
<doc>Makes a variable available everywhere within the local scope.</doc>
<arguments>
<arg>${count}</arg>
<arg>1</arg>
</arguments>
<msg timestamp="20220817 15:48:50.013" level="INFO">${count} = 1</msg>
<status status="PASS" starttime="20220817 15:48:50.011" endtime="20220817 15:48:50.014"></status>
</kw>
<kw name="Log" library="BuiltIn">
<doc>Logs the given message with the given level.</doc>
<arguments>
<arg>${ChildTravellers}</arg>
</arguments>
<msg timestamp="20220817 15:48:50.014" level="INFO">2</msg>
<status status="PASS" starttime="20220817 15:48:50.014" endtime="20220817 15:48:50.014"></status>
</kw>
<kw name="${counter} IN RANGE [ 0 | ${InfantsTravellers} ]" type="for">
<kw name="${counter} = 0" type="foritem">
<kw name="Wait Until Element Is Visible" library="SeleniumLibrary">
<doc>Waits until the element ``locator`` is visible.</doc>
<arguments>
<arg>${AddNewInfantBtn_Xpath}</arg>
</arguments>
<status status="PASS" starttime="20220817 15:48:50.015" endtime="20220817 15:48:50.045"></status>
</kw>
<kw name="Click Element" library="SeleniumLibrary">
<doc>Click the element identified by ``locator``.</doc>
<arguments>
<arg>${AddNewInfantBtn_Xpath}</arg>
</arguments>
<msg timestamp="20220817 15:48:50.047" level="INFO">Clicking element '//button[contains(text(),'ADD NEW INFANT')]'.</msg>
<status status="PASS" starttime="20220817 15:48:50.046" endtime="20220817 15:48:50.178"></status>
</kw>
<kw name="Generate Random String" library="String">
<doc>Generates a string with a desired ``length`` from the given ``chars``.</doc>
<arguments>
<arg>length=6</arg>
<arg>chars=[LETTERS]</arg>
</arguments>
<assign>
<var>${rndstr}</var>
</assign>
<msg timestamp="20220817 15:48:50.180" level="INFO">${rndstr} = yfCcTX</msg>
<status status="PASS" starttime="20220817 15:48:50.179" endtime="20220817 15:48:50.180"></status>
</kw>
<kw name="Input Text" library="SeleniumLibrary">
<doc>Types the given ``text`` into the text field identified by ``locator``.</doc>
<arguments>
<arg>(//div[@id='wrapper_INFANT']//input[@placeholder='First &amp; Middle Name'])[${count}]</arg>
<arg>${rndstr}</arg>
</arguments>
<msg timestamp="20220817 15:48:50.181" level="INFO">Typing text 'yfCcTX' into text field '(//div[@id='wrapper_INFANT']//input[@placeholder='First &amp; Middle Name'])[1]'.</msg>
<status status="PASS" starttime="20220817 15:48:50.180" endtime="20220817 15:48:50.314"></status>
</kw>
<kw name="Click Element" library="SeleniumLibrary">
<doc>Click the element identified by ``locator``.</doc>
<arguments>
<arg>(//div[@id='wrapper_INFANT']//div[@class='selectTab '])[${count}]//label[1]</arg>
</arguments>
<msg timestamp="20220817 15:48:50.315" level="INFO">Clicking element '(//div[@id='wrapper_INFANT']//div[@class='selectTab '])[1]//label[1]'.</msg>
<status status="PASS" starttime="20220817 15:48:50.315" endtime="20220817 15:48:50.487"></status>
</kw>
<kw name="Click Element" library="SeleniumLibrary">
<doc>Click the element identified by ``locator``.</doc>
<arguments>
<arg>((//div[@class='adultItemSelect'])[${count}]//div[@class='selectInner'])[1]</arg>
</arguments>
<msg timestamp="20220817 15:48:50.488" level="INFO">Clicking element '((//div[@class='adultItemSelect'])[1]//div[@class='selectInner'])[1]'.</msg>
<status status="PASS" starttime="20220817 15:48:50.487" endtime="20220817 15:48:50.632"></status>
</kw>
<kw name="Press Keys" library="SeleniumLibrary">
<doc>Simulates the user pressing key(s) to an element or on the active browser.</doc>
<arguments>
<arg>None</arg>
<arg>01</arg>
</arguments>
<msg timestamp="20220817 15:48:50.636" level="INFO">Sending key(s) ('01',) to page.</msg>
<msg timestamp="20220817 15:48:50.637" level="INFO">Sending keys 01</msg>
<status status="PASS" starttime="20220817 15:48:50.633" endtime="20220817 15:48:50.696"></status>
</kw>
<kw name="Press Keys" library="SeleniumLibrary">
<doc>Simulates the user pressing key(s) to an element or on the active browser.</doc>
<arguments>
<arg>None</arg>
<arg>TAB</arg>
</arguments>
<msg timestamp="20220817 15:48:50.697" level="INFO">Sending key(s) ('TAB',) to page.</msg>
<msg timestamp="20220817 15:48:50.698" level="INFO">Pressing special key TAB to browser.</msg>
<msg timestamp="20220817 15:48:50.698" level="INFO">Releasing special key TAB.</msg>
<status status="PASS" starttime="20220817 15:48:50.696" endtime="20220817 15:48:50.756"></status>
</kw>
<kw name="Click Element" library="SeleniumLibrary">
<doc>Click the element identified by ``locator``.</doc>
<arguments>
<arg>((//div[@class='adultItemSelect'])[${count}]//div[@class='selectInner'])[2]</arg>
</arguments>
<msg timestamp="20220817 15:48:50.758" level="INFO">Clicking element '((//div[@class='adultItemSelect'])[1]//div[@class='selectInner'])[2]'.</msg>
<status status="PASS" starttime="20220817 15:48:50.757" endtime="20220817 15:48:51.032"></status>
</kw>
<kw name="Press Keys" library="SeleniumLibrary">
<doc>Simulates the user pressing key(s) to an element or on the active browser.</doc>
<arguments>
<arg>None</arg>
<arg>Jan</arg>
</arguments>
<msg timestamp="20220817 15:48:51.034" level="INFO">Sending key(s) ('Jan',) to page.</msg>
<msg timestamp="20220817 15:48:51.035" level="INFO">Sending keys Jan</msg>
<status status="PASS" starttime="20220817 15:48:51.032" endtime="20220817 15:48:51.104"></status>
</kw>
<kw name="Press Keys" library="SeleniumLibrary">
<doc>Simulates the user pressing key(s) to an element or on the active browser.</doc>
<arguments>
<arg>None</arg>
<arg>TAB</arg>
</arguments>
<msg timestamp="20220817 15:48:51.105" level="INFO">Sending key(s) ('TAB',) to page.</msg>
<msg timestamp="20220817 15:48:51.106" level="INFO">Pressing special key TAB to browser.</msg>
<msg timestamp="20220817 15:48:51.106" level="INFO">Releasing special key TAB.</msg>
<status status="PASS" starttime="20220817 15:48:51.105" endtime="20220817 15:48:51.130"></status>
</kw>
<kw name="Click Element" library="SeleniumLibrary">
<doc>Click the element identified by ``locator``.</doc>
<arguments>
<arg>((//div[@class='adultItemSelect'])[${count}]//div[@class='selectInner'])[3]</arg>
</arguments>
<msg timestamp="20220817 15:48:51.131" level="INFO">Clicking element '((//div[@class='adultItemSelect'])[1]//div[@class='selectInner'])[3]'.</msg>
<status status="PASS" starttime="20220817 15:48:51.131" endtime="20220817 15:48:51.274"></status>
</kw>
<kw name="Press Keys" library="SeleniumLibrary">
<doc>Simulates the user pressing key(s) to an element or on the active browser.</doc>
<arguments>
<arg>None</arg>
<arg>2022</arg>
</arguments>
<msg timestamp="20220817 15:48:51.275" level="INFO">Sending key(s) ('2022',) to page.</msg>
<msg timestamp="20220817 15:48:51.276" level="INFO">Sending keys 2022</msg>
<status status="PASS" starttime="20220817 15:48:51.274" endtime="20220817 15:48:51.343"></status>
</kw>
<kw name="Press Keys" library="SeleniumLibrary">
<doc>Simulates the user pressing key(s) to an element or on the active browser.</doc>
<arguments>
<arg>None</arg>
<arg>TAB</arg>
</arguments>
<msg timestamp="20220817 15:48:51.345" level="INFO">Sending key(s) ('TAB',) to page.</msg>
<msg timestamp="20220817 15:48:51.345" level="INFO">Pressing special key TAB to browser.</msg>
<msg timestamp="20220817 15:48:51.346" level="INFO">Releasing special key TAB.</msg>
<status status="PASS" starttime="20220817 15:48:51.344" endtime="20220817 15:48:51.364"></status>
</kw>
<kw name="Evaluate" library="BuiltIn">
<doc>Evaluates the given expression in Python and returns the result.</doc>
<arguments>
<arg>${count}+1</arg>
</arguments>
<assign>
<var>${count}</var>
</assign>
<msg timestamp="20220817 15:48:51.366" level="INFO">${count} = 2</msg>
<status status="PASS" starttime="20220817 15:48:51.364" endtime="20220817 15:48:51.366"></status>
</kw>
<status status="PASS" starttime="20220817 15:48:50.015" endtime="20220817 15:48:51.366"></status>
</kw>
<kw name="${counter} = 1" type="foritem">
<kw name="Wait Until Element Is Visible" library="SeleniumLibrary">
<doc>Waits until the element ``locator`` is visible.</doc>
<arguments>
<arg>${AddNewInfantBtn_Xpath}</arg>
</arguments>
<status status="PASS" starttime="20220817 15:48:51.367" endtime="20220817 15:48:51.390"></status>
</kw>
<kw name="Click Element" library="SeleniumLibrary">
<doc>Click the element identified by ``locator``.</doc>
<arguments>
<arg>${AddNewInfantBtn_Xpath}</arg>
</arguments>
<msg timestamp="20220817 15:48:51.391" level="INFO">Clicking element '//button[contains(text(),'ADD NEW INFANT')]'.</msg>
<status status="PASS" starttime="20220817 15:48:51.391" endtime="20220817 15:48:51.543"></status>
</kw>
<kw name="Generate Random String" library="String">
<doc>Generates a string with a desired ``length`` from the given ``chars``.</doc>
<arguments>
<arg>length=6</arg>
<arg>chars=[LETTERS]</arg>
</arguments>
<assign>
<var>${rndstr}</var>
</assign>
<msg timestamp="20220817 15:48:51.545" level="INFO">${rndstr} = QvULva</msg>
<status status="PASS" starttime="20220817 15:48:51.544" endtime="20220817 15:48:51.546"></status>
</kw>
<kw name="Input Text" library="SeleniumLibrary">
<doc>Types the given ``text`` into the text field identified by ``locator``.</doc>
<arguments>
<arg>(//div[@id='wrapper_INFANT']//input[@placeholder='First &amp; Middle Name'])[${count}]</arg>
<arg>${rndstr}</arg>
</arguments>
<msg timestamp="20220817 15:48:51.548" level="INFO">Typing text 'QvULva' into text field '(//div[@id='wrapper_INFANT']//input[@placeholder='First &amp; Middle Name'])[2]'.</msg>
<status status="PASS" starttime="20220817 15:48:51.546" endtime="20220817 15:48:51.777"></status>
</kw>
<kw name="Click Element" library="SeleniumLibrary">
<doc>Click the element identified by ``locator``.</doc>
<arguments>
<arg>(//div[@id='wrapper_INFANT']//div[@class='selectTab '])[${count}]//label[1]</arg>
</arguments>
<msg timestamp="20220817 15:48:51.779" level="INFO">Clicking element '(//div[@id='wrapper_INFANT']//div[@class='selectTab '])[2]//label[1]'.</msg>
<status status="PASS" starttime="20220817 15:48:51.778" endtime="20220817 15:48:51.979"></status>
</kw>
<kw name="Click Element" library="SeleniumLibrary">
<doc>Click the element identified by ``locator``.</doc>
<arguments>
<arg>((//div[@class='adultItemSelect'])[${count}]//div[@class='selectInner'])[1]</arg>
</arguments>
<msg timestamp="20220817 15:48:51.980" level="INFO">Clicking element '((//div[@class='adultItemSelect'])[2]//div[@class='selectInner'])[1]'.</msg>
<status status="PASS" starttime="20220817 15:48:51.979" endtime="20220817 15:48:52.161"></status>
</kw>
<kw name="Press Keys" library="SeleniumLibrary">
<doc>Simulates the user pressing key(s) to an element or on the active browser.</doc>
<arguments>
<arg>None</arg>
<arg>01</arg>
</arguments>
<msg timestamp="20220817 15:48:52.162" level="INFO">Sending key(s) ('01',) to page.</msg>
<msg timestamp="20220817 15:48:52.163" level="INFO">Sending keys 01</msg>
<status status="PASS" starttime="20220817 15:48:52.162" endtime="20220817 15:48:52.210"></status>
</kw>
<kw name="Press Keys" library="SeleniumLibrary">
<doc>Simulates the user pressing key(s) to an element or on the active browser.</doc>
<arguments>
<arg>None</arg>
<arg>TAB</arg>
</arguments>
<msg timestamp="20220817 15:48:52.211" level="INFO">Sending key(s) ('TAB',) to page.</msg>
<msg timestamp="20220817 15:48:52.212" level="INFO">Pressing special key TAB to browser.</msg>
<msg timestamp="20220817 15:48:52.212" level="INFO">Releasing special key TAB.</msg>
<status status="PASS" starttime="20220817 15:48:52.211" endtime="20220817 15:48:52.224"></status>
</kw>
<kw name="Click Element" library="SeleniumLibrary">
<doc>Click the element identified by ``locator``.</doc>
<arguments>
<arg>((//div[@class='adultItemSelect'])[${count}]//div[@class='selectInner'])[2]</arg>
</arguments>
<msg timestamp="20220817 15:48:52.225" level="INFO">Clicking element '((//div[@class='adultItemSelect'])[2]//div[@class='selectInner'])[2]'.</msg>
<status status="PASS" starttime="20220817 15:48:52.225" endtime="20220817 15:48:52.378"></status>
</kw>
<kw name="Press Keys" library="SeleniumLibrary">
<doc>Simulates the user pressing key(s) to an element or on the active browser.</doc>
<arguments>
<arg>None</arg>
<arg>Jan</arg>
</arguments>
<msg timestamp="20220817 15:48:52.379" level="INFO">Sending key(s) ('Jan',) to page.</msg>
<msg timestamp="20220817 15:48:52.379" level="INFO">Sending keys Jan</msg>
<status status="PASS" starttime="20220817 15:48:52.379" endtime="20220817 15:48:52.451"></status>
</kw>
<kw name="Press Keys" library="SeleniumLibrary">
<doc>Simulates the user pressing key(s) to an element or on the active browser.</doc>
<arguments>
<arg>None</arg>
<arg>TAB</arg>
</arguments>
<msg timestamp="20220817 15:48:52.452" level="INFO">Sending key(s) ('TAB',) to page.</msg>
<msg timestamp="20220817 15:48:52.452" level="INFO">Pressing special key TAB to browser.</msg>
<msg timestamp="20220817 15:48:52.453" level="INFO">Releasing special key TAB.</msg>
<status status="PASS" starttime="20220817 15:48:52.451" endtime="20220817 15:48:52.470"></status>
</kw>
<kw name="Click Element" library="SeleniumLibrary">
<doc>Click the element identified by ``locator``.</doc>
<arguments>
<arg>((//div[@class='adultItemSelect'])[${count}]//div[@class='selectInner'])[3]</arg>
</arguments>
<msg timestamp="20220817 15:48:52.472" level="INFO">Clicking element '((//div[@class='adultItemSelect'])[2]//div[@class='selectInner'])[3]'.</msg>
<status status="PASS" starttime="20220817 15:48:52.470" endtime="20220817 15:48:52.656"></status>
</kw>
<kw name="Press Keys" library="SeleniumLibrary">
<doc>Simulates the user pressing key(s) to an element or on the active browser.</doc>
<arguments>
<arg>None</arg>
<arg>2022</arg>
</arguments>
<msg timestamp="20220817 15:48:52.657" level="INFO">Sending key(s) ('2022',) to page.</msg>
<msg timestamp="20220817 15:48:52.657" level="INFO">Sending keys 2022</msg>
<status status="PASS" starttime="20220817 15:48:52.656" endtime="20220817 15:48:52.727"></status>
</kw>
<kw name="Press Keys" library="SeleniumLibrary">
<doc>Simulates the user pressing key(s) to an element or on the active browser.</doc>
<arguments>
<arg>None</arg>
<arg>TAB</arg>
</arguments>
<msg timestamp="20220817 15:48:52.728" level="INFO">Sending key(s) ('TAB',) to page.</msg>
<msg timestamp="20220817 15:48:52.728" level="INFO">Pressing special key TAB to browser.</msg>
<msg timestamp="20220817 15:48:52.729" level="INFO">Releasing special key TAB.</msg>
<status status="PASS" starttime="20220817 15:48:52.728" endtime="20220817 15:48:52.742"></status>
</kw>
<kw name="Evaluate" library="BuiltIn">
<doc>Evaluates the given expression in Python and returns the result.</doc>
<arguments>
<arg>${count}+1</arg>
</arguments>
<assign>
<var>${count}</var>
</assign>
<msg timestamp="20220817 15:48:52.742" level="INFO">${count} = 3</msg>
<status status="PASS" starttime="20220817 15:48:52.742" endtime="20220817 15:48:52.743"></status>
</kw>
<status status="PASS" starttime="20220817 15:48:51.367" endtime="20220817 15:48:52.743"></status>
</kw>
<status status="PASS" starttime="20220817 15:48:50.015" endtime="20220817 15:48:52.743"></status>
</kw>
<status status="PASS" starttime="20220817 15:48:50.011" endtime="20220817 15:48:52.744"></status>
</kw>
<status status="PASS" starttime="20220817 15:48:50.010" endtime="20220817 15:48:52.744"></status>
</kw>
<status status="PASS" starttime="20220817 15:48:50.009" endtime="20220817 15:48:52.744"></status>
</kw>
<kw name="Input Booking Details-Mobile No,Email" library="CompleteBookingPage">
<kw name="Input Text" library="SeleniumLibrary">
<doc>Types the given ``text`` into the text field identified by ``locator``.</doc>
<arguments>
<arg>${MobNo_Xpath}</arg>
<arg>9175917190</arg>
</arguments>
<msg timestamp="20220817 15:48:52.746" level="INFO">Typing text '9175917190' into text field '//input[@placeholder='Mobile No']'.</msg>
<status status="PASS" starttime="20220817 15:48:52.746" endtime="20220817 15:48:52.952"></status>
</kw>
<kw name="Input Text" library="SeleniumLibrary">
<doc>Types the given ``text`` into the text field identified by ``locator``.</doc>
<arguments>
<arg>${Email_Xpath}</arg>
<arg>prasad@gmail.com</arg>
</arguments>
<msg timestamp="20220817 15:48:52.953" level="INFO">Typing text 'prasad@gmail.com' into text field '//input[@placeholder='Email']'.</msg>
<status status="PASS" starttime="20220817 15:48:52.952" endtime="20220817 15:48:53.215"></status>
</kw>
<kw name="Click Element" library="SeleniumLibrary">
<doc>Click the element identified by ``locator``.</doc>
<arguments>
<arg>//div[@class='emailId']</arg>
</arguments>
<msg timestamp="20220817 15:48:53.217" level="INFO">Clicking element '//div[@class='emailId']'.</msg>
<status status="PASS" starttime="20220817 15:48:53.216" endtime="20220817 15:48:53.424"></status>
</kw>
<status status="PASS" starttime="20220817 15:48:52.745" endtime="20220817 15:48:53.425"></status>
</kw>
<kw name="Click on CONTINUE Button" library="CompleteBookingPage">
<kw name="Sleep" library="BuiltIn">
<doc>Pauses the test executed for the given time.</doc>
<arguments>
<arg>3s</arg>
</arguments>
<msg timestamp="20220817 15:48:56.442" level="INFO">Slept 3 seconds</msg>
<status status="PASS" starttime="20220817 15:48:53.426" endtime="20220817 15:48:56.443"></status>
</kw>
<kw name="Wait Until Element Is Visible" library="SeleniumLibrary">
<doc>Waits until the element ``locator`` is visible.</doc>
<arguments>
<arg>${ContinueBtn_Xpath}</arg>
</arguments>
<status status="PASS" starttime="20220817 15:48:56.444" endtime="20220817 15:48:56.486"></status>
</kw>
<kw name="Click Element" library="SeleniumLibrary">
<doc>Click the element identified by ``locator``.</doc>
<arguments>
<arg>${ContinueBtn_Xpath}</arg>
</arguments>
<msg timestamp="20220817 15:48:56.488" level="INFO">Clicking element '//button[text()='Continue']'.</msg>
<status status="PASS" starttime="20220817 15:48:56.487" endtime="20220817 15:48:56.665"></status>
</kw>
<status status="PASS" starttime="20220817 15:48:53.426" endtime="20220817 15:48:56.666"></status>
</kw>
<kw name="Accept the Necessary Changes" library="CompleteBookingPage">
<kw name="Click Element" library="SeleniumLibrary">
<doc>Click the element identified by ``locator``.</doc>
<arguments>
<arg>${GotItBtn_Xpath}</arg>
</arguments>
<msg timestamp="20220817 15:48:56.670" level="INFO">Clicking element '//button[text()='Got it']'.</msg>
<status status="PASS" starttime="20220817 15:48:56.668" endtime="20220817 15:48:57.416"></status>
</kw>
<status status="PASS" starttime="20220817 15:48:56.666" endtime="20220817 15:48:57.417"></status>
</kw>
<kw name="Click on CONTINUE Button" library="CompleteBookingPage">
<kw name="Sleep" library="BuiltIn">
<doc>Pauses the test executed for the given time.</doc>
<arguments>
<arg>3s</arg>
</arguments>
<msg timestamp="20220817 15:49:00.419" level="INFO">Slept 3 seconds</msg>
<status status="PASS" starttime="20220817 15:48:57.418" endtime="20220817 15:49:00.419"></status>
</kw>
<kw name="Wait Until Element Is Visible" library="SeleniumLibrary">
<doc>Waits until the element ``locator`` is visible.</doc>
<arguments>
<arg>${ContinueBtn_Xpath}</arg>
</arguments>
<status status="PASS" starttime="20220817 15:49:00.421" endtime="20220817 15:49:00.457"></status>
</kw>
<kw name="Click Element" library="SeleniumLibrary">
<doc>Click the element identified by ``locator``.</doc>
<arguments>
<arg>${ContinueBtn_Xpath}</arg>
</arguments>
<msg timestamp="20220817 15:49:00.459" level="INFO">Clicking element '//button[text()='Continue']'.</msg>
<status status="PASS" starttime="20220817 15:49:00.457" endtime="20220817 15:49:00.658"></status>
</kw>
<status status="PASS" starttime="20220817 15:48:57.417" endtime="20220817 15:49:00.659"></status>
</kw>
<kw name="Click on CONFIRM button" library="CompleteBookingPage">
<kw name="Wait Until Element Is Visible" library="SeleniumLibrary">
<doc>Waits until the element ``locator`` is visible.</doc>
<arguments>
<arg>${ConfirmBtn_Xpath}</arg>
</arguments>
<status status="PASS" starttime="20220817 15:49:00.661" endtime="20220817 15:49:01.130"></status>
</kw>
<kw name="Click Element" library="SeleniumLibrary">
<doc>Click the element identified by ``locator``.</doc>
<arguments>
<arg>${ConfirmBtn_Xpath}</arg>
</arguments>
<msg timestamp="20220817 15:49:01.132" level="INFO">Clicking element '//button[text()='CONFIRM']'.</msg>
<status status="PASS" starttime="20220817 15:49:01.131" endtime="20220817 15:49:01.305"></status>
</kw>
<status status="PASS" starttime="20220817 15:49:00.660" endtime="20220817 15:49:01.305"></status>
</kw>
<kw name="Verify No of Flights and Select The Seat" library="CompleteBookingPage">
<kw name="Get Variable Value" library="BuiltIn">
<doc>Returns variable value or ``default`` if the variable does not exist.</doc>
<arguments>
<arg>${FlightLayoverInfo}</arg>
</arguments>
<assign>
<var>${FlightLayoverInfo}</var>
</assign>
<msg timestamp="20220817 15:49:01.308" level="INFO">${FlightLayoverInfo} = ['1', 'stop', 'via', 'Bengaluru']</msg>
<status status="PASS" starttime="20220817 15:49:01.307" endtime="20220817 15:49:01.308"></status>
</kw>
<kw name="Log" library="BuiltIn">
<doc>Logs the given message with the given level.</doc>
<arguments>
<arg>${FlightLayoverInfo}[0]</arg>
</arguments>
<msg timestamp="20220817 15:49:01.309" level="INFO">1</msg>
<status status="PASS" starttime="20220817 15:49:01.309" endtime="20220817 15:49:01.310"></status>
</kw>
<kw name="Set Global Variable" library="BuiltIn">
<doc>Makes a variable available globally in all tests and suites.</doc>
<arguments>
<arg>${No_Of_Flight}</arg>
<arg>${FlightLayoverInfo}[0]</arg>
</arguments>
<msg timestamp="20220817 15:49:01.312" level="INFO">${No_Of_Flight} = 1</msg>
<status status="PASS" starttime="20220817 15:49:01.310" endtime="20220817 15:49:01.313"></status>
</kw>
<kw name="Run Keyword If" library="BuiltIn">
<doc>Runs the given keyword with the given arguments, if ``condition`` is true.</doc>
<arguments>
<arg>"${No_Of_Flight}"=="Non"</arg>
<arg>Select Seats for Non Stop Flight</arg>
<arg>ELSE</arg>
<arg>Select Seats for Connecting Flights</arg>
<arg>${No_Of_Flight}</arg>
</arguments>
<kw name="Select Seats for Connecting Flights" library="CompleteBookingPage">
<arguments>
<arg>${No_Of_Flight}</arg>
</arguments>
<kw name="${counter} IN RANGE [ 0 | ${No_Of_Flight} ]" type="for">
<kw name="${counter} = 0" type="foritem">
<kw name="Run Keyword And Ignore Error" library="BuiltIn">
<doc>Runs the given keyword with the given arguments and ignores possible error.</doc>
<arguments>
<arg>Accept Great Value Seats</arg>
</arguments>
<kw name="Accept Great Value Seats" library="CompleteBookingPage">
<kw name="Wait Until Element Is Visible" library="SeleniumLibrary">
<doc>Waits until the element ``locator`` is visible.</doc>
<arguments>
<arg>${YesPleaseBtn_Xpath}</arg>
</arguments>
<status status="PASS" starttime="20220817 15:49:01.317" endtime="20220817 15:49:02.217"></status>
</kw>
<kw name="Sleep" library="BuiltIn">
<doc>Pauses the test executed for the given time.</doc>
<arguments>
<arg>2s</arg>
</arguments>
<msg timestamp="20220817 15:49:04.218" level="INFO">Slept 2 seconds</msg>
<status status="PASS" starttime="20220817 15:49:02.218" endtime="20220817 15:49:04.219"></status>
</kw>
<kw name="Click Element" library="SeleniumLibrary">
<doc>Click the element identified by ``locator``.</doc>
<arguments>
<arg>${YesPleaseBtn_Xpath}</arg>
</arguments>
<msg timestamp="20220817 15:49:04.221" level="INFO">Clicking element '//button[text()='Yes, Please']'.</msg>
<status status="PASS" starttime="20220817 15:49:04.220" endtime="20220817 15:49:04.500"></status>
</kw>
<status status="PASS" starttime="20220817 15:49:01.316" endtime="20220817 15:49:04.500"></status>
</kw>
<status status="PASS" starttime="20220817 15:49:01.316" endtime="20220817 15:49:04.501"></status>
</kw>
<kw name="Run Keyword And Ignore Error" library="BuiltIn">
<doc>Runs the given keyword with the given arguments and ignores possible error.</doc>
<arguments>
<arg>Click on CONTINUE Button</arg>
</arguments>
<kw name="Click on CONTINUE Button" library="CompleteBookingPage">
<kw name="Sleep" library="BuiltIn">
<doc>Pauses the test executed for the given time.</doc>
<arguments>
<arg>3s</arg>
</arguments>
<msg timestamp="20220817 15:49:07.514" level="INFO">Slept 3 seconds</msg>
<status status="PASS" starttime="20220817 15:49:04.503" endtime="20220817 15:49:07.515"></status>
</kw>
<kw name="Wait Until Element Is Visible" library="SeleniumLibrary">
<doc>Waits until the element ``locator`` is visible.</doc>
<arguments>
<arg>${ContinueBtn_Xpath}</arg>
</arguments>
<status status="PASS" starttime="20220817 15:49:07.516" endtime="20220817 15:49:07.558"></status>
</kw>
<kw name="Click Element" library="SeleniumLibrary">
<doc>Click the element identified by ``locator``.</doc>
<arguments>
<arg>${ContinueBtn_Xpath}</arg>
</arguments>
<msg timestamp="20220817 15:49:07.559" level="INFO">Clicking element '//button[text()='Continue']'.</msg>
<status status="PASS" starttime="20220817 15:49:07.558" endtime="20220817 15:49:08.028"></status>
</kw>
<status status="PASS" starttime="20220817 15:49:04.502" endtime="20220817 15:49:08.029"></status>
</kw>
<status status="PASS" starttime="20220817 15:49:04.501" endtime="20220817 15:49:08.029"></status>
</kw>
<kw name="Run Keyword And Ignore Error" library="BuiltIn">
<doc>Runs the given keyword with the given arguments and ignores possible error.</doc>
<arguments>
<arg>Accept Great Value Seats</arg>
</arguments>
<kw name="Accept Great Value Seats" library="CompleteBookingPage">
<kw name="Wait Until Element Is Visible" library="SeleniumLibrary">
<doc>Waits until the element ``locator`` is visible.</doc>
<arguments>
<arg>${YesPleaseBtn_Xpath}</arg>
</arguments>
<status status="PASS" starttime="20220817 15:49:08.031" endtime="20220817 15:49:08.063"></status>
</kw>
<kw name="Sleep" library="BuiltIn">
<doc>Pauses the test executed for the given time.</doc>
<arguments>
<arg>2s</arg>
</arguments>
<msg timestamp="20220817 15:49:10.073" level="INFO">Slept 2 seconds</msg>
<status status="PASS" starttime="20220817 15:49:08.064" endtime="20220817 15:49:10.074"></status>
</kw>
<kw name="Click Element" library="SeleniumLibrary">
<doc>Click the element identified by ``locator``.</doc>
<arguments>
<arg>${YesPleaseBtn_Xpath}</arg>
</arguments>
<msg timestamp="20220817 15:49:10.076" level="INFO">Clicking element '//button[text()='Yes, Please']'.</msg>
<status status="PASS" starttime="20220817 15:49:10.074" endtime="20220817 15:49:10.306"></status>
</kw>
<status status="PASS" starttime="20220817 15:49:08.030" endtime="20220817 15:49:10.307"></status>
</kw>
<status status="PASS" starttime="20220817 15:49:08.030" endtime="20220817 15:49:10.307"></status>
</kw>
<kw name="Run Keyword And Ignore Error" library="BuiltIn">
<doc>Runs the given keyword with the given arguments and ignores possible error.</doc>
<arguments>
<arg>Click on CONTINUE Button</arg>
</arguments>
<kw name="Click on CONTINUE Button" library="CompleteBookingPage">
<kw name="Sleep" library="BuiltIn">
<doc>Pauses the test executed for the given time.</doc>
<arguments>
<arg>3s</arg>
</arguments>
<msg timestamp="20220817 15:49:13.322" level="INFO">Slept 3 seconds</msg>
<status status="PASS" starttime="20220817 15:49:10.309" endtime="20220817 15:49:13.322"></status>
</kw>
<kw name="Wait Until Element Is Visible" library="SeleniumLibrary">
<doc>Waits until the element ``locator`` is visible.</doc>
<arguments>
<arg>${ContinueBtn_Xpath}</arg>
</arguments>
<status status="PASS" starttime="20220817 15:49:13.324" endtime="20220817 15:49:13.363"></status>
</kw>
<kw name="Click Element" library="SeleniumLibrary">
<doc>Click the element identified by ``locator``.</doc>
<arguments>
<arg>${ContinueBtn_Xpath}</arg>
</arguments>
<msg timestamp="20220817 15:49:13.365" level="INFO">Clicking element '//button[text()='Continue']'.</msg>
<status status="PASS" starttime="20220817 15:49:13.364" endtime="20220817 15:49:13.531"></status>
</kw>
<status status="PASS" starttime="20220817 15:49:10.308" endtime="20220817 15:49:13.532"></status>
</kw>
<status status="PASS" starttime="20220817 15:49:10.308" endtime="20220817 15:49:13.532"></status>
</kw>
<kw name="Run Keyword And Ignore Error" library="BuiltIn">
<doc>Runs the given keyword with the given arguments and ignores possible error.</doc>
<arguments>
<arg>Click on CONTINUE Button</arg>
</arguments>
<kw name="Click on CONTINUE Button" library="CompleteBookingPage">
<kw name="Sleep" library="BuiltIn">
<doc>Pauses the test executed for the given time.</doc>
<arguments>
<arg>3s</arg>
</arguments>
<msg timestamp="20220817 15:49:16.535" level="INFO">Slept 3 seconds</msg>
<status status="PASS" starttime="20220817 15:49:13.534" endtime="20220817 15:49:16.536"></status>
</kw>
<kw name="Wait Until Element Is Visible" library="SeleniumLibrary">
<doc>Waits until the element ``locator`` is visible.</doc>
<arguments>
<arg>${ContinueBtn_Xpath}</arg>
</arguments>
<status status="PASS" starttime="20220817 15:49:16.536" endtime="20220817 15:49:16.560"></status>
</kw>
<kw name="Click Element" library="SeleniumLibrary">
<doc>Click the element identified by ``locator``.</doc>
<arguments>
<arg>${ContinueBtn_Xpath}</arg>
</arguments>
<msg timestamp="20220817 15:49:16.561" level="INFO">Clicking element '//button[text()='Continue']'.</msg>
<status status="PASS" starttime="20220817 15:49:16.560" endtime="20220817 15:49:16.713"></status>
</kw>
<status status="PASS" starttime="20220817 15:49:13.533" endtime="20220817 15:49:16.715"></status>
</kw>
<status status="PASS" starttime="20220817 15:49:13.533" endtime="20220817 15:49:16.717"></status>
</kw>
<kw name="Run Keyword And Ignore Error" library="BuiltIn">
<doc>Runs the given keyword with the given arguments and ignores possible error.</doc>
<arguments>
<arg>Click on CONTINUE Button</arg>
</arguments>
<kw name="Click on CONTINUE Button" library="CompleteBookingPage">
<kw name="Sleep" library="BuiltIn">
<doc>Pauses the test executed for the given time.</doc>
<arguments>
<arg>3s</arg>
</arguments>
<msg timestamp="20220817 15:49:19.728" level="INFO">Slept 3 seconds</msg>
<status status="PASS" starttime="20220817 15:49:16.720" endtime="20220817 15:49:19.728"></status>
</kw>
<kw name="Wait Until Element Is Visible" library="SeleniumLibrary">
<doc>Waits until the element ``locator`` is visible.</doc>
<arguments>
<arg>${ContinueBtn_Xpath}</arg>
</arguments>
<status status="PASS" starttime="20220817 15:49:19.729" endtime="20220817 15:49:19.762"></status>
</kw>
<kw name="Click Element" library="SeleniumLibrary">
<doc>Click the element identified by ``locator``.</doc>
<arguments>
<arg>${ContinueBtn_Xpath}</arg>
</arguments>
<msg timestamp="20220817 15:49:19.763" level="INFO">Clicking element '//button[text()='Continue']'.</msg>
<status status="PASS" starttime="20220817 15:49:19.763" endtime="20220817 15:49:19.870"></status>
</kw>
<status status="PASS" starttime="20220817 15:49:16.719" endtime="20220817 15:49:19.870"></status>
</kw>
<status status="PASS" starttime="20220817 15:49:16.718" endtime="20220817 15:49:19.871"></status>
</kw>
<kw name="Review Add ons" library="CompleteBookingPage">
<kw name="Sleep" library="BuiltIn">
<doc>Pauses the test executed for the given time.</doc>
<arguments>
<arg>2s</arg>
</arguments>
<msg timestamp="20220817 15:49:21.876" level="INFO">Slept 2 seconds</msg>
<status status="PASS" starttime="20220817 15:49:19.872" endtime="20220817 15:49:21.876"></status>
</kw>
<kw name="Click Element" library="SeleniumLibrary">
<doc>Click the element identified by ``locator``.</doc>
<arguments>
<arg>${ReviewAddOn_Btn}</arg>
</arguments>
<msg timestamp="20220817 15:49:21.878" level="INFO">Clicking element '//button[@class='reviewAddonsBtn']'.</msg>
<status status="PASS" starttime="20220817 15:49:21.877" endtime="20220817 15:49:22.048"></status>
</kw>
<status status="PASS" starttime="20220817 15:49:19.871" endtime="20220817 15:49:22.049"></status>
</kw>
<status status="PASS" starttime="20220817 15:49:01.316" endtime="20220817 15:49:22.050"></status>
</kw>
<status status="PASS" starttime="20220817 15:49:01.315" endtime="20220817 15:49:22.050"></status>
</kw>
<status status="PASS" starttime="20220817 15:49:01.315" endtime="20220817 15:49:22.051"></status>
</kw>
<status status="PASS" starttime="20220817 15:49:01.313" endtime="20220817 15:49:22.051"></status>
</kw>
<status status="PASS" starttime="20220817 15:49:01.306" endtime="20220817 15:49:22.052"></status>
</kw>
<kw name="Click on PROCEED TO PAY Button" library="CompleteBookingPage">
<kw name="Wait Until Element Is Visible" library="SeleniumLibrary">
<doc>Waits until the element ``locator`` is visible.</doc>
<arguments>
<arg>${ProceedToPayBtn}</arg>
</arguments>
<status status="PASS" starttime="20220817 15:49:22.053" endtime="20220817 15:49:22.257"></status>
</kw>
<kw name="Click Element" library="SeleniumLibrary">
<doc>Click the element identified by ``locator``.</doc>
<arguments>
<arg>${ProceedToPayBtn}</arg>
</arguments>
<msg timestamp="20220817 15:49:22.260" level="INFO">Clicking element '//button[text()='Proceed to pay']'.</msg>
<status status="PASS" starttime="20220817 15:49:22.257" endtime="20220817 15:49:22.420"></status>
</kw>
<status status="PASS" starttime="20220817 15:49:22.052" endtime="20220817 15:49:22.421"></status>
</kw>
<kw name="Validate Title of Payment Options Page" library="PaymentOptionsPage">
<kw name="Wait Until Element Is Visible" library="SeleniumLibrary">
<doc>Waits until the element ``locator`` is visible.</doc>
<arguments>
<arg>${PaymentOptionsHeader_XPath}</arg>
</arguments>
<status status="PASS" starttime="20220817 15:49:22.422" endtime="20220817 15:49:28.976"></status>
</kw>
<kw name="Element Should Be Visible" library="SeleniumLibrary">
<doc>Verifies that the element identified by ``locator`` is visible.</doc>
<arguments>
<arg>${PaymentOptionsHeader_XPath}</arg>
</arguments>
<msg timestamp="20220817 15:49:29.023" level="INFO">Element '//*[text()='Payment options']' is displayed.</msg>
<status status="PASS" starttime="20220817 15:49:28.977" endtime="20220817 15:49:29.024"></status>
</kw>
<status status="PASS" starttime="20220817 15:49:22.421" endtime="20220817 15:49:29.025"></status>
</kw>
<kw name="Validate Payment Options are Present or not" library="PaymentOptionsPage">
<doc>Verifies Different Payment Options are Present or Not</doc>
<kw name="Element Should Be Visible" library="SeleniumLibrary">
<doc>Verifies that the element identified by ``locator`` is visible.</doc>
<arguments>
<arg>${UPIPaymentHeader_Xpath}</arg>
</arguments>
<msg timestamp="20220817 15:49:30.827" level="INFO">Element '//div[@class='payment__options__tab']//*[text()='UPI']' is displayed.</msg>
<status status="PASS" starttime="20220817 15:49:29.025" endtime="20220817 15:49:30.828"></status>
</kw>
<kw name="Element Should Be Visible" library="SeleniumLibrary">
<doc>Verifies that the element identified by ``locator`` is visible.</doc>
<arguments>
<arg>${CreditDebitATMHeader_Xpath}</arg>
</arguments>
<msg timestamp="20220817 15:49:30.889" level="INFO">Element '//div[@class='payment__options__tab']//*[text()='Credit/Debit/ATM Card']' is displayed.</msg>
<status status="PASS" starttime="20220817 15:49:30.829" endtime="20220817 15:49:30.890"></status>
</kw>
<kw name="Element Should Be Visible" library="SeleniumLibrary">
<doc>Verifies that the element identified by ``locator`` is visible.</doc>
<arguments>
<arg>${PayLaterHeader_Xpath}</arg>
</arguments>
<msg timestamp="20220817 15:49:30.982" level="INFO">Element '//div[@class='payment__options__tab']//*[text()='Pay Later']' is displayed.</msg>
<status status="PASS" starttime="20220817 15:49:30.891" endtime="20220817 15:49:30.982"></status>
</kw>
<kw name="Element Should Be Visible" library="SeleniumLibrary">
<doc>Verifies that the element identified by ``locator`` is visible.</doc>
<arguments>
<arg>${NetBankingHeader_Xpath}</arg>
</arguments>
<msg timestamp="20220817 15:49:31.027" level="INFO">Element '//div[@class='payment__options__tab']//*[text()='Net Banking']' is displayed.</msg>
<status status="PASS" starttime="20220817 15:49:30.983" endtime="20220817 15:49:31.027"></status>
</kw>
<kw name="Element Should Be Visible" library="SeleniumLibrary">
<doc>Verifies that the element identified by ``locator`` is visible.</doc>
<arguments>
<arg>${GiftCardWalletHeader_Xpath}</arg>
</arguments>
<msg timestamp="20220817 15:49:31.088" level="INFO">Element '//div[@class='payment__options__tab']//*[text()='Gift Cards, Wallets &amp; More']' is displayed.</msg>
<status status="PASS" starttime="20220817 15:49:31.028" endtime="20220817 15:49:31.089"></status>
</kw>
<kw name="Element Should Be Visible" library="SeleniumLibrary">
<doc>Verifies that the element identified by ``locator`` is visible.</doc>
<arguments>
<arg>${EMIHeader_Xpath}</arg>
</arguments>
<msg timestamp="20220817 15:49:31.118" level="INFO">Element '//div[@class='payment__options__tab']//*[text()='EMI']' is displayed.</msg>
<status status="PASS" starttime="20220817 15:49:31.089" endtime="20220817 15:49:31.119"></status>
</kw>
<kw name="Element Should Be Visible" library="SeleniumLibrary">
<doc>Verifies that the element identified by ``locator`` is visible.</doc>
<arguments>
<arg>${GooglePayHeader_Xpath}</arg>
</arguments>
<msg timestamp="20220817 15:49:31.148" level="INFO">Element '//div[@class='payment__options__tab']//*[text()='GooglePay']' is displayed.</msg>
<status status="PASS" starttime="20220817 15:49:31.119" endtime="20220817 15:49:31.149"></status>
</kw>
<status status="PASS" starttime="20220817 15:49:29.025" endtime="20220817 15:49:31.150"></status>
</kw>
<doc>This Testcase will Verify that User is able to book Flights after giving required inputs.(FOR ONEWAY TRIP)</doc>
<status status="PASS" starttime="20220817 15:47:48.473" endtime="20220817 15:49:31.150" critical="yes"></status>
</test>
<status status="PASS" starttime="20220817 15:47:46.419" endtime="20220817 15:49:31.152"></status>
</suite>
<status status="PASS" starttime="20220817 15:47:46.413" endtime="20220817 15:49:31.157"></status>
</suite>
<status status="PASS" starttime="20220817 15:47:46.374" endtime="20220817 15:49:31.161"></status>
</suite>
<statistics>
<total>
<stat pass="1" fail="0">Critical Tests</stat>
<stat pass="1" fail="0">All Tests</stat>
</total>
<tag>
</tag>
<suite>
<stat pass="1" fail="0" id="s1" name="RobotFramework MakeMyTrip">RobotFramework MakeMyTrip</stat>
<stat pass="1" fail="0" id="s1-s1" name="Testcases">RobotFramework MakeMyTrip.Testcases</stat>
<stat pass="1" fail="0" id="s1-s1-s1" name="RobotTestcases">RobotFramework MakeMyTrip.Testcases.RobotTestcases</stat>
</suite>
</statistics>
<errors>
</errors>
</robot>
