<?xml version="1.0" encoding="UTF-8"?>
<robot generator="Robot 3.2.2 (Python 3.9.7 on win32)" generated="20220811 16:10:08.158" rpa="false">
<suite id="s1" name="RobotFramework MakeMyTrip" source="C:\Users\P1324386\eclipse-workspace\RobotFramework_MakeMyTrip">
<suite id="s1-s1" name="Testcases" source="C:\Users\P1324386\eclipse-workspace\RobotFramework_MakeMyTrip\Testcases">
<suite id="s1-s1-s1" name="RobotTestcases" source="C:\Users\P1324386\eclipse-workspace\RobotFramework_MakeMyTrip\Testcases\RobotTestcases.robot">
<test id="s1-s1-s1-t1" name="MMT-FLIGHTS-TC-016">
<kw name="Log" library="BuiltIn">
<doc>Logs the given message with the given level.</doc>
<arguments>
<arg>${TEST_NAME}</arg>
</arguments>
<msg timestamp="20220811 16:10:09.647" level="INFO">MMT-FLIGHTS-TC-016</msg>
<status status="PASS" starttime="20220811 16:10:09.646" endtime="20220811 16:10:09.647"></status>
</kw>
<kw name="Open MakemyTrip Application" library="CommonFunctionalities">
<kw name="Append To Environment Variable" library="OperatingSystem">
<doc>Appends given ``values`` to environment variable ``name``.</doc>
<arguments>
<arg>Path</arg>
<arg>${EXECDIR}${/}Drivers</arg>
</arguments>
<msg timestamp="20220811 16:10:09.648" level="INFO">Environment variable 'Path' set to value 'C:/Prasad/eclipse//plugins/org.eclipse.justj.openjdk.hotspot.jre.full.win32.x86_64_16.0.1.v20210528-1205/jre/bin/server;C:/Prasad/eclipse//plugins/org.eclipse.justj.openjdk.hotspot.jre.full.win32.x86_64_16.0.1.v20210528-1205/jre/bin;C:\Program Files (x86)\TRICENTIS\Tosca Testsuite\ToscaCommander;;C:\Program Files (x86)\TRICENTIS\Tosca Testsuite\Classic;C:\Program Files (x86)\TRICENTIS\Tosca Testsuite\Classic\dll;C:\Program Files (x86)\TRICENTIS\Tosca Testsuite\Classic\dll\GuptaEngine;C:\Program Files (x86)\TRICENTIS\Tosca Testsuite\ToscaCommander;C:\Program Files (x86)\TRICENTIS\Tosca Testsuite\Classic\dll\DelphiEngine;C:\Program Files (x86)\TRICENTIS\Tosca Testsuite\Classic\dll\PBEngine;C:\Program Files (x86)\TRICENTIS\Tosca Testsuite\Classic\dll\VBEngine;C:\Program Files (x86)\TRICENTIS\Tosca Testsuite\Classic\dll\DotNetHooking;;C:\Program Files\Common Files\Oracle\Java\javapath;C:\WINDOWS\system32;C:\WINDOWS;C:\WINDOWS\System32\Wbem;C:\WINDOWS\System32\WindowsPowerShell\v1.0\;C:\WINDOWS\System32\OpenSSH\;C:\Program Files\Microsoft SQL Server\Client SDK\ODBC\170\Tools\Binn\;C:\Program Files (x86)\Microsoft SQL Server\150\Tools\Binn\;C:\Program Files\Microsoft SQL Server\150\Tools\Binn\;C:\Program Files\Microsoft SQL Server\150\DTS\Binn\;C:\Program Files (x86)\Microsoft SQL Server\150\DTS\Binn\;C:\Program Files\Azure Data Studio\bin;C:\Program Files\dotnet\;C:\Program Files\Java\jdk-11.0.12\bin;C:\Program Files\nodejs\;C:\Python\Scripts;C:\Program Files\Git\cmd;C:\Python\Scripts\;C:\Python\;C:\Users\P1324386\AppData\Local\Microsoft\WindowsApps;C:\Program Files\Azure Data Studio\bin;C:\Users\P1324386\.dotnet\tools;C:\Users\P1324386\AppData\Roaming\npm;C:\Program Files\Git\cmd;;C:\Prasad\eclipse;;C:\Users\P1324386\eclipse-workspace\RobotFramework_MakeMyTrip\Drivers'.</msg>
<status status="PASS" starttime="20220811 16:10:09.647" endtime="20220811 16:10:09.648"></status>
</kw>
<kw name="Open Browser" library="SeleniumLibrary">
<doc>Opens a new browser instance to the optional ``url``.</doc>
<arguments>
<arg>browser=${BROWSER}</arg>
</arguments>
<msg timestamp="20220811 16:10:09.648" level="INFO">Opening browser 'chrome' to base url 'None'.</msg>
<status status="PASS" starttime="20220811 16:10:09.648" endtime="20220811 16:10:12.445"></status>
</kw>
<kw name="Go To" library="SeleniumLibrary">
<doc>Navigates the current browser window to the provided ``url``.</doc>
<arguments>
<arg>${URL}</arg>
</arguments>
<msg timestamp="20220811 16:10:12.446" level="INFO">Opening url 'https://www.makemytrip.com/'</msg>
<status status="PASS" starttime="20220811 16:10:12.446" endtime="20220811 16:10:24.419"></status>
</kw>
<kw name="Maximize Browser Window" library="SeleniumLibrary">
<doc>Maximizes current browser window.</doc>
<status status="PASS" starttime="20220811 16:10:24.420" endtime="20220811 16:10:24.544"></status>
</kw>
<kw name="Set Selenium Implicit Wait" library="SeleniumLibrary">
<doc>Sets the implicit wait value used by Selenium.</doc>
<arguments>
<arg>5</arg>
</arguments>
<status status="PASS" starttime="20220811 16:10:24.544" endtime="20220811 16:10:24.547"></status>
</kw>
<status status="PASS" starttime="20220811 16:10:09.647" endtime="20220811 16:10:24.548"></status>
</kw>
<kw name="Run Keyword And Ignore Error" library="BuiltIn">
<doc>Runs the given keyword with the given arguments and ignores possible error.</doc>
<arguments>
<arg>Handle Notification</arg>
</arguments>
<kw name="Handle Notification" library="CommonFunctionalities">
<kw name="Select Frame" library="SeleniumLibrary">
<doc>Sets frame identified by ``locator`` as the current frame.</doc>
<arguments>
<arg>${NotificationFrame_Xpath}</arg>
</arguments>
<msg timestamp="20220811 16:10:24.554" level="INFO">Selecting frame '//iframe[contains(@title,'notification')]'.</msg>
<kw name="Capture Page Screenshot" library="SeleniumLibrary">
<doc>Takes a screenshot of the current page and embeds it into a log file.</doc>
<msg timestamp="20220811 16:10:29.745" level="INFO" html="yes">&lt;/td&gt;&lt;/tr&gt;&lt;tr&gt;&lt;td colspan="3"&gt;&lt;a href="selenium-screenshot-5.png"&gt;&lt;img src="selenium-screenshot-5.png" width="800px"&gt;&lt;/a&gt;</msg>
<status status="PASS" starttime="20220811 16:10:29.564" endtime="20220811 16:10:29.745"></status>
</kw>
<msg timestamp="20220811 16:10:29.749" level="FAIL">Element with locator '//iframe[contains(@title,'notification')]' not found.</msg>
<status status="FAIL" starttime="20220811 16:10:24.552" endtime="20220811 16:10:29.749"></status>
</kw>
<status status="FAIL" starttime="20220811 16:10:24.550" endtime="20220811 16:10:29.750"></status>
</kw>
<status status="PASS" starttime="20220811 16:10:24.549" endtime="20220811 16:10:29.750"></status>
</kw>
<kw name="Handle Language Notification" library="CommonFunctionalities">
<kw name="Click Element" library="SeleniumLibrary">
<doc>Click the element identified by ``locator``.</doc>
<arguments>
<arg>${LangCardClose_Xpath}</arg>
</arguments>
<msg timestamp="20220811 16:10:29.751" level="INFO">Clicking element '//span[@class='langCardClose']'.</msg>
<status status="PASS" starttime="20220811 16:10:29.751" endtime="20220811 16:10:29.845"></status>
</kw>
<status status="PASS" starttime="20220811 16:10:29.751" endtime="20220811 16:10:29.845"></status>
</kw>
<kw name="Click on ONEWAY label" library="HomePage">
<kw name="Click Element" library="SeleniumLibrary">
<doc>Click the element identified by ``locator``.</doc>
<arguments>
<arg>${RoundTripRadioBtn_Xpath}</arg>
</arguments>
<msg timestamp="20220811 16:10:29.847" level="INFO">Clicking element '(//span[contains(@class,'tabsCircle')])[2]'.</msg>
<status status="PASS" starttime="20220811 16:10:29.846" endtime="20220811 16:10:29.954"></status>
</kw>
<kw name="Sleep" library="BuiltIn">
<doc>Pauses the test executed for the given time.</doc>
<arguments>
<arg>1s</arg>
</arguments>
<msg timestamp="20220811 16:10:30.961" level="INFO">Slept 1 second</msg>
<status status="PASS" starttime="20220811 16:10:29.955" endtime="20220811 16:10:30.962"></status>
</kw>
<kw name="Click Element" library="SeleniumLibrary">
<doc>Click the element identified by ``locator``.</doc>
<arguments>
<arg>${OneWayLabel_Xpath}</arg>
</arguments>
<msg timestamp="20220811 16:10:30.963" level="INFO">Clicking element '//li[@data-cy='oneWayTrip']'.</msg>
<status status="PASS" starttime="20220811 16:10:30.962" endtime="20220811 16:10:31.038"></status>
</kw>
<kw name="Get Text" library="SeleniumLibrary">
<doc>Returns the text value of the element identified by ``locator``.</doc>
<arguments>
<arg>${SelectedRadioButton_Xpath}</arg>
</arguments>
<assign>
<var>${OneWayTrip}</var>
</assign>
<msg timestamp="20220811 16:10:31.062" level="INFO">${OneWayTrip} = ONEWAY</msg>
<status status="PASS" starttime="20220811 16:10:31.039" endtime="20220811 16:10:31.062"></status>
</kw>
<kw name="Should Be Equal" library="BuiltIn">
<doc>Fails if the given objects are unequal.</doc>
<arguments>
<arg>${OneWayTrip}</arg>
<arg>ONEWAY</arg>
</arguments>
<status status="PASS" starttime="20220811 16:10:31.062" endtime="20220811 16:10:31.062"></status>
</kw>
<status status="PASS" starttime="20220811 16:10:29.845" endtime="20220811 16:10:31.063"></status>
</kw>
<kw name="Verify FROM Placeholder" library="HomePage">
<kw name="Click Element" library="SeleniumLibrary">
<doc>Click the element identified by ``locator``.</doc>
<arguments>
<arg>${FROM_Label_Xpath}</arg>
</arguments>
<msg timestamp="20220811 16:10:31.064" level="INFO">Clicking element '(//span[contains(@class,'lbl_input latoBold')])[1]'.</msg>
<status status="PASS" starttime="20220811 16:10:31.063" endtime="20220811 16:10:31.192"></status>
</kw>
<kw name="Sleep" library="BuiltIn">
<doc>Pauses the test executed for the given time.</doc>
<arguments>
<arg>2s</arg>
</arguments>
<msg timestamp="20220811 16:10:33.194" level="INFO">Slept 2 seconds</msg>
<status status="PASS" starttime="20220811 16:10:31.193" endtime="20220811 16:10:33.194"></status>
</kw>
<kw name="Get Element Attribute" library="SeleniumLibrary">
<doc>Returns the value of ``attribute`` from the element ``locator``.</doc>
<arguments>
<arg>${FROM_Placeholder_Xpath}</arg>
<arg>placeholder</arg>
</arguments>
<assign>
<var>${FROM_Placeholder}</var>
</assign>
<msg timestamp="20220811 16:10:33.225" level="INFO">${FROM_Placeholder} = From</msg>
<status status="PASS" starttime="20220811 16:10:33.194" endtime="20220811 16:10:33.225"></status>
</kw>
<kw name="Should Be Equal" library="BuiltIn">
<doc>Fails if the given objects are unequal.</doc>
<arguments>
<arg>${FROM_Placeholder}</arg>
<arg>From</arg>
</arguments>
<status status="PASS" starttime="20220811 16:10:33.225" endtime="20220811 16:10:33.225"></status>
</kw>
<status status="PASS" starttime="20220811 16:10:31.063" endtime="20220811 16:10:33.226"></status>
</kw>
<kw name="Verify FROM Search city" library="HomePage">
<arguments>
<arg>${FROM_Indian_CITY}</arg>
</arguments>
<kw name="Set Local Variable" library="BuiltIn">
<doc>Makes a variable available everywhere within the local scope.</doc>
<arguments>
<arg>${SearchedCity}</arg>
<arg>${SearchedCity}</arg>
</arguments>
<msg timestamp="20220811 16:10:33.227" level="INFO">${SearchedCity} = Mumbai</msg>
<status status="PASS" starttime="20220811 16:10:33.226" endtime="20220811 16:10:33.227"></status>
</kw>
<kw name="Input Text" library="SeleniumLibrary">
<doc>Types the given ``text`` into the text field identified by ``locator``.</doc>
<arguments>
<arg>${FROM_Placeholder_Xpath}</arg>
<arg>${SearchedCity}</arg>
</arguments>
<msg timestamp="20220811 16:10:33.227" level="INFO">Typing text 'Mumbai' into text field '//input[@placeholder='From']'.</msg>
<status status="PASS" starttime="20220811 16:10:33.227" endtime="20220811 16:10:33.300"></status>
</kw>
<kw name="Sleep" library="BuiltIn">
<doc>Pauses the test executed for the given time.</doc>
<arguments>
<arg>2s</arg>
</arguments>
<msg timestamp="20220811 16:10:35.302" level="INFO">Slept 2 seconds</msg>
<status status="PASS" starttime="20220811 16:10:33.301" endtime="20220811 16:10:35.303"></status>
</kw>
<kw name="Click Element" library="SeleniumLibrary">
<doc>Click the element identified by ``locator``.</doc>
<arguments>
<arg>${CityFromList_Xpath}</arg>
</arguments>
<msg timestamp="20220811 16:10:35.304" level="INFO">Clicking element '(//ul[@role='listbox']/li)[1]'.</msg>
<status status="PASS" starttime="20220811 16:10:35.303" endtime="20220811 16:10:35.399"></status>
</kw>
<kw name="Sleep" library="BuiltIn">
<doc>Pauses the test executed for the given time.</doc>
<arguments>
<arg>2s</arg>
</arguments>
<msg timestamp="20220811 16:10:37.410" level="INFO">Slept 2 seconds</msg>
<status status="PASS" starttime="20220811 16:10:35.400" endtime="20220811 16:10:37.411"></status>
</kw>
<kw name="Get Element Attribute" library="SeleniumLibrary">
<doc>Returns the value of ``attribute`` from the element ``locator``.</doc>
<arguments>
<arg>${FROM_City_Xpath}</arg>
<arg>value</arg>
</arguments>
<assign>
<var>${City}</var>
</assign>
<msg timestamp="20220811 16:10:37.443" level="INFO">${City} = Mumbai</msg>
<status status="PASS" starttime="20220811 16:10:37.412" endtime="20220811 16:10:37.443"></status>
</kw>
<kw name="Should Be Equal" library="BuiltIn">
<doc>Fails if the given objects are unequal.</doc>
<arguments>
<arg>${City}</arg>
<arg>${SearchedCity}</arg>
</arguments>
<status status="PASS" starttime="20220811 16:10:37.444" endtime="20220811 16:10:37.444"></status>
</kw>
<status status="PASS" starttime="20220811 16:10:33.226" endtime="20220811 16:10:37.445"></status>
</kw>
<kw name="Verify TO Search city" library="HomePage">
<arguments>
<arg>${TO_Indian_CITY}</arg>
</arguments>
<kw name="Set Local Variable" library="BuiltIn">
<doc>Makes a variable available everywhere within the local scope.</doc>
<arguments>
<arg>${SearchedCity}</arg>
<arg>${SearchedCity}</arg>
</arguments>
<msg timestamp="20220811 16:10:37.447" level="INFO">${SearchedCity} = Delhi</msg>
<status status="PASS" starttime="20220811 16:10:37.446" endtime="20220811 16:10:37.447"></status>
</kw>
<kw name="Input Text" library="SeleniumLibrary">
<doc>Types the given ``text`` into the text field identified by ``locator``.</doc>
<arguments>
<arg>${TO_Placeholder_Xpath}</arg>
<arg>${SearchedCity}</arg>
</arguments>
<msg timestamp="20220811 16:10:37.448" level="INFO">Typing text 'Delhi' into text field '//input[@placeholder='To']'.</msg>
<status status="PASS" starttime="20220811 16:10:37.448" endtime="20220811 16:10:37.540"></status>
</kw>
<kw name="Sleep" library="BuiltIn">
<doc>Pauses the test executed for the given time.</doc>
<arguments>
<arg>2s</arg>
</arguments>
<msg timestamp="20220811 16:10:39.544" level="INFO">Slept 2 seconds</msg>
<status status="PASS" starttime="20220811 16:10:37.540" endtime="20220811 16:10:39.544"></status>
</kw>
<kw name="Click Element" library="SeleniumLibrary">
<doc>Click the element identified by ``locator``.</doc>
<arguments>
<arg>${CityTOList_Xpath}</arg>
</arguments>
<msg timestamp="20220811 16:10:39.546" level="INFO">Clicking element '(//ul[@role='listbox']/li)[1]'.</msg>
<status status="PASS" starttime="20220811 16:10:39.545" endtime="20220811 16:10:39.629"></status>
</kw>
<kw name="Sleep" library="BuiltIn">
<doc>Pauses the test executed for the given time.</doc>
<arguments>
<arg>2s</arg>
</arguments>
<msg timestamp="20220811 16:10:41.631" level="INFO">Slept 2 seconds</msg>
<status status="PASS" starttime="20220811 16:10:39.629" endtime="20220811 16:10:41.631"></status>
</kw>
<kw name="Get Element Attribute" library="SeleniumLibrary">
<doc>Returns the value of ``attribute`` from the element ``locator``.</doc>
<arguments>
<arg>${TO_City_Xpath}</arg>
<arg>value</arg>
</arguments>
<assign>
<var>${City}</var>
</assign>
<msg timestamp="20220811 16:10:41.650" level="INFO">${City} = New Delhi</msg>
<status status="PASS" starttime="20220811 16:10:41.632" endtime="20220811 16:10:41.651"></status>
</kw>
<kw name="Should Contain" library="BuiltIn">
<doc>Fails if ``container`` does not contain ``item`` one or more times.</doc>
<arguments>
<arg>${City}</arg>
<arg>${SearchedCity}</arg>
<arg>ignore_case=True</arg>
</arguments>
<status status="PASS" starttime="20220811 16:10:41.651" endtime="20220811 16:10:41.651"></status>
</kw>
<status status="PASS" starttime="20220811 16:10:37.445" endtime="20220811 16:10:41.651"></status>
</kw>
<kw name="DEPARTURE DATE" library="HomePage">
<arguments>
<arg>${Departure_MonthYear}</arg>
<arg>${Departure_Date}</arg>
</arguments>
<kw name="Set Local Variable" library="BuiltIn">
<doc>Makes a variable available everywhere within the local scope.</doc>
<arguments>
<arg>${InputMonthYear}</arg>
<arg>${MonthYear}</arg>
</arguments>
<msg timestamp="20220811 16:10:41.653" level="INFO">${InputMonthYear} = December 2022</msg>
<status status="PASS" starttime="20220811 16:10:41.652" endtime="20220811 16:10:41.653"></status>
</kw>
<kw name="${counter} IN RANGE [ 0 | 999 ]" type="for">
<kw name="${counter} = 0" type="foritem">
<kw name="Wait Until Element Is Visible" library="SeleniumLibrary">
<doc>Waits until the element ``locator`` is visible.</doc>
<arguments>
<arg>${MonthYearValue_Xpath}</arg>
</arguments>
<status status="PASS" starttime="20220811 16:10:41.654" endtime="20220811 16:10:41.675"></status>
</kw>
<kw name="Get Text" library="SeleniumLibrary">
<doc>Returns the text value of the element identified by ``locator``.</doc>
<arguments>
<arg>${MonthYearValue_Xpath}</arg>
</arguments>
<assign>
<var>${MonthYearValue}</var>
</assign>
<msg timestamp="20220811 16:10:41.692" level="INFO">${MonthYearValue} = August 2022</msg>
<status status="PASS" starttime="20220811 16:10:41.675" endtime="20220811 16:10:41.692"></status>
</kw>
<kw name="Run Keyword If" library="BuiltIn">
<doc>Runs the given keyword with the given arguments, if ``condition`` is true.</doc>
<arguments>
<arg>"${InputMonthYear}"!="${MonthYearValue}"</arg>
<arg>Click NextMOnth</arg>
</arguments>
<kw name="Click NextMOnth" library="HomePage">
<kw name="Click Element" library="SeleniumLibrary">
<doc>Click the element identified by ``locator``.</doc>
<arguments>
<arg>//span[@aria-label='Next Month']</arg>
</arguments>
<msg timestamp="20220811 16:10:41.693" level="INFO">Clicking element '//span[@aria-label='Next Month']'.</msg>
<status status="PASS" starttime="20220811 16:10:41.693" endtime="20220811 16:10:41.757"></status>
</kw>
<kw name="Sleep" library="BuiltIn">
<doc>Pauses the test executed for the given time.</doc>
<arguments>
<arg>1s</arg>
</arguments>
<msg timestamp="20220811 16:10:42.770" level="INFO">Slept 1 second</msg>
<status status="PASS" starttime="20220811 16:10:41.757" endtime="20220811 16:10:42.771"></status>
</kw>
<status status="PASS" starttime="20220811 16:10:41.693" endtime="20220811 16:10:42.771"></status>
</kw>
<status status="PASS" starttime="20220811 16:10:41.693" endtime="20220811 16:10:42.771"></status>
</kw>
<kw name="Exit For Loop If" library="BuiltIn">
<doc>Stops executing the enclosing for loop if the ``condition`` is true.</doc>
<arguments>
<arg>"${InputMonthYear}"=="${MonthYearValue}"</arg>
</arguments>
<status status="PASS" starttime="20220811 16:10:42.772" endtime="20220811 16:10:42.772"></status>
</kw>
<status status="PASS" starttime="20220811 16:10:41.654" endtime="20220811 16:10:42.773"></status>
</kw>
<kw name="${counter} = 1" type="foritem">
<kw name="Wait Until Element Is Visible" library="SeleniumLibrary">
<doc>Waits until the element ``locator`` is visible.</doc>
<arguments>
<arg>${MonthYearValue_Xpath}</arg>
</arguments>
<status status="PASS" starttime="20220811 16:10:42.773" endtime="20220811 16:10:42.801"></status>
</kw>
<kw name="Get Text" library="SeleniumLibrary">
<doc>Returns the text value of the element identified by ``locator``.</doc>
<arguments>
<arg>${MonthYearValue_Xpath}</arg>
</arguments>
<assign>
<var>${MonthYearValue}</var>
</assign>
<msg timestamp="20220811 16:10:42.819" level="INFO">${MonthYearValue} = September 2022</msg>
<status status="PASS" starttime="20220811 16:10:42.801" endtime="20220811 16:10:42.819"></status>
</kw>
<kw name="Run Keyword If" library="BuiltIn">
<doc>Runs the given keyword with the given arguments, if ``condition`` is true.</doc>
<arguments>
<arg>"${InputMonthYear}"!="${MonthYearValue}"</arg>
<arg>Click NextMOnth</arg>
</arguments>
<kw name="Click NextMOnth" library="HomePage">
<kw name="Click Element" library="SeleniumLibrary">
<doc>Click the element identified by ``locator``.</doc>
<arguments>
<arg>//span[@aria-label='Next Month']</arg>
</arguments>
<msg timestamp="20220811 16:10:42.820" level="INFO">Clicking element '//span[@aria-label='Next Month']'.</msg>
<status status="PASS" starttime="20220811 16:10:42.820" endtime="20220811 16:10:42.856"></status>
</kw>
<kw name="Sleep" library="BuiltIn">
<doc>Pauses the test executed for the given time.</doc>
<arguments>
<arg>1s</arg>
</arguments>
<msg timestamp="20220811 16:10:43.872" level="INFO">Slept 1 second</msg>
<status status="PASS" starttime="20220811 16:10:42.856" endtime="20220811 16:10:43.872"></status>
</kw>
<status status="PASS" starttime="20220811 16:10:42.820" endtime="20220811 16:10:43.873"></status>
</kw>
<status status="PASS" starttime="20220811 16:10:42.819" endtime="20220811 16:10:43.873"></status>
</kw>
<kw name="Exit For Loop If" library="BuiltIn">
<doc>Stops executing the enclosing for loop if the ``condition`` is true.</doc>
<arguments>
<arg>"${InputMonthYear}"=="${MonthYearValue}"</arg>
</arguments>
<status status="PASS" starttime="20220811 16:10:43.873" endtime="20220811 16:10:43.874"></status>
</kw>
<status status="PASS" starttime="20220811 16:10:42.773" endtime="20220811 16:10:43.874"></status>
</kw>
<kw name="${counter} = 2" type="foritem">
<kw name="Wait Until Element Is Visible" library="SeleniumLibrary">
<doc>Waits until the element ``locator`` is visible.</doc>
<arguments>
<arg>${MonthYearValue_Xpath}</arg>
</arguments>
<status status="PASS" starttime="20220811 16:10:43.875" endtime="20220811 16:10:43.890"></status>
</kw>
<kw name="Get Text" library="SeleniumLibrary">
<doc>Returns the text value of the element identified by ``locator``.</doc>
<arguments>
<arg>${MonthYearValue_Xpath}</arg>
</arguments>
<assign>
<var>${MonthYearValue}</var>
</assign>
<msg timestamp="20220811 16:10:43.904" level="INFO">${MonthYearValue} = October 2022</msg>
<status status="PASS" starttime="20220811 16:10:43.890" endtime="20220811 16:10:43.904"></status>
</kw>
<kw name="Run Keyword If" library="BuiltIn">
<doc>Runs the given keyword with the given arguments, if ``condition`` is true.</doc>
<arguments>
<arg>"${InputMonthYear}"!="${MonthYearValue}"</arg>
<arg>Click NextMOnth</arg>
</arguments>
<kw name="Click NextMOnth" library="HomePage">
<kw name="Click Element" library="SeleniumLibrary">
<doc>Click the element identified by ``locator``.</doc>
<arguments>
<arg>//span[@aria-label='Next Month']</arg>
</arguments>
<msg timestamp="20220811 16:10:43.906" level="INFO">Clicking element '//span[@aria-label='Next Month']'.</msg>
<status status="PASS" starttime="20220811 16:10:43.906" endtime="20220811 16:10:43.949"></status>
</kw>
<kw name="Sleep" library="BuiltIn">
<doc>Pauses the test executed for the given time.</doc>
<arguments>
<arg>1s</arg>
</arguments>
<msg timestamp="20220811 16:10:44.962" level="INFO">Slept 1 second</msg>
<status status="PASS" starttime="20220811 16:10:43.949" endtime="20220811 16:10:44.962"></status>
</kw>
<status status="PASS" starttime="20220811 16:10:43.905" endtime="20220811 16:10:44.963"></status>
</kw>
<status status="PASS" starttime="20220811 16:10:43.905" endtime="20220811 16:10:44.964"></status>
</kw>
<kw name="Exit For Loop If" library="BuiltIn">
<doc>Stops executing the enclosing for loop if the ``condition`` is true.</doc>
<arguments>
<arg>"${InputMonthYear}"=="${MonthYearValue}"</arg>
</arguments>
<status status="PASS" starttime="20220811 16:10:44.964" endtime="20220811 16:10:44.965"></status>
</kw>
<status status="PASS" starttime="20220811 16:10:43.874" endtime="20220811 16:10:44.966"></status>
</kw>
<kw name="${counter} = 3" type="foritem">
<kw name="Wait Until Element Is Visible" library="SeleniumLibrary">
<doc>Waits until the element ``locator`` is visible.</doc>
<arguments>
<arg>${MonthYearValue_Xpath}</arg>
</arguments>
<status status="PASS" starttime="20220811 16:10:44.967" endtime="20220811 16:10:44.993"></status>
</kw>
<kw name="Get Text" library="SeleniumLibrary">
<doc>Returns the text value of the element identified by ``locator``.</doc>
<arguments>
<arg>${MonthYearValue_Xpath}</arg>
</arguments>
<assign>
<var>${MonthYearValue}</var>
</assign>
<msg timestamp="20220811 16:10:45.005" level="INFO">${MonthYearValue} = November 2022</msg>
<status status="PASS" starttime="20220811 16:10:44.993" endtime="20220811 16:10:45.005"></status>
</kw>
<kw name="Run Keyword If" library="BuiltIn">
<doc>Runs the given keyword with the given arguments, if ``condition`` is true.</doc>
<arguments>
<arg>"${InputMonthYear}"!="${MonthYearValue}"</arg>
<arg>Click NextMOnth</arg>
</arguments>
<kw name="Click NextMOnth" library="HomePage">
<kw name="Click Element" library="SeleniumLibrary">
<doc>Click the element identified by ``locator``.</doc>
<arguments>
<arg>//span[@aria-label='Next Month']</arg>
</arguments>
<msg timestamp="20220811 16:10:45.007" level="INFO">Clicking element '//span[@aria-label='Next Month']'.</msg>
<status status="PASS" starttime="20220811 16:10:45.006" endtime="20220811 16:10:45.044"></status>
</kw>
<kw name="Sleep" library="BuiltIn">
<doc>Pauses the test executed for the given time.</doc>
<arguments>
<arg>1s</arg>
</arguments>
<msg timestamp="20220811 16:10:46.057" level="INFO">Slept 1 second</msg>
<status status="PASS" starttime="20220811 16:10:45.044" endtime="20220811 16:10:46.058"></status>
</kw>
<status status="PASS" starttime="20220811 16:10:45.006" endtime="20220811 16:10:46.058"></status>
</kw>
<status status="PASS" starttime="20220811 16:10:45.006" endtime="20220811 16:10:46.059"></status>
</kw>
<kw name="Exit For Loop If" library="BuiltIn">
<doc>Stops executing the enclosing for loop if the ``condition`` is true.</doc>
<arguments>
<arg>"${InputMonthYear}"=="${MonthYearValue}"</arg>
</arguments>
<status status="PASS" starttime="20220811 16:10:46.059" endtime="20220811 16:10:46.061"></status>
</kw>
<status status="PASS" starttime="20220811 16:10:44.966" endtime="20220811 16:10:46.062"></status>
</kw>
<kw name="${counter} = 4" type="foritem">
<kw name="Wait Until Element Is Visible" library="SeleniumLibrary">
<doc>Waits until the element ``locator`` is visible.</doc>
<arguments>
<arg>${MonthYearValue_Xpath}</arg>
</arguments>
<status status="PASS" starttime="20220811 16:10:46.062" endtime="20220811 16:10:46.085"></status>
</kw>
<kw name="Get Text" library="SeleniumLibrary">
<doc>Returns the text value of the element identified by ``locator``.</doc>
<arguments>
<arg>${MonthYearValue_Xpath}</arg>
</arguments>
<assign>
<var>${MonthYearValue}</var>
</assign>
<msg timestamp="20220811 16:10:46.097" level="INFO">${MonthYearValue} = December 2022</msg>
<status status="PASS" starttime="20220811 16:10:46.086" endtime="20220811 16:10:46.098"></status>
</kw>
<kw name="Run Keyword If" library="BuiltIn">
<doc>Runs the given keyword with the given arguments, if ``condition`` is true.</doc>
<arguments>
<arg>"${InputMonthYear}"!="${MonthYearValue}"</arg>
<arg>Click NextMOnth</arg>
</arguments>
<status status="PASS" starttime="20220811 16:10:46.098" endtime="20220811 16:10:46.098"></status>
</kw>
<kw name="Exit For Loop If" library="BuiltIn">
<doc>Stops executing the enclosing for loop if the ``condition`` is true.</doc>
<arguments>
<arg>"${InputMonthYear}"=="${MonthYearValue}"</arg>
</arguments>
<msg timestamp="20220811 16:10:46.099" level="INFO">Exiting for loop altogether.</msg>
<status status="PASS" starttime="20220811 16:10:46.099" endtime="20220811 16:10:46.100"></status>
</kw>
<status status="PASS" starttime="20220811 16:10:46.062" endtime="20220811 16:10:46.100"></status>
</kw>
<status status="PASS" starttime="20220811 16:10:41.654" endtime="20220811 16:10:46.100"></status>
</kw>
<kw name="Click Date" library="HomePage">
<arguments>
<arg>${Day}</arg>
</arguments>
<kw name="Click Element" library="SeleniumLibrary">
<doc>Click the element identified by ``locator``.</doc>
<arguments>
<arg>((//div[@class='DayPicker-Month'])[1]//div[@class='DayPicker-Day'])[${Day}]</arg>
</arguments>
<msg timestamp="20220811 16:10:46.100" level="INFO">Clicking element '((//div[@class='DayPicker-Month'])[1]//div[@class='DayPicker-Day'])[22]'.</msg>
<status status="PASS" starttime="20220811 16:10:46.100" endtime="20220811 16:10:46.178"></status>
</kw>
<status status="PASS" starttime="20220811 16:10:46.100" endtime="20220811 16:10:46.179"></status>
</kw>
<status status="PASS" starttime="20220811 16:10:41.652" endtime="20220811 16:10:46.179"></status>
</kw>
<kw name="Select Travellers" library="HomePage">
<arguments>
<arg>${AdultTravellers}</arg>
<arg>${ChildTravellers}</arg>
<arg>${InfantsTravellers}</arg>
</arguments>
<kw name="Evaluate" library="BuiltIn">
<doc>Evaluates the given expression in Python and returns the result.</doc>
<arguments>
<arg>${Children_Travellers}+1</arg>
</arguments>
<assign>
<var>${Children_Travellers}</var>
</assign>
<msg timestamp="20220811 16:10:46.180" level="INFO">${Children_Travellers} = 2</msg>
<status status="PASS" starttime="20220811 16:10:46.180" endtime="20220811 16:10:46.181"></status>
</kw>
<kw name="Evaluate" library="BuiltIn">
<doc>Evaluates the given expression in Python and returns the result.</doc>
<arguments>
<arg>${Infants_Travellers}+1</arg>
</arguments>
<assign>
<var>${Infants_Travellers}</var>
</assign>
<msg timestamp="20220811 16:10:46.184" level="INFO">${Infants_Travellers} = 1</msg>
<status status="PASS" starttime="20220811 16:10:46.182" endtime="20220811 16:10:46.185"></status>
</kw>
<kw name="Click Element" library="SeleniumLibrary">
<doc>Click the element identified by ``locator``.</doc>
<arguments>
<arg>${Travellers&amp;Class_Label_Xpath}</arg>
</arguments>
<msg timestamp="20220811 16:10:46.186" level="INFO">Clicking element '//div[@data-cy='flightTraveller']'.</msg>
<status status="PASS" starttime="20220811 16:10:46.185" endtime="20220811 16:10:46.272"></status>
</kw>
<kw name="Sleep" library="BuiltIn">
<doc>Pauses the test executed for the given time.</doc>
<arguments>
<arg>1s</arg>
</arguments>
<msg timestamp="20220811 16:10:47.280" level="INFO">Slept 1 second</msg>
<status status="PASS" starttime="20220811 16:10:46.272" endtime="20220811 16:10:47.281"></status>
</kw>
<kw name="Catenate" library="BuiltIn">
<doc>Catenates the given items together and returns the resulted string.</doc>
<arguments>
<arg>SEPARATOR=</arg>
<arg>${AdultTraveller_Xpath}</arg>
<arg>[${Adult_Travellers}]</arg>
</arguments>
<assign>
<var>${AdultTraveller_Xpath}</var>
</assign>
<msg timestamp="20220811 16:10:47.282" level="INFO">${AdultTraveller_Xpath} = ((//ul[contains(@class,'guestCounter')])[1]//li)[3]</msg>
<status status="PASS" starttime="20220811 16:10:47.281" endtime="20220811 16:10:47.282"></status>
</kw>
<kw name="Click Element" library="SeleniumLibrary">
<doc>Click the element identified by ``locator``.</doc>
<arguments>
<arg>${AdultTraveller_Xpath}</arg>
</arguments>
<msg timestamp="20220811 16:10:47.283" level="INFO">Clicking element '((//ul[contains(@class,'guestCounter')])[1]//li)[3]'.</msg>
<status status="PASS" starttime="20220811 16:10:47.282" endtime="20220811 16:10:47.355"></status>
</kw>
<kw name="Sleep" library="BuiltIn">
<doc>Pauses the test executed for the given time.</doc>
<arguments>
<arg>1s</arg>
</arguments>
<msg timestamp="20220811 16:10:48.358" level="INFO">Slept 1 second</msg>
<status status="PASS" starttime="20220811 16:10:47.355" endtime="20220811 16:10:48.358"></status>
</kw>
<kw name="Catenate" library="BuiltIn">
<doc>Catenates the given items together and returns the resulted string.</doc>
<arguments>
<arg>SEPARATOR=</arg>
<arg>${ChildrenTraveller_Xpath}</arg>
<arg>[${Children_Travellers}]</arg>
</arguments>
<assign>
<var>${ChildrenTraveller_Xpath}</var>
</assign>
<msg timestamp="20220811 16:10:48.359" level="INFO">${ChildrenTraveller_Xpath} = ((//ul[contains(@class,'guestCounter')])[2]//li)[2]</msg>
<status status="PASS" starttime="20220811 16:10:48.358" endtime="20220811 16:10:48.359"></status>
</kw>
<kw name="Click Element" library="SeleniumLibrary">
<doc>Click the element identified by ``locator``.</doc>
<arguments>
<arg>${ChildrenTraveller_Xpath}</arg>
</arguments>
<msg timestamp="20220811 16:10:48.360" level="INFO">Clicking element '((//ul[contains(@class,'guestCounter')])[2]//li)[2]'.</msg>
<status status="PASS" starttime="20220811 16:10:48.359" endtime="20220811 16:10:48.422"></status>
</kw>
<kw name="Sleep" library="BuiltIn">
<doc>Pauses the test executed for the given time.</doc>
<arguments>
<arg>1s</arg>
</arguments>
<msg timestamp="20220811 16:10:49.429" level="INFO">Slept 1 second</msg>
<status status="PASS" starttime="20220811 16:10:48.422" endtime="20220811 16:10:49.429"></status>
</kw>
<kw name="Catenate" library="BuiltIn">
<doc>Catenates the given items together and returns the resulted string.</doc>
<arguments>
<arg>SEPARATOR=</arg>
<arg>${InfantTraveller_Xpath}</arg>
<arg>[${Infants_Travellers}]</arg>
</arguments>
<assign>
<var>${InfantTraveller_Xpath}</var>
</assign>
<msg timestamp="20220811 16:10:49.431" level="INFO">${InfantTraveller_Xpath} = ((//ul[contains(@class,'guestCounter')])[3]//li)[1]</msg>
<status status="PASS" starttime="20220811 16:10:49.430" endtime="20220811 16:10:49.431"></status>
</kw>
<kw name="Click Element" library="SeleniumLibrary">
<doc>Click the element identified by ``locator``.</doc>
<arguments>
<arg>${InfantTraveller_Xpath}</arg>
</arguments>
<msg timestamp="20220811 16:10:49.432" level="INFO">Clicking element '((//ul[contains(@class,'guestCounter')])[3]//li)[1]'.</msg>
<status status="PASS" starttime="20220811 16:10:49.431" endtime="20220811 16:10:49.504"></status>
</kw>
<kw name="Sleep" library="BuiltIn">
<doc>Pauses the test executed for the given time.</doc>
<arguments>
<arg>1s</arg>
</arguments>
<msg timestamp="20220811 16:10:50.509" level="INFO">Slept 1 second</msg>
<status status="PASS" starttime="20220811 16:10:49.505" endtime="20220811 16:10:50.509"></status>
</kw>
<status status="PASS" starttime="20220811 16:10:46.179" endtime="20220811 16:10:50.510"></status>
</kw>
<kw name="Select Travel Class" library="HomePage">
<arguments>
<arg>${TravelClass}</arg>
</arguments>
<kw name="Sleep" library="BuiltIn">
<doc>Pauses the test executed for the given time.</doc>
<arguments>
<arg>1s</arg>
</arguments>
<msg timestamp="20220811 16:10:51.522" level="INFO">Slept 1 second</msg>
<status status="PASS" starttime="20220811 16:10:50.511" endtime="20220811 16:10:51.522"></status>
</kw>
<kw name="Run Keyword If" library="BuiltIn">
<doc>Runs the given keyword with the given arguments, if ``condition`` is true.</doc>
<arguments>
<arg>"${TravelClass}"=="Economy"</arg>
<arg>Click on Economy Travel Class</arg>
<arg>ELSE IF</arg>
<arg>"${TravelClass}"=="Premium"</arg>
<arg>Click on Premium Economy Travel Class</arg>
<arg>ELSE IF</arg>
<arg>"${TravelClass}"=="Business"</arg>
<arg>Click on Business Travel Class</arg>
</arguments>
<kw name="Click on Premium Economy Travel Class" library="HomePage">
<kw name="Click Element" library="SeleniumLibrary">
<doc>Click the element identified by ``locator``.</doc>
<arguments>
<arg>${PremiumEco_Xpath}</arg>
</arguments>
<msg timestamp="20220811 16:10:51.526" level="INFO">Clicking element '//li[@data-cy='travelClass-1']'.</msg>
<status status="PASS" starttime="20220811 16:10:51.525" endtime="20220811 16:10:51.598"></status>
</kw>
<status status="PASS" starttime="20220811 16:10:51.524" endtime="20220811 16:10:51.598"></status>
</kw>
<status status="PASS" starttime="20220811 16:10:51.523" endtime="20220811 16:10:51.598"></status>
</kw>
<kw name="Sleep" library="BuiltIn">
<doc>Pauses the test executed for the given time.</doc>
<arguments>
<arg>2s</arg>
</arguments>
<msg timestamp="20220811 16:10:53.605" level="INFO">Slept 2 seconds</msg>
<status status="PASS" starttime="20220811 16:10:51.598" endtime="20220811 16:10:53.606"></status>
</kw>
<kw name="Click Element" library="SeleniumLibrary">
<doc>Click the element identified by ``locator``.</doc>
<arguments>
<arg>${Travellers&amp;Class_APPLY_Btn_Xpath}</arg>
</arguments>
<msg timestamp="20220811 16:10:53.608" level="INFO">Clicking element '//button[text()='APPLY']'.</msg>
<status status="PASS" starttime="20220811 16:10:53.607" endtime="20220811 16:10:53.691"></status>
</kw>
<status status="PASS" starttime="20220811 16:10:50.510" endtime="20220811 16:10:53.692"></status>
</kw>
<kw name="Click on SEARCH Button" library="HomePage">
<kw name="Click Element" library="SeleniumLibrary">
<doc>Click the element identified by ``locator``.</doc>
<arguments>
<arg>${SEARCH_Btn_Xpath}</arg>
</arguments>
<msg timestamp="20220811 16:10:53.694" level="INFO">Clicking element '//a[text()='Search']'.</msg>
<status status="PASS" starttime="20220811 16:10:53.693" endtime="20220811 16:11:08.720"></status>
</kw>
<status status="PASS" starttime="20220811 16:10:53.692" endtime="20220811 16:11:08.721"></status>
</kw>
<kw name="Run Keyword And Ignore Error" library="BuiltIn">
<doc>Runs the given keyword with the given arguments and ignores possible error.</doc>
<arguments>
<arg>Handle Lock Price&amp;Pay Later! Notification</arg>
</arguments>
<kw name="Handle Lock Price&amp;Pay Later! Notification" library="CommonFunctionalities">
<kw name="Sleep" library="BuiltIn">
<doc>Pauses the test executed for the given time.</doc>
<arguments>
<arg>2s</arg>
</arguments>
<msg timestamp="20220811 16:11:10.727" level="INFO">Slept 2 seconds</msg>
<status status="PASS" starttime="20220811 16:11:08.722" endtime="20220811 16:11:10.728"></status>
</kw>
<kw name="Click Element" library="SeleniumLibrary">
<doc>Click the element identified by ``locator``.</doc>
<arguments>
<arg>${LockPrice&amp;PayLater_Xpath}</arg>
</arguments>
<msg timestamp="20220811 16:11:10.730" level="INFO">Clicking element '//span[contains(@class,'overlayCrossIcon')]'.</msg>
<kw name="Capture Page Screenshot" library="SeleniumLibrary">
<doc>Takes a screenshot of the current page and embeds it into a log file.</doc>
<msg timestamp="20220811 16:11:15.988" level="INFO" html="yes">&lt;/td&gt;&lt;/tr&gt;&lt;tr&gt;&lt;td colspan="3"&gt;&lt;a href="selenium-screenshot-6.png"&gt;&lt;img src="selenium-screenshot-6.png" width="800px"&gt;&lt;/a&gt;</msg>
<status status="PASS" starttime="20220811 16:11:15.825" endtime="20220811 16:11:15.988"></status>
</kw>
<msg timestamp="20220811 16:11:15.990" level="FAIL">Element with locator '//span[contains(@class,'overlayCrossIcon')]' not found.</msg>
<status status="FAIL" starttime="20220811 16:11:10.728" endtime="20220811 16:11:15.990"></status>
</kw>
<status status="FAIL" starttime="20220811 16:11:08.722" endtime="20220811 16:11:15.991"></status>
</kw>
<status status="PASS" starttime="20220811 16:11:08.721" endtime="20220811 16:11:15.991"></status>
</kw>
<kw name="Click on VIEW PRICES Button" library="BookFlightPage">
<kw name="Wait Until Element Is Visible" library="SeleniumLibrary">
<doc>Waits until the element ``locator`` is visible.</doc>
<arguments>
<arg>${ViewPricesBtn_Xpath}</arg>
</arguments>
<status status="PASS" starttime="20220811 16:11:15.992" endtime="20220811 16:11:16.014"></status>
</kw>
<kw name="Click Element" library="SeleniumLibrary">
<doc>Click the element identified by ``locator``.</doc>
<arguments>
<arg>${ViewPricesBtn_Xpath}</arg>
</arguments>
<msg timestamp="20220811 16:11:16.014" level="INFO">Clicking element '(//*[contains(@class,'ViewFareBtn')])[1]'.</msg>
<status status="PASS" starttime="20220811 16:11:16.014" endtime="20220811 16:11:16.130"></status>
</kw>
<status status="PASS" starttime="20220811 16:11:15.991" endtime="20220811 16:11:16.130"></status>
</kw>
<kw name="Click on BOOK NOW BUTTON" library="BookFlightPage">
<kw name="Execute Javascript" library="SeleniumLibrary">
<doc>Executes the given JavaScript code with possible arguments.</doc>
<arguments>
<arg>${ScrollingPage}</arg>
</arguments>
<msg timestamp="20220811 16:11:16.131" level="INFO">Executing JavaScript:
document.scrollingElement.scrollBy(0,400)
Without any arguments.</msg>
<status status="PASS" starttime="20220811 16:11:16.131" endtime="20220811 16:11:16.137"></status>
</kw>
<kw name="Wait Until Element Is Visible" library="SeleniumLibrary">
<doc>Waits until the element ``locator`` is visible.</doc>
<arguments>
<arg>${BookNowBtn_Xpath}</arg>
</arguments>
<status status="PASS" starttime="20220811 16:11:16.137" endtime="20220811 16:11:16.435"></status>
</kw>
<kw name="Click Element" library="SeleniumLibrary">
<doc>Click the element identified by ``locator``.</doc>
<arguments>
<arg>${BookNowBtn_Xpath}</arg>
</arguments>
<msg timestamp="20220811 16:11:16.515" level="INFO">Clicking element '(//button[contains(@class,'buttonPrimary')])[1]'.</msg>
<status status="PASS" starttime="20220811 16:11:16.514" endtime="20220811 16:11:16.651"></status>
</kw>
<status status="PASS" starttime="20220811 16:11:16.130" endtime="20220811 16:11:16.652"></status>
</kw>
<kw name="Validate Title of Complete your booking Page" library="CompleteBookingPage">
<kw name="Sleep" library="BuiltIn">
<doc>Pauses the test executed for the given time.</doc>
<arguments>
<arg>2s</arg>
</arguments>
<msg timestamp="20220811 16:11:18.653" level="INFO">Slept 2 seconds</msg>
<status status="PASS" starttime="20220811 16:11:16.653" endtime="20220811 16:11:18.655"></status>
</kw>
<kw name="Switch Window" library="SeleniumLibrary">
<doc>Switches to browser window matching ``locator``.</doc>
<arguments>
<arg>NEW</arg>
</arguments>
<status status="PASS" starttime="20220811 16:11:18.656" endtime="20220811 16:11:18.677"></status>
</kw>
<kw name="Wait Until Element Is Visible" library="SeleniumLibrary">
<doc>Waits until the element ``locator`` is visible.</doc>
<arguments>
<arg>${TitleofCompleteYourBooking_XPath}</arg>
</arguments>
<status status="PASS" starttime="20220811 16:11:18.678" endtime="20220811 16:11:20.452"></status>
</kw>
<kw name="Get Text" library="SeleniumLibrary">
<doc>Returns the text value of the element identified by ``locator``.</doc>
<arguments>
<arg>${TitleofCompleteYourBooking_XPath}</arg>
</arguments>
<assign>
<var>${TitleofCompleteYourBooking}</var>
</assign>
<msg timestamp="20220811 16:11:20.476" level="INFO">${TitleofCompleteYourBooking} = Complete your booking</msg>
<status status="PASS" starttime="20220811 16:11:20.453" endtime="20220811 16:11:20.476"></status>
</kw>
<kw name="Should Be Equal As Strings" library="BuiltIn">
<doc>Fails if objects are unequal after converting them to strings.</doc>
<arguments>
<arg>${Exp_TitleofCompleteYourBookingPage}</arg>
<arg>${TitleofCompleteYourBooking}</arg>
</arguments>
<status status="PASS" starttime="20220811 16:11:20.476" endtime="20220811 16:11:20.477"></status>
</kw>
<status status="PASS" starttime="20220811 16:11:16.652" endtime="20220811 16:11:20.477"></status>
</kw>
<kw name="Add Adult Travellers Details" library="CompleteBookingPage">
<arguments>
<arg>${AdultTravellers}</arg>
</arguments>
<kw name="Scroll the Page" library="CommonFunctionalities">
<arguments>
<arg>1000</arg>
</arguments>
<kw name="Execute Javascript" library="SeleniumLibrary">
<doc>Executes the given JavaScript code with possible arguments.</doc>
<arguments>
<arg>document.scrollingElement.scrollBy(0,${ScrollPercentage})</arg>
</arguments>
<msg timestamp="20220811 16:11:20.479" level="INFO">Executing JavaScript:
document.scrollingElement.scrollBy(0,1000)
Without any arguments.</msg>
<status status="PASS" starttime="20220811 16:11:20.478" endtime="20220811 16:11:20.482"></status>
</kw>
<status status="PASS" starttime="20220811 16:11:20.478" endtime="20220811 16:11:20.482"></status>
</kw>
<kw name="Set Local Variable" library="BuiltIn">
<doc>Makes a variable available everywhere within the local scope.</doc>
<arguments>
<arg>${count}</arg>
<arg>1</arg>
</arguments>
<msg timestamp="20220811 16:11:20.484" level="INFO">${count} = 1</msg>
<status status="PASS" starttime="20220811 16:11:20.482" endtime="20220811 16:11:20.485"></status>
</kw>
<kw name="${counter} IN RANGE [ 0 | ${AdultTravellers} ]" type="for">
<kw name="${counter} = 0" type="foritem">
<kw name="Wait Until Element Is Visible" library="SeleniumLibrary">
<doc>Waits until the element ``locator`` is visible.</doc>
<arguments>
<arg>//button[contains(text(),'ADD NEW ADULT')]</arg>
</arguments>
<status status="PASS" starttime="20220811 16:11:20.486" endtime="20220811 16:11:20.870"></status>
</kw>
<kw name="Click Element" library="SeleniumLibrary">
<doc>Click the element identified by ``locator``.</doc>
<arguments>
<arg>//button[contains(text(),'ADD NEW ADULT')]</arg>
</arguments>
<msg timestamp="20220811 16:11:20.871" level="INFO">Clicking element '//button[contains(text(),'ADD NEW ADULT')]'.</msg>
<status status="PASS" starttime="20220811 16:11:20.870" endtime="20220811 16:11:20.962"></status>
</kw>
<kw name="Input Text" library="SeleniumLibrary">
<doc>Types the given ``text`` into the text field identified by ``locator``.</doc>
<arguments>
<arg>(//input[@placeholder='First &amp; Middle Name'])[${count}]</arg>
<arg>Sunny</arg>
</arguments>
<msg timestamp="20220811 16:11:20.963" level="INFO">Typing text 'Sunny' into text field '(//input[@placeholder='First &amp; Middle Name'])[1]'.</msg>
<status status="PASS" starttime="20220811 16:11:20.963" endtime="20220811 16:11:21.055"></status>
</kw>
<kw name="Click Element" library="SeleniumLibrary">
<doc>Click the element identified by ``locator``.</doc>
<arguments>
<arg>(//div[@class='selectTab '])[${count}]//label[1]</arg>
</arguments>
<msg timestamp="20220811 16:11:21.056" level="INFO">Clicking element '(//div[@class='selectTab '])[1]//label[1]'.</msg>
<status status="PASS" starttime="20220811 16:11:21.056" endtime="20220811 16:11:21.269"></status>
</kw>
<kw name="Evaluate" library="BuiltIn">
<doc>Evaluates the given expression in Python and returns the result.</doc>
<arguments>
<arg>${count}+1</arg>
</arguments>
<assign>
<var>${count}</var>
</assign>
<msg timestamp="20220811 16:11:21.273" level="INFO">${count} = 2</msg>
<status status="PASS" starttime="20220811 16:11:21.270" endtime="20220811 16:11:21.274"></status>
</kw>
<status status="PASS" starttime="20220811 16:11:20.485" endtime="20220811 16:11:21.274"></status>
</kw>
<kw name="${counter} = 1" type="foritem">
<kw name="Wait Until Element Is Visible" library="SeleniumLibrary">
<doc>Waits until the element ``locator`` is visible.</doc>
<arguments>
<arg>//button[contains(text(),'ADD NEW ADULT')]</arg>
</arguments>
<status status="PASS" starttime="20220811 16:11:21.275" endtime="20220811 16:11:21.343"></status>
</kw>
<kw name="Click Element" library="SeleniumLibrary">
<doc>Click the element identified by ``locator``.</doc>
<arguments>
<arg>//button[contains(text(),'ADD NEW ADULT')]</arg>
</arguments>
<msg timestamp="20220811 16:11:21.343" level="INFO">Clicking element '//button[contains(text(),'ADD NEW ADULT')]'.</msg>
<status status="PASS" starttime="20220811 16:11:21.343" endtime="20220811 16:11:21.404"></status>
</kw>
<kw name="Input Text" library="SeleniumLibrary">
<doc>Types the given ``text`` into the text field identified by ``locator``.</doc>
<arguments>
<arg>(//input[@placeholder='First &amp; Middle Name'])[${count}]</arg>
<arg>Sunny</arg>
</arguments>
<msg timestamp="20220811 16:11:21.405" level="INFO">Typing text 'Sunny' into text field '(//input[@placeholder='First &amp; Middle Name'])[2]'.</msg>
<status status="PASS" starttime="20220811 16:11:21.405" endtime="20220811 16:11:21.493"></status>
</kw>
<kw name="Click Element" library="SeleniumLibrary">
<doc>Click the element identified by ``locator``.</doc>
<arguments>
<arg>(//div[@class='selectTab '])[${count}]//label[1]</arg>
</arguments>
<msg timestamp="20220811 16:11:21.494" level="INFO">Clicking element '(//div[@class='selectTab '])[2]//label[1]'.</msg>
<status status="PASS" starttime="20220811 16:11:21.494" endtime="20220811 16:11:21.587"></status>
</kw>
<kw name="Evaluate" library="BuiltIn">
<doc>Evaluates the given expression in Python and returns the result.</doc>
<arguments>
<arg>${count}+1</arg>
</arguments>
<assign>
<var>${count}</var>
</assign>
<msg timestamp="20220811 16:11:21.588" level="INFO">${count} = 3</msg>
<status status="PASS" starttime="20220811 16:11:21.588" endtime="20220811 16:11:21.588"></status>
</kw>
<status status="PASS" starttime="20220811 16:11:21.275" endtime="20220811 16:11:21.588"></status>
</kw>
<kw name="${counter} = 2" type="foritem">
<kw name="Wait Until Element Is Visible" library="SeleniumLibrary">
<doc>Waits until the element ``locator`` is visible.</doc>
<arguments>
<arg>//button[contains(text(),'ADD NEW ADULT')]</arg>
</arguments>
<status status="PASS" starttime="20220811 16:11:21.589" endtime="20220811 16:11:21.601"></status>
</kw>
<kw name="Click Element" library="SeleniumLibrary">
<doc>Click the element identified by ``locator``.</doc>
<arguments>
<arg>//button[contains(text(),'ADD NEW ADULT')]</arg>
</arguments>
<msg timestamp="20220811 16:11:21.603" level="INFO">Clicking element '//button[contains(text(),'ADD NEW ADULT')]'.</msg>
<status status="PASS" starttime="20220811 16:11:21.602" endtime="20220811 16:11:21.672"></status>
</kw>
<kw name="Input Text" library="SeleniumLibrary">
<doc>Types the given ``text`` into the text field identified by ``locator``.</doc>
<arguments>
<arg>(//input[@placeholder='First &amp; Middle Name'])[${count}]</arg>
<arg>Sunny</arg>
</arguments>
<msg timestamp="20220811 16:11:21.672" level="INFO">Typing text 'Sunny' into text field '(//input[@placeholder='First &amp; Middle Name'])[3]'.</msg>
<status status="PASS" starttime="20220811 16:11:21.672" endtime="20220811 16:11:21.763"></status>
</kw>
<kw name="Click Element" library="SeleniumLibrary">
<doc>Click the element identified by ``locator``.</doc>
<arguments>
<arg>(//div[@class='selectTab '])[${count}]//label[1]</arg>
</arguments>
<msg timestamp="20220811 16:11:21.763" level="INFO">Clicking element '(//div[@class='selectTab '])[3]//label[1]'.</msg>
<status status="PASS" starttime="20220811 16:11:21.763" endtime="20220811 16:11:21.881"></status>
</kw>
<kw name="Evaluate" library="BuiltIn">
<doc>Evaluates the given expression in Python and returns the result.</doc>
<arguments>
<arg>${count}+1</arg>
</arguments>
<assign>
<var>${count}</var>
</assign>
<msg timestamp="20220811 16:11:21.883" level="INFO">${count} = 4</msg>
<status status="PASS" starttime="20220811 16:11:21.882" endtime="20220811 16:11:21.884"></status>
</kw>
<status status="PASS" starttime="20220811 16:11:21.588" endtime="20220811 16:11:21.884"></status>
</kw>
<status status="PASS" starttime="20220811 16:11:20.485" endtime="20220811 16:11:21.884"></status>
</kw>
<status status="PASS" starttime="20220811 16:11:20.477" endtime="20220811 16:11:21.885"></status>
</kw>
<doc>This Testcase will Verify that User is able to book Flights after giving required inputs.(FOR ONEWAY TRIP)</doc>
<status status="PASS" starttime="20220811 16:10:09.645" endtime="20220811 16:11:21.885" critical="yes"></status>
</test>
<status status="PASS" starttime="20220811 16:10:08.244" endtime="20220811 16:11:21.887"></status>
</suite>
<status status="PASS" starttime="20220811 16:10:08.241" endtime="20220811 16:11:21.892"></status>
</suite>
<status status="PASS" starttime="20220811 16:10:08.222" endtime="20220811 16:11:21.894"></status>
</suite>
<statistics>
<total>
<stat pass="1" fail="0">Critical Tests</stat>
<stat pass="1" fail="0">All Tests</stat>
</total>
<tag>
</tag>
<suite>
<stat pass="1" fail="0" id="s1" name="RobotFramework MakeMyTrip">RobotFramework MakeMyTrip</stat>
<stat pass="1" fail="0" id="s1-s1" name="Testcases">RobotFramework MakeMyTrip.Testcases</stat>
<stat pass="1" fail="0" id="s1-s1-s1" name="RobotTestcases">RobotFramework MakeMyTrip.Testcases.RobotTestcases</stat>
</suite>
</statistics>
<errors>
</errors>
</robot>
