<?xml version="1.0" encoding="UTF-8"?>
<robot generator="Robot 3.2.2 (Python 3.9.7 on win32)" generated="20220809 15:03:28.726" rpa="false">
<suite id="s1" name="RobotFramework MakeMyTrip" source="C:\Users\P1324386\eclipse-workspace\RobotFramework_MakeMyTrip">
<suite id="s1-s1" name="Testcases" source="C:\Users\P1324386\eclipse-workspace\RobotFramework_MakeMyTrip\Testcases">
<suite id="s1-s1-s1" name="RobotTestcases" source="C:\Users\P1324386\eclipse-workspace\RobotFramework_MakeMyTrip\Testcases\RobotTestcases.robot">
<test id="s1-s1-s1-t1" name="MMT-FLIGHTS-TC-016">
<kw name="Log" library="BuiltIn">
<doc>Logs the given message with the given level.</doc>
<arguments>
<arg>${TEST_NAME}</arg>
</arguments>
<msg timestamp="20220809 15:03:30.018" level="INFO">MMT-FLIGHTS-TC-016</msg>
<status status="PASS" starttime="20220809 15:03:30.017" endtime="20220809 15:03:30.018"></status>
</kw>
<kw name="Open MakemyTrip Application" library="CommonFunctionalities">
<kw name="Append To Environment Variable" library="OperatingSystem">
<doc>Appends given ``values`` to environment variable ``name``.</doc>
<arguments>
<arg>Path</arg>
<arg>${EXECDIR}${/}Drivers</arg>
</arguments>
<msg timestamp="20220809 15:03:30.018" level="INFO">Environment variable 'Path' set to value 'C:/Prasad/eclipse//plugins/org.eclipse.justj.openjdk.hotspot.jre.full.win32.x86_64_16.0.1.v20210528-1205/jre/bin/server;C:/Prasad/eclipse//plugins/org.eclipse.justj.openjdk.hotspot.jre.full.win32.x86_64_16.0.1.v20210528-1205/jre/bin;C:\Program Files (x86)\TRICENTIS\Tosca Testsuite\ToscaCommander;;C:\Program Files (x86)\TRICENTIS\Tosca Testsuite\Classic;C:\Program Files (x86)\TRICENTIS\Tosca Testsuite\Classic\dll;C:\Program Files (x86)\TRICENTIS\Tosca Testsuite\Classic\dll\GuptaEngine;C:\Program Files (x86)\TRICENTIS\Tosca Testsuite\ToscaCommander;C:\Program Files (x86)\TRICENTIS\Tosca Testsuite\Classic\dll\DelphiEngine;C:\Program Files (x86)\TRICENTIS\Tosca Testsuite\Classic\dll\PBEngine;C:\Program Files (x86)\TRICENTIS\Tosca Testsuite\Classic\dll\VBEngine;C:\Program Files (x86)\TRICENTIS\Tosca Testsuite\Classic\dll\DotNetHooking;;C:\Program Files\Common Files\Oracle\Java\javapath;C:\WINDOWS\system32;C:\WINDOWS;C:\WINDOWS\System32\Wbem;C:\WINDOWS\System32\WindowsPowerShell\v1.0\;C:\WINDOWS\System32\OpenSSH\;C:\Program Files\Microsoft SQL Server\Client SDK\ODBC\170\Tools\Binn\;C:\Program Files (x86)\Microsoft SQL Server\150\Tools\Binn\;C:\Program Files\Microsoft SQL Server\150\Tools\Binn\;C:\Program Files\Microsoft SQL Server\150\DTS\Binn\;C:\Program Files (x86)\Microsoft SQL Server\150\DTS\Binn\;C:\Program Files\Azure Data Studio\bin;C:\Program Files\dotnet\;C:\Program Files\Java\jdk-11.0.12\bin;C:\Program Files\nodejs\;C:\Python\Scripts;C:\Program Files\Git\cmd;C:\Python\Scripts\;C:\Python\;C:\Users\P1324386\AppData\Local\Microsoft\WindowsApps;C:\Program Files\Azure Data Studio\bin;C:\Users\P1324386\.dotnet\tools;C:\Users\P1324386\AppData\Roaming\npm;C:\Program Files\Git\cmd;;C:\Prasad\eclipse;;C:\Users\P1324386\eclipse-workspace\RobotFramework_MakeMyTrip\Drivers'.</msg>
<status status="PASS" starttime="20220809 15:03:30.018" endtime="20220809 15:03:30.019"></status>
</kw>
<kw name="Open Browser" library="SeleniumLibrary">
<doc>Opens a new browser instance to the optional ``url``.</doc>
<arguments>
<arg>browser=${BROWSER}</arg>
</arguments>
<msg timestamp="20220809 15:03:30.019" level="INFO">Opening browser 'chrome' to base url 'None'.</msg>
<status status="PASS" starttime="20220809 15:03:30.019" endtime="20220809 15:03:31.579"></status>
</kw>
<kw name="Go To" library="SeleniumLibrary">
<doc>Navigates the current browser window to the provided ``url``.</doc>
<arguments>
<arg>${URL}</arg>
</arguments>
<msg timestamp="20220809 15:03:31.580" level="INFO">Opening url 'https://www.makemytrip.com/'</msg>
<status status="PASS" starttime="20220809 15:03:31.579" endtime="20220809 15:03:38.778"></status>
</kw>
<kw name="Maximize Browser Window" library="SeleniumLibrary">
<doc>Maximizes current browser window.</doc>
<status status="PASS" starttime="20220809 15:03:38.780" endtime="20220809 15:03:38.903"></status>
</kw>
<kw name="Set Selenium Implicit Wait" library="SeleniumLibrary">
<doc>Sets the implicit wait value used by Selenium.</doc>
<arguments>
<arg>5</arg>
</arguments>
<status status="PASS" starttime="20220809 15:03:38.903" endtime="20220809 15:03:38.905"></status>
</kw>
<status status="PASS" starttime="20220809 15:03:30.018" endtime="20220809 15:03:38.905"></status>
</kw>
<kw name="Run Keyword And Ignore Error" library="BuiltIn">
<doc>Runs the given keyword with the given arguments and ignores possible error.</doc>
<arguments>
<arg>Handle Notification</arg>
</arguments>
<kw name="Handle Notification" library="CommonFunctionalities">
<kw name="Select Frame" library="SeleniumLibrary">
<doc>Sets frame identified by ``locator`` as the current frame.</doc>
<arguments>
<arg>${NotificationFrame_Xpath}</arg>
</arguments>
<msg timestamp="20220809 15:03:38.907" level="INFO">Selecting frame '//iframe[contains(@title,'notification')]'.</msg>
<kw name="Capture Page Screenshot" library="SeleniumLibrary">
<doc>Takes a screenshot of the current page and embeds it into a log file.</doc>
<msg timestamp="20220809 15:03:44.120" level="INFO" html="yes">&lt;/td&gt;&lt;/tr&gt;&lt;tr&gt;&lt;td colspan="3"&gt;&lt;a href="selenium-screenshot-9.png"&gt;&lt;img src="selenium-screenshot-9.png" width="800px"&gt;&lt;/a&gt;</msg>
<status status="PASS" starttime="20220809 15:03:43.957" endtime="20220809 15:03:44.121"></status>
</kw>
<msg timestamp="20220809 15:03:44.125" level="FAIL">Element with locator '//iframe[contains(@title,'notification')]' not found.</msg>
<status status="FAIL" starttime="20220809 15:03:38.906" endtime="20220809 15:03:44.125"></status>
</kw>
<status status="FAIL" starttime="20220809 15:03:38.906" endtime="20220809 15:03:44.125"></status>
</kw>
<status status="PASS" starttime="20220809 15:03:38.905" endtime="20220809 15:03:44.126"></status>
</kw>
<kw name="Handle Language Notification" library="CommonFunctionalities">
<kw name="Click Element" library="SeleniumLibrary">
<doc>Click the element identified by ``locator``.</doc>
<arguments>
<arg>${LangCardClose_Xpath}</arg>
</arguments>
<msg timestamp="20220809 15:03:44.127" level="INFO">Clicking element '//span[@class='langCardClose']'.</msg>
<status status="PASS" starttime="20220809 15:03:44.126" endtime="20220809 15:03:44.219"></status>
</kw>
<status status="PASS" starttime="20220809 15:03:44.126" endtime="20220809 15:03:44.219"></status>
</kw>
<kw name="Click on ONEWAY label" library="HomePage">
<kw name="Click Element" library="SeleniumLibrary">
<doc>Click the element identified by ``locator``.</doc>
<arguments>
<arg>${RoundTripRadioBtn_Xpath}</arg>
</arguments>
<msg timestamp="20220809 15:03:44.221" level="INFO">Clicking element '(//span[contains(@class,'tabsCircle')])[2]'.</msg>
<status status="PASS" starttime="20220809 15:03:44.221" endtime="20220809 15:03:44.307"></status>
</kw>
<kw name="Sleep" library="BuiltIn">
<doc>Pauses the test executed for the given time.</doc>
<arguments>
<arg>1s</arg>
</arguments>
<msg timestamp="20220809 15:03:45.320" level="INFO">Slept 1 second</msg>
<status status="PASS" starttime="20220809 15:03:44.307" endtime="20220809 15:03:45.320"></status>
</kw>
<kw name="Click Element" library="SeleniumLibrary">
<doc>Click the element identified by ``locator``.</doc>
<arguments>
<arg>${OneWayLabel_Xpath}</arg>
</arguments>
<msg timestamp="20220809 15:03:45.321" level="INFO">Clicking element '//li[@data-cy='oneWayTrip']'.</msg>
<status status="PASS" starttime="20220809 15:03:45.321" endtime="20220809 15:03:45.400"></status>
</kw>
<kw name="Get Text" library="SeleniumLibrary">
<doc>Returns the text value of the element identified by ``locator``.</doc>
<arguments>
<arg>${SelectedRadioButton_Xpath}</arg>
</arguments>
<assign>
<var>${OneWayTrip}</var>
</assign>
<msg timestamp="20220809 15:03:45.423" level="INFO">${OneWayTrip} = ONEWAY</msg>
<status status="PASS" starttime="20220809 15:03:45.401" endtime="20220809 15:03:45.423"></status>
</kw>
<kw name="Should Be Equal" library="BuiltIn">
<doc>Fails if the given objects are unequal.</doc>
<arguments>
<arg>${OneWayTrip}</arg>
<arg>ONEWAY</arg>
</arguments>
<status status="PASS" starttime="20220809 15:03:45.423" endtime="20220809 15:03:45.423"></status>
</kw>
<status status="PASS" starttime="20220809 15:03:44.220" endtime="20220809 15:03:45.424"></status>
</kw>
<kw name="Verify FROM Placeholder" library="HomePage">
<kw name="Click Element" library="SeleniumLibrary">
<doc>Click the element identified by ``locator``.</doc>
<arguments>
<arg>${FROM_Label_Xpath}</arg>
</arguments>
<msg timestamp="20220809 15:03:45.426" level="INFO">Clicking element '(//span[contains(@class,'lbl_input latoBold')])[1]'.</msg>
<status status="PASS" starttime="20220809 15:03:45.424" endtime="20220809 15:03:45.569"></status>
</kw>
<kw name="Sleep" library="BuiltIn">
<doc>Pauses the test executed for the given time.</doc>
<arguments>
<arg>2s</arg>
</arguments>
<msg timestamp="20220809 15:03:47.580" level="INFO">Slept 2 seconds</msg>
<status status="PASS" starttime="20220809 15:03:45.570" endtime="20220809 15:03:47.581"></status>
</kw>
<kw name="Get Element Attribute" library="SeleniumLibrary">
<doc>Returns the value of ``attribute`` from the element ``locator``.</doc>
<arguments>
<arg>${FROM_Placeholder_Xpath}</arg>
<arg>placeholder</arg>
</arguments>
<assign>
<var>${FROM_Placeholder}</var>
</assign>
<msg timestamp="20220809 15:03:47.609" level="INFO">${FROM_Placeholder} = From</msg>
<status status="PASS" starttime="20220809 15:03:47.582" endtime="20220809 15:03:47.609"></status>
</kw>
<kw name="Should Be Equal" library="BuiltIn">
<doc>Fails if the given objects are unequal.</doc>
<arguments>
<arg>${FROM_Placeholder}</arg>
<arg>From</arg>
</arguments>
<status status="PASS" starttime="20220809 15:03:47.610" endtime="20220809 15:03:47.610"></status>
</kw>
<status status="PASS" starttime="20220809 15:03:45.424" endtime="20220809 15:03:47.611"></status>
</kw>
<kw name="Verify FROM Search city" library="HomePage">
<arguments>
<arg>${FROM_Indian_CITY}</arg>
</arguments>
<kw name="Set Local Variable" library="BuiltIn">
<doc>Makes a variable available everywhere within the local scope.</doc>
<arguments>
<arg>${SearchedCity}</arg>
<arg>${SearchedCity}</arg>
</arguments>
<msg timestamp="20220809 15:03:47.612" level="INFO">${SearchedCity} = Mumbai</msg>
<status status="PASS" starttime="20220809 15:03:47.612" endtime="20220809 15:03:47.612"></status>
</kw>
<kw name="Input Text" library="SeleniumLibrary">
<doc>Types the given ``text`` into the text field identified by ``locator``.</doc>
<arguments>
<arg>${FROM_Placeholder_Xpath}</arg>
<arg>${SearchedCity}</arg>
</arguments>
<msg timestamp="20220809 15:03:47.613" level="INFO">Typing text 'Mumbai' into text field '//input[@placeholder='From']'.</msg>
<status status="PASS" starttime="20220809 15:03:47.613" endtime="20220809 15:03:47.684"></status>
</kw>
<kw name="Sleep" library="BuiltIn">
<doc>Pauses the test executed for the given time.</doc>
<arguments>
<arg>2s</arg>
</arguments>
<msg timestamp="20220809 15:03:49.687" level="INFO">Slept 2 seconds</msg>
<status status="PASS" starttime="20220809 15:03:47.684" endtime="20220809 15:03:49.688"></status>
</kw>
<kw name="Click Element" library="SeleniumLibrary">
<doc>Click the element identified by ``locator``.</doc>
<arguments>
<arg>${CityFromList_Xpath}</arg>
</arguments>
<msg timestamp="20220809 15:03:49.690" level="INFO">Clicking element '(//ul[@role='listbox']/li)[1]'.</msg>
<status status="PASS" starttime="20220809 15:03:49.689" endtime="20220809 15:03:49.804"></status>
</kw>
<kw name="Sleep" library="BuiltIn">
<doc>Pauses the test executed for the given time.</doc>
<arguments>
<arg>2s</arg>
</arguments>
<msg timestamp="20220809 15:03:51.808" level="INFO">Slept 2 seconds</msg>
<status status="PASS" starttime="20220809 15:03:49.804" endtime="20220809 15:03:51.808"></status>
</kw>
<kw name="Get Element Attribute" library="SeleniumLibrary">
<doc>Returns the value of ``attribute`` from the element ``locator``.</doc>
<arguments>
<arg>${FROM_City_Xpath}</arg>
<arg>value</arg>
</arguments>
<assign>
<var>${City}</var>
</assign>
<msg timestamp="20220809 15:03:51.834" level="INFO">${City} = Mumbai</msg>
<status status="PASS" starttime="20220809 15:03:51.808" endtime="20220809 15:03:51.834"></status>
</kw>
<kw name="Should Be Equal" library="BuiltIn">
<doc>Fails if the given objects are unequal.</doc>
<arguments>
<arg>${City}</arg>
<arg>${SearchedCity}</arg>
</arguments>
<status status="PASS" starttime="20220809 15:03:51.835" endtime="20220809 15:03:51.835"></status>
</kw>
<status status="PASS" starttime="20220809 15:03:47.611" endtime="20220809 15:03:51.836"></status>
</kw>
<kw name="Verify TO Search city" library="HomePage">
<arguments>
<arg>${TO_Indian_CITY}</arg>
</arguments>
<kw name="Set Local Variable" library="BuiltIn">
<doc>Makes a variable available everywhere within the local scope.</doc>
<arguments>
<arg>${SearchedCity}</arg>
<arg>${SearchedCity}</arg>
</arguments>
<msg timestamp="20220809 15:03:51.837" level="INFO">${SearchedCity} = Bengaluru</msg>
<status status="PASS" starttime="20220809 15:03:51.837" endtime="20220809 15:03:51.838"></status>
</kw>
<kw name="Input Text" library="SeleniumLibrary">
<doc>Types the given ``text`` into the text field identified by ``locator``.</doc>
<arguments>
<arg>${TO_Placeholder_Xpath}</arg>
<arg>${SearchedCity}</arg>
</arguments>
<msg timestamp="20220809 15:03:51.839" level="INFO">Typing text 'Bengaluru' into text field '//input[@placeholder='To']'.</msg>
<status status="PASS" starttime="20220809 15:03:51.839" endtime="20220809 15:03:51.930"></status>
</kw>
<kw name="Sleep" library="BuiltIn">
<doc>Pauses the test executed for the given time.</doc>
<arguments>
<arg>2s</arg>
</arguments>
<msg timestamp="20220809 15:03:53.944" level="INFO">Slept 2 seconds</msg>
<status status="PASS" starttime="20220809 15:03:51.930" endtime="20220809 15:03:53.946"></status>
</kw>
<kw name="Click Element" library="SeleniumLibrary">
<doc>Click the element identified by ``locator``.</doc>
<arguments>
<arg>${CityTOList_Xpath}</arg>
</arguments>
<msg timestamp="20220809 15:03:53.948" level="INFO">Clicking element '(//ul[@role='listbox']/li)[1]'.</msg>
<status status="PASS" starttime="20220809 15:03:53.947" endtime="20220809 15:03:54.047"></status>
</kw>
<kw name="Sleep" library="BuiltIn">
<doc>Pauses the test executed for the given time.</doc>
<arguments>
<arg>2s</arg>
</arguments>
<msg timestamp="20220809 15:03:56.054" level="INFO">Slept 2 seconds</msg>
<status status="PASS" starttime="20220809 15:03:54.047" endtime="20220809 15:03:56.054"></status>
</kw>
<kw name="Get Element Attribute" library="SeleniumLibrary">
<doc>Returns the value of ``attribute`` from the element ``locator``.</doc>
<arguments>
<arg>${TO_City_Xpath}</arg>
<arg>value</arg>
</arguments>
<assign>
<var>${City}</var>
</assign>
<msg timestamp="20220809 15:03:56.081" level="INFO">${City} = Bengaluru</msg>
<status status="PASS" starttime="20220809 15:03:56.055" endtime="20220809 15:03:56.081"></status>
</kw>
<kw name="Should Be Equal" library="BuiltIn">
<doc>Fails if the given objects are unequal.</doc>
<arguments>
<arg>${City}</arg>
<arg>${SearchedCity}</arg>
</arguments>
<status status="PASS" starttime="20220809 15:03:56.081" endtime="20220809 15:03:56.082"></status>
</kw>
<status status="PASS" starttime="20220809 15:03:51.836" endtime="20220809 15:03:56.082"></status>
</kw>
<kw name="DEPARTURE DATE" library="HomePage">
<arguments>
<arg>${Departure_MonthYear}</arg>
<arg>${Departure_Date}</arg>
</arguments>
<kw name="Set Local Variable" library="BuiltIn">
<doc>Makes a variable available everywhere within the local scope.</doc>
<arguments>
<arg>${InputMonthYear}</arg>
<arg>${MonthYear}</arg>
</arguments>
<msg timestamp="20220809 15:03:56.083" level="INFO">${InputMonthYear} = December 2022</msg>
<status status="PASS" starttime="20220809 15:03:56.083" endtime="20220809 15:03:56.162"></status>
</kw>
<kw name="${counter} IN RANGE [ 0 | 999 ]" type="for">
<kw name="${counter} = 0" type="foritem">
<kw name="Get Text" library="SeleniumLibrary">
<doc>Returns the text value of the element identified by ``locator``.</doc>
<arguments>
<arg>(//div[@class='DayPicker-Caption'])[1]</arg>
</arguments>
<assign>
<var>${MonthYearValue}</var>
</assign>
<msg timestamp="20220809 15:03:56.211" level="INFO">${MonthYearValue} = August 2022</msg>
<status status="PASS" starttime="20220809 15:03:56.165" endtime="20220809 15:03:56.211"></status>
</kw>
<kw name="Run Keyword If" library="BuiltIn">
<doc>Runs the given keyword with the given arguments, if ``condition`` is true.</doc>
<arguments>
<arg>"${InputMonthYear}"!="${MonthYearValue}"</arg>
<arg>Click NextMOnth</arg>
</arguments>
<kw name="Click NextMOnth" library="HomePage">
<kw name="Click Element" library="SeleniumLibrary">
<doc>Click the element identified by ``locator``.</doc>
<arguments>
<arg>//span[@aria-label='Next Month']</arg>
</arguments>
<msg timestamp="20220809 15:03:56.213" level="INFO">Clicking element '//span[@aria-label='Next Month']'.</msg>
<status status="PASS" starttime="20220809 15:03:56.213" endtime="20220809 15:03:56.282"></status>
</kw>
<kw name="Sleep" library="BuiltIn">
<doc>Pauses the test executed for the given time.</doc>
<arguments>
<arg>1s</arg>
</arguments>
<msg timestamp="20220809 15:03:57.289" level="INFO">Slept 1 second</msg>
<status status="PASS" starttime="20220809 15:03:56.282" endtime="20220809 15:03:57.289"></status>
</kw>
<status status="PASS" starttime="20220809 15:03:56.212" endtime="20220809 15:03:57.289"></status>
</kw>
<status status="PASS" starttime="20220809 15:03:56.212" endtime="20220809 15:03:57.290"></status>
</kw>
<kw name="Exit For Loop If" library="BuiltIn">
<doc>Stops executing the enclosing for loop if the ``condition`` is true.</doc>
<arguments>
<arg>"${InputMonthYear}"=="${MonthYearValue}"</arg>
</arguments>
<status status="PASS" starttime="20220809 15:03:57.290" endtime="20220809 15:03:57.290"></status>
</kw>
<status status="PASS" starttime="20220809 15:03:56.164" endtime="20220809 15:03:57.290"></status>
</kw>
<kw name="${counter} = 1" type="foritem">
<kw name="Get Text" library="SeleniumLibrary">
<doc>Returns the text value of the element identified by ``locator``.</doc>
<arguments>
<arg>(//div[@class='DayPicker-Caption'])[1]</arg>
</arguments>
<assign>
<var>${MonthYearValue}</var>
</assign>
<msg timestamp="20220809 15:03:57.303" level="INFO">${MonthYearValue} = September 2022</msg>
<status status="PASS" starttime="20220809 15:03:57.291" endtime="20220809 15:03:57.303"></status>
</kw>
<kw name="Run Keyword If" library="BuiltIn">
<doc>Runs the given keyword with the given arguments, if ``condition`` is true.</doc>
<arguments>
<arg>"${InputMonthYear}"!="${MonthYearValue}"</arg>
<arg>Click NextMOnth</arg>
</arguments>
<kw name="Click NextMOnth" library="HomePage">
<kw name="Click Element" library="SeleniumLibrary">
<doc>Click the element identified by ``locator``.</doc>
<arguments>
<arg>//span[@aria-label='Next Month']</arg>
</arguments>
<msg timestamp="20220809 15:03:57.304" level="INFO">Clicking element '//span[@aria-label='Next Month']'.</msg>
<status status="PASS" starttime="20220809 15:03:57.304" endtime="20220809 15:03:57.341"></status>
</kw>
<kw name="Sleep" library="BuiltIn">
<doc>Pauses the test executed for the given time.</doc>
<arguments>
<arg>1s</arg>
</arguments>
<msg timestamp="20220809 15:03:58.349" level="INFO">Slept 1 second</msg>
<status status="PASS" starttime="20220809 15:03:57.341" endtime="20220809 15:03:58.349"></status>
</kw>
<status status="PASS" starttime="20220809 15:03:57.304" endtime="20220809 15:03:58.350"></status>
</kw>
<status status="PASS" starttime="20220809 15:03:57.303" endtime="20220809 15:03:58.351"></status>
</kw>
<kw name="Exit For Loop If" library="BuiltIn">
<doc>Stops executing the enclosing for loop if the ``condition`` is true.</doc>
<arguments>
<arg>"${InputMonthYear}"=="${MonthYearValue}"</arg>
</arguments>
<status status="PASS" starttime="20220809 15:03:58.351" endtime="20220809 15:03:58.353"></status>
</kw>
<status status="PASS" starttime="20220809 15:03:57.291" endtime="20220809 15:03:58.353"></status>
</kw>
<kw name="${counter} = 2" type="foritem">
<kw name="Get Text" library="SeleniumLibrary">
<doc>Returns the text value of the element identified by ``locator``.</doc>
<arguments>
<arg>(//div[@class='DayPicker-Caption'])[1]</arg>
</arguments>
<assign>
<var>${MonthYearValue}</var>
</assign>
<msg timestamp="20220809 15:03:58.388" level="INFO">${MonthYearValue} = October 2022</msg>
<status status="PASS" starttime="20220809 15:03:58.354" endtime="20220809 15:03:58.388"></status>
</kw>
<kw name="Run Keyword If" library="BuiltIn">
<doc>Runs the given keyword with the given arguments, if ``condition`` is true.</doc>
<arguments>
<arg>"${InputMonthYear}"!="${MonthYearValue}"</arg>
<arg>Click NextMOnth</arg>
</arguments>
<kw name="Click NextMOnth" library="HomePage">
<kw name="Click Element" library="SeleniumLibrary">
<doc>Click the element identified by ``locator``.</doc>
<arguments>
<arg>//span[@aria-label='Next Month']</arg>
</arguments>
<msg timestamp="20220809 15:03:58.389" level="INFO">Clicking element '//span[@aria-label='Next Month']'.</msg>
<status status="PASS" starttime="20220809 15:03:58.389" endtime="20220809 15:03:58.424"></status>
</kw>
<kw name="Sleep" library="BuiltIn">
<doc>Pauses the test executed for the given time.</doc>
<arguments>
<arg>1s</arg>
</arguments>
<msg timestamp="20220809 15:03:59.428" level="INFO">Slept 1 second</msg>
<status status="PASS" starttime="20220809 15:03:58.424" endtime="20220809 15:03:59.428"></status>
</kw>
<status status="PASS" starttime="20220809 15:03:58.389" endtime="20220809 15:03:59.429"></status>
</kw>
<status status="PASS" starttime="20220809 15:03:58.388" endtime="20220809 15:03:59.429"></status>
</kw>
<kw name="Exit For Loop If" library="BuiltIn">
<doc>Stops executing the enclosing for loop if the ``condition`` is true.</doc>
<arguments>
<arg>"${InputMonthYear}"=="${MonthYearValue}"</arg>
</arguments>
<status status="PASS" starttime="20220809 15:03:59.429" endtime="20220809 15:03:59.430"></status>
</kw>
<status status="PASS" starttime="20220809 15:03:58.354" endtime="20220809 15:03:59.430"></status>
</kw>
<kw name="${counter} = 3" type="foritem">
<kw name="Get Text" library="SeleniumLibrary">
<doc>Returns the text value of the element identified by ``locator``.</doc>
<arguments>
<arg>(//div[@class='DayPicker-Caption'])[1]</arg>
</arguments>
<assign>
<var>${MonthYearValue}</var>
</assign>
<msg timestamp="20220809 15:03:59.449" level="INFO">${MonthYearValue} = November 2022</msg>
<status status="PASS" starttime="20220809 15:03:59.430" endtime="20220809 15:03:59.449"></status>
</kw>
<kw name="Run Keyword If" library="BuiltIn">
<doc>Runs the given keyword with the given arguments, if ``condition`` is true.</doc>
<arguments>
<arg>"${InputMonthYear}"!="${MonthYearValue}"</arg>
<arg>Click NextMOnth</arg>
</arguments>
<kw name="Click NextMOnth" library="HomePage">
<kw name="Click Element" library="SeleniumLibrary">
<doc>Click the element identified by ``locator``.</doc>
<arguments>
<arg>//span[@aria-label='Next Month']</arg>
</arguments>
<msg timestamp="20220809 15:03:59.451" level="INFO">Clicking element '//span[@aria-label='Next Month']'.</msg>
<status status="PASS" starttime="20220809 15:03:59.450" endtime="20220809 15:03:59.495"></status>
</kw>
<kw name="Sleep" library="BuiltIn">
<doc>Pauses the test executed for the given time.</doc>
<arguments>
<arg>1s</arg>
</arguments>
<msg timestamp="20220809 15:04:00.503" level="INFO">Slept 1 second</msg>
<status status="PASS" starttime="20220809 15:03:59.495" endtime="20220809 15:04:00.503"></status>
</kw>
<status status="PASS" starttime="20220809 15:03:59.450" endtime="20220809 15:04:00.504"></status>
</kw>
<status status="PASS" starttime="20220809 15:03:59.450" endtime="20220809 15:04:00.505"></status>
</kw>
<kw name="Exit For Loop If" library="BuiltIn">
<doc>Stops executing the enclosing for loop if the ``condition`` is true.</doc>
<arguments>
<arg>"${InputMonthYear}"=="${MonthYearValue}"</arg>
</arguments>
<status status="PASS" starttime="20220809 15:04:00.505" endtime="20220809 15:04:00.507"></status>
</kw>
<status status="PASS" starttime="20220809 15:03:59.430" endtime="20220809 15:04:00.507"></status>
</kw>
<kw name="${counter} = 4" type="foritem">
<kw name="Get Text" library="SeleniumLibrary">
<doc>Returns the text value of the element identified by ``locator``.</doc>
<arguments>
<arg>(//div[@class='DayPicker-Caption'])[1]</arg>
</arguments>
<assign>
<var>${MonthYearValue}</var>
</assign>
<msg timestamp="20220809 15:04:00.538" level="INFO">${MonthYearValue} = December 2022</msg>
<status status="PASS" starttime="20220809 15:04:00.508" endtime="20220809 15:04:00.538"></status>
</kw>
<kw name="Run Keyword If" library="BuiltIn">
<doc>Runs the given keyword with the given arguments, if ``condition`` is true.</doc>
<arguments>
<arg>"${InputMonthYear}"!="${MonthYearValue}"</arg>
<arg>Click NextMOnth</arg>
</arguments>
<status status="PASS" starttime="20220809 15:04:00.539" endtime="20220809 15:04:00.539"></status>
</kw>
<kw name="Exit For Loop If" library="BuiltIn">
<doc>Stops executing the enclosing for loop if the ``condition`` is true.</doc>
<arguments>
<arg>"${InputMonthYear}"=="${MonthYearValue}"</arg>
</arguments>
<msg timestamp="20220809 15:04:00.540" level="INFO">Exiting for loop altogether.</msg>
<status status="PASS" starttime="20220809 15:04:00.539" endtime="20220809 15:04:00.540"></status>
</kw>
<status status="PASS" starttime="20220809 15:04:00.508" endtime="20220809 15:04:00.540"></status>
</kw>
<status status="PASS" starttime="20220809 15:03:56.163" endtime="20220809 15:04:00.540"></status>
</kw>
<kw name="Click Date" library="HomePage">
<arguments>
<arg>${Day}</arg>
</arguments>
<kw name="Click Element" library="SeleniumLibrary">
<doc>Click the element identified by ``locator``.</doc>
<arguments>
<arg>((//div[@class='DayPicker-Month'])[1]//div[@class='DayPicker-Day'])[${Day}]</arg>
</arguments>
<msg timestamp="20220809 15:04:00.541" level="INFO">Clicking element '((//div[@class='DayPicker-Month'])[1]//div[@class='DayPicker-Day'])[22]'.</msg>
<status status="PASS" starttime="20220809 15:04:00.541" endtime="20220809 15:04:00.612"></status>
</kw>
<status status="PASS" starttime="20220809 15:04:00.540" endtime="20220809 15:04:00.612"></status>
</kw>
<status status="PASS" starttime="20220809 15:03:56.082" endtime="20220809 15:04:00.613"></status>
</kw>
<kw name="Select Travellers" library="HomePage">
<arguments>
<arg>1</arg>
<arg>1</arg>
<arg>1</arg>
</arguments>
<kw name="Evaluate" library="BuiltIn">
<doc>Evaluates the given expression in Python and returns the result.</doc>
<arguments>
<arg>${Children_Travellers}+1</arg>
</arguments>
<assign>
<var>${Children_Travellers}</var>
</assign>
<msg timestamp="20220809 15:04:00.615" level="INFO">${Children_Travellers} = 2</msg>
<status status="PASS" starttime="20220809 15:04:00.614" endtime="20220809 15:04:00.615"></status>
</kw>
<kw name="Evaluate" library="BuiltIn">
<doc>Evaluates the given expression in Python and returns the result.</doc>
<arguments>
<arg>${Infants_Travellers}+1</arg>
</arguments>
<assign>
<var>${Infants_Travellers}</var>
</assign>
<msg timestamp="20220809 15:04:00.615" level="INFO">${Infants_Travellers} = 2</msg>
<status status="PASS" starttime="20220809 15:04:00.615" endtime="20220809 15:04:00.615"></status>
</kw>
<kw name="Click Element" library="SeleniumLibrary">
<doc>Click the element identified by ``locator``.</doc>
<arguments>
<arg>${Travellers&amp;Class_Label_Xpath}</arg>
</arguments>
<msg timestamp="20220809 15:04:00.616" level="INFO">Clicking element '//div[@data-cy='flightTraveller']'.</msg>
<status status="PASS" starttime="20220809 15:04:00.615" endtime="20220809 15:04:00.696"></status>
</kw>
<kw name="Sleep" library="BuiltIn">
<doc>Pauses the test executed for the given time.</doc>
<arguments>
<arg>1s</arg>
</arguments>
<msg timestamp="20220809 15:04:01.708" level="INFO">Slept 1 second</msg>
<status status="PASS" starttime="20220809 15:04:00.696" endtime="20220809 15:04:01.708"></status>
</kw>
<kw name="Catenate" library="BuiltIn">
<doc>Catenates the given items together and returns the resulted string.</doc>
<arguments>
<arg>SEPARATOR=</arg>
<arg>${AdultTraveller_Xpath}</arg>
<arg>[${Adult_Travellers}]</arg>
</arguments>
<assign>
<var>${AdultTraveller_Xpath}</var>
</assign>
<msg timestamp="20220809 15:04:01.710" level="INFO">${AdultTraveller_Xpath} = ((//ul[contains(@class,'guestCounter')])[1]//li)[1]</msg>
<status status="PASS" starttime="20220809 15:04:01.709" endtime="20220809 15:04:01.710"></status>
</kw>
<kw name="Click Element" library="SeleniumLibrary">
<doc>Click the element identified by ``locator``.</doc>
<arguments>
<arg>${AdultTraveller_Xpath}</arg>
</arguments>
<msg timestamp="20220809 15:04:01.711" level="INFO">Clicking element '((//ul[contains(@class,'guestCounter')])[1]//li)[1]'.</msg>
<status status="PASS" starttime="20220809 15:04:01.710" endtime="20220809 15:04:01.790"></status>
</kw>
<kw name="Sleep" library="BuiltIn">
<doc>Pauses the test executed for the given time.</doc>
<arguments>
<arg>1s</arg>
</arguments>
<msg timestamp="20220809 15:04:02.804" level="INFO">Slept 1 second</msg>
<status status="PASS" starttime="20220809 15:04:01.790" endtime="20220809 15:04:02.804"></status>
</kw>
<kw name="Catenate" library="BuiltIn">
<doc>Catenates the given items together and returns the resulted string.</doc>
<arguments>
<arg>SEPARATOR=</arg>
<arg>${ChildrenTraveller_Xpath}</arg>
<arg>[${Children_Travellers}]</arg>
</arguments>
<assign>
<var>${ChildrenTraveller_Xpath}</var>
</assign>
<msg timestamp="20220809 15:04:02.805" level="INFO">${ChildrenTraveller_Xpath} = ((//ul[contains(@class,'guestCounter')])[2]//li)[2]</msg>
<status status="PASS" starttime="20220809 15:04:02.805" endtime="20220809 15:04:02.805"></status>
</kw>
<kw name="Click Element" library="SeleniumLibrary">
<doc>Click the element identified by ``locator``.</doc>
<arguments>
<arg>${ChildrenTraveller_Xpath}</arg>
</arguments>
<msg timestamp="20220809 15:04:02.806" level="INFO">Clicking element '((//ul[contains(@class,'guestCounter')])[2]//li)[2]'.</msg>
<status status="PASS" starttime="20220809 15:04:02.805" endtime="20220809 15:04:02.862"></status>
</kw>
<kw name="Sleep" library="BuiltIn">
<doc>Pauses the test executed for the given time.</doc>
<arguments>
<arg>1s</arg>
</arguments>
<msg timestamp="20220809 15:04:03.866" level="INFO">Slept 1 second</msg>
<status status="PASS" starttime="20220809 15:04:02.862" endtime="20220809 15:04:03.866"></status>
</kw>
<kw name="Catenate" library="BuiltIn">
<doc>Catenates the given items together and returns the resulted string.</doc>
<arguments>
<arg>SEPARATOR=</arg>
<arg>${InfantTraveller_Xpath}</arg>
<arg>[${Infants_Travellers}]</arg>
</arguments>
<assign>
<var>${InfantTraveller_Xpath}</var>
</assign>
<msg timestamp="20220809 15:04:03.869" level="INFO">${InfantTraveller_Xpath} = ((//ul[contains(@class,'guestCounter')])[3]//li)[2]</msg>
<status status="PASS" starttime="20220809 15:04:03.867" endtime="20220809 15:04:03.869"></status>
</kw>
<kw name="Click Element" library="SeleniumLibrary">
<doc>Click the element identified by ``locator``.</doc>
<arguments>
<arg>${InfantTraveller_Xpath}</arg>
</arguments>
<msg timestamp="20220809 15:04:03.871" level="INFO">Clicking element '((//ul[contains(@class,'guestCounter')])[3]//li)[2]'.</msg>
<status status="PASS" starttime="20220809 15:04:03.870" endtime="20220809 15:04:03.958"></status>
</kw>
<kw name="Sleep" library="BuiltIn">
<doc>Pauses the test executed for the given time.</doc>
<arguments>
<arg>1s</arg>
</arguments>
<msg timestamp="20220809 15:04:04.962" level="INFO">Slept 1 second</msg>
<status status="PASS" starttime="20220809 15:04:03.958" endtime="20220809 15:04:04.963"></status>
</kw>
<status status="PASS" starttime="20220809 15:04:00.613" endtime="20220809 15:04:04.964"></status>
</kw>
<kw name="Select Travel Class" library="HomePage">
<arguments>
<arg>${TravelClass}</arg>
</arguments>
<kw name="Sleep" library="BuiltIn">
<doc>Pauses the test executed for the given time.</doc>
<arguments>
<arg>1s</arg>
</arguments>
<msg timestamp="20220809 15:04:05.971" level="INFO">Slept 1 second</msg>
<status status="PASS" starttime="20220809 15:04:04.965" endtime="20220809 15:04:05.971"></status>
</kw>
<kw name="Run Keyword If" library="BuiltIn">
<doc>Runs the given keyword with the given arguments, if ``condition`` is true.</doc>
<arguments>
<arg>"${TravelClass}"=="Economy"</arg>
<arg>Click on Economy Travel Class</arg>
<arg>ELSE IF</arg>
<arg>"${TravelClass}"=="Premium"</arg>
<arg>Click on Premium Economy Travel Class</arg>
<arg>ELSE IF</arg>
<arg>"${TravelClass}"=="Business"</arg>
<arg>Click on Business Travel Class</arg>
</arguments>
<kw name="Click on Premium Economy Travel Class" library="HomePage">
<kw name="Click Element" library="SeleniumLibrary">
<doc>Click the element identified by ``locator``.</doc>
<arguments>
<arg>${PremiumEco_Xpath}</arg>
</arguments>
<msg timestamp="20220809 15:04:05.973" level="INFO">Clicking element '//li[@data-cy='travelClass-1']'.</msg>
<status status="PASS" starttime="20220809 15:04:05.973" endtime="20220809 15:04:06.051"></status>
</kw>
<status status="PASS" starttime="20220809 15:04:05.972" endtime="20220809 15:04:06.052"></status>
</kw>
<status status="PASS" starttime="20220809 15:04:05.972" endtime="20220809 15:04:06.052"></status>
</kw>
<kw name="Sleep" library="BuiltIn">
<doc>Pauses the test executed for the given time.</doc>
<arguments>
<arg>2s</arg>
</arguments>
<msg timestamp="20220809 15:04:08.055" level="INFO">Slept 2 seconds</msg>
<status status="PASS" starttime="20220809 15:04:06.053" endtime="20220809 15:04:08.056"></status>
</kw>
<kw name="Click Element" library="SeleniumLibrary">
<doc>Click the element identified by ``locator``.</doc>
<arguments>
<arg>${Travellers&amp;Class_APPLY_Btn_Xpath}</arg>
</arguments>
<msg timestamp="20220809 15:04:08.057" level="INFO">Clicking element '//button[text()='APPLY']'.</msg>
<status status="PASS" starttime="20220809 15:04:08.056" endtime="20220809 15:04:08.124"></status>
</kw>
<status status="PASS" starttime="20220809 15:04:04.964" endtime="20220809 15:04:08.124"></status>
</kw>
<kw name="Click on SEARCH Button" library="HomePage">
<kw name="Click Element" library="SeleniumLibrary">
<doc>Click the element identified by ``locator``.</doc>
<arguments>
<arg>${SEARCH_Btn_Xpath}</arg>
</arguments>
<msg timestamp="20220809 15:04:08.125" level="INFO">Clicking element '//a[text()='Search']'.</msg>
<status status="PASS" starttime="20220809 15:04:08.125" endtime="20220809 15:04:10.037"></status>
</kw>
<status status="PASS" starttime="20220809 15:04:08.124" endtime="20220809 15:04:10.038"></status>
</kw>
<kw name="Run Keyword And Ignore Error" library="BuiltIn">
<doc>Runs the given keyword with the given arguments and ignores possible error.</doc>
<arguments>
<arg>Handle Lock Price&amp;Pay Later! Notification</arg>
</arguments>
<kw name="Handle Lock Price&amp;Pay Later! Notification" library="CommonFunctionalities">
<kw name="Sleep" library="BuiltIn">
<doc>Pauses the test executed for the given time.</doc>
<arguments>
<arg>2s</arg>
</arguments>
<msg timestamp="20220809 15:04:12.044" level="INFO">Slept 2 seconds</msg>
<status status="PASS" starttime="20220809 15:04:10.040" endtime="20220809 15:04:12.045"></status>
</kw>
<kw name="Click Element" library="SeleniumLibrary">
<doc>Click the element identified by ``locator``.</doc>
<arguments>
<arg>${LockPrice&amp;PayLater_Xpath}</arg>
</arguments>
<msg timestamp="20220809 15:04:12.046" level="INFO">Clicking element '//span[contains(@class,'overlayCrossIcon')]'.</msg>
<status status="PASS" starttime="20220809 15:04:12.045" endtime="20220809 15:04:12.126"></status>
</kw>
<status status="PASS" starttime="20220809 15:04:10.039" endtime="20220809 15:04:12.126"></status>
</kw>
<status status="PASS" starttime="20220809 15:04:10.039" endtime="20220809 15:04:12.127"></status>
</kw>
<kw name="Validate Title of the Page" library="BookFlightPage">
<arguments>
<arg>${FROM_Indian_CITY}</arg>
<arg>${TO_Indian_CITY}</arg>
</arguments>
<kw name="Sleep" library="BuiltIn">
<doc>Pauses the test executed for the given time.</doc>
<arguments>
<arg>3s</arg>
</arguments>
<msg timestamp="20220809 15:04:15.142" level="INFO">Slept 3 seconds</msg>
<status status="PASS" starttime="20220809 15:04:12.128" endtime="20220809 15:04:15.144"></status>
</kw>
<kw name="Get Text" library="SeleniumLibrary">
<doc>Returns the text value of the element identified by ``locator``.</doc>
<arguments>
<arg>${TitleofBookFlightPage_Xpath}</arg>
</arguments>
<assign>
<var>${TitleofBookFlightPage}</var>
</assign>
<msg timestamp="20220809 15:04:15.189" level="INFO">${TitleofBookFlightPage} = Flights from Mumbai to Bengaluru</msg>
<status status="PASS" starttime="20220809 15:04:15.145" endtime="20220809 15:04:15.189"></status>
</kw>
<kw name="Log" library="BuiltIn">
<doc>Logs the given message with the given level.</doc>
<arguments>
<arg>${TitleofBookFlightPage}</arg>
</arguments>
<msg timestamp="20220809 15:04:15.190" level="INFO">Flights from Mumbai to Bengaluru</msg>
<status status="PASS" starttime="20220809 15:04:15.190" endtime="20220809 15:04:15.190"></status>
</kw>
<kw name="Catenate" library="BuiltIn">
<doc>Catenates the given items together and returns the resulted string.</doc>
<arguments>
<arg>Flights from</arg>
<arg>${FROM_Indian_CITY}</arg>
<arg>to</arg>
<arg>${To_Indian_CITY}</arg>
</arguments>
<assign>
<var>${Req_TitleofBookFlightPage}</var>
</assign>
<msg timestamp="20220809 15:04:15.191" level="INFO">${Req_TitleofBookFlightPage} = Flights from Mumbai to Bengaluru</msg>
<status status="PASS" starttime="20220809 15:04:15.190" endtime="20220809 15:04:15.191"></status>
</kw>
<kw name="Should Be Equal As Strings" library="BuiltIn">
<doc>Fails if objects are unequal after converting them to strings.</doc>
<arguments>
<arg>${Req_TitleofBookFlightPage}</arg>
<arg>${TitleofBookFlightPage}</arg>
</arguments>
<status status="PASS" starttime="20220809 15:04:15.191" endtime="20220809 15:04:15.192"></status>
</kw>
<status status="PASS" starttime="20220809 15:04:12.127" endtime="20220809 15:04:15.192"></status>
</kw>
<kw name="Click on VIEW PRICES Button" library="BookFlightPage">
<kw name="Wait Until Element Is Visible" library="SeleniumLibrary">
<doc>Waits until the element ``locator`` is visible.</doc>
<arguments>
<arg>${ViewPricesBtn_Xpath}</arg>
</arguments>
<status status="PASS" starttime="20220809 15:04:15.193" endtime="20220809 15:04:15.216"></status>
</kw>
<kw name="Click Element" library="SeleniumLibrary">
<doc>Click the element identified by ``locator``.</doc>
<arguments>
<arg>${ViewPricesBtn_Xpath}</arg>
</arguments>
<msg timestamp="20220809 15:04:15.216" level="INFO">Clicking element '(//*[contains(@class,'ViewFareBtn')])[1]'.</msg>
<status status="PASS" starttime="20220809 15:04:15.216" endtime="20220809 15:04:15.329"></status>
</kw>
<status status="PASS" starttime="20220809 15:04:15.192" endtime="20220809 15:04:15.330"></status>
</kw>
<kw name="Click on BOOK NOW BUTTON" library="BookFlightPage">
<kw name="Execute Javascript" library="SeleniumLibrary">
<doc>Executes the given JavaScript code with possible arguments.</doc>
<arguments>
<arg>${ScrollingPage}</arg>
</arguments>
<msg timestamp="20220809 15:04:15.331" level="INFO">Executing JavaScript:
document.scrollingElement.scrollBy(0,400)
Without any arguments.</msg>
<status status="PASS" starttime="20220809 15:04:15.330" endtime="20220809 15:04:15.356"></status>
</kw>
<kw name="Wait Until Element Is Visible" library="SeleniumLibrary">
<doc>Waits until the element ``locator`` is visible.</doc>
<arguments>
<arg>${BookNowBtn_Xpath}</arg>
</arguments>
<status status="PASS" starttime="20220809 15:04:15.356" endtime="20220809 15:04:15.640"></status>
</kw>
<kw name="Click Element" library="SeleniumLibrary">
<doc>Click the element identified by ``locator``.</doc>
<arguments>
<arg>${BookNowBtn_Xpath}</arg>
</arguments>
<msg timestamp="20220809 15:04:15.641" level="INFO">Clicking element '(//button[contains(@class,'buttonPrimary')])[1]'.</msg>
<status status="PASS" starttime="20220809 15:04:15.641" endtime="20220809 15:04:15.750"></status>
</kw>
<status status="PASS" starttime="20220809 15:04:15.330" endtime="20220809 15:04:15.751"></status>
</kw>
<doc>This Testcase will Verify that User is able to book Flights after giving required inputs.(FOR ONEWAY TRIP)</doc>
<status status="PASS" starttime="20220809 15:03:30.008" endtime="20220809 15:04:15.751" critical="yes"></status>
</test>
<status status="PASS" starttime="20220809 15:03:28.795" endtime="20220809 15:04:15.752"></status>
</suite>
<status status="PASS" starttime="20220809 15:03:28.792" endtime="20220809 15:04:15.754"></status>
</suite>
<status status="PASS" starttime="20220809 15:03:28.773" endtime="20220809 15:04:15.756"></status>
</suite>
<statistics>
<total>
<stat pass="1" fail="0">Critical Tests</stat>
<stat pass="1" fail="0">All Tests</stat>
</total>
<tag>
</tag>
<suite>
<stat pass="1" fail="0" id="s1" name="RobotFramework MakeMyTrip">RobotFramework MakeMyTrip</stat>
<stat pass="1" fail="0" id="s1-s1" name="Testcases">RobotFramework MakeMyTrip.Testcases</stat>
<stat pass="1" fail="0" id="s1-s1-s1" name="RobotTestcases">RobotFramework MakeMyTrip.Testcases.RobotTestcases</stat>
</suite>
</statistics>
<errors>
</errors>
</robot>
