<?xml version="1.0" encoding="UTF-8"?>
<robot generator="Robot 3.2.2 (Python 3.9.7 on win32)" generated="20220816 13:11:57.812" rpa="false">
<suite id="s1" name="RobotFramework MakeMyTrip" source="C:\Users\P1324386\eclipse-workspace\RobotFramework_MakeMyTrip">
<suite id="s1-s1" name="Testcases" source="C:\Users\P1324386\eclipse-workspace\RobotFramework_MakeMyTrip\Testcases">
<suite id="s1-s1-s1" name="RobotTestcases" source="C:\Users\P1324386\eclipse-workspace\RobotFramework_MakeMyTrip\Testcases\RobotTestcases.robot">
<test id="s1-s1-s1-t1" name="MMT-FLIGHTS-TC-016">
<kw name="Log" library="BuiltIn">
<doc>Logs the given message with the given level.</doc>
<arguments>
<arg>${TEST_NAME}</arg>
</arguments>
<msg timestamp="20220816 13:11:59.533" level="INFO">MMT-FLIGHTS-TC-016</msg>
<status status="PASS" starttime="20220816 13:11:59.533" endtime="20220816 13:11:59.533"></status>
</kw>
<kw name="Open MakemyTrip Application" library="CommonFunctionalities">
<kw name="Append To Environment Variable" library="OperatingSystem">
<doc>Appends given ``values`` to environment variable ``name``.</doc>
<arguments>
<arg>Path</arg>
<arg>${EXECDIR}${/}Drivers</arg>
</arguments>
<msg timestamp="20220816 13:11:59.534" level="INFO">Environment variable 'Path' set to value 'C:/Prasad/eclipse//plugins/org.eclipse.justj.openjdk.hotspot.jre.full.win32.x86_64_16.0.1.v20210528-1205/jre/bin/server;C:/Prasad/eclipse//plugins/org.eclipse.justj.openjdk.hotspot.jre.full.win32.x86_64_16.0.1.v20210528-1205/jre/bin;C:\Program Files (x86)\TRICENTIS\Tosca Testsuite\ToscaCommander;;C:\Program Files (x86)\TRICENTIS\Tosca Testsuite\Classic;C:\Program Files (x86)\TRICENTIS\Tosca Testsuite\Classic\dll;C:\Program Files (x86)\TRICENTIS\Tosca Testsuite\Classic\dll\GuptaEngine;C:\Program Files (x86)\TRICENTIS\Tosca Testsuite\ToscaCommander;C:\Program Files (x86)\TRICENTIS\Tosca Testsuite\Classic\dll\DelphiEngine;C:\Program Files (x86)\TRICENTIS\Tosca Testsuite\Classic\dll\PBEngine;C:\Program Files (x86)\TRICENTIS\Tosca Testsuite\Classic\dll\VBEngine;C:\Program Files (x86)\TRICENTIS\Tosca Testsuite\Classic\dll\DotNetHooking;;C:\Program Files\Common Files\Oracle\Java\javapath;C:\WINDOWS\system32;C:\WINDOWS;C:\WINDOWS\System32\Wbem;C:\WINDOWS\System32\WindowsPowerShell\v1.0\;C:\WINDOWS\System32\OpenSSH\;C:\Program Files\Microsoft SQL Server\Client SDK\ODBC\170\Tools\Binn\;C:\Program Files (x86)\Microsoft SQL Server\150\Tools\Binn\;C:\Program Files\Microsoft SQL Server\150\Tools\Binn\;C:\Program Files\Microsoft SQL Server\150\DTS\Binn\;C:\Program Files (x86)\Microsoft SQL Server\150\DTS\Binn\;C:\Program Files\Azure Data Studio\bin;C:\Program Files\dotnet\;C:\Program Files\Java\jdk-11.0.12\bin;C:\Program Files\nodejs\;C:\Python\Scripts;C:\Program Files\Git\cmd;C:\Python\Scripts\;C:\Python\;C:\Users\P1324386\AppData\Local\Microsoft\WindowsApps;C:\Program Files\Azure Data Studio\bin;C:\Users\P1324386\.dotnet\tools;C:\Users\P1324386\AppData\Roaming\npm;C:\Program Files\Git\cmd;;C:\Prasad\eclipse;;C:\Users\P1324386\eclipse-workspace\RobotFramework_MakeMyTrip\Drivers'.</msg>
<status status="PASS" starttime="20220816 13:11:59.534" endtime="20220816 13:11:59.534"></status>
</kw>
<kw name="Open Browser" library="SeleniumLibrary">
<doc>Opens a new browser instance to the optional ``url``.</doc>
<arguments>
<arg>browser=${BROWSER}</arg>
</arguments>
<msg timestamp="20220816 13:11:59.535" level="INFO">Opening browser 'chrome' to base url 'None'.</msg>
<status status="PASS" starttime="20220816 13:11:59.534" endtime="20220816 13:12:01.440"></status>
</kw>
<kw name="Go To" library="SeleniumLibrary">
<doc>Navigates the current browser window to the provided ``url``.</doc>
<arguments>
<arg>${URL}</arg>
</arguments>
<msg timestamp="20220816 13:12:01.442" level="INFO">Opening url 'https://www.makemytrip.com/'</msg>
<status status="PASS" starttime="20220816 13:12:01.440" endtime="20220816 13:12:08.535"></status>
</kw>
<kw name="Maximize Browser Window" library="SeleniumLibrary">
<doc>Maximizes current browser window.</doc>
<status status="PASS" starttime="20220816 13:12:08.536" endtime="20220816 13:12:08.660"></status>
</kw>
<kw name="Set Selenium Implicit Wait" library="SeleniumLibrary">
<doc>Sets the implicit wait value used by Selenium.</doc>
<arguments>
<arg>5</arg>
</arguments>
<status status="PASS" starttime="20220816 13:12:08.660" endtime="20220816 13:12:08.662"></status>
</kw>
<status status="PASS" starttime="20220816 13:11:59.533" endtime="20220816 13:12:08.662"></status>
</kw>
<kw name="Run Keyword And Ignore Error" library="BuiltIn">
<doc>Runs the given keyword with the given arguments and ignores possible error.</doc>
<arguments>
<arg>Handle Notification</arg>
</arguments>
<kw name="Handle Notification" library="CommonFunctionalities">
<kw name="Select Frame" library="SeleniumLibrary">
<doc>Sets frame identified by ``locator`` as the current frame.</doc>
<arguments>
<arg>${NotificationFrame_Xpath}</arg>
</arguments>
<msg timestamp="20220816 13:12:08.663" level="INFO">Selecting frame '//iframe[contains(@title,'notification')]'.</msg>
<kw name="Capture Page Screenshot" library="SeleniumLibrary">
<doc>Takes a screenshot of the current page and embeds it into a log file.</doc>
<msg timestamp="20220816 13:12:13.864" level="INFO" html="yes">&lt;/td&gt;&lt;/tr&gt;&lt;tr&gt;&lt;td colspan="3"&gt;&lt;a href="selenium-screenshot-34.png"&gt;&lt;img src="selenium-screenshot-34.png" width="800px"&gt;&lt;/a&gt;</msg>
<status status="PASS" starttime="20220816 13:12:13.690" endtime="20220816 13:12:13.865"></status>
</kw>
<msg timestamp="20220816 13:12:13.867" level="FAIL">Element with locator '//iframe[contains(@title,'notification')]' not found.</msg>
<status status="FAIL" starttime="20220816 13:12:08.663" endtime="20220816 13:12:13.868"></status>
</kw>
<status status="FAIL" starttime="20220816 13:12:08.663" endtime="20220816 13:12:13.868"></status>
</kw>
<status status="PASS" starttime="20220816 13:12:08.662" endtime="20220816 13:12:13.868"></status>
</kw>
<kw name="Handle Language Notification" library="CommonFunctionalities">
<kw name="Click Element" library="SeleniumLibrary">
<doc>Click the element identified by ``locator``.</doc>
<arguments>
<arg>${LangCardClose_Xpath}</arg>
</arguments>
<msg timestamp="20220816 13:12:13.869" level="INFO">Clicking element '//span[@class='langCardClose']'.</msg>
<status status="PASS" starttime="20220816 13:12:13.869" endtime="20220816 13:12:13.953"></status>
</kw>
<status status="PASS" starttime="20220816 13:12:13.868" endtime="20220816 13:12:13.953"></status>
</kw>
<kw name="Click on ONEWAY label" library="HomePage">
<kw name="Click Element" library="SeleniumLibrary">
<doc>Click the element identified by ``locator``.</doc>
<arguments>
<arg>${RoundTripRadioBtn_Xpath}</arg>
</arguments>
<msg timestamp="20220816 13:12:13.955" level="INFO">Clicking element '(//span[contains(@class,'tabsCircle')])[2]'.</msg>
<status status="PASS" starttime="20220816 13:12:13.954" endtime="20220816 13:12:14.050"></status>
</kw>
<kw name="Sleep" library="BuiltIn">
<doc>Pauses the test executed for the given time.</doc>
<arguments>
<arg>1s</arg>
</arguments>
<msg timestamp="20220816 13:12:15.056" level="INFO">Slept 1 second</msg>
<status status="PASS" starttime="20220816 13:12:14.050" endtime="20220816 13:12:15.056"></status>
</kw>
<kw name="Click Element" library="SeleniumLibrary">
<doc>Click the element identified by ``locator``.</doc>
<arguments>
<arg>${OneWayLabel_Xpath}</arg>
</arguments>
<msg timestamp="20220816 13:12:15.057" level="INFO">Clicking element '//li[@data-cy='oneWayTrip']'.</msg>
<status status="PASS" starttime="20220816 13:12:15.056" endtime="20220816 13:12:15.136"></status>
</kw>
<kw name="Get Text" library="SeleniumLibrary">
<doc>Returns the text value of the element identified by ``locator``.</doc>
<arguments>
<arg>${SelectedRadioButton_Xpath}</arg>
</arguments>
<assign>
<var>${OneWayTrip}</var>
</assign>
<msg timestamp="20220816 13:12:15.160" level="INFO">${OneWayTrip} = ONEWAY</msg>
<status status="PASS" starttime="20220816 13:12:15.137" endtime="20220816 13:12:15.160"></status>
</kw>
<kw name="Should Be Equal" library="BuiltIn">
<doc>Fails if the given objects are unequal.</doc>
<arguments>
<arg>${OneWayTrip}</arg>
<arg>ONEWAY</arg>
</arguments>
<status status="PASS" starttime="20220816 13:12:15.160" endtime="20220816 13:12:15.161"></status>
</kw>
<status status="PASS" starttime="20220816 13:12:13.953" endtime="20220816 13:12:15.161"></status>
</kw>
<kw name="Verify FROM Placeholder" library="HomePage">
<kw name="Click Element" library="SeleniumLibrary">
<doc>Click the element identified by ``locator``.</doc>
<arguments>
<arg>${FROM_Label_Xpath}</arg>
</arguments>
<msg timestamp="20220816 13:12:15.162" level="INFO">Clicking element '(//span[contains(@class,'lbl_input latoBold')])[1]'.</msg>
<status status="PASS" starttime="20220816 13:12:15.161" endtime="20220816 13:12:15.304"></status>
</kw>
<kw name="Sleep" library="BuiltIn">
<doc>Pauses the test executed for the given time.</doc>
<arguments>
<arg>2s</arg>
</arguments>
<msg timestamp="20220816 13:12:17.320" level="INFO">Slept 2 seconds</msg>
<status status="PASS" starttime="20220816 13:12:15.305" endtime="20220816 13:12:17.320"></status>
</kw>
<kw name="Get Element Attribute" library="SeleniumLibrary">
<doc>Returns the value of ``attribute`` from the element ``locator``.</doc>
<arguments>
<arg>${FROM_Placeholder_Xpath}</arg>
<arg>placeholder</arg>
</arguments>
<assign>
<var>${FROM_Placeholder}</var>
</assign>
<msg timestamp="20220816 13:12:17.334" level="INFO">${FROM_Placeholder} = From</msg>
<status status="PASS" starttime="20220816 13:12:17.320" endtime="20220816 13:12:17.334"></status>
</kw>
<kw name="Should Be Equal" library="BuiltIn">
<doc>Fails if the given objects are unequal.</doc>
<arguments>
<arg>${FROM_Placeholder}</arg>
<arg>From</arg>
</arguments>
<status status="PASS" starttime="20220816 13:12:17.335" endtime="20220816 13:12:17.335"></status>
</kw>
<status status="PASS" starttime="20220816 13:12:15.161" endtime="20220816 13:12:17.335"></status>
</kw>
<kw name="Verify FROM Search city" library="HomePage">
<arguments>
<arg>${FROM_Indian_CITY}</arg>
</arguments>
<kw name="Set Local Variable" library="BuiltIn">
<doc>Makes a variable available everywhere within the local scope.</doc>
<arguments>
<arg>${SearchedCity}</arg>
<arg>${SearchedCity}</arg>
</arguments>
<msg timestamp="20220816 13:12:17.338" level="INFO">${SearchedCity} = Pune</msg>
<status status="PASS" starttime="20220816 13:12:17.336" endtime="20220816 13:12:17.338"></status>
</kw>
<kw name="Input Text" library="SeleniumLibrary">
<doc>Types the given ``text`` into the text field identified by ``locator``.</doc>
<arguments>
<arg>${FROM_Placeholder_Xpath}</arg>
<arg>${SearchedCity}</arg>
</arguments>
<msg timestamp="20220816 13:12:17.339" level="INFO">Typing text 'Pune' into text field '//input[@placeholder='From']'.</msg>
<status status="PASS" starttime="20220816 13:12:17.338" endtime="20220816 13:12:17.415"></status>
</kw>
<kw name="Sleep" library="BuiltIn">
<doc>Pauses the test executed for the given time.</doc>
<arguments>
<arg>2s</arg>
</arguments>
<msg timestamp="20220816 13:12:19.430" level="INFO">Slept 2 seconds</msg>
<status status="PASS" starttime="20220816 13:12:17.415" endtime="20220816 13:12:19.431"></status>
</kw>
<kw name="Click Element" library="SeleniumLibrary">
<doc>Click the element identified by ``locator``.</doc>
<arguments>
<arg>${CityFromList_Xpath}</arg>
</arguments>
<msg timestamp="20220816 13:12:19.433" level="INFO">Clicking element '(//ul[@role='listbox']/li)[1]'.</msg>
<status status="PASS" starttime="20220816 13:12:19.432" endtime="20220816 13:12:19.548"></status>
</kw>
<kw name="Sleep" library="BuiltIn">
<doc>Pauses the test executed for the given time.</doc>
<arguments>
<arg>2s</arg>
</arguments>
<msg timestamp="20220816 13:12:21.552" level="INFO">Slept 2 seconds</msg>
<status status="PASS" starttime="20220816 13:12:19.549" endtime="20220816 13:12:21.553"></status>
</kw>
<kw name="Get Element Attribute" library="SeleniumLibrary">
<doc>Returns the value of ``attribute`` from the element ``locator``.</doc>
<arguments>
<arg>${FROM_City_Xpath}</arg>
<arg>value</arg>
</arguments>
<assign>
<var>${City}</var>
</assign>
<msg timestamp="20220816 13:12:21.582" level="INFO">${City} = Pune</msg>
<status status="PASS" starttime="20220816 13:12:21.553" endtime="20220816 13:12:21.583"></status>
</kw>
<kw name="Should Be Equal" library="BuiltIn">
<doc>Fails if the given objects are unequal.</doc>
<arguments>
<arg>${City}</arg>
<arg>${SearchedCity}</arg>
</arguments>
<status status="PASS" starttime="20220816 13:12:21.583" endtime="20220816 13:12:21.584"></status>
</kw>
<status status="PASS" starttime="20220816 13:12:17.335" endtime="20220816 13:12:21.584"></status>
</kw>
<kw name="Verify TO Search city" library="HomePage">
<arguments>
<arg>${TO_Indian_CITY}</arg>
</arguments>
<kw name="Set Local Variable" library="BuiltIn">
<doc>Makes a variable available everywhere within the local scope.</doc>
<arguments>
<arg>${SearchedCity}</arg>
<arg>${SearchedCity}</arg>
</arguments>
<msg timestamp="20220816 13:12:21.586" level="INFO">${SearchedCity} = Chennai</msg>
<status status="PASS" starttime="20220816 13:12:21.585" endtime="20220816 13:12:21.586"></status>
</kw>
<kw name="Input Text" library="SeleniumLibrary">
<doc>Types the given ``text`` into the text field identified by ``locator``.</doc>
<arguments>
<arg>${TO_Placeholder_Xpath}</arg>
<arg>${SearchedCity}</arg>
</arguments>
<msg timestamp="20220816 13:12:21.587" level="INFO">Typing text 'Chennai' into text field '//input[@placeholder='To']'.</msg>
<status status="PASS" starttime="20220816 13:12:21.586" endtime="20220816 13:12:21.663"></status>
</kw>
<kw name="Sleep" library="BuiltIn">
<doc>Pauses the test executed for the given time.</doc>
<arguments>
<arg>2s</arg>
</arguments>
<msg timestamp="20220816 13:12:23.669" level="INFO">Slept 2 seconds</msg>
<status status="PASS" starttime="20220816 13:12:21.663" endtime="20220816 13:12:23.670"></status>
</kw>
<kw name="Click Element" library="SeleniumLibrary">
<doc>Click the element identified by ``locator``.</doc>
<arguments>
<arg>${CityTOList_Xpath}</arg>
</arguments>
<msg timestamp="20220816 13:12:23.672" level="INFO">Clicking element '(//ul[@role='listbox']/li)[1]'.</msg>
<status status="PASS" starttime="20220816 13:12:23.671" endtime="20220816 13:12:23.780"></status>
</kw>
<kw name="Sleep" library="BuiltIn">
<doc>Pauses the test executed for the given time.</doc>
<arguments>
<arg>2s</arg>
</arguments>
<msg timestamp="20220816 13:12:25.785" level="INFO">Slept 2 seconds</msg>
<status status="PASS" starttime="20220816 13:12:23.781" endtime="20220816 13:12:25.785"></status>
</kw>
<kw name="Get Element Attribute" library="SeleniumLibrary">
<doc>Returns the value of ``attribute`` from the element ``locator``.</doc>
<arguments>
<arg>${TO_City_Xpath}</arg>
<arg>value</arg>
</arguments>
<assign>
<var>${City}</var>
</assign>
<msg timestamp="20220816 13:12:25.803" level="INFO">${City} = Chennai</msg>
<status status="PASS" starttime="20220816 13:12:25.786" endtime="20220816 13:12:25.803"></status>
</kw>
<kw name="Should Contain" library="BuiltIn">
<doc>Fails if ``container`` does not contain ``item`` one or more times.</doc>
<arguments>
<arg>${City}</arg>
<arg>${SearchedCity}</arg>
<arg>ignore_case=True</arg>
</arguments>
<status status="PASS" starttime="20220816 13:12:25.803" endtime="20220816 13:12:25.804"></status>
</kw>
<status status="PASS" starttime="20220816 13:12:21.584" endtime="20220816 13:12:25.804"></status>
</kw>
<kw name="DEPARTURE DATE" library="HomePage">
<arguments>
<arg>${Departure_MonthYear}</arg>
<arg>${Departure_Date}</arg>
</arguments>
<kw name="Set Local Variable" library="BuiltIn">
<doc>Makes a variable available everywhere within the local scope.</doc>
<arguments>
<arg>${InputMonthYear}</arg>
<arg>${MonthYear}</arg>
</arguments>
<msg timestamp="20220816 13:12:25.806" level="INFO">${InputMonthYear} = December 2022</msg>
<status status="PASS" starttime="20220816 13:12:25.805" endtime="20220816 13:12:25.806"></status>
</kw>
<kw name="${counter} IN RANGE [ 0 | 999 ]" type="for">
<kw name="${counter} = 0" type="foritem">
<kw name="Wait Until Element Is Visible" library="SeleniumLibrary">
<doc>Waits until the element ``locator`` is visible.</doc>
<arguments>
<arg>${MonthYearValue_Xpath}</arg>
</arguments>
<status status="PASS" starttime="20220816 13:12:25.807" endtime="20220816 13:12:25.828"></status>
</kw>
<kw name="Get Text" library="SeleniumLibrary">
<doc>Returns the text value of the element identified by ``locator``.</doc>
<arguments>
<arg>${MonthYearValue_Xpath}</arg>
</arguments>
<assign>
<var>${MonthYearValue}</var>
</assign>
<msg timestamp="20220816 13:12:25.846" level="INFO">${MonthYearValue} = August 2022</msg>
<status status="PASS" starttime="20220816 13:12:25.828" endtime="20220816 13:12:25.846"></status>
</kw>
<kw name="Run Keyword If" library="BuiltIn">
<doc>Runs the given keyword with the given arguments, if ``condition`` is true.</doc>
<arguments>
<arg>"${InputMonthYear}"!="${MonthYearValue}"</arg>
<arg>Click NextMOnth</arg>
</arguments>
<kw name="Click NextMOnth" library="HomePage">
<kw name="Click Element" library="SeleniumLibrary">
<doc>Click the element identified by ``locator``.</doc>
<arguments>
<arg>//span[@aria-label='Next Month']</arg>
</arguments>
<msg timestamp="20220816 13:12:25.847" level="INFO">Clicking element '//span[@aria-label='Next Month']'.</msg>
<status status="PASS" starttime="20220816 13:12:25.847" endtime="20220816 13:12:25.917"></status>
</kw>
<kw name="Sleep" library="BuiltIn">
<doc>Pauses the test executed for the given time.</doc>
<arguments>
<arg>1s</arg>
</arguments>
<msg timestamp="20220816 13:12:26.924" level="INFO">Slept 1 second</msg>
<status status="PASS" starttime="20220816 13:12:25.917" endtime="20220816 13:12:26.924"></status>
</kw>
<status status="PASS" starttime="20220816 13:12:25.847" endtime="20220816 13:12:26.925"></status>
</kw>
<status status="PASS" starttime="20220816 13:12:25.847" endtime="20220816 13:12:26.925"></status>
</kw>
<kw name="Exit For Loop If" library="BuiltIn">
<doc>Stops executing the enclosing for loop if the ``condition`` is true.</doc>
<arguments>
<arg>"${InputMonthYear}"=="${MonthYearValue}"</arg>
</arguments>
<status status="PASS" starttime="20220816 13:12:26.925" endtime="20220816 13:12:26.926"></status>
</kw>
<status status="PASS" starttime="20220816 13:12:25.807" endtime="20220816 13:12:26.926"></status>
</kw>
<kw name="${counter} = 1" type="foritem">
<kw name="Wait Until Element Is Visible" library="SeleniumLibrary">
<doc>Waits until the element ``locator`` is visible.</doc>
<arguments>
<arg>${MonthYearValue_Xpath}</arg>
</arguments>
<status status="PASS" starttime="20220816 13:12:26.927" endtime="20220816 13:12:26.949"></status>
</kw>
<kw name="Get Text" library="SeleniumLibrary">
<doc>Returns the text value of the element identified by ``locator``.</doc>
<arguments>
<arg>${MonthYearValue_Xpath}</arg>
</arguments>
<assign>
<var>${MonthYearValue}</var>
</assign>
<msg timestamp="20220816 13:12:26.966" level="INFO">${MonthYearValue} = September 2022</msg>
<status status="PASS" starttime="20220816 13:12:26.950" endtime="20220816 13:12:26.966"></status>
</kw>
<kw name="Run Keyword If" library="BuiltIn">
<doc>Runs the given keyword with the given arguments, if ``condition`` is true.</doc>
<arguments>
<arg>"${InputMonthYear}"!="${MonthYearValue}"</arg>
<arg>Click NextMOnth</arg>
</arguments>
<kw name="Click NextMOnth" library="HomePage">
<kw name="Click Element" library="SeleniumLibrary">
<doc>Click the element identified by ``locator``.</doc>
<arguments>
<arg>//span[@aria-label='Next Month']</arg>
</arguments>
<msg timestamp="20220816 13:12:26.968" level="INFO">Clicking element '//span[@aria-label='Next Month']'.</msg>
<status status="PASS" starttime="20220816 13:12:26.967" endtime="20220816 13:12:27.007"></status>
</kw>
<kw name="Sleep" library="BuiltIn">
<doc>Pauses the test executed for the given time.</doc>
<arguments>
<arg>1s</arg>
</arguments>
<msg timestamp="20220816 13:12:28.010" level="INFO">Slept 1 second</msg>
<status status="PASS" starttime="20220816 13:12:27.008" endtime="20220816 13:12:28.010"></status>
</kw>
<status status="PASS" starttime="20220816 13:12:26.967" endtime="20220816 13:12:28.011"></status>
</kw>
<status status="PASS" starttime="20220816 13:12:26.966" endtime="20220816 13:12:28.011"></status>
</kw>
<kw name="Exit For Loop If" library="BuiltIn">
<doc>Stops executing the enclosing for loop if the ``condition`` is true.</doc>
<arguments>
<arg>"${InputMonthYear}"=="${MonthYearValue}"</arg>
</arguments>
<status status="PASS" starttime="20220816 13:12:28.011" endtime="20220816 13:12:28.012"></status>
</kw>
<status status="PASS" starttime="20220816 13:12:26.926" endtime="20220816 13:12:28.012"></status>
</kw>
<kw name="${counter} = 2" type="foritem">
<kw name="Wait Until Element Is Visible" library="SeleniumLibrary">
<doc>Waits until the element ``locator`` is visible.</doc>
<arguments>
<arg>${MonthYearValue_Xpath}</arg>
</arguments>
<status status="PASS" starttime="20220816 13:12:28.012" endtime="20220816 13:12:28.025"></status>
</kw>
<kw name="Get Text" library="SeleniumLibrary">
<doc>Returns the text value of the element identified by ``locator``.</doc>
<arguments>
<arg>${MonthYearValue_Xpath}</arg>
</arguments>
<assign>
<var>${MonthYearValue}</var>
</assign>
<msg timestamp="20220816 13:12:28.037" level="INFO">${MonthYearValue} = October 2022</msg>
<status status="PASS" starttime="20220816 13:12:28.025" endtime="20220816 13:12:28.037"></status>
</kw>
<kw name="Run Keyword If" library="BuiltIn">
<doc>Runs the given keyword with the given arguments, if ``condition`` is true.</doc>
<arguments>
<arg>"${InputMonthYear}"!="${MonthYearValue}"</arg>
<arg>Click NextMOnth</arg>
</arguments>
<kw name="Click NextMOnth" library="HomePage">
<kw name="Click Element" library="SeleniumLibrary">
<doc>Click the element identified by ``locator``.</doc>
<arguments>
<arg>//span[@aria-label='Next Month']</arg>
</arguments>
<msg timestamp="20220816 13:12:28.038" level="INFO">Clicking element '//span[@aria-label='Next Month']'.</msg>
<status status="PASS" starttime="20220816 13:12:28.038" endtime="20220816 13:12:28.077"></status>
</kw>
<kw name="Sleep" library="BuiltIn">
<doc>Pauses the test executed for the given time.</doc>
<arguments>
<arg>1s</arg>
</arguments>
<msg timestamp="20220816 13:12:29.087" level="INFO">Slept 1 second</msg>
<status status="PASS" starttime="20220816 13:12:28.077" endtime="20220816 13:12:29.087"></status>
</kw>
<status status="PASS" starttime="20220816 13:12:28.038" endtime="20220816 13:12:29.088"></status>
</kw>
<status status="PASS" starttime="20220816 13:12:28.037" endtime="20220816 13:12:29.091"></status>
</kw>
<kw name="Exit For Loop If" library="BuiltIn">
<doc>Stops executing the enclosing for loop if the ``condition`` is true.</doc>
<arguments>
<arg>"${InputMonthYear}"=="${MonthYearValue}"</arg>
</arguments>
<status status="PASS" starttime="20220816 13:12:29.091" endtime="20220816 13:12:29.091"></status>
</kw>
<status status="PASS" starttime="20220816 13:12:28.012" endtime="20220816 13:12:29.091"></status>
</kw>
<kw name="${counter} = 3" type="foritem">
<kw name="Wait Until Element Is Visible" library="SeleniumLibrary">
<doc>Waits until the element ``locator`` is visible.</doc>
<arguments>
<arg>${MonthYearValue_Xpath}</arg>
</arguments>
<status status="PASS" starttime="20220816 13:12:29.092" endtime="20220816 13:12:29.107"></status>
</kw>
<kw name="Get Text" library="SeleniumLibrary">
<doc>Returns the text value of the element identified by ``locator``.</doc>
<arguments>
<arg>${MonthYearValue_Xpath}</arg>
</arguments>
<assign>
<var>${MonthYearValue}</var>
</assign>
<msg timestamp="20220816 13:12:29.119" level="INFO">${MonthYearValue} = November 2022</msg>
<status status="PASS" starttime="20220816 13:12:29.107" endtime="20220816 13:12:29.120"></status>
</kw>
<kw name="Run Keyword If" library="BuiltIn">
<doc>Runs the given keyword with the given arguments, if ``condition`` is true.</doc>
<arguments>
<arg>"${InputMonthYear}"!="${MonthYearValue}"</arg>
<arg>Click NextMOnth</arg>
</arguments>
<kw name="Click NextMOnth" library="HomePage">
<kw name="Click Element" library="SeleniumLibrary">
<doc>Click the element identified by ``locator``.</doc>
<arguments>
<arg>//span[@aria-label='Next Month']</arg>
</arguments>
<msg timestamp="20220816 13:12:29.121" level="INFO">Clicking element '//span[@aria-label='Next Month']'.</msg>
<status status="PASS" starttime="20220816 13:12:29.121" endtime="20220816 13:12:29.157"></status>
</kw>
<kw name="Sleep" library="BuiltIn">
<doc>Pauses the test executed for the given time.</doc>
<arguments>
<arg>1s</arg>
</arguments>
<msg timestamp="20220816 13:12:30.159" level="INFO">Slept 1 second</msg>
<status status="PASS" starttime="20220816 13:12:29.157" endtime="20220816 13:12:30.159"></status>
</kw>
<status status="PASS" starttime="20220816 13:12:29.121" endtime="20220816 13:12:30.159"></status>
</kw>
<status status="PASS" starttime="20220816 13:12:29.120" endtime="20220816 13:12:30.159"></status>
</kw>
<kw name="Exit For Loop If" library="BuiltIn">
<doc>Stops executing the enclosing for loop if the ``condition`` is true.</doc>
<arguments>
<arg>"${InputMonthYear}"=="${MonthYearValue}"</arg>
</arguments>
<status status="PASS" starttime="20220816 13:12:30.160" endtime="20220816 13:12:30.161"></status>
</kw>
<status status="PASS" starttime="20220816 13:12:29.092" endtime="20220816 13:12:30.161"></status>
</kw>
<kw name="${counter} = 4" type="foritem">
<kw name="Wait Until Element Is Visible" library="SeleniumLibrary">
<doc>Waits until the element ``locator`` is visible.</doc>
<arguments>
<arg>${MonthYearValue_Xpath}</arg>
</arguments>
<status status="PASS" starttime="20220816 13:12:30.162" endtime="20220816 13:12:30.175"></status>
</kw>
<kw name="Get Text" library="SeleniumLibrary">
<doc>Returns the text value of the element identified by ``locator``.</doc>
<arguments>
<arg>${MonthYearValue_Xpath}</arg>
</arguments>
<assign>
<var>${MonthYearValue}</var>
</assign>
<msg timestamp="20220816 13:12:30.189" level="INFO">${MonthYearValue} = December 2022</msg>
<status status="PASS" starttime="20220816 13:12:30.176" endtime="20220816 13:12:30.189"></status>
</kw>
<kw name="Run Keyword If" library="BuiltIn">
<doc>Runs the given keyword with the given arguments, if ``condition`` is true.</doc>
<arguments>
<arg>"${InputMonthYear}"!="${MonthYearValue}"</arg>
<arg>Click NextMOnth</arg>
</arguments>
<status status="PASS" starttime="20220816 13:12:30.189" endtime="20220816 13:12:30.190"></status>
</kw>
<kw name="Exit For Loop If" library="BuiltIn">
<doc>Stops executing the enclosing for loop if the ``condition`` is true.</doc>
<arguments>
<arg>"${InputMonthYear}"=="${MonthYearValue}"</arg>
</arguments>
<msg timestamp="20220816 13:12:30.191" level="INFO">Exiting for loop altogether.</msg>
<status status="PASS" starttime="20220816 13:12:30.190" endtime="20220816 13:12:30.192"></status>
</kw>
<status status="PASS" starttime="20220816 13:12:30.162" endtime="20220816 13:12:30.192"></status>
</kw>
<status status="PASS" starttime="20220816 13:12:25.806" endtime="20220816 13:12:30.192"></status>
</kw>
<kw name="Click Date" library="HomePage">
<arguments>
<arg>${Day}</arg>
</arguments>
<kw name="Click Element" library="SeleniumLibrary">
<doc>Click the element identified by ``locator``.</doc>
<arguments>
<arg>((//div[@class='DayPicker-Month'])[1]//div[@class='DayPicker-Day'])[${Day}]</arg>
</arguments>
<msg timestamp="20220816 13:12:30.192" level="INFO">Clicking element '((//div[@class='DayPicker-Month'])[1]//div[@class='DayPicker-Day'])[20]'.</msg>
<status status="PASS" starttime="20220816 13:12:30.192" endtime="20220816 13:12:30.273"></status>
</kw>
<status status="PASS" starttime="20220816 13:12:30.192" endtime="20220816 13:12:30.274"></status>
</kw>
<status status="PASS" starttime="20220816 13:12:25.804" endtime="20220816 13:12:30.274"></status>
</kw>
<kw name="Select Travellers" library="HomePage">
<arguments>
<arg>${AdultTravellers}</arg>
<arg>${ChildTravellers}</arg>
<arg>${InfantsTravellers}</arg>
</arguments>
<kw name="Evaluate" library="BuiltIn">
<doc>Evaluates the given expression in Python and returns the result.</doc>
<arguments>
<arg>${Children_Travellers}+1</arg>
</arguments>
<assign>
<var>${Children_Travellers}</var>
</assign>
<msg timestamp="20220816 13:12:30.276" level="INFO">${Children_Travellers} = 1</msg>
<status status="PASS" starttime="20220816 13:12:30.275" endtime="20220816 13:12:30.276"></status>
</kw>
<kw name="Evaluate" library="BuiltIn">
<doc>Evaluates the given expression in Python and returns the result.</doc>
<arguments>
<arg>${Infants_Travellers}+1</arg>
</arguments>
<assign>
<var>${Infants_Travellers}</var>
</assign>
<msg timestamp="20220816 13:12:30.277" level="INFO">${Infants_Travellers} = 1</msg>
<status status="PASS" starttime="20220816 13:12:30.276" endtime="20220816 13:12:30.277"></status>
</kw>
<kw name="Click Element" library="SeleniumLibrary">
<doc>Click the element identified by ``locator``.</doc>
<arguments>
<arg>${Travellers&amp;Class_Label_Xpath}</arg>
</arguments>
<msg timestamp="20220816 13:12:30.278" level="INFO">Clicking element '//div[@data-cy='flightTraveller']'.</msg>
<status status="PASS" starttime="20220816 13:12:30.278" endtime="20220816 13:12:30.374"></status>
</kw>
<kw name="Sleep" library="BuiltIn">
<doc>Pauses the test executed for the given time.</doc>
<arguments>
<arg>1s</arg>
</arguments>
<msg timestamp="20220816 13:12:31.377" level="INFO">Slept 1 second</msg>
<status status="PASS" starttime="20220816 13:12:30.375" endtime="20220816 13:12:31.377"></status>
</kw>
<kw name="Catenate" library="BuiltIn">
<doc>Catenates the given items together and returns the resulted string.</doc>
<arguments>
<arg>SEPARATOR=</arg>
<arg>${AdultTraveller_Xpath}</arg>
<arg>[${Adult_Travellers}]</arg>
</arguments>
<assign>
<var>${AdultTraveller_Xpath}</var>
</assign>
<msg timestamp="20220816 13:12:31.378" level="INFO">${AdultTraveller_Xpath} = ((//ul[contains(@class,'guestCounter')])[1]//li)[2]</msg>
<status status="PASS" starttime="20220816 13:12:31.378" endtime="20220816 13:12:31.378"></status>
</kw>
<kw name="Click Element" library="SeleniumLibrary">
<doc>Click the element identified by ``locator``.</doc>
<arguments>
<arg>${AdultTraveller_Xpath}</arg>
</arguments>
<msg timestamp="20220816 13:12:31.378" level="INFO">Clicking element '((//ul[contains(@class,'guestCounter')])[1]//li)[2]'.</msg>
<status status="PASS" starttime="20220816 13:12:31.378" endtime="20220816 13:12:31.445"></status>
</kw>
<kw name="Sleep" library="BuiltIn">
<doc>Pauses the test executed for the given time.</doc>
<arguments>
<arg>1s</arg>
</arguments>
<msg timestamp="20220816 13:12:32.448" level="INFO">Slept 1 second</msg>
<status status="PASS" starttime="20220816 13:12:31.445" endtime="20220816 13:12:32.448"></status>
</kw>
<kw name="Catenate" library="BuiltIn">
<doc>Catenates the given items together and returns the resulted string.</doc>
<arguments>
<arg>SEPARATOR=</arg>
<arg>${ChildrenTraveller_Xpath}</arg>
<arg>[${Children_Travellers}]</arg>
</arguments>
<assign>
<var>${ChildrenTraveller_Xpath}</var>
</assign>
<msg timestamp="20220816 13:12:32.449" level="INFO">${ChildrenTraveller_Xpath} = ((//ul[contains(@class,'guestCounter')])[2]//li)[1]</msg>
<status status="PASS" starttime="20220816 13:12:32.448" endtime="20220816 13:12:32.449"></status>
</kw>
<kw name="Click Element" library="SeleniumLibrary">
<doc>Click the element identified by ``locator``.</doc>
<arguments>
<arg>${ChildrenTraveller_Xpath}</arg>
</arguments>
<msg timestamp="20220816 13:12:32.450" level="INFO">Clicking element '((//ul[contains(@class,'guestCounter')])[2]//li)[1]'.</msg>
<status status="PASS" starttime="20220816 13:12:32.449" endtime="20220816 13:12:32.519"></status>
</kw>
<kw name="Sleep" library="BuiltIn">
<doc>Pauses the test executed for the given time.</doc>
<arguments>
<arg>1s</arg>
</arguments>
<msg timestamp="20220816 13:12:33.524" level="INFO">Slept 1 second</msg>
<status status="PASS" starttime="20220816 13:12:32.519" endtime="20220816 13:12:33.525"></status>
</kw>
<kw name="Catenate" library="BuiltIn">
<doc>Catenates the given items together and returns the resulted string.</doc>
<arguments>
<arg>SEPARATOR=</arg>
<arg>${InfantTraveller_Xpath}</arg>
<arg>[${Infants_Travellers}]</arg>
</arguments>
<assign>
<var>${InfantTraveller_Xpath}</var>
</assign>
<msg timestamp="20220816 13:12:33.527" level="INFO">${InfantTraveller_Xpath} = ((//ul[contains(@class,'guestCounter')])[3]//li)[1]</msg>
<status status="PASS" starttime="20220816 13:12:33.526" endtime="20220816 13:12:33.528"></status>
</kw>
<kw name="Click Element" library="SeleniumLibrary">
<doc>Click the element identified by ``locator``.</doc>
<arguments>
<arg>${InfantTraveller_Xpath}</arg>
</arguments>
<msg timestamp="20220816 13:12:33.529" level="INFO">Clicking element '((//ul[contains(@class,'guestCounter')])[3]//li)[1]'.</msg>
<status status="PASS" starttime="20220816 13:12:33.528" endtime="20220816 13:12:33.605"></status>
</kw>
<kw name="Sleep" library="BuiltIn">
<doc>Pauses the test executed for the given time.</doc>
<arguments>
<arg>1s</arg>
</arguments>
<msg timestamp="20220816 13:12:34.614" level="INFO">Slept 1 second</msg>
<status status="PASS" starttime="20220816 13:12:33.605" endtime="20220816 13:12:34.614"></status>
</kw>
<status status="PASS" starttime="20220816 13:12:30.274" endtime="20220816 13:12:34.615"></status>
</kw>
<kw name="Select Travel Class" library="HomePage">
<arguments>
<arg>${TravelClass}</arg>
</arguments>
<kw name="Sleep" library="BuiltIn">
<doc>Pauses the test executed for the given time.</doc>
<arguments>
<arg>1s</arg>
</arguments>
<msg timestamp="20220816 13:12:35.629" level="INFO">Slept 1 second</msg>
<status status="PASS" starttime="20220816 13:12:34.616" endtime="20220816 13:12:35.629"></status>
</kw>
<kw name="Run Keyword If" library="BuiltIn">
<doc>Runs the given keyword with the given arguments, if ``condition`` is true.</doc>
<arguments>
<arg>"${TravelClass}"=="Economy"</arg>
<arg>Click on Economy Travel Class</arg>
<arg>ELSE IF</arg>
<arg>"${TravelClass}"=="Premium"</arg>
<arg>Click on Premium Economy Travel Class</arg>
<arg>ELSE IF</arg>
<arg>"${TravelClass}"=="Business"</arg>
<arg>Click on Business Travel Class</arg>
</arguments>
<kw name="Click on Economy Travel Class" library="HomePage">
<kw name="Click Element" library="SeleniumLibrary">
<doc>Click the element identified by ``locator``.</doc>
<arguments>
<arg>${Economy_Xpath}</arg>
</arguments>
<msg timestamp="20220816 13:12:35.633" level="INFO">Clicking element '//li[@data-cy='travelClass-0']'.</msg>
<status status="PASS" starttime="20220816 13:12:35.632" endtime="20220816 13:12:35.710"></status>
</kw>
<status status="PASS" starttime="20220816 13:12:35.631" endtime="20220816 13:12:35.710"></status>
</kw>
<status status="PASS" starttime="20220816 13:12:35.630" endtime="20220816 13:12:35.710"></status>
</kw>
<kw name="Sleep" library="BuiltIn">
<doc>Pauses the test executed for the given time.</doc>
<arguments>
<arg>2s</arg>
</arguments>
<msg timestamp="20220816 13:12:37.721" level="INFO">Slept 2 seconds</msg>
<status status="PASS" starttime="20220816 13:12:35.711" endtime="20220816 13:12:37.723"></status>
</kw>
<kw name="Click Element" library="SeleniumLibrary">
<doc>Click the element identified by ``locator``.</doc>
<arguments>
<arg>${Travellers&amp;Class_APPLY_Btn_Xpath}</arg>
</arguments>
<msg timestamp="20220816 13:12:37.727" level="INFO">Clicking element '//button[text()='APPLY']'.</msg>
<status status="PASS" starttime="20220816 13:12:37.724" endtime="20220816 13:12:37.797"></status>
</kw>
<status status="PASS" starttime="20220816 13:12:34.615" endtime="20220816 13:12:37.797"></status>
</kw>
<kw name="Click on SEARCH Button" library="HomePage">
<kw name="Click Element" library="SeleniumLibrary">
<doc>Click the element identified by ``locator``.</doc>
<arguments>
<arg>${SEARCH_Btn_Xpath}</arg>
</arguments>
<msg timestamp="20220816 13:12:37.798" level="INFO">Clicking element '//a[text()='Search']'.</msg>
<status status="PASS" starttime="20220816 13:12:37.798" endtime="20220816 13:12:42.985"></status>
</kw>
<status status="PASS" starttime="20220816 13:12:37.797" endtime="20220816 13:12:42.985"></status>
</kw>
<kw name="Run Keyword And Ignore Error" library="BuiltIn">
<doc>Runs the given keyword with the given arguments and ignores possible error.</doc>
<arguments>
<arg>Handle Lock Price&amp;Pay Later! Notification</arg>
</arguments>
<kw name="Handle Lock Price&amp;Pay Later! Notification" library="CommonFunctionalities">
<kw name="Sleep" library="BuiltIn">
<doc>Pauses the test executed for the given time.</doc>
<arguments>
<arg>2s</arg>
</arguments>
<msg timestamp="20220816 13:12:44.991" level="INFO">Slept 2 seconds</msg>
<status status="PASS" starttime="20220816 13:12:42.988" endtime="20220816 13:12:44.992"></status>
</kw>
<kw name="Click Element" library="SeleniumLibrary">
<doc>Click the element identified by ``locator``.</doc>
<arguments>
<arg>${LockPrice&amp;PayLater_Xpath}</arg>
</arguments>
<msg timestamp="20220816 13:12:44.993" level="INFO">Clicking element '//span[contains(@class,'overlayCrossIcon')]'.</msg>
<status status="PASS" starttime="20220816 13:12:44.993" endtime="20220816 13:12:45.091"></status>
</kw>
<status status="PASS" starttime="20220816 13:12:42.987" endtime="20220816 13:12:45.091"></status>
</kw>
<status status="PASS" starttime="20220816 13:12:42.986" endtime="20220816 13:12:45.091"></status>
</kw>
<kw name="Get Flights Layover Info" library="BookFlightPage">
<kw name="Wait Until Element Is Visible" library="SeleniumLibrary">
<doc>Waits until the element ``locator`` is visible.</doc>
<arguments>
<arg>${FlightLayoverInfo_Xpath}</arg>
</arguments>
<status status="PASS" starttime="20220816 13:12:45.092" endtime="20220816 13:12:45.115"></status>
</kw>
<kw name="Get Text" library="SeleniumLibrary">
<doc>Returns the text value of the element identified by ``locator``.</doc>
<arguments>
<arg>${FlightLayoverInfo_Xpath}</arg>
</arguments>
<assign>
<var>${No_Stops}</var>
</assign>
<msg timestamp="20220816 13:12:45.134" level="INFO">${No_Stops} = 1 stop via Thiruvananthapuram</msg>
<status status="PASS" starttime="20220816 13:12:45.116" endtime="20220816 13:12:45.134"></status>
</kw>
<kw name="Set Global Variable" library="BuiltIn">
<doc>Makes a variable available globally in all tests and suites.</doc>
<arguments>
<arg>${No_Stops}</arg>
</arguments>
<msg timestamp="20220816 13:12:45.134" level="INFO">${No_Stops} = 1 stop via Thiruvananthapuram</msg>
<status status="PASS" starttime="20220816 13:12:45.134" endtime="20220816 13:12:45.135"></status>
</kw>
<status status="PASS" starttime="20220816 13:12:45.092" endtime="20220816 13:12:45.135"></status>
</kw>
<kw name="Click on VIEW PRICES Button" library="BookFlightPage">
<kw name="Wait Until Element Is Visible" library="SeleniumLibrary">
<doc>Waits until the element ``locator`` is visible.</doc>
<arguments>
<arg>${ViewPricesBtn_Xpath}</arg>
</arguments>
<status status="PASS" starttime="20220816 13:12:45.136" endtime="20220816 13:12:45.153"></status>
</kw>
<kw name="Click Element" library="SeleniumLibrary">
<doc>Click the element identified by ``locator``.</doc>
<arguments>
<arg>${ViewPricesBtn_Xpath}</arg>
</arguments>
<msg timestamp="20220816 13:12:45.153" level="INFO">Clicking element '(//*[contains(@class,'ViewFareBtn')])[1]'.</msg>
<status status="PASS" starttime="20220816 13:12:45.153" endtime="20220816 13:12:45.284"></status>
</kw>
<kw name="Get Text" library="SeleniumLibrary">
<doc>Returns the text value of the element identified by ``locator``.</doc>
<arguments>
<arg>${FlightLayoverInfo_Xpath}</arg>
</arguments>
<assign>
<var>${FlightLayoverInfo}</var>
</assign>
<msg timestamp="20220816 13:12:45.314" level="INFO">${FlightLayoverInfo} = 1 stop via Thiruvananthapuram</msg>
<status status="PASS" starttime="20220816 13:12:45.285" endtime="20220816 13:12:45.314"></status>
</kw>
<kw name="Split String" library="String">
<doc>Splits the ``string`` using ``separator`` as a delimiter string.</doc>
<arguments>
<arg>${FlightLayoverInfo}</arg>
</arguments>
<assign>
<var>${FlightLayoverInfo}</var>
</assign>
<msg timestamp="20220816 13:12:45.315" level="INFO">${FlightLayoverInfo} = ['1', 'stop', 'via', 'Thiruvananthapuram']</msg>
<status status="PASS" starttime="20220816 13:12:45.315" endtime="20220816 13:12:45.315"></status>
</kw>
<kw name="Log" library="BuiltIn">
<doc>Logs the given message with the given level.</doc>
<arguments>
<arg>${FlightLayoverInfo}[0]</arg>
</arguments>
<msg timestamp="20220816 13:12:45.316" level="INFO">1</msg>
<status status="PASS" starttime="20220816 13:12:45.315" endtime="20220816 13:12:45.316"></status>
</kw>
<kw name="Set Global Variable" library="BuiltIn">
<doc>Makes a variable available globally in all tests and suites.</doc>
<arguments>
<arg>${FlightLayoverInfo}</arg>
</arguments>
<msg timestamp="20220816 13:12:45.316" level="INFO">${FlightLayoverInfo} = ['1', 'stop', 'via', 'Thiruvananthapuram']</msg>
<status status="PASS" starttime="20220816 13:12:45.316" endtime="20220816 13:12:45.316"></status>
</kw>
<status status="PASS" starttime="20220816 13:12:45.135" endtime="20220816 13:12:45.317"></status>
</kw>
<kw name="Click on BOOK NOW BUTTON" library="BookFlightPage">
<kw name="Execute Javascript" library="SeleniumLibrary">
<doc>Executes the given JavaScript code with possible arguments.</doc>
<arguments>
<arg>${ScrollingPage}</arg>
</arguments>
<msg timestamp="20220816 13:12:45.318" level="INFO">Executing JavaScript:
document.scrollingElement.scrollBy(0,400)
Without any arguments.</msg>
<status status="PASS" starttime="20220816 13:12:45.317" endtime="20220816 13:12:45.352"></status>
</kw>
<kw name="Wait Until Element Is Visible" library="SeleniumLibrary">
<doc>Waits until the element ``locator`` is visible.</doc>
<arguments>
<arg>${BookNowBtn_Xpath}</arg>
</arguments>
<status status="PASS" starttime="20220816 13:12:45.352" endtime="20220816 13:12:45.398"></status>
</kw>
<kw name="Click Element" library="SeleniumLibrary">
<doc>Click the element identified by ``locator``.</doc>
<arguments>
<arg>${BookNowBtn_Xpath}</arg>
</arguments>
<msg timestamp="20220816 13:12:45.399" level="INFO">Clicking element '(//button[contains(@class,'buttonPrimary')])[1]'.</msg>
<status status="PASS" starttime="20220816 13:12:45.399" endtime="20220816 13:12:45.547"></status>
</kw>
<status status="PASS" starttime="20220816 13:12:45.317" endtime="20220816 13:12:45.548"></status>
</kw>
<kw name="Validate Title of Complete your booking Page" library="CompleteBookingPage">
<kw name="Sleep" library="BuiltIn">
<doc>Pauses the test executed for the given time.</doc>
<arguments>
<arg>2s</arg>
</arguments>
<msg timestamp="20220816 13:12:47.564" level="INFO">Slept 2 seconds</msg>
<status status="PASS" starttime="20220816 13:12:45.549" endtime="20220816 13:12:47.564"></status>
</kw>
<kw name="Switch Window" library="SeleniumLibrary">
<doc>Switches to browser window matching ``locator``.</doc>
<arguments>
<arg>NEW</arg>
</arguments>
<status status="PASS" starttime="20220816 13:12:47.564" endtime="20220816 13:12:47.576"></status>
</kw>
<kw name="Wait Until Element Is Visible" library="SeleniumLibrary">
<doc>Waits until the element ``locator`` is visible.</doc>
<arguments>
<arg>${TitleofCompleteYourBooking_XPath}</arg>
</arguments>
<status status="PASS" starttime="20220816 13:12:47.577" endtime="20220816 13:12:47.634"></status>
</kw>
<kw name="Get Text" library="SeleniumLibrary">
<doc>Returns the text value of the element identified by ``locator``.</doc>
<arguments>
<arg>${TitleofCompleteYourBooking_XPath}</arg>
</arguments>
<assign>
<var>${TitleofCompleteYourBooking}</var>
</assign>
<msg timestamp="20220816 13:12:47.802" level="INFO">${TitleofCompleteYourBooking} = Complete your booking</msg>
<status status="PASS" starttime="20220816 13:12:47.635" endtime="20220816 13:12:47.802"></status>
</kw>
<kw name="Should Be Equal As Strings" library="BuiltIn">
<doc>Fails if objects are unequal after converting them to strings.</doc>
<arguments>
<arg>${Exp_TitleofCompleteYourBookingPage}</arg>
<arg>${TitleofCompleteYourBooking}</arg>
</arguments>
<status status="PASS" starttime="20220816 13:12:47.802" endtime="20220816 13:12:47.805"></status>
</kw>
<status status="PASS" starttime="20220816 13:12:45.549" endtime="20220816 13:12:47.806"></status>
</kw>
<kw name="Add Adult Travellers Details" library="CompleteBookingPage">
<arguments>
<arg>${AdultTravellers}</arg>
</arguments>
<kw name="Scroll the Page" library="CommonFunctionalities">
<arguments>
<arg>1000</arg>
</arguments>
<kw name="Execute Javascript" library="SeleniumLibrary">
<doc>Executes the given JavaScript code with possible arguments.</doc>
<arguments>
<arg>document.scrollingElement.scrollBy(0,${ScrollPercentage})</arg>
</arguments>
<msg timestamp="20220816 13:12:47.811" level="INFO">Executing JavaScript:
document.scrollingElement.scrollBy(0,1000)
Without any arguments.</msg>
<status status="PASS" starttime="20220816 13:12:47.809" endtime="20220816 13:12:47.830"></status>
</kw>
<status status="PASS" starttime="20220816 13:12:47.807" endtime="20220816 13:12:47.831"></status>
</kw>
<kw name="Set Local Variable" library="BuiltIn">
<doc>Makes a variable available everywhere within the local scope.</doc>
<arguments>
<arg>${count}</arg>
<arg>1</arg>
</arguments>
<msg timestamp="20220816 13:12:47.832" level="INFO">${count} = 1</msg>
<status status="PASS" starttime="20220816 13:12:47.831" endtime="20220816 13:12:47.832"></status>
</kw>
<kw name="${counter} IN RANGE [ 0 | ${AdultTravellers} ]" type="for">
<kw name="${counter} = 0" type="foritem">
<kw name="Wait Until Element Is Visible" library="SeleniumLibrary">
<doc>Waits until the element ``locator`` is visible.</doc>
<arguments>
<arg>${AddNewAdultBtn_Xpath}</arg>
</arguments>
<status status="PASS" starttime="20220816 13:12:47.833" endtime="20220816 13:12:47.866"></status>
</kw>
<kw name="Click Element" library="SeleniumLibrary">
<doc>Click the element identified by ``locator``.</doc>
<arguments>
<arg>${AddNewAdultBtn_Xpath}</arg>
</arguments>
<msg timestamp="20220816 13:12:47.867" level="INFO">Clicking element '//button[contains(text(),'ADD NEW ADULT')]'.</msg>
<status status="PASS" starttime="20220816 13:12:47.866" endtime="20220816 13:12:48.045"></status>
</kw>
<kw name="Generate Random String" library="String">
<doc>Generates a string with a desired ``length`` from the given ``chars``.</doc>
<arguments>
<arg>length=5</arg>
<arg>chars=[LETTERS]</arg>
</arguments>
<assign>
<var>${rndstr}</var>
</assign>
<msg timestamp="20220816 13:12:48.046" level="INFO">${rndstr} = jCWZp</msg>
<status status="PASS" starttime="20220816 13:12:48.046" endtime="20220816 13:12:48.046"></status>
</kw>
<kw name="Input Text" library="SeleniumLibrary">
<doc>Types the given ``text`` into the text field identified by ``locator``.</doc>
<arguments>
<arg>(//input[@placeholder='First &amp; Middle Name'])[${count}]</arg>
<arg>${rndstr}</arg>
</arguments>
<msg timestamp="20220816 13:12:48.047" level="INFO">Typing text 'jCWZp' into text field '(//input[@placeholder='First &amp; Middle Name'])[1]'.</msg>
<status status="PASS" starttime="20220816 13:12:48.047" endtime="20220816 13:12:48.131"></status>
</kw>
<kw name="Click Element" library="SeleniumLibrary">
<doc>Click the element identified by ``locator``.</doc>
<arguments>
<arg>(//div[@class='selectTab '])[${count}]//label[1]</arg>
</arguments>
<msg timestamp="20220816 13:12:48.132" level="INFO">Clicking element '(//div[@class='selectTab '])[1]//label[1]'.</msg>
<status status="PASS" starttime="20220816 13:12:48.132" endtime="20220816 13:12:48.220"></status>
</kw>
<kw name="Evaluate" library="BuiltIn">
<doc>Evaluates the given expression in Python and returns the result.</doc>
<arguments>
<arg>${count}+1</arg>
</arguments>
<assign>
<var>${count}</var>
</assign>
<msg timestamp="20220816 13:12:48.221" level="INFO">${count} = 2</msg>
<status status="PASS" starttime="20220816 13:12:48.221" endtime="20220816 13:12:48.221"></status>
</kw>
<status status="PASS" starttime="20220816 13:12:47.833" endtime="20220816 13:12:48.222"></status>
</kw>
<kw name="${counter} = 1" type="foritem">
<kw name="Wait Until Element Is Visible" library="SeleniumLibrary">
<doc>Waits until the element ``locator`` is visible.</doc>
<arguments>
<arg>${AddNewAdultBtn_Xpath}</arg>
</arguments>
<status status="PASS" starttime="20220816 13:12:48.222" endtime="20220816 13:12:48.238"></status>
</kw>
<kw name="Click Element" library="SeleniumLibrary">
<doc>Click the element identified by ``locator``.</doc>
<arguments>
<arg>${AddNewAdultBtn_Xpath}</arg>
</arguments>
<msg timestamp="20220816 13:12:48.239" level="INFO">Clicking element '//button[contains(text(),'ADD NEW ADULT')]'.</msg>
<status status="PASS" starttime="20220816 13:12:48.238" endtime="20220816 13:12:48.298"></status>
</kw>
<kw name="Generate Random String" library="String">
<doc>Generates a string with a desired ``length`` from the given ``chars``.</doc>
<arguments>
<arg>length=5</arg>
<arg>chars=[LETTERS]</arg>
</arguments>
<assign>
<var>${rndstr}</var>
</assign>
<msg timestamp="20220816 13:12:48.299" level="INFO">${rndstr} = vxZKn</msg>
<status status="PASS" starttime="20220816 13:12:48.298" endtime="20220816 13:12:48.299"></status>
</kw>
<kw name="Input Text" library="SeleniumLibrary">
<doc>Types the given ``text`` into the text field identified by ``locator``.</doc>
<arguments>
<arg>(//input[@placeholder='First &amp; Middle Name'])[${count}]</arg>
<arg>${rndstr}</arg>
</arguments>
<msg timestamp="20220816 13:12:48.300" level="INFO">Typing text 'vxZKn' into text field '(//input[@placeholder='First &amp; Middle Name'])[2]'.</msg>
<status status="PASS" starttime="20220816 13:12:48.300" endtime="20220816 13:12:48.385"></status>
</kw>
<kw name="Click Element" library="SeleniumLibrary">
<doc>Click the element identified by ``locator``.</doc>
<arguments>
<arg>(//div[@class='selectTab '])[${count}]//label[1]</arg>
</arguments>
<msg timestamp="20220816 13:12:48.386" level="INFO">Clicking element '(//div[@class='selectTab '])[2]//label[1]'.</msg>
<status status="PASS" starttime="20220816 13:12:48.386" endtime="20220816 13:12:48.477"></status>
</kw>
<kw name="Evaluate" library="BuiltIn">
<doc>Evaluates the given expression in Python and returns the result.</doc>
<arguments>
<arg>${count}+1</arg>
</arguments>
<assign>
<var>${count}</var>
</assign>
<msg timestamp="20220816 13:12:48.478" level="INFO">${count} = 3</msg>
<status status="PASS" starttime="20220816 13:12:48.478" endtime="20220816 13:12:48.479"></status>
</kw>
<status status="PASS" starttime="20220816 13:12:48.222" endtime="20220816 13:12:48.479"></status>
</kw>
<status status="PASS" starttime="20220816 13:12:47.832" endtime="20220816 13:12:48.479"></status>
</kw>
<status status="PASS" starttime="20220816 13:12:47.806" endtime="20220816 13:12:48.479"></status>
</kw>
<kw name="Verify Child Travellers are added and Add Child Travellers Details" library="CompleteBookingPage">
<arguments>
<arg>${ChildTravellers}</arg>
</arguments>
<kw name="Run Keyword If" library="BuiltIn">
<doc>Runs the given keyword with the given arguments, if ``condition`` is true.</doc>
<arguments>
<arg>"${ChildTravellers}"=="0"</arg>
<arg>Log</arg>
<arg>No Child Travellers are added</arg>
<arg>ELSE</arg>
<arg>Add Child Travellers Details</arg>
<arg>${ChildTravellers}</arg>
</arguments>
<kw name="Log" library="BuiltIn">
<doc>Logs the given message with the given level.</doc>
<arguments>
<arg>No Child Travellers are added</arg>
</arguments>
<msg timestamp="20220816 13:12:48.481" level="INFO">No Child Travellers are added</msg>
<status status="PASS" starttime="20220816 13:12:48.481" endtime="20220816 13:12:48.481"></status>
</kw>
<status status="PASS" starttime="20220816 13:12:48.480" endtime="20220816 13:12:48.482"></status>
</kw>
<status status="PASS" starttime="20220816 13:12:48.480" endtime="20220816 13:12:48.482"></status>
</kw>
<kw name="Verify Infant Travellers are added and Add Infant Travellers Details" library="CompleteBookingPage">
<arguments>
<arg>${InfantsTravellers}</arg>
</arguments>
<kw name="Run Keyword If" library="BuiltIn">
<doc>Runs the given keyword with the given arguments, if ``condition`` is true.</doc>
<arguments>
<arg>"${InfantsTravellers}"=="0"</arg>
<arg>Log</arg>
<arg>No Infants Travellers are added</arg>
<arg>ELSE</arg>
<arg>Add Infants Travellers Details</arg>
<arg>${InfantsTravellers}</arg>
</arguments>
<kw name="Log" library="BuiltIn">
<doc>Logs the given message with the given level.</doc>
<arguments>
<arg>No Infants Travellers are added</arg>
</arguments>
<msg timestamp="20220816 13:12:48.485" level="INFO">No Infants Travellers are added</msg>
<status status="PASS" starttime="20220816 13:12:48.484" endtime="20220816 13:12:48.486"></status>
</kw>
<status status="PASS" starttime="20220816 13:12:48.483" endtime="20220816 13:12:48.486"></status>
</kw>
<status status="PASS" starttime="20220816 13:12:48.482" endtime="20220816 13:12:48.487"></status>
</kw>
<kw name="Input Booking Details-Mobile No,Email" library="CompleteBookingPage">
<kw name="Input Text" library="SeleniumLibrary">
<doc>Types the given ``text`` into the text field identified by ``locator``.</doc>
<arguments>
<arg>${MobNo_Xpath}</arg>
<arg>9175917190</arg>
</arguments>
<msg timestamp="20220816 13:12:48.489" level="INFO">Typing text '9175917190' into text field '//input[@placeholder='Mobile No']'.</msg>
<status status="PASS" starttime="20220816 13:12:48.488" endtime="20220816 13:12:48.587"></status>
</kw>
<kw name="Input Text" library="SeleniumLibrary">
<doc>Types the given ``text`` into the text field identified by ``locator``.</doc>
<arguments>
<arg>${Email_Xpath}</arg>
<arg>prasad@gmail.com</arg>
</arguments>
<msg timestamp="20220816 13:12:48.589" level="INFO">Typing text 'prasad@gmail.com' into text field '//input[@placeholder='Email']'.</msg>
<status status="PASS" starttime="20220816 13:12:48.589" endtime="20220816 13:12:48.710"></status>
</kw>
<kw name="Click Element" library="SeleniumLibrary">
<doc>Click the element identified by ``locator``.</doc>
<arguments>
<arg>//div[@class='emailId']</arg>
</arguments>
<msg timestamp="20220816 13:12:48.711" level="INFO">Clicking element '//div[@class='emailId']'.</msg>
<status status="PASS" starttime="20220816 13:12:48.711" endtime="20220816 13:12:48.827"></status>
</kw>
<status status="PASS" starttime="20220816 13:12:48.487" endtime="20220816 13:12:48.828"></status>
</kw>
<kw name="Click on CONTINUE Button" library="CompleteBookingPage">
<kw name="Sleep" library="BuiltIn">
<doc>Pauses the test executed for the given time.</doc>
<arguments>
<arg>3s</arg>
</arguments>
<msg timestamp="20220816 13:12:51.839" level="INFO">Slept 3 seconds</msg>
<status status="PASS" starttime="20220816 13:12:48.829" endtime="20220816 13:12:51.839"></status>
</kw>
<kw name="Wait Until Element Is Visible" library="SeleniumLibrary">
<doc>Waits until the element ``locator`` is visible.</doc>
<arguments>
<arg>${ContinueBtn_Xpath}</arg>
</arguments>
<status status="PASS" starttime="20220816 13:12:51.840" endtime="20220816 13:12:51.881"></status>
</kw>
<kw name="Click Element" library="SeleniumLibrary">
<doc>Click the element identified by ``locator``.</doc>
<arguments>
<arg>${ContinueBtn_Xpath}</arg>
</arguments>
<msg timestamp="20220816 13:12:51.882" level="INFO">Clicking element '//button[text()='Continue']'.</msg>
<status status="PASS" starttime="20220816 13:12:51.881" endtime="20220816 13:12:51.985"></status>
</kw>
<status status="PASS" starttime="20220816 13:12:48.828" endtime="20220816 13:12:51.985"></status>
</kw>
<kw name="Accept the Necessary Changes" library="CompleteBookingPage">
<kw name="Click Element" library="SeleniumLibrary">
<doc>Click the element identified by ``locator``.</doc>
<arguments>
<arg>${GotItBtn_Xpath}</arg>
</arguments>
<msg timestamp="20220816 13:12:51.986" level="INFO">Clicking element '//button[text()='Got it']'.</msg>
<status status="PASS" starttime="20220816 13:12:51.986" endtime="20220816 13:12:52.425"></status>
</kw>
<status status="PASS" starttime="20220816 13:12:51.985" endtime="20220816 13:12:52.426"></status>
</kw>
<kw name="Click on CONTINUE Button" library="CompleteBookingPage">
<kw name="Sleep" library="BuiltIn">
<doc>Pauses the test executed for the given time.</doc>
<arguments>
<arg>3s</arg>
</arguments>
<msg timestamp="20220816 13:12:55.439" level="INFO">Slept 3 seconds</msg>
<status status="PASS" starttime="20220816 13:12:52.427" endtime="20220816 13:12:55.439"></status>
</kw>
<kw name="Wait Until Element Is Visible" library="SeleniumLibrary">
<doc>Waits until the element ``locator`` is visible.</doc>
<arguments>
<arg>${ContinueBtn_Xpath}</arg>
</arguments>
<status status="PASS" starttime="20220816 13:12:55.440" endtime="20220816 13:12:55.456"></status>
</kw>
<kw name="Click Element" library="SeleniumLibrary">
<doc>Click the element identified by ``locator``.</doc>
<arguments>
<arg>${ContinueBtn_Xpath}</arg>
</arguments>
<msg timestamp="20220816 13:12:55.457" level="INFO">Clicking element '//button[text()='Continue']'.</msg>
<status status="PASS" starttime="20220816 13:12:55.457" endtime="20220816 13:12:55.547"></status>
</kw>
<status status="PASS" starttime="20220816 13:12:52.426" endtime="20220816 13:12:55.547"></status>
</kw>
<kw name="Click on CONFIRM button" library="CompleteBookingPage">
<kw name="Wait Until Element Is Visible" library="SeleniumLibrary">
<doc>Waits until the element ``locator`` is visible.</doc>
<arguments>
<arg>${ConfirmBtn_Xpath}</arg>
</arguments>
<status status="PASS" starttime="20220816 13:12:55.548" endtime="20220816 13:12:55.776"></status>
</kw>
<kw name="Click Element" library="SeleniumLibrary">
<doc>Click the element identified by ``locator``.</doc>
<arguments>
<arg>${ConfirmBtn_Xpath}</arg>
</arguments>
<msg timestamp="20220816 13:12:55.777" level="INFO">Clicking element '//button[text()='CONFIRM']'.</msg>
<status status="PASS" starttime="20220816 13:12:55.776" endtime="20220816 13:12:55.862"></status>
</kw>
<status status="PASS" starttime="20220816 13:12:55.547" endtime="20220816 13:12:55.863"></status>
</kw>
<kw name="Verify No of Flights and Select The Seat" library="CompleteBookingPage">
<kw name="Get Variable Value" library="BuiltIn">
<doc>Returns variable value or ``default`` if the variable does not exist.</doc>
<arguments>
<arg>${FlightLayoverInfo}</arg>
</arguments>
<assign>
<var>${FlightLayoverInfo}</var>
</assign>
<msg timestamp="20220816 13:12:55.866" level="INFO">${FlightLayoverInfo} = ['1', 'stop', 'via', 'Thiruvananthapuram']</msg>
<status status="PASS" starttime="20220816 13:12:55.865" endtime="20220816 13:12:55.866"></status>
</kw>
<kw name="Log" library="BuiltIn">
<doc>Logs the given message with the given level.</doc>
<arguments>
<arg>${FlightLayoverInfo}[0]</arg>
</arguments>
<msg timestamp="20220816 13:12:55.866" level="INFO">1</msg>
<status status="PASS" starttime="20220816 13:12:55.866" endtime="20220816 13:12:55.867"></status>
</kw>
<kw name="Set Global Variable" library="BuiltIn">
<doc>Makes a variable available globally in all tests and suites.</doc>
<arguments>
<arg>${No_Of_Flight}</arg>
<arg>${FlightLayoverInfo}[0]</arg>
</arguments>
<msg timestamp="20220816 13:12:55.870" level="INFO">${No_Of_Flight} = 1</msg>
<status status="PASS" starttime="20220816 13:12:55.867" endtime="20220816 13:12:55.871"></status>
</kw>
<kw name="Run Keyword If" library="BuiltIn">
<doc>Runs the given keyword with the given arguments, if ``condition`` is true.</doc>
<arguments>
<arg>"${No_Of_Flight}"=="Non"</arg>
<arg>Select Seats for Non Stop Flight</arg>
<arg>ELSE</arg>
<arg>Select Seats for Connecting Flights</arg>
<arg>${No_Of_Flight}</arg>
</arguments>
<kw name="Select Seats for Connecting Flights" library="CompleteBookingPage">
<arguments>
<arg>${No_Of_Flight}</arg>
</arguments>
<kw name="${counter} IN RANGE [ 0 | ${No_Of_Flight} ]" type="for">
<kw name="${counter} = 0" type="foritem">
<kw name="Accept Great Value Seats" library="CompleteBookingPage">
<kw name="Sleep" library="BuiltIn">
<doc>Pauses the test executed for the given time.</doc>
<arguments>
<arg>5s</arg>
</arguments>
<msg timestamp="20220816 13:13:00.890" level="INFO">Slept 5 seconds</msg>
<status status="PASS" starttime="20220816 13:12:55.877" endtime="20220816 13:13:00.891"></status>
</kw>
<kw name="Click Element" library="SeleniumLibrary">
<doc>Click the element identified by ``locator``.</doc>
<arguments>
<arg>${YesPleaseBtn_Xpath}</arg>
</arguments>
<msg timestamp="20220816 13:13:00.894" level="INFO">Clicking element '//button[text()='Yes, Please']'.</msg>
<status status="PASS" starttime="20220816 13:13:00.892" endtime="20220816 13:13:01.071"></status>
</kw>
<status status="PASS" starttime="20220816 13:12:55.876" endtime="20220816 13:13:01.071"></status>
</kw>
<kw name="Click on CONTINUE Button" library="CompleteBookingPage">
<kw name="Sleep" library="BuiltIn">
<doc>Pauses the test executed for the given time.</doc>
<arguments>
<arg>3s</arg>
</arguments>
<msg timestamp="20220816 13:13:04.084" level="INFO">Slept 3 seconds</msg>
<status status="PASS" starttime="20220816 13:13:01.072" endtime="20220816 13:13:04.085"></status>
</kw>
<kw name="Wait Until Element Is Visible" library="SeleniumLibrary">
<doc>Waits until the element ``locator`` is visible.</doc>
<arguments>
<arg>${ContinueBtn_Xpath}</arg>
</arguments>
<status status="PASS" starttime="20220816 13:13:04.086" endtime="20220816 13:13:04.113"></status>
</kw>
<kw name="Click Element" library="SeleniumLibrary">
<doc>Click the element identified by ``locator``.</doc>
<arguments>
<arg>${ContinueBtn_Xpath}</arg>
</arguments>
<msg timestamp="20220816 13:13:04.114" level="INFO">Clicking element '//button[text()='Continue']'.</msg>
<status status="PASS" starttime="20220816 13:13:04.114" endtime="20220816 13:13:04.365"></status>
</kw>
<status status="PASS" starttime="20220816 13:13:01.072" endtime="20220816 13:13:04.366"></status>
</kw>
<kw name="Accept Great Value Seats" library="CompleteBookingPage">
<kw name="Sleep" library="BuiltIn">
<doc>Pauses the test executed for the given time.</doc>
<arguments>
<arg>5s</arg>
</arguments>
<msg timestamp="20220816 13:13:09.368" level="INFO">Slept 5 seconds</msg>
<status status="PASS" starttime="20220816 13:13:04.367" endtime="20220816 13:13:09.369"></status>
</kw>
<kw name="Click Element" library="SeleniumLibrary">
<doc>Click the element identified by ``locator``.</doc>
<arguments>
<arg>${YesPleaseBtn_Xpath}</arg>
</arguments>
<msg timestamp="20220816 13:13:09.371" level="INFO">Clicking element '//button[text()='Yes, Please']'.</msg>
<status status="PASS" starttime="20220816 13:13:09.369" endtime="20220816 13:13:09.525"></status>
</kw>
<status status="PASS" starttime="20220816 13:13:04.366" endtime="20220816 13:13:09.526"></status>
</kw>
<kw name="Click on CONTINUE Button" library="CompleteBookingPage">
<kw name="Sleep" library="BuiltIn">
<doc>Pauses the test executed for the given time.</doc>
<arguments>
<arg>3s</arg>
</arguments>
<msg timestamp="20220816 13:13:12.530" level="INFO">Slept 3 seconds</msg>
<status status="PASS" starttime="20220816 13:13:09.527" endtime="20220816 13:13:12.530"></status>
</kw>
<kw name="Wait Until Element Is Visible" library="SeleniumLibrary">
<doc>Waits until the element ``locator`` is visible.</doc>
<arguments>
<arg>${ContinueBtn_Xpath}</arg>
</arguments>
<status status="PASS" starttime="20220816 13:13:12.530" endtime="20220816 13:13:12.559"></status>
</kw>
<kw name="Click Element" library="SeleniumLibrary">
<doc>Click the element identified by ``locator``.</doc>
<arguments>
<arg>${ContinueBtn_Xpath}</arg>
</arguments>
<msg timestamp="20220816 13:13:12.560" level="INFO">Clicking element '//button[text()='Continue']'.</msg>
<status status="PASS" starttime="20220816 13:13:12.559" endtime="20220816 13:13:12.661"></status>
</kw>
<status status="PASS" starttime="20220816 13:13:09.526" endtime="20220816 13:13:12.662"></status>
</kw>
<kw name="Click on CONTINUE Button" library="CompleteBookingPage">
<kw name="Sleep" library="BuiltIn">
<doc>Pauses the test executed for the given time.</doc>
<arguments>
<arg>3s</arg>
</arguments>
<msg timestamp="20220816 13:13:15.665" level="INFO">Slept 3 seconds</msg>
<status status="PASS" starttime="20220816 13:13:12.664" endtime="20220816 13:13:15.665"></status>
</kw>
<kw name="Wait Until Element Is Visible" library="SeleniumLibrary">
<doc>Waits until the element ``locator`` is visible.</doc>
<arguments>
<arg>${ContinueBtn_Xpath}</arg>
</arguments>
<status status="PASS" starttime="20220816 13:13:15.665" endtime="20220816 13:13:15.683"></status>
</kw>
<kw name="Click Element" library="SeleniumLibrary">
<doc>Click the element identified by ``locator``.</doc>
<arguments>
<arg>${ContinueBtn_Xpath}</arg>
</arguments>
<msg timestamp="20220816 13:13:15.684" level="INFO">Clicking element '//button[text()='Continue']'.</msg>
<status status="PASS" starttime="20220816 13:13:15.684" endtime="20220816 13:13:15.773"></status>
</kw>
<status status="PASS" starttime="20220816 13:13:12.663" endtime="20220816 13:13:15.773"></status>
</kw>
<kw name="Click on CONTINUE Button" library="CompleteBookingPage">
<kw name="Sleep" library="BuiltIn">
<doc>Pauses the test executed for the given time.</doc>
<arguments>
<arg>3s</arg>
</arguments>
<msg timestamp="20220816 13:13:18.789" level="INFO">Slept 3 seconds</msg>
<status status="PASS" starttime="20220816 13:13:15.774" endtime="20220816 13:13:18.789"></status>
</kw>
<kw name="Wait Until Element Is Visible" library="SeleniumLibrary">
<doc>Waits until the element ``locator`` is visible.</doc>
<arguments>
<arg>${ContinueBtn_Xpath}</arg>
</arguments>
<status status="PASS" starttime="20220816 13:13:18.789" endtime="20220816 13:13:18.806"></status>
</kw>
<kw name="Click Element" library="SeleniumLibrary">
<doc>Click the element identified by ``locator``.</doc>
<arguments>
<arg>${ContinueBtn_Xpath}</arg>
</arguments>
<msg timestamp="20220816 13:13:18.807" level="INFO">Clicking element '//button[text()='Continue']'.</msg>
<status status="PASS" starttime="20220816 13:13:18.807" endtime="20220816 13:13:18.888"></status>
</kw>
<status status="PASS" starttime="20220816 13:13:15.773" endtime="20220816 13:13:18.888"></status>
</kw>
<kw name="Review Add ons" library="CompleteBookingPage">
<kw name="Sleep" library="BuiltIn">
<doc>Pauses the test executed for the given time.</doc>
<arguments>
<arg>3s</arg>
</arguments>
<msg timestamp="20220816 13:13:21.895" level="INFO">Slept 3 seconds</msg>
<status status="PASS" starttime="20220816 13:13:18.889" endtime="20220816 13:13:21.895"></status>
</kw>
<kw name="Click Element" library="SeleniumLibrary">
<doc>Click the element identified by ``locator``.</doc>
<arguments>
<arg>${ReviewAddOn_Btn}</arg>
</arguments>
<msg timestamp="20220816 13:13:21.899" level="INFO">Clicking element '//button[@class='reviewAddonsBtn']'.</msg>
<status status="PASS" starttime="20220816 13:13:21.896" endtime="20220816 13:13:22.004"></status>
</kw>
<status status="PASS" starttime="20220816 13:13:18.889" endtime="20220816 13:13:22.004"></status>
</kw>
<status status="PASS" starttime="20220816 13:12:55.876" endtime="20220816 13:13:22.005"></status>
</kw>
<status status="PASS" starttime="20220816 13:12:55.875" endtime="20220816 13:13:22.005"></status>
</kw>
<status status="PASS" starttime="20220816 13:12:55.874" endtime="20220816 13:13:22.005"></status>
</kw>
<status status="PASS" starttime="20220816 13:12:55.873" endtime="20220816 13:13:22.005"></status>
</kw>
<status status="PASS" starttime="20220816 13:12:55.864" endtime="20220816 13:13:22.006"></status>
</kw>
<kw name="Click on PROCEED TO PAY Button" library="CompleteBookingPage">
<kw name="Wait Until Element Is Visible" library="SeleniumLibrary">
<doc>Waits until the element ``locator`` is visible.</doc>
<arguments>
<arg>${ProceedToPayBtn}</arg>
</arguments>
<status status="PASS" starttime="20220816 13:13:22.007" endtime="20220816 13:13:22.132"></status>
</kw>
<kw name="Click Element" library="SeleniumLibrary">
<doc>Click the element identified by ``locator``.</doc>
<arguments>
<arg>${ProceedToPayBtn}</arg>
</arguments>
<msg timestamp="20220816 13:13:22.133" level="INFO">Clicking element '//button[text()='Proceed to pay']'.</msg>
<status status="PASS" starttime="20220816 13:13:22.132" endtime="20220816 13:13:22.227"></status>
</kw>
<status status="PASS" starttime="20220816 13:13:22.006" endtime="20220816 13:13:22.228"></status>
</kw>
<doc>This Testcase will Verify that User is able to book Flights after giving required inputs.(FOR ONEWAY TRIP)</doc>
<status status="PASS" starttime="20220816 13:11:59.532" endtime="20220816 13:13:22.229" critical="yes"></status>
</test>
<status status="PASS" starttime="20220816 13:11:57.895" endtime="20220816 13:13:22.230"></status>
</suite>
<status status="PASS" starttime="20220816 13:11:57.891" endtime="20220816 13:13:22.233"></status>
</suite>
<status status="PASS" starttime="20220816 13:11:57.866" endtime="20220816 13:13:22.235"></status>
</suite>
<statistics>
<total>
<stat pass="1" fail="0">Critical Tests</stat>
<stat pass="1" fail="0">All Tests</stat>
</total>
<tag>
</tag>
<suite>
<stat pass="1" fail="0" id="s1" name="RobotFramework MakeMyTrip">RobotFramework MakeMyTrip</stat>
<stat pass="1" fail="0" id="s1-s1" name="Testcases">RobotFramework MakeMyTrip.Testcases</stat>
<stat pass="1" fail="0" id="s1-s1-s1" name="RobotTestcases">RobotFramework MakeMyTrip.Testcases.RobotTestcases</stat>
</suite>
</statistics>
<errors>
</errors>
</robot>
