<?xml version="1.0" encoding="UTF-8"?>
<robot generator="Robot 3.2.2 (Python 3.9.7 on win32)" generated="20220818 17:55:10.955" rpa="false">
<suite id="s1" name="RobotFramework MakeMyTrip" source="C:\Users\P1324386\eclipse-workspace\RobotFramework_MakeMyTrip">
<suite id="s1-s1" name="Testcases" source="C:\Users\P1324386\eclipse-workspace\RobotFramework_MakeMyTrip\Testcases">
<suite id="s1-s1-s1" name="RobotTestcases" source="C:\Users\P1324386\eclipse-workspace\RobotFramework_MakeMyTrip\Testcases\RobotTestcases.robot">
<test id="s1-s1-s1-t1" name="tc_current">
<kw name="Get Current Date" library="DateTime">
<doc>Returns current local or UTC time with an optional increment.</doc>
<arguments>
<arg>date_format=%d-%m-%Y %H:%M</arg>
</arguments>
<assign>
<var>${date}</var>
</assign>
<msg timestamp="20220818 17:55:12.517" level="FAIL">ValueError: Unsupported timezone 'date_format=%d-%m-%Y %H:%M'.</msg>
<status status="FAIL" starttime="20220818 17:55:12.517" endtime="20220818 17:55:12.518"></status>
</kw>
<status status="FAIL" starttime="20220818 17:55:12.516" endtime="20220818 17:55:12.518" critical="yes">ValueError: Unsupported timezone 'date_format=%d-%m-%Y %H:%M'.</status>
</test>
<status status="FAIL" starttime="20220818 17:55:11.051" endtime="20220818 17:55:12.519"></status>
</suite>
<status status="FAIL" starttime="20220818 17:55:11.049" endtime="20220818 17:55:12.520"></status>
</suite>
<status status="FAIL" starttime="20220818 17:55:11.016" endtime="20220818 17:55:12.521"></status>
</suite>
<statistics>
<total>
<stat pass="0" fail="1">Critical Tests</stat>
<stat pass="0" fail="1">All Tests</stat>
</total>
<tag>
</tag>
<suite>
<stat pass="0" fail="1" id="s1" name="RobotFramework MakeMyTrip">RobotFramework MakeMyTrip</stat>
<stat pass="0" fail="1" id="s1-s1" name="Testcases">RobotFramework MakeMyTrip.Testcases</stat>
<stat pass="0" fail="1" id="s1-s1-s1" name="RobotTestcases">RobotFramework MakeMyTrip.Testcases.RobotTestcases</stat>
</suite>
</statistics>
<errors>
</errors>
</robot>
