<?xml version="1.0" encoding="UTF-8"?>
<robot generator="Robot 3.2.2 (Python 3.9.7 on win32)" generated="20220822 15:46:30.070" rpa="false">
<suite id="s1" name="RobotFramework MakeMyTrip" source="C:\Users\P1324386\eclipse-workspace\RobotFramework_MakeMyTrip">
<suite id="s1-s1" name="Testcases" source="C:\Users\P1324386\eclipse-workspace\RobotFramework_MakeMyTrip\Testcases">
<suite id="s1-s1-s1" name="RobotTestcases" source="C:\Users\P1324386\eclipse-workspace\RobotFramework_MakeMyTrip\Testcases\RobotTestcases.robot">
<test id="s1-s1-s1-t1" name="TC_17_BookRoundTripFlight">
<kw name="Log" library="BuiltIn">
<doc>Logs the given message with the given level.</doc>
<arguments>
<arg>${TEST_NAME}</arg>
</arguments>
<msg timestamp="20220822 15:46:31.511" level="INFO">TC_17_BookRoundTripFlight</msg>
<status status="PASS" starttime="20220822 15:46:31.511" endtime="20220822 15:46:31.511"></status>
</kw>
<kw name="Open MakemyTrip Application" library="CommonFunctionalities">
<kw name="Append To Environment Variable" library="OperatingSystem">
<doc>Appends given ``values`` to environment variable ``name``.</doc>
<arguments>
<arg>Path</arg>
<arg>${EXECDIR}${/}Drivers</arg>
</arguments>
<msg timestamp="20220822 15:46:31.512" level="INFO">Environment variable 'Path' set to value 'C:/Prasad/eclipse//plugins/org.eclipse.justj.openjdk.hotspot.jre.full.win32.x86_64_16.0.1.v20210528-1205/jre/bin/server;C:/Prasad/eclipse//plugins/org.eclipse.justj.openjdk.hotspot.jre.full.win32.x86_64_16.0.1.v20210528-1205/jre/bin;C:\Program Files (x86)\TRICENTIS\Tosca Testsuite\ToscaCommander;;C:\Program Files (x86)\TRICENTIS\Tosca Testsuite\Classic;C:\Program Files (x86)\TRICENTIS\Tosca Testsuite\Classic\dll;C:\Program Files (x86)\TRICENTIS\Tosca Testsuite\Classic\dll\GuptaEngine;C:\Program Files (x86)\TRICENTIS\Tosca Testsuite\ToscaCommander;C:\Program Files (x86)\TRICENTIS\Tosca Testsuite\Classic\dll\DelphiEngine;C:\Program Files (x86)\TRICENTIS\Tosca Testsuite\Classic\dll\PBEngine;C:\Program Files (x86)\TRICENTIS\Tosca Testsuite\Classic\dll\VBEngine;C:\Program Files (x86)\TRICENTIS\Tosca Testsuite\Classic\dll\DotNetHooking;;C:\Program Files\Common Files\Oracle\Java\javapath;C:\WINDOWS\system32;C:\WINDOWS;C:\WINDOWS\System32\Wbem;C:\WINDOWS\System32\WindowsPowerShell\v1.0\;C:\WINDOWS\System32\OpenSSH\;C:\Program Files\Microsoft SQL Server\Client SDK\ODBC\170\Tools\Binn\;C:\Program Files (x86)\Microsoft SQL Server\150\Tools\Binn\;C:\Program Files\Microsoft SQL Server\150\Tools\Binn\;C:\Program Files\Microsoft SQL Server\150\DTS\Binn\;C:\Program Files (x86)\Microsoft SQL Server\150\DTS\Binn\;C:\Program Files\Azure Data Studio\bin;C:\Program Files\dotnet\;C:\Program Files\Java\jdk-11.0.12\bin;C:\Program Files\nodejs\;C:\Python\Scripts;C:\Program Files\Git\cmd;C:\Python\Scripts\;C:\Python\;C:\Users\P1324386\AppData\Local\Microsoft\WindowsApps;C:\Program Files\Azure Data Studio\bin;C:\Users\P1324386\.dotnet\tools;C:\Users\P1324386\AppData\Roaming\npm;C:\Program Files\Git\cmd;;C:\Prasad\eclipse;;C:\Users\P1324386\eclipse-workspace\RobotFramework_MakeMyTrip\Drivers'.</msg>
<status status="PASS" starttime="20220822 15:46:31.512" endtime="20220822 15:46:31.512"></status>
</kw>
<kw name="Open Browser" library="SeleniumLibrary">
<doc>Opens a new browser instance to the optional ``url``.</doc>
<arguments>
<arg>browser=${BROWSER}</arg>
</arguments>
<msg timestamp="20220822 15:46:31.513" level="INFO">Opening browser 'chrome' to base url 'None'.</msg>
<status status="PASS" starttime="20220822 15:46:31.513" endtime="20220822 15:46:33.437"></status>
</kw>
<kw name="Go To" library="SeleniumLibrary">
<doc>Navigates the current browser window to the provided ``url``.</doc>
<arguments>
<arg>${URL}</arg>
</arguments>
<msg timestamp="20220822 15:46:33.440" level="INFO">Opening url 'https://www.makemytrip.com/'</msg>
<status status="PASS" starttime="20220822 15:46:33.438" endtime="20220822 15:46:40.716"></status>
</kw>
<kw name="Maximize Browser Window" library="SeleniumLibrary">
<doc>Maximizes current browser window.</doc>
<status status="PASS" starttime="20220822 15:46:40.717" endtime="20220822 15:46:40.840"></status>
</kw>
<kw name="Set Selenium Implicit Wait" library="SeleniumLibrary">
<doc>Sets the implicit wait value used by Selenium.</doc>
<arguments>
<arg>5</arg>
</arguments>
<status status="PASS" starttime="20220822 15:46:40.841" endtime="20220822 15:46:40.844"></status>
</kw>
<status status="PASS" starttime="20220822 15:46:31.512" endtime="20220822 15:46:40.844"></status>
</kw>
<kw name="Run Keyword And Ignore Error" library="BuiltIn">
<doc>Runs the given keyword with the given arguments and ignores possible error.</doc>
<arguments>
<arg>Handle Notification</arg>
</arguments>
<kw name="Handle Notification" library="CommonFunctionalities">
<kw name="Select Frame" library="SeleniumLibrary">
<doc>Sets frame identified by ``locator`` as the current frame.</doc>
<arguments>
<arg>${NotificationFrame_Xpath}</arg>
</arguments>
<msg timestamp="20220822 15:46:40.847" level="INFO">Selecting frame '//iframe[contains(@title,'notification')]'.</msg>
<kw name="Capture Page Screenshot" library="SeleniumLibrary">
<doc>Takes a screenshot of the current page and embeds it into a log file.</doc>
<msg timestamp="20220822 15:46:46.075" level="INFO" html="yes">&lt;/td&gt;&lt;/tr&gt;&lt;tr&gt;&lt;td colspan="3"&gt;&lt;a href="selenium-screenshot-4.png"&gt;&lt;img src="selenium-screenshot-4.png" width="800px"&gt;&lt;/a&gt;</msg>
<status status="PASS" starttime="20220822 15:46:45.913" endtime="20220822 15:46:46.075"></status>
</kw>
<msg timestamp="20220822 15:46:46.080" level="FAIL">Element with locator '//iframe[contains(@title,'notification')]' not found.</msg>
<status status="FAIL" starttime="20220822 15:46:40.846" endtime="20220822 15:46:46.081"></status>
</kw>
<status status="FAIL" starttime="20220822 15:46:40.845" endtime="20220822 15:46:46.081"></status>
</kw>
<status status="PASS" starttime="20220822 15:46:40.845" endtime="20220822 15:46:46.081"></status>
</kw>
<kw name="Handle Language Notification" library="CommonFunctionalities">
<kw name="Click Element" library="SeleniumLibrary">
<doc>Click the element identified by ``locator``.</doc>
<arguments>
<arg>${LangCardClose_Xpath}</arg>
</arguments>
<msg timestamp="20220822 15:46:46.082" level="INFO">Clicking element '//span[@class='langCardClose']'.</msg>
<status status="PASS" starttime="20220822 15:46:46.082" endtime="20220822 15:46:46.167"></status>
</kw>
<status status="PASS" starttime="20220822 15:46:46.081" endtime="20220822 15:46:46.167"></status>
</kw>
<kw name="Click on ROUNDTRIP Label" library="HomePage">
<kw name="Click Element" library="SeleniumLibrary">
<doc>Click the element identified by ``locator``.</doc>
<arguments>
<arg>${RoundTripLabel_Xpath}</arg>
</arguments>
<msg timestamp="20220822 15:46:46.168" level="INFO">Clicking element '//li[@data-cy='roundTrip']'.</msg>
<status status="PASS" starttime="20220822 15:46:46.168" endtime="20220822 15:46:46.280"></status>
</kw>
<kw name="Sleep" library="BuiltIn">
<doc>Pauses the test executed for the given time.</doc>
<arguments>
<arg>2s</arg>
</arguments>
<msg timestamp="20220822 15:46:48.293" level="INFO">Slept 2 seconds</msg>
<status status="PASS" starttime="20220822 15:46:46.280" endtime="20220822 15:46:48.293"></status>
</kw>
<kw name="Get Text" library="SeleniumLibrary">
<doc>Returns the text value of the element identified by ``locator``.</doc>
<arguments>
<arg>${SelectedRadioButton_Xpath}</arg>
</arguments>
<assign>
<var>${RoundTrip}</var>
</assign>
<msg timestamp="20220822 15:46:48.314" level="INFO">${RoundTrip} = ROUND TRIP</msg>
<status status="PASS" starttime="20220822 15:46:48.293" endtime="20220822 15:46:48.314"></status>
</kw>
<kw name="Should Be Equal" library="BuiltIn">
<doc>Fails if the given objects are unequal.</doc>
<arguments>
<arg>${RoundTrip}</arg>
<arg>ROUND TRIP</arg>
</arguments>
<status status="PASS" starttime="20220822 15:46:48.315" endtime="20220822 15:46:48.315"></status>
</kw>
<status status="PASS" starttime="20220822 15:46:46.168" endtime="20220822 15:46:48.315"></status>
</kw>
<kw name="Verify FROM Placeholder" library="HomePage">
<kw name="Click Element" library="SeleniumLibrary">
<doc>Click the element identified by ``locator``.</doc>
<arguments>
<arg>${FROM_Label_Xpath}</arg>
</arguments>
<msg timestamp="20220822 15:46:48.316" level="INFO">Clicking element '(//span[contains(@class,'lbl_input latoBold')])[1]'.</msg>
<status status="PASS" starttime="20220822 15:46:48.316" endtime="20220822 15:46:48.450"></status>
</kw>
<kw name="Sleep" library="BuiltIn">
<doc>Pauses the test executed for the given time.</doc>
<arguments>
<arg>2s</arg>
</arguments>
<msg timestamp="20220822 15:46:50.464" level="INFO">Slept 2 seconds</msg>
<status status="PASS" starttime="20220822 15:46:48.451" endtime="20220822 15:46:50.465"></status>
</kw>
<kw name="Get Element Attribute" library="SeleniumLibrary">
<doc>Returns the value of ``attribute`` from the element ``locator``.</doc>
<arguments>
<arg>${FROM_Placeholder_Xpath}</arg>
<arg>placeholder</arg>
</arguments>
<assign>
<var>${FROM_Placeholder}</var>
</assign>
<msg timestamp="20220822 15:46:50.491" level="INFO">${FROM_Placeholder} = From</msg>
<status status="PASS" starttime="20220822 15:46:50.465" endtime="20220822 15:46:50.492"></status>
</kw>
<kw name="Should Be Equal" library="BuiltIn">
<doc>Fails if the given objects are unequal.</doc>
<arguments>
<arg>${FROM_Placeholder}</arg>
<arg>From</arg>
</arguments>
<status status="PASS" starttime="20220822 15:46:50.492" endtime="20220822 15:46:50.492"></status>
</kw>
<status status="PASS" starttime="20220822 15:46:48.315" endtime="20220822 15:46:50.492"></status>
</kw>
<kw name="Verify FROM Search city" library="HomePage">
<arguments>
<arg>${FROM_Indian_CITY}</arg>
</arguments>
<kw name="Set Local Variable" library="BuiltIn">
<doc>Makes a variable available everywhere within the local scope.</doc>
<arguments>
<arg>${SearchedCity}</arg>
<arg>${SearchedCity}</arg>
</arguments>
<msg timestamp="20220822 15:46:50.493" level="INFO">${SearchedCity} = Mumbai</msg>
<status status="PASS" starttime="20220822 15:46:50.493" endtime="20220822 15:46:50.494"></status>
</kw>
<kw name="Input Text" library="SeleniumLibrary">
<doc>Types the given ``text`` into the text field identified by ``locator``.</doc>
<arguments>
<arg>${FROM_Placeholder_Xpath}</arg>
<arg>${SearchedCity}</arg>
</arguments>
<msg timestamp="20220822 15:46:50.494" level="INFO">Typing text 'Mumbai' into text field '//input[@placeholder='From']'.</msg>
<status status="PASS" starttime="20220822 15:46:50.494" endtime="20220822 15:46:50.564"></status>
</kw>
<kw name="Sleep" library="BuiltIn">
<doc>Pauses the test executed for the given time.</doc>
<arguments>
<arg>2s</arg>
</arguments>
<msg timestamp="20220822 15:46:52.574" level="INFO">Slept 2 seconds</msg>
<status status="PASS" starttime="20220822 15:46:50.565" endtime="20220822 15:46:52.575"></status>
</kw>
<kw name="Click Element" library="SeleniumLibrary">
<doc>Click the element identified by ``locator``.</doc>
<arguments>
<arg>${CityFromList_Xpath}</arg>
</arguments>
<msg timestamp="20220822 15:46:52.576" level="INFO">Clicking element '(//ul[@role='listbox']/li)[1]'.</msg>
<status status="PASS" starttime="20220822 15:46:52.575" endtime="20220822 15:46:52.688"></status>
</kw>
<kw name="Sleep" library="BuiltIn">
<doc>Pauses the test executed for the given time.</doc>
<arguments>
<arg>2s</arg>
</arguments>
<msg timestamp="20220822 15:46:54.693" level="INFO">Slept 2 seconds</msg>
<status status="PASS" starttime="20220822 15:46:52.689" endtime="20220822 15:46:54.694"></status>
</kw>
<kw name="Get Element Attribute" library="SeleniumLibrary">
<doc>Returns the value of ``attribute`` from the element ``locator``.</doc>
<arguments>
<arg>${FROM_City_Xpath}</arg>
<arg>value</arg>
</arguments>
<assign>
<var>${City}</var>
</assign>
<msg timestamp="20220822 15:46:54.718" level="INFO">${City} = Mumbai</msg>
<status status="PASS" starttime="20220822 15:46:54.694" endtime="20220822 15:46:54.718"></status>
</kw>
<kw name="Should Be Equal" library="BuiltIn">
<doc>Fails if the given objects are unequal.</doc>
<arguments>
<arg>${City}</arg>
<arg>${SearchedCity}</arg>
</arguments>
<status status="PASS" starttime="20220822 15:46:54.719" endtime="20220822 15:46:54.719"></status>
</kw>
<status status="PASS" starttime="20220822 15:46:50.493" endtime="20220822 15:46:54.719"></status>
</kw>
<kw name="Verify TO Search city" library="HomePage">
<arguments>
<arg>${TO_Indian_CITY}</arg>
</arguments>
<kw name="Set Local Variable" library="BuiltIn">
<doc>Makes a variable available everywhere within the local scope.</doc>
<arguments>
<arg>${SearchedCity}</arg>
<arg>${SearchedCity}</arg>
</arguments>
<msg timestamp="20220822 15:46:54.720" level="INFO">${SearchedCity} = Kochi</msg>
<status status="PASS" starttime="20220822 15:46:54.720" endtime="20220822 15:46:54.720"></status>
</kw>
<kw name="Input Text" library="SeleniumLibrary">
<doc>Types the given ``text`` into the text field identified by ``locator``.</doc>
<arguments>
<arg>${TO_Placeholder_Xpath}</arg>
<arg>${SearchedCity}</arg>
</arguments>
<msg timestamp="20220822 15:46:54.721" level="INFO">Typing text 'Kochi' into text field '//input[@placeholder='To']'.</msg>
<status status="PASS" starttime="20220822 15:46:54.721" endtime="20220822 15:46:54.785"></status>
</kw>
<kw name="Sleep" library="BuiltIn">
<doc>Pauses the test executed for the given time.</doc>
<arguments>
<arg>2s</arg>
</arguments>
<msg timestamp="20220822 15:46:56.793" level="INFO">Slept 2 seconds</msg>
<status status="PASS" starttime="20220822 15:46:54.785" endtime="20220822 15:46:56.793"></status>
</kw>
<kw name="Click Element" library="SeleniumLibrary">
<doc>Click the element identified by ``locator``.</doc>
<arguments>
<arg>${CityTOList_Xpath}</arg>
</arguments>
<msg timestamp="20220822 15:46:56.794" level="INFO">Clicking element '(//ul[@role='listbox']/li)[1]'.</msg>
<status status="PASS" starttime="20220822 15:46:56.793" endtime="20220822 15:46:56.877"></status>
</kw>
<kw name="Sleep" library="BuiltIn">
<doc>Pauses the test executed for the given time.</doc>
<arguments>
<arg>2s</arg>
</arguments>
<msg timestamp="20220822 15:46:58.893" level="INFO">Slept 2 seconds</msg>
<status status="PASS" starttime="20220822 15:46:56.877" endtime="20220822 15:46:58.894"></status>
</kw>
<kw name="Get Element Attribute" library="SeleniumLibrary">
<doc>Returns the value of ``attribute`` from the element ``locator``.</doc>
<arguments>
<arg>${TO_City_Xpath}</arg>
<arg>value</arg>
</arguments>
<assign>
<var>${City}</var>
</assign>
<msg timestamp="20220822 15:46:58.927" level="INFO">${City} = Kochi</msg>
<status status="PASS" starttime="20220822 15:46:58.895" endtime="20220822 15:46:58.927"></status>
</kw>
<kw name="Should Contain" library="BuiltIn">
<doc>Fails if ``container`` does not contain ``item`` one or more times.</doc>
<arguments>
<arg>${City}</arg>
<arg>${SearchedCity}</arg>
<arg>ignore_case=True</arg>
</arguments>
<status status="PASS" starttime="20220822 15:46:58.928" endtime="20220822 15:46:58.928"></status>
</kw>
<status status="PASS" starttime="20220822 15:46:54.720" endtime="20220822 15:46:58.929"></status>
</kw>
<kw name="DEPARTURE DATE" library="HomePage">
<arguments>
<arg>${Departure_MonthYear}</arg>
<arg>${Departure_Date}</arg>
</arguments>
<kw name="Set Local Variable" library="BuiltIn">
<doc>Makes a variable available everywhere within the local scope.</doc>
<arguments>
<arg>${InputMonthYear}</arg>
<arg>${MonthYear}</arg>
</arguments>
<msg timestamp="20220822 15:46:58.931" level="INFO">${InputMonthYear} = August2022</msg>
<status status="PASS" starttime="20220822 15:46:58.930" endtime="20220822 15:46:58.931"></status>
</kw>
<kw name="Get Text" library="SeleniumLibrary">
<doc>Returns the text value of the element identified by ``locator``.</doc>
<arguments>
<arg>${MonthYearValue_Xpath}</arg>
</arguments>
<assign>
<var>${MonthYearValue}</var>
</assign>
<msg timestamp="20220822 15:46:58.959" level="INFO">${MonthYearValue} = August2022</msg>
<status status="PASS" starttime="20220822 15:46:58.931" endtime="20220822 15:46:58.959"></status>
</kw>
<kw name="Run Keyword If" library="BuiltIn">
<doc>Runs the given keyword with the given arguments, if ``condition`` is true.</doc>
<arguments>
<arg>"${InputMonthYear}"=="${MonthYearValue}"</arg>
<arg>PickDateForCurrentMonth</arg>
</arguments>
<kw name="PickDateForCurrentMonth" library="HomePage">
<kw name="Log" library="BuiltIn">
<doc>Logs the given message with the given level.</doc>
<arguments>
<arg>HI</arg>
</arguments>
<msg timestamp="20220822 15:46:58.961" level="INFO">HI</msg>
<status status="PASS" starttime="20220822 15:46:58.960" endtime="20220822 15:46:58.961"></status>
</kw>
<status status="PASS" starttime="20220822 15:46:58.960" endtime="20220822 15:46:58.961"></status>
</kw>
<status status="PASS" starttime="20220822 15:46:58.959" endtime="20220822 15:46:58.961"></status>
</kw>
<kw name="${counter} IN RANGE [ 0 | 999 ]" type="for">
<kw name="${counter} = 0" type="foritem">
<kw name="Wait Until Element Is Visible" library="SeleniumLibrary">
<doc>Waits until the element ``locator`` is visible.</doc>
<arguments>
<arg>${MonthYearValue_Xpath}</arg>
</arguments>
<status status="PASS" starttime="20220822 15:46:58.962" endtime="20220822 15:46:58.983"></status>
</kw>
<kw name="Get Text" library="SeleniumLibrary">
<doc>Returns the text value of the element identified by ``locator``.</doc>
<arguments>
<arg>${MonthYearValue_Xpath}</arg>
</arguments>
<assign>
<var>${MonthYearValue}</var>
</assign>
<msg timestamp="20220822 15:46:59.002" level="INFO">${MonthYearValue} = August2022</msg>
<status status="PASS" starttime="20220822 15:46:58.984" endtime="20220822 15:46:59.002"></status>
</kw>
<kw name="Run Keyword If" library="BuiltIn">
<doc>Runs the given keyword with the given arguments, if ``condition`` is true.</doc>
<arguments>
<arg>"${InputMonthYear}"!="${MonthYearValue}"</arg>
<arg>Click NextMOnth</arg>
</arguments>
<status status="PASS" starttime="20220822 15:46:59.003" endtime="20220822 15:46:59.003"></status>
</kw>
<kw name="Exit For Loop If" library="BuiltIn">
<doc>Stops executing the enclosing for loop if the ``condition`` is true.</doc>
<arguments>
<arg>"${InputMonthYear}"=="${MonthYearValue}"</arg>
</arguments>
<msg timestamp="20220822 15:46:59.005" level="INFO">Exiting for loop altogether.</msg>
<status status="PASS" starttime="20220822 15:46:59.004" endtime="20220822 15:46:59.005"></status>
</kw>
<status status="PASS" starttime="20220822 15:46:58.962" endtime="20220822 15:46:59.005"></status>
</kw>
<status status="PASS" starttime="20220822 15:46:58.961" endtime="20220822 15:46:59.005"></status>
</kw>
<kw name="Click Date" library="HomePage">
<arguments>
<arg>${Day}</arg>
</arguments>
<kw name="Click Element" library="SeleniumLibrary">
<doc>Click the element identified by ``locator``.</doc>
<arguments>
<arg>((//div[@class='DayPicker-Month'])[1])//*[text()='${Day}']</arg>
</arguments>
<msg timestamp="20220822 15:46:59.006" level="INFO">Clicking element '((//div[@class='DayPicker-Month'])[1])//*[text()='28']'.</msg>
<status status="PASS" starttime="20220822 15:46:59.006" endtime="20220822 15:46:59.098"></status>
</kw>
<status status="PASS" starttime="20220822 15:46:59.006" endtime="20220822 15:46:59.098"></status>
</kw>
<status status="PASS" starttime="20220822 15:46:58.929" endtime="20220822 15:46:59.098"></status>
</kw>
<kw name="RETURN DATE" library="HomePage">
<arguments>
<arg>${Return_MonthYear}</arg>
<arg>${Return_Date}</arg>
</arguments>
<kw name="Set Local Variable" library="BuiltIn">
<doc>Makes a variable available everywhere within the local scope.</doc>
<arguments>
<arg>${InputMonthYear}</arg>
<arg>${MonthYear}</arg>
</arguments>
<msg timestamp="20220822 15:46:59.101" level="INFO">${InputMonthYear} = November2022</msg>
<status status="PASS" starttime="20220822 15:46:59.100" endtime="20220822 15:46:59.102"></status>
</kw>
<kw name="Sleep" library="BuiltIn">
<doc>Pauses the test executed for the given time.</doc>
<arguments>
<arg>2s</arg>
</arguments>
<msg timestamp="20220822 15:47:01.112" level="INFO">Slept 2 seconds</msg>
<status status="PASS" starttime="20220822 15:46:59.102" endtime="20220822 15:47:01.113"></status>
</kw>
<kw name="${counter} IN RANGE [ 0 | 999 ]" type="for">
<kw name="${counter} = 0" type="foritem">
<kw name="Wait Until Element Is Visible" library="SeleniumLibrary">
<doc>Waits until the element ``locator`` is visible.</doc>
<arguments>
<arg>${MonthYearValue_Xpath}</arg>
</arguments>
<status status="PASS" starttime="20220822 15:47:01.115" endtime="20220822 15:47:01.150"></status>
</kw>
<kw name="Get Text" library="SeleniumLibrary">
<doc>Returns the text value of the element identified by ``locator``.</doc>
<arguments>
<arg>${MonthYearValue_Xpath}</arg>
</arguments>
<assign>
<var>${MonthYearValue}</var>
</assign>
<msg timestamp="20220822 15:47:01.164" level="INFO">${MonthYearValue} = August2022</msg>
<status status="PASS" starttime="20220822 15:47:01.150" endtime="20220822 15:47:01.164"></status>
</kw>
<kw name="Run Keyword If" library="BuiltIn">
<doc>Runs the given keyword with the given arguments, if ``condition`` is true.</doc>
<arguments>
<arg>"${InputMonthYear}"!="${MonthYearValue}"</arg>
<arg>Click NextMOnth</arg>
</arguments>
<kw name="Click NextMOnth" library="HomePage">
<kw name="Click Element" library="SeleniumLibrary">
<doc>Click the element identified by ``locator``.</doc>
<arguments>
<arg>//span[@aria-label='Next Month']</arg>
</arguments>
<msg timestamp="20220822 15:47:01.166" level="INFO">Clicking element '//span[@aria-label='Next Month']'.</msg>
<status status="PASS" starttime="20220822 15:47:01.165" endtime="20220822 15:47:01.230"></status>
</kw>
<kw name="Sleep" library="BuiltIn">
<doc>Pauses the test executed for the given time.</doc>
<arguments>
<arg>1s</arg>
</arguments>
<msg timestamp="20220822 15:47:02.244" level="INFO">Slept 1 second</msg>
<status status="PASS" starttime="20220822 15:47:01.231" endtime="20220822 15:47:02.244"></status>
</kw>
<status status="PASS" starttime="20220822 15:47:01.165" endtime="20220822 15:47:02.244"></status>
</kw>
<status status="PASS" starttime="20220822 15:47:01.164" endtime="20220822 15:47:02.245"></status>
</kw>
<kw name="Exit For Loop If" library="BuiltIn">
<doc>Stops executing the enclosing for loop if the ``condition`` is true.</doc>
<arguments>
<arg>"${InputMonthYear}"=="${MonthYearValue}"</arg>
</arguments>
<status status="PASS" starttime="20220822 15:47:02.245" endtime="20220822 15:47:02.246"></status>
</kw>
<status status="PASS" starttime="20220822 15:47:01.115" endtime="20220822 15:47:02.246"></status>
</kw>
<kw name="${counter} = 1" type="foritem">
<kw name="Wait Until Element Is Visible" library="SeleniumLibrary">
<doc>Waits until the element ``locator`` is visible.</doc>
<arguments>
<arg>${MonthYearValue_Xpath}</arg>
</arguments>
<status status="PASS" starttime="20220822 15:47:02.247" endtime="20220822 15:47:02.285"></status>
</kw>
<kw name="Get Text" library="SeleniumLibrary">
<doc>Returns the text value of the element identified by ``locator``.</doc>
<arguments>
<arg>${MonthYearValue_Xpath}</arg>
</arguments>
<assign>
<var>${MonthYearValue}</var>
</assign>
<msg timestamp="20220822 15:47:02.306" level="INFO">${MonthYearValue} = September2022</msg>
<status status="PASS" starttime="20220822 15:47:02.285" endtime="20220822 15:47:02.306"></status>
</kw>
<kw name="Run Keyword If" library="BuiltIn">
<doc>Runs the given keyword with the given arguments, if ``condition`` is true.</doc>
<arguments>
<arg>"${InputMonthYear}"!="${MonthYearValue}"</arg>
<arg>Click NextMOnth</arg>
</arguments>
<kw name="Click NextMOnth" library="HomePage">
<kw name="Click Element" library="SeleniumLibrary">
<doc>Click the element identified by ``locator``.</doc>
<arguments>
<arg>//span[@aria-label='Next Month']</arg>
</arguments>
<msg timestamp="20220822 15:47:02.307" level="INFO">Clicking element '//span[@aria-label='Next Month']'.</msg>
<status status="PASS" starttime="20220822 15:47:02.307" endtime="20220822 15:47:02.342"></status>
</kw>
<kw name="Sleep" library="BuiltIn">
<doc>Pauses the test executed for the given time.</doc>
<arguments>
<arg>1s</arg>
</arguments>
<msg timestamp="20220822 15:47:03.356" level="INFO">Slept 1 second</msg>
<status status="PASS" starttime="20220822 15:47:02.342" endtime="20220822 15:47:03.356"></status>
</kw>
<status status="PASS" starttime="20220822 15:47:02.307" endtime="20220822 15:47:03.357"></status>
</kw>
<status status="PASS" starttime="20220822 15:47:02.307" endtime="20220822 15:47:03.357"></status>
</kw>
<kw name="Exit For Loop If" library="BuiltIn">
<doc>Stops executing the enclosing for loop if the ``condition`` is true.</doc>
<arguments>
<arg>"${InputMonthYear}"=="${MonthYearValue}"</arg>
</arguments>
<status status="PASS" starttime="20220822 15:47:03.357" endtime="20220822 15:47:03.358"></status>
</kw>
<status status="PASS" starttime="20220822 15:47:02.247" endtime="20220822 15:47:03.358"></status>
</kw>
<kw name="${counter} = 2" type="foritem">
<kw name="Wait Until Element Is Visible" library="SeleniumLibrary">
<doc>Waits until the element ``locator`` is visible.</doc>
<arguments>
<arg>${MonthYearValue_Xpath}</arg>
</arguments>
<status status="PASS" starttime="20220822 15:47:03.358" endtime="20220822 15:47:03.384"></status>
</kw>
<kw name="Get Text" library="SeleniumLibrary">
<doc>Returns the text value of the element identified by ``locator``.</doc>
<arguments>
<arg>${MonthYearValue_Xpath}</arg>
</arguments>
<assign>
<var>${MonthYearValue}</var>
</assign>
<msg timestamp="20220822 15:47:03.405" level="INFO">${MonthYearValue} = October2022</msg>
<status status="PASS" starttime="20220822 15:47:03.384" endtime="20220822 15:47:03.406"></status>
</kw>
<kw name="Run Keyword If" library="BuiltIn">
<doc>Runs the given keyword with the given arguments, if ``condition`` is true.</doc>
<arguments>
<arg>"${InputMonthYear}"!="${MonthYearValue}"</arg>
<arg>Click NextMOnth</arg>
</arguments>
<kw name="Click NextMOnth" library="HomePage">
<kw name="Click Element" library="SeleniumLibrary">
<doc>Click the element identified by ``locator``.</doc>
<arguments>
<arg>//span[@aria-label='Next Month']</arg>
</arguments>
<msg timestamp="20220822 15:47:03.408" level="INFO">Clicking element '//span[@aria-label='Next Month']'.</msg>
<status status="PASS" starttime="20220822 15:47:03.407" endtime="20220822 15:47:03.454"></status>
</kw>
<kw name="Sleep" library="BuiltIn">
<doc>Pauses the test executed for the given time.</doc>
<arguments>
<arg>1s</arg>
</arguments>
<msg timestamp="20220822 15:47:04.461" level="INFO">Slept 1 second</msg>
<status status="PASS" starttime="20220822 15:47:03.454" endtime="20220822 15:47:04.461"></status>
</kw>
<status status="PASS" starttime="20220822 15:47:03.406" endtime="20220822 15:47:04.461"></status>
</kw>
<status status="PASS" starttime="20220822 15:47:03.406" endtime="20220822 15:47:04.462"></status>
</kw>
<kw name="Exit For Loop If" library="BuiltIn">
<doc>Stops executing the enclosing for loop if the ``condition`` is true.</doc>
<arguments>
<arg>"${InputMonthYear}"=="${MonthYearValue}"</arg>
</arguments>
<status status="PASS" starttime="20220822 15:47:04.463" endtime="20220822 15:47:04.463"></status>
</kw>
<status status="PASS" starttime="20220822 15:47:03.358" endtime="20220822 15:47:04.463"></status>
</kw>
<kw name="${counter} = 3" type="foritem">
<kw name="Wait Until Element Is Visible" library="SeleniumLibrary">
<doc>Waits until the element ``locator`` is visible.</doc>
<arguments>
<arg>${MonthYearValue_Xpath}</arg>
</arguments>
<status status="PASS" starttime="20220822 15:47:04.463" endtime="20220822 15:47:04.480"></status>
</kw>
<kw name="Get Text" library="SeleniumLibrary">
<doc>Returns the text value of the element identified by ``locator``.</doc>
<arguments>
<arg>${MonthYearValue_Xpath}</arg>
</arguments>
<assign>
<var>${MonthYearValue}</var>
</assign>
<msg timestamp="20220822 15:47:04.492" level="INFO">${MonthYearValue} = November2022</msg>
<status status="PASS" starttime="20220822 15:47:04.481" endtime="20220822 15:47:04.492"></status>
</kw>
<kw name="Run Keyword If" library="BuiltIn">
<doc>Runs the given keyword with the given arguments, if ``condition`` is true.</doc>
<arguments>
<arg>"${InputMonthYear}"!="${MonthYearValue}"</arg>
<arg>Click NextMOnth</arg>
</arguments>
<status status="PASS" starttime="20220822 15:47:04.492" endtime="20220822 15:47:04.493"></status>
</kw>
<kw name="Exit For Loop If" library="BuiltIn">
<doc>Stops executing the enclosing for loop if the ``condition`` is true.</doc>
<arguments>
<arg>"${InputMonthYear}"=="${MonthYearValue}"</arg>
</arguments>
<msg timestamp="20220822 15:47:04.494" level="INFO">Exiting for loop altogether.</msg>
<status status="PASS" starttime="20220822 15:47:04.494" endtime="20220822 15:47:04.494"></status>
</kw>
<status status="PASS" starttime="20220822 15:47:04.463" endtime="20220822 15:47:04.494"></status>
</kw>
<status status="PASS" starttime="20220822 15:47:01.113" endtime="20220822 15:47:04.494"></status>
</kw>
<kw name="Click Date" library="HomePage">
<arguments>
<arg>${Day}</arg>
</arguments>
<kw name="Click Element" library="SeleniumLibrary">
<doc>Click the element identified by ``locator``.</doc>
<arguments>
<arg>((//div[@class='DayPicker-Month'])[1])//*[text()='${Day}']</arg>
</arguments>
<msg timestamp="20220822 15:47:04.495" level="INFO">Clicking element '((//div[@class='DayPicker-Month'])[1])//*[text()='12']'.</msg>
<status status="PASS" starttime="20220822 15:47:04.494" endtime="20220822 15:47:04.609"></status>
</kw>
<status status="PASS" starttime="20220822 15:47:04.494" endtime="20220822 15:47:04.610"></status>
</kw>
<status status="PASS" starttime="20220822 15:46:59.099" endtime="20220822 15:47:04.610"></status>
</kw>
<doc>This Testcase will verify that User is able to book round trip flight or not.</doc>
<status status="PASS" starttime="20220822 15:46:31.510" endtime="20220822 15:47:04.610" critical="yes"></status>
</test>
<status status="PASS" starttime="20220822 15:46:30.142" endtime="20220822 15:47:04.611"></status>
</suite>
<status status="PASS" starttime="20220822 15:46:30.139" endtime="20220822 15:47:04.615"></status>
</suite>
<status status="PASS" starttime="20220822 15:46:30.119" endtime="20220822 15:47:04.617"></status>
</suite>
<statistics>
<total>
<stat pass="1" fail="0">Critical Tests</stat>
<stat pass="1" fail="0">All Tests</stat>
</total>
<tag>
</tag>
<suite>
<stat pass="1" fail="0" id="s1" name="RobotFramework MakeMyTrip">RobotFramework MakeMyTrip</stat>
<stat pass="1" fail="0" id="s1-s1" name="Testcases">RobotFramework MakeMyTrip.Testcases</stat>
<stat pass="1" fail="0" id="s1-s1-s1" name="RobotTestcases">RobotFramework MakeMyTrip.Testcases.RobotTestcases</stat>
</suite>
</statistics>
<errors>
</errors>
</robot>
