<?xml version="1.0" encoding="UTF-8"?>
<robot generator="Robot 3.2.2 (Python 3.9.7 on win32)" generated="20220818 12:00:49.246" rpa="false">
<suite id="s1" name="RobotFramework MakeMyTrip" source="C:\Users\P1324386\eclipse-workspace\RobotFramework_MakeMyTrip">
<suite id="s1-s1" name="Testcases" source="C:\Users\P1324386\eclipse-workspace\RobotFramework_MakeMyTrip\Testcases">
<suite id="s1-s1-s1" name="RobotTestcases" source="C:\Users\P1324386\eclipse-workspace\RobotFramework_MakeMyTrip\Testcases\RobotTestcases.robot">
<test id="s1-s1-s1-t1" name="TC_DEMO_1">
<kw name="Open MakemyTrip Application" library="CommonFunctionalities">
<kw name="Append To Environment Variable" library="OperatingSystem">
<doc>Appends given ``values`` to environment variable ``name``.</doc>
<arguments>
<arg>Path</arg>
<arg>${EXECDIR}${/}Drivers</arg>
</arguments>
<msg timestamp="20220818 12:00:51.076" level="INFO">Environment variable 'Path' set to value 'C:/Prasad/eclipse//plugins/org.eclipse.justj.openjdk.hotspot.jre.full.win32.x86_64_16.0.1.v20210528-1205/jre/bin/server;C:/Prasad/eclipse//plugins/org.eclipse.justj.openjdk.hotspot.jre.full.win32.x86_64_16.0.1.v20210528-1205/jre/bin;C:\Program Files (x86)\TRICENTIS\Tosca Testsuite\ToscaCommander;;C:\Program Files (x86)\TRICENTIS\Tosca Testsuite\Classic;C:\Program Files (x86)\TRICENTIS\Tosca Testsuite\Classic\dll;C:\Program Files (x86)\TRICENTIS\Tosca Testsuite\Classic\dll\GuptaEngine;C:\Program Files (x86)\TRICENTIS\Tosca Testsuite\ToscaCommander;C:\Program Files (x86)\TRICENTIS\Tosca Testsuite\Classic\dll\DelphiEngine;C:\Program Files (x86)\TRICENTIS\Tosca Testsuite\Classic\dll\PBEngine;C:\Program Files (x86)\TRICENTIS\Tosca Testsuite\Classic\dll\VBEngine;C:\Program Files (x86)\TRICENTIS\Tosca Testsuite\Classic\dll\DotNetHooking;;C:\Program Files\Common Files\Oracle\Java\javapath;C:\WINDOWS\system32;C:\WINDOWS;C:\WINDOWS\System32\Wbem;C:\WINDOWS\System32\WindowsPowerShell\v1.0\;C:\WINDOWS\System32\OpenSSH\;C:\Program Files\Microsoft SQL Server\Client SDK\ODBC\170\Tools\Binn\;C:\Program Files (x86)\Microsoft SQL Server\150\Tools\Binn\;C:\Program Files\Microsoft SQL Server\150\Tools\Binn\;C:\Program Files\Microsoft SQL Server\150\DTS\Binn\;C:\Program Files (x86)\Microsoft SQL Server\150\DTS\Binn\;C:\Program Files\Azure Data Studio\bin;C:\Program Files\dotnet\;C:\Program Files\Java\jdk-11.0.12\bin;C:\Program Files\nodejs\;C:\Python\Scripts;C:\Program Files\Git\cmd;C:\Python\Scripts\;C:\Python\;C:\Users\P1324386\AppData\Local\Microsoft\WindowsApps;C:\Program Files\Azure Data Studio\bin;C:\Users\P1324386\.dotnet\tools;C:\Users\P1324386\AppData\Roaming\npm;C:\Program Files\Git\cmd;;C:\Prasad\eclipse;;C:\Users\P1324386\eclipse-workspace\RobotFramework_MakeMyTrip\Drivers'.</msg>
<status status="PASS" starttime="20220818 12:00:51.075" endtime="20220818 12:00:51.076"></status>
</kw>
<kw name="Open Browser" library="SeleniumLibrary">
<doc>Opens a new browser instance to the optional ``url``.</doc>
<arguments>
<arg>browser=${BROWSER}</arg>
</arguments>
<msg timestamp="20220818 12:00:51.077" level="INFO">Opening browser 'chrome' to base url 'None'.</msg>
<status status="PASS" starttime="20220818 12:00:51.077" endtime="20220818 12:00:53.163"></status>
</kw>
<kw name="Go To" library="SeleniumLibrary">
<doc>Navigates the current browser window to the provided ``url``.</doc>
<arguments>
<arg>${URL}</arg>
</arguments>
<msg timestamp="20220818 12:00:53.164" level="INFO">Opening url 'https://www.makemytrip.com/'</msg>
<status status="PASS" starttime="20220818 12:00:53.164" endtime="20220818 12:01:16.223"></status>
</kw>
<kw name="Maximize Browser Window" library="SeleniumLibrary">
<doc>Maximizes current browser window.</doc>
<status status="PASS" starttime="20220818 12:01:16.225" endtime="20220818 12:01:16.349"></status>
</kw>
<kw name="Set Selenium Implicit Wait" library="SeleniumLibrary">
<doc>Sets the implicit wait value used by Selenium.</doc>
<arguments>
<arg>5</arg>
</arguments>
<status status="PASS" starttime="20220818 12:01:16.349" endtime="20220818 12:01:16.352"></status>
</kw>
<status status="PASS" starttime="20220818 12:00:51.075" endtime="20220818 12:01:16.353"></status>
</kw>
<kw name="Run Keyword And Ignore Error" library="BuiltIn">
<doc>Runs the given keyword with the given arguments and ignores possible error.</doc>
<arguments>
<arg>Handle Notification</arg>
</arguments>
<kw name="Handle Notification" library="CommonFunctionalities">
<kw name="Select Frame" library="SeleniumLibrary">
<doc>Sets frame identified by ``locator`` as the current frame.</doc>
<arguments>
<arg>${NotificationFrame_Xpath}</arg>
</arguments>
<msg timestamp="20220818 12:01:16.363" level="INFO">Selecting frame '//iframe[contains(@title,'notification')]'.</msg>
<kw name="Capture Page Screenshot" library="SeleniumLibrary">
<doc>Takes a screenshot of the current page and embeds it into a log file.</doc>
<msg timestamp="20220818 12:01:21.624" level="INFO" html="yes">&lt;/td&gt;&lt;/tr&gt;&lt;tr&gt;&lt;td colspan="3"&gt;&lt;a href="selenium-screenshot-8.png"&gt;&lt;img src="selenium-screenshot-8.png" width="800px"&gt;&lt;/a&gt;</msg>
<status status="PASS" starttime="20220818 12:01:21.406" endtime="20220818 12:01:21.624"></status>
</kw>
<msg timestamp="20220818 12:01:21.629" level="FAIL">Element with locator '//iframe[contains(@title,'notification')]' not found.</msg>
<status status="FAIL" starttime="20220818 12:01:16.362" endtime="20220818 12:01:21.630"></status>
</kw>
<status status="FAIL" starttime="20220818 12:01:16.359" endtime="20220818 12:01:21.631"></status>
</kw>
<status status="PASS" starttime="20220818 12:01:16.356" endtime="20220818 12:01:21.631"></status>
</kw>
<kw name="Handle Language Notification" library="CommonFunctionalities">
<kw name="Click Element" library="SeleniumLibrary">
<doc>Click the element identified by ``locator``.</doc>
<arguments>
<arg>${LangCardClose_Xpath}</arg>
</arguments>
<msg timestamp="20220818 12:01:21.632" level="INFO">Clicking element '//span[@class='langCardClose']'.</msg>
<status status="PASS" starttime="20220818 12:01:21.632" endtime="20220818 12:01:21.730"></status>
</kw>
<status status="PASS" starttime="20220818 12:01:21.632" endtime="20220818 12:01:21.731"></status>
</kw>
<kw name="Sleep" library="BuiltIn">
<doc>Pauses the test executed for the given time.</doc>
<arguments>
<arg>10s</arg>
</arguments>
<msg timestamp="20220818 12:01:31.739" level="INFO">Slept 10 seconds</msg>
<status status="PASS" starttime="20220818 12:01:21.731" endtime="20220818 12:01:31.739"></status>
</kw>
<kw name="Control Click" library="AutoItLibrary">
<doc>method ControlClick</doc>
<arguments>
<arg>MakeMyTrip - #1 Travel Website 50% OFF on Hotels, Flights &amp; Holiday - Google Chrome</arg>
<arg>${EMPTY}</arg>
<arg>Intermediate D3D Window1</arg>
</arguments>
<status status="PASS" starttime="20220818 12:01:31.740" endtime="20220818 12:01:31.752"></status>
</kw>
<kw name="Click Element At Coordinates" library="SeleniumLibrary">
<doc>Click the element ``locator`` at ``xoffset/yoffset``.</doc>
<arguments>
<arg>//li[@class='makeFlex hrtlCenter font10 makeRelative lhUser userLoggedOut']</arg>
<arg>3</arg>
<arg>3</arg>
</arguments>
<msg timestamp="20220818 12:01:31.753" level="INFO">Clicking element '//li[@class='makeFlex hrtlCenter font10 makeRelative lhUser userLoggedOut']' at coordinates x=3, y=3.</msg>
<status status="PASS" starttime="20220818 12:01:31.752" endtime="20220818 12:01:32.558"></status>
</kw>
<status status="PASS" starttime="20220818 12:00:51.074" endtime="20220818 12:01:32.559" critical="yes"></status>
</test>
<status status="PASS" starttime="20220818 12:00:49.335" endtime="20220818 12:01:32.560"></status>
</suite>
<status status="PASS" starttime="20220818 12:00:49.332" endtime="20220818 12:01:32.566"></status>
</suite>
<status status="PASS" starttime="20220818 12:00:49.306" endtime="20220818 12:01:32.568"></status>
</suite>
<statistics>
<total>
<stat pass="1" fail="0">Critical Tests</stat>
<stat pass="1" fail="0">All Tests</stat>
</total>
<tag>
</tag>
<suite>
<stat pass="1" fail="0" id="s1" name="RobotFramework MakeMyTrip">RobotFramework MakeMyTrip</stat>
<stat pass="1" fail="0" id="s1-s1" name="Testcases">RobotFramework MakeMyTrip.Testcases</stat>
<stat pass="1" fail="0" id="s1-s1-s1" name="RobotTestcases">RobotFramework MakeMyTrip.Testcases.RobotTestcases</stat>
</suite>
</statistics>
<errors>
</errors>
</robot>
